INFO - 1401/04/13-15:31:8 - UI object for setting app created.
------------------------------------------------------------------------------
INFO - 1401/04/13-15:31:8 - UI object initialized and setting app loaded.
------------------------------------------------------------------------------
INFO - 1401/04/13-15:31:8 - Creating API object.
------------------------------------------------------------------------------
INFO - 1401/04/13-15:31:8 - Login UI object initialized.
------------------------------------------------------------------------------
INFO - 1401/04/13-15:31:8 - Confirmaton UI object initialized.
------------------------------------------------------------------------------
INFO - 1401/04/13-15:31:8 - Notficaion UI object initialized.
------------------------------------------------------------------------------
INFO - 1401/04/13-15:31:8 - Connected to MySQL Server version 8.0.29
------------------------------------------------------------------------------
INFO - 1401/04/13-15:31:8 - Connected to database [('saba_database',)]
------------------------------------------------------------------------------
INFO - 1401/04/13-15:31:8 - MySQL connection is closed
------------------------------------------------------------------------------
INFO - 1401/04/13-15:31:8 - Login API object initialized.
------------------------------------------------------------------------------
INFO - 1401/04/13-15:31:8 - Connected to MySQL Server version 8.0.29
------------------------------------------------------------------------------
INFO - 1401/04/13-15:31:8 - Connected to database [('saba_database',)]
------------------------------------------------------------------------------
INFO - 1401/04/13-15:31:8 - MySQL connection is closed
------------------------------------------------------------------------------
INFO - 1401/04/13-15:31:8 - Database object initialized.
------------------------------------------------------------------------------
INFO - 1401/04/13-15:31:9 - Get available camera serials using camera-connecton API.
------------------------------------------------------------------------------
WARNING - 1401/04/13-15:31:9 - Some Cameras are not connected.
------------------------------------------------------------------------------
INFO - 1401/04/13-15:31:9 - Timer for checking storage initialized.
------------------------------------------------------------------------------
INFO - 1401/04/13-15:31:15 - User logined with username: ali.
------------------------------------------------------------------------------
INFO - 1401/04/13-15:31:16 - Camera params are loaded from database camera-id: 1
------------------------------------------------------------------------------
ERROR - 1401/04/13-15:31:20 - Height value is too large
------------------------------------------------------------------------------
ERROR - 1401/04/13-15:31:30 - Height value is too large
------------------------------------------------------------------------------
ERROR - 1401/04/13-15:31:54 - Height value is too large
------------------------------------------------------------------------------
