INFO - 1401/04/13-8:36:15 - UI object for setting app created.
------------------------------------------------------------------------------
INFO - 1401/04/13-8:36:15 - UI object initialized and setting app loaded.
------------------------------------------------------------------------------
INFO - 1401/04/13-8:36:15 - Creating API object.
------------------------------------------------------------------------------
INFO - 1401/04/13-8:36:15 - Login UI object initialized.
------------------------------------------------------------------------------
INFO - 1401/04/13-8:36:15 - Confirmaton UI object initialized.
------------------------------------------------------------------------------
INFO - 1401/04/13-8:36:15 - Notficaion UI object initialized.
------------------------------------------------------------------------------
INFO - 1401/04/13-8:36:15 - Connected to MySQL Server version 8.0.29
------------------------------------------------------------------------------
INFO - 1401/04/13-8:36:15 - Connected to database [('saba_database',)]
------------------------------------------------------------------------------
INFO - 1401/04/13-8:36:15 - MySQL connection is closed
------------------------------------------------------------------------------
INFO - 1401/04/13-8:36:15 - Login API object initialized.
------------------------------------------------------------------------------
INFO - 1401/04/13-8:36:15 - Connected to MySQL Server version 8.0.29
------------------------------------------------------------------------------
INFO - 1401/04/13-8:36:15 - Connected to database [('saba_database',)]
------------------------------------------------------------------------------
INFO - 1401/04/13-8:36:15 - MySQL connection is closed
------------------------------------------------------------------------------
INFO - 1401/04/13-8:36:15 - Database object initialized.
------------------------------------------------------------------------------
INFO - 1401/04/13-8:36:16 - Get available camera serials using camera-connecton API.
------------------------------------------------------------------------------
WARNING - 1401/04/13-8:36:16 - Some Cameras are not connected.
------------------------------------------------------------------------------
INFO - 1401/04/13-8:36:16 - Timer for checking storage initialized.
------------------------------------------------------------------------------
INFO - 1401/04/13-8:36:23 - User logined with username: ali.
------------------------------------------------------------------------------
INFO - 1401/04/13-8:36:26 - Camera params are loaded from database camera-id: 1
------------------------------------------------------------------------------
INFO - 1401/04/13-8:36:31 - Camera settings applied to databse
------------------------------------------------------------------------------
INFO - 1401/04/13-8:36:50 - Camera settings applied to databse
------------------------------------------------------------------------------
INFO - 1401/04/13-8:36:58 - Camera settings applied to databse
------------------------------------------------------------------------------
INFO - 1401/04/13-8:37:11 - Camera settings applied to databse
------------------------------------------------------------------------------
INFO - 1401/04/13-8:37:14 - Connected to camera, serial: 23905933
------------------------------------------------------------------------------
INFO - 1401/04/13-8:37:27 - Disconnected from camera, serial: 23905933
------------------------------------------------------------------------------
INFO - 1401/04/13-8:37:31 - Connected to camera, serial: 23905933
------------------------------------------------------------------------------
INFO - 1401/04/13-8:37:45 - Disconnected from camera, serial: 23905933
------------------------------------------------------------------------------
INFO - 1401/04/13-8:37:47 - Camera settings applied to databse
------------------------------------------------------------------------------
INFO - 1401/04/13-8:37:50 - Connected to camera, serial: 23905933
------------------------------------------------------------------------------
