INFO - 1401/04/13-10:45:49 - UI object for setting app created.
------------------------------------------------------------------------------
INFO - 1401/04/13-10:45:49 - UI object initialized and setting app loaded.
------------------------------------------------------------------------------
INFO - 1401/04/13-10:45:49 - Creating API object.
------------------------------------------------------------------------------
INFO - 1401/04/13-10:45:49 - Login UI object initialized.
------------------------------------------------------------------------------
INFO - 1401/04/13-10:45:49 - Confirmaton UI object initialized.
------------------------------------------------------------------------------
INFO - 1401/04/13-10:45:49 - Notficaion UI object initialized.
------------------------------------------------------------------------------
INFO - 1401/04/13-10:45:49 - Connected to MySQL Server version 8.0.29
------------------------------------------------------------------------------
INFO - 1401/04/13-10:45:49 - Connected to database [('saba_database',)]
------------------------------------------------------------------------------
INFO - 1401/04/13-10:45:49 - MySQL connection is closed
------------------------------------------------------------------------------
INFO - 1401/04/13-10:45:49 - Login API object initialized.
------------------------------------------------------------------------------
INFO - 1401/04/13-10:45:49 - Connected to MySQL Server version 8.0.29
------------------------------------------------------------------------------
INFO - 1401/04/13-10:45:49 - Connected to database [('saba_database',)]
------------------------------------------------------------------------------
INFO - 1401/04/13-10:45:49 - MySQL connection is closed
------------------------------------------------------------------------------
INFO - 1401/04/13-10:45:49 - Database object initialized.
------------------------------------------------------------------------------
INFO - 1401/04/13-10:45:50 - Get available camera serials using camera-connecton API.
------------------------------------------------------------------------------
WARNING - 1401/04/13-10:45:50 - Some Cameras are not connected.
------------------------------------------------------------------------------
INFO - 1401/04/13-10:45:50 - Timer for checking storage initialized.
------------------------------------------------------------------------------
INFO - 1401/04/13-10:45:57 - User logined with username: ali.
------------------------------------------------------------------------------
INFO - 1401/04/13-10:46:21 - Setting app closed.
------------------------------------------------------------------------------
