INFO - 1401/04/13-10:59:14 - UI object for setting app created.
------------------------------------------------------------------------------
INFO - 1401/04/13-10:59:14 - UI object initialized and setting app loaded.
------------------------------------------------------------------------------
INFO - 1401/04/13-10:59:14 - Creating API object.
------------------------------------------------------------------------------
INFO - 1401/04/13-10:59:14 - Login UI object initialized.
------------------------------------------------------------------------------
INFO - 1401/04/13-10:59:14 - Confirmaton UI object initialized.
------------------------------------------------------------------------------
INFO - 1401/04/13-10:59:14 - Notficaion UI object initialized.
------------------------------------------------------------------------------
INFO - 1401/04/13-10:59:14 - Connected to MySQL Server version 8.0.29
------------------------------------------------------------------------------
INFO - 1401/04/13-10:59:14 - Connected to database [('saba_database',)]
------------------------------------------------------------------------------
INFO - 1401/04/13-10:59:14 - MySQL connection is closed
------------------------------------------------------------------------------
INFO - 1401/04/13-10:59:14 - Login API object initialized.
------------------------------------------------------------------------------
INFO - 1401/04/13-10:59:14 - Connected to MySQL Server version 8.0.29
------------------------------------------------------------------------------
INFO - 1401/04/13-10:59:14 - Connected to database [('saba_database',)]
------------------------------------------------------------------------------
INFO - 1401/04/13-10:59:14 - MySQL connection is closed
------------------------------------------------------------------------------
INFO - 1401/04/13-10:59:14 - Database object initialized.
------------------------------------------------------------------------------
INFO - 1401/04/13-10:59:15 - Get available camera serials using camera-connecton API.
------------------------------------------------------------------------------
WARNING - 1401/04/13-10:59:15 - Some Cameras are not connected.
------------------------------------------------------------------------------
INFO - 1401/04/13-10:59:15 - Timer for checking storage initialized.
------------------------------------------------------------------------------
INFO - 1401/04/13-10:59:22 - User logined with username: ali.
------------------------------------------------------------------------------
