INFO - 1401/04/13-8:45:39 - UI object for setting app created.
------------------------------------------------------------------------------
INFO - 1401/04/13-8:45:39 - UI object initialized and setting app loaded.
------------------------------------------------------------------------------
INFO - 1401/04/13-8:45:39 - Creating API object.
------------------------------------------------------------------------------
INFO - 1401/04/13-8:45:40 - Login UI object initialized.
------------------------------------------------------------------------------
INFO - 1401/04/13-8:45:40 - Confirmaton UI object initialized.
------------------------------------------------------------------------------
INFO - 1401/04/13-8:45:40 - Notficaion UI object initialized.
------------------------------------------------------------------------------
INFO - 1401/04/13-8:45:40 - Connected to MySQL Server version 8.0.29
------------------------------------------------------------------------------
INFO - 1401/04/13-8:45:40 - Connected to database [('saba_database',)]
------------------------------------------------------------------------------
INFO - 1401/04/13-8:45:40 - MySQL connection is closed
------------------------------------------------------------------------------
INFO - 1401/04/13-8:45:40 - Login API object initialized.
------------------------------------------------------------------------------
INFO - 1401/04/13-8:45:40 - Connected to MySQL Server version 8.0.29
------------------------------------------------------------------------------
INFO - 1401/04/13-8:45:40 - Connected to database [('saba_database',)]
------------------------------------------------------------------------------
INFO - 1401/04/13-8:45:40 - MySQL connection is closed
------------------------------------------------------------------------------
INFO - 1401/04/13-8:45:40 - Database object initialized.
------------------------------------------------------------------------------
INFO - 1401/04/13-8:45:40 - Get available camera serials using camera-connecton API.
------------------------------------------------------------------------------
WARNING - 1401/04/13-8:45:40 - Some Cameras are not connected.
------------------------------------------------------------------------------
INFO - 1401/04/13-8:45:41 - Timer for checking storage initialized.
------------------------------------------------------------------------------
INFO - 1401/04/13-8:45:56 - Setting app closed.
------------------------------------------------------------------------------
