INFO - 1401/04/13-12:1:38 - UI object for setting app created.
------------------------------------------------------------------------------
INFO - 1401/04/13-12:1:38 - UI object initialized and setting app loaded.
------------------------------------------------------------------------------
INFO - 1401/04/13-12:1:38 - Creating API object.
------------------------------------------------------------------------------
INFO - 1401/04/13-12:1:38 - Login UI object initialized.
------------------------------------------------------------------------------
INFO - 1401/04/13-12:1:38 - Confirmaton UI object initialized.
------------------------------------------------------------------------------
INFO - 1401/04/13-12:1:38 - Notficaion UI object initialized.
------------------------------------------------------------------------------
INFO - 1401/04/13-12:1:38 - Connected to MySQL Server version 8.0.29
------------------------------------------------------------------------------
INFO - 1401/04/13-12:1:38 - Connected to database [('saba_database',)]
------------------------------------------------------------------------------
INFO - 1401/04/13-12:1:38 - MySQL connection is closed
------------------------------------------------------------------------------
INFO - 1401/04/13-12:1:38 - Login API object initialized.
------------------------------------------------------------------------------
INFO - 1401/04/13-12:1:38 - Connected to MySQL Server version 8.0.29
------------------------------------------------------------------------------
INFO - 1401/04/13-12:1:38 - Connected to database [('saba_database',)]
------------------------------------------------------------------------------
INFO - 1401/04/13-12:1:38 - MySQL connection is closed
------------------------------------------------------------------------------
INFO - 1401/04/13-12:1:38 - Database object initialized.
------------------------------------------------------------------------------
INFO - 1401/04/13-12:1:39 - Get available camera serials using camera-connecton API.
------------------------------------------------------------------------------
WARNING - 1401/04/13-12:1:39 - Some Cameras are not connected.
------------------------------------------------------------------------------
INFO - 1401/04/13-12:1:39 - Timer for checking storage initialized.
------------------------------------------------------------------------------
INFO - 1401/04/13-12:1:47 - User logined with username: ali.
------------------------------------------------------------------------------
INFO - 1401/04/13-12:1:52 - Start Connecting to PLC ip: opc.tcp://127.0.0.1:8081
------------------------------------------------------------------------------
CRITICAL - 1401/04/13-12:1:54 - Failed to connect to PLC
------------------------------------------------------------------------------
INFO - 1401/04/13-12:2:6 - Setting app closed.
------------------------------------------------------------------------------
