INFO - 1401/04/13-12:11:53 - UI object for setting app created.
------------------------------------------------------------------------------
INFO - 1401/04/13-12:11:53 - UI object initialized and setting app loaded.
------------------------------------------------------------------------------
INFO - 1401/04/13-12:11:53 - Creating API object.
------------------------------------------------------------------------------
INFO - 1401/04/13-12:11:53 - Login UI object initialized.
------------------------------------------------------------------------------
INFO - 1401/04/13-12:11:53 - Confirmaton UI object initialized.
------------------------------------------------------------------------------
INFO - 1401/04/13-12:11:53 - Notficaion UI object initialized.
------------------------------------------------------------------------------
INFO - 1401/04/13-12:11:53 - Connected to MySQL Server version 8.0.29
------------------------------------------------------------------------------
INFO - 1401/04/13-12:11:53 - Connected to database [('saba_database',)]
------------------------------------------------------------------------------
INFO - 1401/04/13-12:11:53 - MySQL connection is closed
------------------------------------------------------------------------------
INFO - 1401/04/13-12:11:53 - Login API object initialized.
------------------------------------------------------------------------------
INFO - 1401/04/13-12:11:53 - Connected to MySQL Server version 8.0.29
------------------------------------------------------------------------------
INFO - 1401/04/13-12:11:53 - Connected to database [('saba_database',)]
------------------------------------------------------------------------------
INFO - 1401/04/13-12:11:53 - MySQL connection is closed
------------------------------------------------------------------------------
INFO - 1401/04/13-12:11:53 - Database object initialized.
------------------------------------------------------------------------------
INFO - 1401/04/13-12:11:54 - Get available camera serials using camera-connecton API.
------------------------------------------------------------------------------
WARNING - 1401/04/13-12:11:54 - Some Cameras are not connected.
------------------------------------------------------------------------------
INFO - 1401/04/13-12:11:54 - Timer for checking storage initialized.
------------------------------------------------------------------------------
INFO - 1401/04/13-12:12:3 - User logined with username: ali.
------------------------------------------------------------------------------
INFO - 1401/04/13-12:12:18 - User logged-out with username: ali.
------------------------------------------------------------------------------
INFO - 1401/04/13-12:12:26 - Setting app closed.
------------------------------------------------------------------------------
