INFO - 1401/04/13-10:59:40 - UI object for setting app created.
------------------------------------------------------------------------------
INFO - 1401/04/13-10:59:40 - UI object initialized and setting app loaded.
------------------------------------------------------------------------------
INFO - 1401/04/13-10:59:40 - Creating API object.
------------------------------------------------------------------------------
INFO - 1401/04/13-10:59:40 - Login UI object initialized.
------------------------------------------------------------------------------
INFO - 1401/04/13-10:59:40 - Confirmaton UI object initialized.
------------------------------------------------------------------------------
INFO - 1401/04/13-10:59:40 - Notficaion UI object initialized.
------------------------------------------------------------------------------
INFO - 1401/04/13-10:59:40 - Connected to MySQL Server version 8.0.29
------------------------------------------------------------------------------
INFO - 1401/04/13-10:59:40 - Connected to database [('saba_database',)]
------------------------------------------------------------------------------
INFO - 1401/04/13-10:59:40 - MySQL connection is closed
------------------------------------------------------------------------------
INFO - 1401/04/13-10:59:40 - Login API object initialized.
------------------------------------------------------------------------------
INFO - 1401/04/13-10:59:40 - Connected to MySQL Server version 8.0.29
------------------------------------------------------------------------------
INFO - 1401/04/13-10:59:40 - Connected to database [('saba_database',)]
------------------------------------------------------------------------------
INFO - 1401/04/13-10:59:40 - MySQL connection is closed
------------------------------------------------------------------------------
INFO - 1401/04/13-10:59:40 - Database object initialized.
------------------------------------------------------------------------------
INFO - 1401/04/13-10:59:40 - Get available camera serials using camera-connecton API.
------------------------------------------------------------------------------
WARNING - 1401/04/13-10:59:40 - Some Cameras are not connected.
------------------------------------------------------------------------------
INFO - 1401/04/13-10:59:41 - Timer for checking storage initialized.
------------------------------------------------------------------------------
INFO - 1401/04/13-10:59:46 - User logined with username: ali.
------------------------------------------------------------------------------
INFO - 1401/04/13-10:59:53 - Start Connecting to PLC ip: opc.tcp://127.0.0.1:8081
------------------------------------------------------------------------------
CRITICAL - 1401/04/13-10:59:55 - Failed to connect to PLC
------------------------------------------------------------------------------
INFO - 1401/04/13-11:0:5 - Start Connecting to PLC ip: opc.tcp://127.0.0.1:8081
------------------------------------------------------------------------------
CRITICAL - 1401/04/13-11:0:7 - Failed to connect to PLC
------------------------------------------------------------------------------
