INFO - 1401/04/13-10:39:6 - UI object for setting app created.
------------------------------------------------------------------------------
INFO - 1401/04/13-10:39:6 - UI object initialized and setting app loaded.
------------------------------------------------------------------------------
INFO - 1401/04/13-10:39:6 - Creating API object.
------------------------------------------------------------------------------
INFO - 1401/04/13-10:39:7 - Login UI object initialized.
------------------------------------------------------------------------------
INFO - 1401/04/13-10:39:7 - Confirmaton UI object initialized.
------------------------------------------------------------------------------
INFO - 1401/04/13-10:39:7 - Notficaion UI object initialized.
------------------------------------------------------------------------------
INFO - 1401/04/13-10:39:7 - Connected to MySQL Server version 8.0.29
------------------------------------------------------------------------------
INFO - 1401/04/13-10:39:7 - Connected to database [('saba_database',)]
------------------------------------------------------------------------------
INFO - 1401/04/13-10:39:7 - MySQL connection is closed
------------------------------------------------------------------------------
INFO - 1401/04/13-10:39:7 - Login API object initialized.
------------------------------------------------------------------------------
INFO - 1401/04/13-10:39:7 - Connected to MySQL Server version 8.0.29
------------------------------------------------------------------------------
INFO - 1401/04/13-10:39:7 - Connected to database [('saba_database',)]
------------------------------------------------------------------------------
INFO - 1401/04/13-10:39:7 - MySQL connection is closed
------------------------------------------------------------------------------
INFO - 1401/04/13-10:39:7 - Database object initialized.
------------------------------------------------------------------------------
INFO - 1401/04/13-10:39:7 - Get available camera serials using camera-connecton API.
------------------------------------------------------------------------------
WARNING - 1401/04/13-10:39:7 - Some Cameras are not connected.
------------------------------------------------------------------------------
INFO - 1401/04/13-10:39:8 - Timer for checking storage initialized.
------------------------------------------------------------------------------
INFO - 1401/04/13-10:39:13 - User logined with username: ali.
------------------------------------------------------------------------------
INFO - 1401/04/13-10:39:16 - Connected to camera, serial: 23905933
------------------------------------------------------------------------------
INFO - 1401/04/13-10:39:22 - Disconnected from camera, serial: 23905933
------------------------------------------------------------------------------
INFO - 1401/04/13-10:43:24 - Setting app closed.
------------------------------------------------------------------------------
