INFO - 1401/04/13-10:13:51 - UI object for setting app created.
------------------------------------------------------------------------------
INFO - 1401/04/13-10:13:51 - UI object initialized and setting app loaded.
------------------------------------------------------------------------------
INFO - 1401/04/13-10:13:51 - Creating API object.
------------------------------------------------------------------------------
INFO - 1401/04/13-10:13:51 - Login UI object initialized.
------------------------------------------------------------------------------
INFO - 1401/04/13-10:13:51 - Confirmaton UI object initialized.
------------------------------------------------------------------------------
INFO - 1401/04/13-10:13:51 - Notficaion UI object initialized.
------------------------------------------------------------------------------
INFO - 1401/04/13-10:13:51 - Connected to MySQL Server version 8.0.29
------------------------------------------------------------------------------
INFO - 1401/04/13-10:13:51 - Connected to database [('saba_database',)]
------------------------------------------------------------------------------
INFO - 1401/04/13-10:13:51 - MySQL connection is closed
------------------------------------------------------------------------------
INFO - 1401/04/13-10:13:51 - Login API object initialized.
------------------------------------------------------------------------------
INFO - 1401/04/13-10:13:51 - Connected to MySQL Server version 8.0.29
------------------------------------------------------------------------------
INFO - 1401/04/13-10:13:51 - Connected to database [('saba_database',)]
------------------------------------------------------------------------------
INFO - 1401/04/13-10:13:51 - MySQL connection is closed
------------------------------------------------------------------------------
INFO - 1401/04/13-10:13:51 - Database object initialized.
------------------------------------------------------------------------------
INFO - 1401/04/13-10:13:52 - Get available camera serials using camera-connecton API.
------------------------------------------------------------------------------
WARNING - 1401/04/13-10:13:52 - Some Cameras are not connected.
------------------------------------------------------------------------------
INFO - 1401/04/13-10:13:52 - Timer for checking storage initialized.
------------------------------------------------------------------------------
INFO - 1401/04/13-10:13:58 - User logined with username: ali.
------------------------------------------------------------------------------
INFO - 1401/04/13-10:14:3 - Connected to camera, serial: 23905933
------------------------------------------------------------------------------
INFO - 1401/04/13-10:14:20 - Disconnected from camera, serial: 23905933
------------------------------------------------------------------------------
INFO - 1401/04/13-10:14:22 - Connected to camera, serial: 23905933
------------------------------------------------------------------------------
INFO - 1401/04/13-10:14:41 - Setting app closed.
------------------------------------------------------------------------------
