INFO - 1401/04/13-10:46:29 - UI object for setting app created.
------------------------------------------------------------------------------
INFO - 1401/04/13-10:46:29 - UI object initialized and setting app loaded.
------------------------------------------------------------------------------
INFO - 1401/04/13-10:46:29 - Creating API object.
------------------------------------------------------------------------------
INFO - 1401/04/13-10:46:29 - Login UI object initialized.
------------------------------------------------------------------------------
INFO - 1401/04/13-10:46:29 - Confirmaton UI object initialized.
------------------------------------------------------------------------------
INFO - 1401/04/13-10:46:29 - Notficaion UI object initialized.
------------------------------------------------------------------------------
INFO - 1401/04/13-10:46:29 - Connected to MySQL Server version 8.0.29
------------------------------------------------------------------------------
INFO - 1401/04/13-10:46:29 - Connected to database [('saba_database',)]
------------------------------------------------------------------------------
INFO - 1401/04/13-10:46:29 - MySQL connection is closed
------------------------------------------------------------------------------
INFO - 1401/04/13-10:46:29 - Login API object initialized.
------------------------------------------------------------------------------
INFO - 1401/04/13-10:46:29 - Connected to MySQL Server version 8.0.29
------------------------------------------------------------------------------
INFO - 1401/04/13-10:46:29 - Connected to database [('saba_database',)]
------------------------------------------------------------------------------
INFO - 1401/04/13-10:46:29 - MySQL connection is closed
------------------------------------------------------------------------------
INFO - 1401/04/13-10:46:29 - Database object initialized.
------------------------------------------------------------------------------
INFO - 1401/04/13-10:46:30 - Get available camera serials using camera-connecton API.
------------------------------------------------------------------------------
WARNING - 1401/04/13-10:46:30 - Some Cameras are not connected.
------------------------------------------------------------------------------
INFO - 1401/04/13-10:46:30 - Timer for checking storage initialized.
------------------------------------------------------------------------------
WARNING - 1401/04/13-10:46:36 - User tried to login with Incorrect Username or Password: ali - 12324
------------------------------------------------------------------------------
INFO - 1401/04/13-10:46:38 - User logined with username: ali.
------------------------------------------------------------------------------
INFO - 1401/04/13-10:51:56 - Setting app closed.
------------------------------------------------------------------------------
