INFO - 1401/04/13-9:55:52 - UI object for setting app created.
------------------------------------------------------------------------------
INFO - 1401/04/13-9:55:52 - UI object initialized and setting app loaded.
------------------------------------------------------------------------------
INFO - 1401/04/13-9:55:52 - Creating API object.
------------------------------------------------------------------------------
INFO - 1401/04/13-9:55:52 - Login UI object initialized.
------------------------------------------------------------------------------
INFO - 1401/04/13-9:55:52 - Confirmaton UI object initialized.
------------------------------------------------------------------------------
INFO - 1401/04/13-9:55:52 - Notficaion UI object initialized.
------------------------------------------------------------------------------
INFO - 1401/04/13-9:55:52 - Connected to MySQL Server version 8.0.29
------------------------------------------------------------------------------
INFO - 1401/04/13-9:55:52 - Connected to database [('saba_database',)]
------------------------------------------------------------------------------
INFO - 1401/04/13-9:55:52 - MySQL connection is closed
------------------------------------------------------------------------------
INFO - 1401/04/13-9:55:52 - Login API object initialized.
------------------------------------------------------------------------------
INFO - 1401/04/13-9:55:52 - Connected to MySQL Server version 8.0.29
------------------------------------------------------------------------------
INFO - 1401/04/13-9:55:52 - Connected to database [('saba_database',)]
------------------------------------------------------------------------------
INFO - 1401/04/13-9:55:52 - MySQL connection is closed
------------------------------------------------------------------------------
INFO - 1401/04/13-9:55:52 - Database object initialized.
------------------------------------------------------------------------------
INFO - 1401/04/13-9:55:53 - Get available camera serials using camera-connecton API.
------------------------------------------------------------------------------
WARNING - 1401/04/13-9:55:53 - Some Cameras are not connected.
------------------------------------------------------------------------------
INFO - 1401/04/13-9:55:53 - Timer for checking storage initialized.
------------------------------------------------------------------------------
INFO - 1401/04/13-9:55:59 - User logined with username: ali.
------------------------------------------------------------------------------
INFO - 1401/04/13-9:56:2 - Connected to camera, serial: 23905933
------------------------------------------------------------------------------
INFO - 1401/04/13-10:0:26 - Setting app closed.
------------------------------------------------------------------------------
