INFO - 1401/04/13-8:27:3 - UI object for setting app created.
------------------------------------------------------------------------------
INFO - 1401/04/13-8:27:3 - UI object initialized and setting app loaded.
------------------------------------------------------------------------------
INFO - 1401/04/13-8:27:3 - Creating API object.
------------------------------------------------------------------------------
INFO - 1401/04/13-8:27:3 - Login UI object initialized.
------------------------------------------------------------------------------
INFO - 1401/04/13-8:27:3 - Confirmaton UI object initialized.
------------------------------------------------------------------------------
INFO - 1401/04/13-8:27:3 - Notficaion UI object initialized.
------------------------------------------------------------------------------
INFO - 1401/04/13-8:27:3 - Connected to MySQL Server version 8.0.29
------------------------------------------------------------------------------
INFO - 1401/04/13-8:27:3 - Connected to database [('saba_database',)]
------------------------------------------------------------------------------
INFO - 1401/04/13-8:27:3 - MySQL connection is closed
------------------------------------------------------------------------------
INFO - 1401/04/13-8:27:3 - Login API object initialized.
------------------------------------------------------------------------------
INFO - 1401/04/13-8:27:3 - Connected to MySQL Server version 8.0.29
------------------------------------------------------------------------------
INFO - 1401/04/13-8:27:3 - Connected to database [('saba_database',)]
------------------------------------------------------------------------------
INFO - 1401/04/13-8:27:3 - MySQL connection is closed
------------------------------------------------------------------------------
INFO - 1401/04/13-8:27:3 - Database object initialized.
------------------------------------------------------------------------------
INFO - 1401/04/13-8:27:4 - Get available camera serials using camera-connecton API.
------------------------------------------------------------------------------
WARNING - 1401/04/13-8:27:4 - Some Cameras are not connected.
------------------------------------------------------------------------------
INFO - 1401/04/13-8:27:4 - Timer for checking storage initialized.
------------------------------------------------------------------------------
