INFO - 1401/04/13-10:19:48 - UI object for setting app created.
------------------------------------------------------------------------------
INFO - 1401/04/13-10:19:48 - UI object initialized and setting app loaded.
------------------------------------------------------------------------------
INFO - 1401/04/13-10:19:48 - Creating API object.
------------------------------------------------------------------------------
INFO - 1401/04/13-10:19:48 - Login UI object initialized.
------------------------------------------------------------------------------
INFO - 1401/04/13-10:19:48 - Confirmaton UI object initialized.
------------------------------------------------------------------------------
INFO - 1401/04/13-10:19:48 - Notficaion UI object initialized.
------------------------------------------------------------------------------
INFO - 1401/04/13-10:19:48 - Connected to MySQL Server version 8.0.29
------------------------------------------------------------------------------
INFO - 1401/04/13-10:19:48 - Connected to database [('saba_database',)]
------------------------------------------------------------------------------
INFO - 1401/04/13-10:19:48 - MySQL connection is closed
------------------------------------------------------------------------------
INFO - 1401/04/13-10:19:48 - Login API object initialized.
------------------------------------------------------------------------------
INFO - 1401/04/13-10:19:48 - Connected to MySQL Server version 8.0.29
------------------------------------------------------------------------------
INFO - 1401/04/13-10:19:48 - Connected to database [('saba_database',)]
------------------------------------------------------------------------------
INFO - 1401/04/13-10:19:48 - MySQL connection is closed
------------------------------------------------------------------------------
INFO - 1401/04/13-10:19:48 - Database object initialized.
------------------------------------------------------------------------------
INFO - 1401/04/13-10:19:49 - Get available camera serials using camera-connecton API.
------------------------------------------------------------------------------
WARNING - 1401/04/13-10:19:49 - Some Cameras are not connected.
------------------------------------------------------------------------------
INFO - 1401/04/13-10:19:49 - Timer for checking storage initialized.
------------------------------------------------------------------------------
INFO - 1401/04/13-10:20:2 - User logined with username: ali.
------------------------------------------------------------------------------
INFO - 1401/04/13-10:20:25 - Connected to camera, serial: 23905933
------------------------------------------------------------------------------
INFO - 1401/04/13-10:20:38 - Disconnected from camera, serial: 23905933
------------------------------------------------------------------------------
INFO - 1401/04/13-10:20:41 - Connected to camera, serial: 23905933
------------------------------------------------------------------------------
INFO - 1401/04/13-10:20:48 - Disconnected from camera, serial: 23905933
------------------------------------------------------------------------------
INFO - 1401/04/13-10:21:1 - Connected to camera, serial: 23905933
------------------------------------------------------------------------------
INFO - 1401/04/13-10:21:7 - Disconnected from camera, serial: 23905933
------------------------------------------------------------------------------
INFO - 1401/04/13-10:21:11 - Connected to camera, serial: 23905933
------------------------------------------------------------------------------
INFO - 1401/04/13-10:21:21 - Disconnected from camera, serial: 23905933
------------------------------------------------------------------------------
INFO - 1401/04/13-10:22:41 - Connected to camera, serial: 23905933
------------------------------------------------------------------------------
