INFO - 1401/04/13-15:29:17 - UI object for setting app created.
------------------------------------------------------------------------------
INFO - 1401/04/13-15:29:17 - UI object initialized and setting app loaded.
------------------------------------------------------------------------------
INFO - 1401/04/13-15:29:17 - Creating API object.
------------------------------------------------------------------------------
INFO - 1401/04/13-15:29:17 - Login UI object initialized.
------------------------------------------------------------------------------
INFO - 1401/04/13-15:29:17 - Confirmaton UI object initialized.
------------------------------------------------------------------------------
INFO - 1401/04/13-15:29:17 - Notficaion UI object initialized.
------------------------------------------------------------------------------
INFO - 1401/04/13-15:29:17 - Connected to MySQL Server version 8.0.29
------------------------------------------------------------------------------
INFO - 1401/04/13-15:29:17 - Connected to database [('saba_database',)]
------------------------------------------------------------------------------
INFO - 1401/04/13-15:29:17 - MySQL connection is closed
------------------------------------------------------------------------------
INFO - 1401/04/13-15:29:17 - Login API object initialized.
------------------------------------------------------------------------------
INFO - 1401/04/13-15:29:17 - Connected to MySQL Server version 8.0.29
------------------------------------------------------------------------------
INFO - 1401/04/13-15:29:17 - Connected to database [('saba_database',)]
------------------------------------------------------------------------------
INFO - 1401/04/13-15:29:17 - MySQL connection is closed
------------------------------------------------------------------------------
INFO - 1401/04/13-15:29:17 - Database object initialized.
------------------------------------------------------------------------------
INFO - 1401/04/13-15:29:18 - Get available camera serials using camera-connecton API.
------------------------------------------------------------------------------
WARNING - 1401/04/13-15:29:18 - Some Cameras are not connected.
------------------------------------------------------------------------------
INFO - 1401/04/13-15:29:18 - Timer for checking storage initialized.
------------------------------------------------------------------------------
