INFO - 1401/04/13-15:36:2 - UI object for setting app created.
------------------------------------------------------------------------------
INFO - 1401/04/13-15:36:2 - UI object initialized and setting app loaded.
------------------------------------------------------------------------------
INFO - 1401/04/13-15:36:2 - Creating API object.
------------------------------------------------------------------------------
INFO - 1401/04/13-15:36:2 - Login UI object initialized.
------------------------------------------------------------------------------
INFO - 1401/04/13-15:36:2 - Confirmaton UI object initialized.
------------------------------------------------------------------------------
INFO - 1401/04/13-15:36:2 - Notficaion UI object initialized.
------------------------------------------------------------------------------
INFO - 1401/04/13-15:36:2 - Connected to MySQL Server version 8.0.29
------------------------------------------------------------------------------
INFO - 1401/04/13-15:36:2 - Connected to database [('saba_database',)]
------------------------------------------------------------------------------
INFO - 1401/04/13-15:36:2 - MySQL connection is closed
------------------------------------------------------------------------------
INFO - 1401/04/13-15:36:2 - Login API object initialized.
------------------------------------------------------------------------------
INFO - 1401/04/13-15:36:2 - Connected to MySQL Server version 8.0.29
------------------------------------------------------------------------------
INFO - 1401/04/13-15:36:2 - Connected to database [('saba_database',)]
------------------------------------------------------------------------------
INFO - 1401/04/13-15:36:2 - MySQL connection is closed
------------------------------------------------------------------------------
INFO - 1401/04/13-15:36:2 - Database object initialized.
------------------------------------------------------------------------------
INFO - 1401/04/13-15:36:3 - Get available camera serials using camera-connecton API.
------------------------------------------------------------------------------
WARNING - 1401/04/13-15:36:3 - Some Cameras are not connected.
------------------------------------------------------------------------------
INFO - 1401/04/13-15:36:3 - Timer for checking storage initialized.
------------------------------------------------------------------------------
INFO - 1401/04/13-15:36:9 - User logined with username: ali.
------------------------------------------------------------------------------
INFO - 1401/04/13-15:36:10 - Camera params are loaded from database camera-id: 2
------------------------------------------------------------------------------
INFO - 1401/04/13-15:36:16 - Camera params are loaded from database camera-id: 1
------------------------------------------------------------------------------
ERROR - 1401/04/13-15:36:23 - Height value is too large
------------------------------------------------------------------------------
