INFO - 1401/04/13-15:32:35 - UI object for setting app created.
------------------------------------------------------------------------------
INFO - 1401/04/13-15:32:35 - UI object initialized and setting app loaded.
------------------------------------------------------------------------------
INFO - 1401/04/13-15:32:35 - Creating API object.
------------------------------------------------------------------------------
INFO - 1401/04/13-15:32:35 - Login UI object initialized.
------------------------------------------------------------------------------
INFO - 1401/04/13-15:32:35 - Confirmaton UI object initialized.
------------------------------------------------------------------------------
INFO - 1401/04/13-15:32:35 - Notficaion UI object initialized.
------------------------------------------------------------------------------
INFO - 1401/04/13-15:32:35 - Connected to MySQL Server version 8.0.29
------------------------------------------------------------------------------
INFO - 1401/04/13-15:32:35 - Connected to database [('saba_database',)]
------------------------------------------------------------------------------
INFO - 1401/04/13-15:32:35 - MySQL connection is closed
------------------------------------------------------------------------------
INFO - 1401/04/13-15:32:35 - Login API object initialized.
------------------------------------------------------------------------------
INFO - 1401/04/13-15:32:35 - Connected to MySQL Server version 8.0.29
------------------------------------------------------------------------------
INFO - 1401/04/13-15:32:35 - Connected to database [('saba_database',)]
------------------------------------------------------------------------------
INFO - 1401/04/13-15:32:35 - MySQL connection is closed
------------------------------------------------------------------------------
INFO - 1401/04/13-15:32:35 - Database object initialized.
------------------------------------------------------------------------------
INFO - 1401/04/13-15:32:36 - Get available camera serials using camera-connecton API.
------------------------------------------------------------------------------
WARNING - 1401/04/13-15:32:36 - Some Cameras are not connected.
------------------------------------------------------------------------------
INFO - 1401/04/13-15:32:36 - Timer for checking storage initialized.
------------------------------------------------------------------------------
INFO - 1401/04/13-15:32:42 - User logined with username: ali.
------------------------------------------------------------------------------
INFO - 1401/04/13-15:32:45 - Camera params are loaded from database camera-id: 1
------------------------------------------------------------------------------
INFO - 1401/04/13-15:32:48 - Camera parameters applied to databse
------------------------------------------------------------------------------
ERROR - 1401/04/13-15:32:55 - Height value is too large
------------------------------------------------------------------------------
