INFO - 1401/04/13-10:1:57 - UI object for setting app created.
------------------------------------------------------------------------------
INFO - 1401/04/13-10:1:57 - UI object initialized and setting app loaded.
------------------------------------------------------------------------------
INFO - 1401/04/13-10:1:57 - Creating API object.
------------------------------------------------------------------------------
INFO - 1401/04/13-10:1:57 - Login UI object initialized.
------------------------------------------------------------------------------
INFO - 1401/04/13-10:1:57 - Confirmaton UI object initialized.
------------------------------------------------------------------------------
INFO - 1401/04/13-10:1:57 - Notficaion UI object initialized.
------------------------------------------------------------------------------
INFO - 1401/04/13-10:1:57 - Connected to MySQL Server version 8.0.29
------------------------------------------------------------------------------
INFO - 1401/04/13-10:1:57 - Connected to database [('saba_database',)]
------------------------------------------------------------------------------
INFO - 1401/04/13-10:1:57 - MySQL connection is closed
------------------------------------------------------------------------------
INFO - 1401/04/13-10:1:57 - Login API object initialized.
------------------------------------------------------------------------------
INFO - 1401/04/13-10:1:57 - Connected to MySQL Server version 8.0.29
------------------------------------------------------------------------------
INFO - 1401/04/13-10:1:57 - Connected to database [('saba_database',)]
------------------------------------------------------------------------------
INFO - 1401/04/13-10:1:57 - MySQL connection is closed
------------------------------------------------------------------------------
INFO - 1401/04/13-10:1:57 - Database object initialized.
------------------------------------------------------------------------------
INFO - 1401/04/13-10:1:58 - Get available camera serials using camera-connecton API.
------------------------------------------------------------------------------
WARNING - 1401/04/13-10:1:58 - Some Cameras are not connected.
------------------------------------------------------------------------------
INFO - 1401/04/13-10:1:58 - Timer for checking storage initialized.
------------------------------------------------------------------------------
INFO - 1401/04/13-10:2:5 - User logined with username: ali.
------------------------------------------------------------------------------
INFO - 1401/04/13-10:2:9 - Connected to camera, serial: 23905933
------------------------------------------------------------------------------
INFO - 1401/04/13-10:2:11 - Disconnected from camera, serial: 23905933
------------------------------------------------------------------------------
INFO - 1401/04/13-10:2:15 - Connected to camera, serial: 23905933
------------------------------------------------------------------------------
INFO - 1401/04/13-10:2:16 - Disconnected from camera, serial: 23905933
------------------------------------------------------------------------------
INFO - 1401/04/13-10:2:18 - Connected to camera, serial: 23905933
------------------------------------------------------------------------------
