INFO - 1401/04/13-8:38:38 - UI object for setting app created.
------------------------------------------------------------------------------
INFO - 1401/04/13-8:38:38 - UI object initialized and setting app loaded.
------------------------------------------------------------------------------
INFO - 1401/04/13-8:38:38 - Creating API object.
------------------------------------------------------------------------------
INFO - 1401/04/13-8:38:38 - Login UI object initialized.
------------------------------------------------------------------------------
INFO - 1401/04/13-8:38:39 - Confirmaton UI object initialized.
------------------------------------------------------------------------------
INFO - 1401/04/13-8:38:39 - Notficaion UI object initialized.
------------------------------------------------------------------------------
INFO - 1401/04/13-8:38:39 - Connected to MySQL Server version 8.0.29
------------------------------------------------------------------------------
INFO - 1401/04/13-8:38:39 - Connected to database [('saba_database',)]
------------------------------------------------------------------------------
INFO - 1401/04/13-8:38:39 - MySQL connection is closed
------------------------------------------------------------------------------
INFO - 1401/04/13-8:38:39 - Login API object initialized.
------------------------------------------------------------------------------
INFO - 1401/04/13-8:38:39 - Connected to MySQL Server version 8.0.29
------------------------------------------------------------------------------
INFO - 1401/04/13-8:38:39 - Connected to database [('saba_database',)]
------------------------------------------------------------------------------
INFO - 1401/04/13-8:38:39 - MySQL connection is closed
------------------------------------------------------------------------------
INFO - 1401/04/13-8:38:39 - Database object initialized.
------------------------------------------------------------------------------
INFO - 1401/04/13-8:38:39 - Get available camera serials using camera-connecton API.
------------------------------------------------------------------------------
WARNING - 1401/04/13-8:38:39 - Some Cameras are not connected.
------------------------------------------------------------------------------
INFO - 1401/04/13-8:38:39 - Timer for checking storage initialized.
------------------------------------------------------------------------------
INFO - 1401/04/13-8:38:45 - User logined with username: ali.
------------------------------------------------------------------------------
INFO - 1401/04/13-8:38:47 - Camera params are loaded from database camera-id: 1
------------------------------------------------------------------------------
INFO - 1401/04/13-8:38:50 - Camera settings applied to databse
------------------------------------------------------------------------------
INFO - 1401/04/13-8:38:52 - Connected to camera, serial: 23905933
------------------------------------------------------------------------------
INFO - 1401/04/13-8:38:58 - Disconnected from camera, serial: 23905933
------------------------------------------------------------------------------
INFO - 1401/04/13-8:38:59 - Camera settings applied to databse
------------------------------------------------------------------------------
INFO - 1401/04/13-8:39:2 - Connected to camera, serial: 23905933
------------------------------------------------------------------------------
INFO - 1401/04/13-8:39:10 - Disconnected from camera, serial: 23905933
------------------------------------------------------------------------------
INFO - 1401/04/13-8:39:12 - Camera settings applied to databse
------------------------------------------------------------------------------
INFO - 1401/04/13-8:39:16 - Connected to camera, serial: 23905933
------------------------------------------------------------------------------
