INFO - 1401/04/13-9:53:4 - UI object for setting app created.
------------------------------------------------------------------------------
INFO - 1401/04/13-9:53:4 - UI object initialized and setting app loaded.
------------------------------------------------------------------------------
INFO - 1401/04/13-9:53:4 - Creating API object.
------------------------------------------------------------------------------
INFO - 1401/04/13-9:53:4 - Login UI object initialized.
------------------------------------------------------------------------------
INFO - 1401/04/13-9:53:4 - Confirmaton UI object initialized.
------------------------------------------------------------------------------
INFO - 1401/04/13-9:53:4 - Notficaion UI object initialized.
------------------------------------------------------------------------------
INFO - 1401/04/13-9:53:4 - Connected to MySQL Server version 8.0.29
------------------------------------------------------------------------------
INFO - 1401/04/13-9:53:4 - Connected to database [('saba_database',)]
------------------------------------------------------------------------------
INFO - 1401/04/13-9:53:4 - MySQL connection is closed
------------------------------------------------------------------------------
INFO - 1401/04/13-9:53:4 - Login API object initialized.
------------------------------------------------------------------------------
INFO - 1401/04/13-9:53:4 - Connected to MySQL Server version 8.0.29
------------------------------------------------------------------------------
INFO - 1401/04/13-9:53:4 - Connected to database [('saba_database',)]
------------------------------------------------------------------------------
INFO - 1401/04/13-9:53:4 - MySQL connection is closed
------------------------------------------------------------------------------
INFO - 1401/04/13-9:53:4 - Database object initialized.
------------------------------------------------------------------------------
INFO - 1401/04/13-9:53:5 - Get available camera serials using camera-connecton API.
------------------------------------------------------------------------------
WARNING - 1401/04/13-9:53:5 - Some Cameras are not connected.
------------------------------------------------------------------------------
INFO - 1401/04/13-9:53:5 - Timer for checking storage initialized.
------------------------------------------------------------------------------
INFO - 1401/04/13-9:53:12 - User logined with username: ali.
------------------------------------------------------------------------------
INFO - 1401/04/13-9:53:21 - Connected to camera, serial: 23905933
------------------------------------------------------------------------------
