INFO - 1401/04/13-12:9:35 - UI object for setting app created.
------------------------------------------------------------------------------
INFO - 1401/04/13-12:9:35 - UI object initialized and setting app loaded.
------------------------------------------------------------------------------
INFO - 1401/04/13-12:9:35 - Creating API object.
------------------------------------------------------------------------------
INFO - 1401/04/13-12:9:35 - Login UI object initialized.
------------------------------------------------------------------------------
INFO - 1401/04/13-12:9:35 - Confirmaton UI object initialized.
------------------------------------------------------------------------------
INFO - 1401/04/13-12:9:35 - Notficaion UI object initialized.
------------------------------------------------------------------------------
INFO - 1401/04/13-12:9:35 - Connected to MySQL Server version 8.0.29
------------------------------------------------------------------------------
INFO - 1401/04/13-12:9:35 - Connected to database [('saba_database',)]
------------------------------------------------------------------------------
INFO - 1401/04/13-12:9:35 - MySQL connection is closed
------------------------------------------------------------------------------
INFO - 1401/04/13-12:9:35 - Login API object initialized.
------------------------------------------------------------------------------
INFO - 1401/04/13-12:9:35 - Connected to MySQL Server version 8.0.29
------------------------------------------------------------------------------
INFO - 1401/04/13-12:9:35 - Connected to database [('saba_database',)]
------------------------------------------------------------------------------
INFO - 1401/04/13-12:9:35 - MySQL connection is closed
------------------------------------------------------------------------------
INFO - 1401/04/13-12:9:35 - Database object initialized.
------------------------------------------------------------------------------
INFO - 1401/04/13-12:9:36 - Get available camera serials using camera-connecton API.
------------------------------------------------------------------------------
WARNING - 1401/04/13-12:9:36 - Some Cameras are not connected.
------------------------------------------------------------------------------
INFO - 1401/04/13-12:9:36 - Timer for checking storage initialized.
------------------------------------------------------------------------------
INFO - 1401/04/13-12:9:42 - User logined with username: ali.
------------------------------------------------------------------------------
INFO - 1401/04/13-12:10:9 - User logged-out with username: ali.
------------------------------------------------------------------------------
INFO - 1401/04/13-12:10:20 - User logined with username: ali.
------------------------------------------------------------------------------
INFO - 1401/04/13-12:10:38 - Start Connecting to PLC ip: opc.tcp://127.0.0.1:8081
------------------------------------------------------------------------------
CRITICAL - 1401/04/13-12:10:40 - Failed to connect to PLC
------------------------------------------------------------------------------
INFO - 1401/04/13-12:11:3 - Camera params are loaded from database camera-id: 1
------------------------------------------------------------------------------
INFO - 1401/04/13-12:11:7 - Camera parameters applied to databse
------------------------------------------------------------------------------
INFO - 1401/04/13-12:11:23 - Users list loaded from database
------------------------------------------------------------------------------
INFO - 1401/04/13-12:11:25 - Defects loaded from database
------------------------------------------------------------------------------
INFO - 1401/04/13-12:11:25 - Defect groups loaded from database
------------------------------------------------------------------------------
INFO - 1401/04/13-12:11:42 - User logged-out with username: ali.
------------------------------------------------------------------------------
