INFO - 1401/04/13-9:54:9 - UI object for setting app created.
------------------------------------------------------------------------------
INFO - 1401/04/13-9:54:9 - UI object initialized and setting app loaded.
------------------------------------------------------------------------------
INFO - 1401/04/13-9:54:9 - Creating API object.
------------------------------------------------------------------------------
INFO - 1401/04/13-9:54:9 - Login UI object initialized.
------------------------------------------------------------------------------
INFO - 1401/04/13-9:54:9 - Confirmaton UI object initialized.
------------------------------------------------------------------------------
INFO - 1401/04/13-9:54:9 - Notficaion UI object initialized.
------------------------------------------------------------------------------
INFO - 1401/04/13-9:54:9 - Connected to MySQL Server version 8.0.29
------------------------------------------------------------------------------
INFO - 1401/04/13-9:54:9 - Connected to database [('saba_database',)]
------------------------------------------------------------------------------
INFO - 1401/04/13-9:54:9 - MySQL connection is closed
------------------------------------------------------------------------------
INFO - 1401/04/13-9:54:9 - Login API object initialized.
------------------------------------------------------------------------------
INFO - 1401/04/13-9:54:9 - Connected to MySQL Server version 8.0.29
------------------------------------------------------------------------------
INFO - 1401/04/13-9:54:9 - Connected to database [('saba_database',)]
------------------------------------------------------------------------------
INFO - 1401/04/13-9:54:9 - MySQL connection is closed
------------------------------------------------------------------------------
INFO - 1401/04/13-9:54:9 - Database object initialized.
------------------------------------------------------------------------------
INFO - 1401/04/13-9:54:10 - Get available camera serials using camera-connecton API.
------------------------------------------------------------------------------
WARNING - 1401/04/13-9:54:10 - Some Cameras are not connected.
------------------------------------------------------------------------------
INFO - 1401/04/13-9:54:10 - Timer for checking storage initialized.
------------------------------------------------------------------------------
INFO - 1401/04/13-9:54:16 - User logined with username: ali.
------------------------------------------------------------------------------
INFO - 1401/04/13-9:54:26 - Connected to camera, serial: 23905933
------------------------------------------------------------------------------
