INFO - 1401/04/13-12:2:56 - UI object for setting app created.
------------------------------------------------------------------------------
INFO - 1401/04/13-12:2:56 - UI object initialized and setting app loaded.
------------------------------------------------------------------------------
INFO - 1401/04/13-12:2:56 - Creating API object.
------------------------------------------------------------------------------
INFO - 1401/04/13-12:2:57 - Login UI object initialized.
------------------------------------------------------------------------------
INFO - 1401/04/13-12:2:57 - Confirmaton UI object initialized.
------------------------------------------------------------------------------
INFO - 1401/04/13-12:2:57 - Notficaion UI object initialized.
------------------------------------------------------------------------------
INFO - 1401/04/13-12:2:57 - Connected to MySQL Server version 8.0.29
------------------------------------------------------------------------------
INFO - 1401/04/13-12:2:57 - Connected to database [('saba_database',)]
------------------------------------------------------------------------------
INFO - 1401/04/13-12:2:57 - MySQL connection is closed
------------------------------------------------------------------------------
INFO - 1401/04/13-12:2:57 - Login API object initialized.
------------------------------------------------------------------------------
INFO - 1401/04/13-12:2:57 - Connected to MySQL Server version 8.0.29
------------------------------------------------------------------------------
INFO - 1401/04/13-12:2:57 - Connected to database [('saba_database',)]
------------------------------------------------------------------------------
INFO - 1401/04/13-12:2:57 - MySQL connection is closed
------------------------------------------------------------------------------
INFO - 1401/04/13-12:2:57 - Database object initialized.
------------------------------------------------------------------------------
INFO - 1401/04/13-12:2:57 - Get available camera serials using camera-connecton API.
------------------------------------------------------------------------------
WARNING - 1401/04/13-12:2:57 - Some Cameras are not connected.
------------------------------------------------------------------------------
INFO - 1401/04/13-12:2:57 - Timer for checking storage initialized.
------------------------------------------------------------------------------
INFO - 1401/04/13-12:3:5 - User logined with username: ali.
------------------------------------------------------------------------------
INFO - 1401/04/13-12:3:16 - Start Connecting to PLC ip: opc.tcp://127.0.0.1:8081
------------------------------------------------------------------------------
CRITICAL - 1401/04/13-12:3:18 - Failed to connect to PLC
------------------------------------------------------------------------------
INFO - 1401/04/13-12:3:29 - Setting app closed.
------------------------------------------------------------------------------
