INFO - 1401/04/13-8:43:16 - UI object for setting app created.
------------------------------------------------------------------------------
INFO - 1401/04/13-8:43:16 - UI object initialized and setting app loaded.
------------------------------------------------------------------------------
INFO - 1401/04/13-8:43:16 - Creating API object.
------------------------------------------------------------------------------
INFO - 1401/04/13-8:43:16 - Login UI object initialized.
------------------------------------------------------------------------------
INFO - 1401/04/13-8:43:16 - Confirmaton UI object initialized.
------------------------------------------------------------------------------
INFO - 1401/04/13-8:43:16 - Notficaion UI object initialized.
------------------------------------------------------------------------------
INFO - 1401/04/13-8:43:16 - Connected to MySQL Server version 8.0.29
------------------------------------------------------------------------------
INFO - 1401/04/13-8:43:16 - Connected to database [('saba_database',)]
------------------------------------------------------------------------------
INFO - 1401/04/13-8:43:16 - MySQL connection is closed
------------------------------------------------------------------------------
INFO - 1401/04/13-8:43:16 - Login API object initialized.
------------------------------------------------------------------------------
INFO - 1401/04/13-8:43:16 - Connected to MySQL Server version 8.0.29
------------------------------------------------------------------------------
INFO - 1401/04/13-8:43:16 - Connected to database [('saba_database',)]
------------------------------------------------------------------------------
INFO - 1401/04/13-8:43:16 - MySQL connection is closed
------------------------------------------------------------------------------
INFO - 1401/04/13-8:43:16 - Database object initialized.
------------------------------------------------------------------------------
