INFO - 1401/04/13-10:33:31 - UI object for setting app created.
------------------------------------------------------------------------------
INFO - 1401/04/13-10:33:31 - UI object initialized and setting app loaded.
------------------------------------------------------------------------------
INFO - 1401/04/13-10:33:31 - Creating API object.
------------------------------------------------------------------------------
INFO - 1401/04/13-10:33:31 - Login UI object initialized.
------------------------------------------------------------------------------
INFO - 1401/04/13-10:33:31 - Confirmaton UI object initialized.
------------------------------------------------------------------------------
INFO - 1401/04/13-10:33:31 - Notficaion UI object initialized.
------------------------------------------------------------------------------
INFO - 1401/04/13-10:33:31 - Connected to MySQL Server version 8.0.29
------------------------------------------------------------------------------
INFO - 1401/04/13-10:33:31 - Connected to database [('saba_database',)]
------------------------------------------------------------------------------
INFO - 1401/04/13-10:33:31 - MySQL connection is closed
------------------------------------------------------------------------------
INFO - 1401/04/13-10:33:31 - Login API object initialized.
------------------------------------------------------------------------------
INFO - 1401/04/13-10:33:31 - Connected to MySQL Server version 8.0.29
------------------------------------------------------------------------------
INFO - 1401/04/13-10:33:31 - Connected to database [('saba_database',)]
------------------------------------------------------------------------------
INFO - 1401/04/13-10:33:31 - MySQL connection is closed
------------------------------------------------------------------------------
INFO - 1401/04/13-10:33:31 - Database object initialized.
------------------------------------------------------------------------------
INFO - 1401/04/13-10:33:32 - Get available camera serials using camera-connecton API.
------------------------------------------------------------------------------
WARNING - 1401/04/13-10:33:32 - Some Cameras are not connected.
------------------------------------------------------------------------------
INFO - 1401/04/13-10:33:32 - Timer for checking storage initialized.
------------------------------------------------------------------------------
INFO - 1401/04/13-10:33:39 - User logined with username: ali.
------------------------------------------------------------------------------
INFO - 1401/04/13-10:33:42 - Camera params are loaded from database camera-id: 1
------------------------------------------------------------------------------
INFO - 1401/04/13-10:33:50 - Camera parameters applied to databse
------------------------------------------------------------------------------
INFO - 1401/04/13-10:33:56 - Connected to camera, serial: 23905933
------------------------------------------------------------------------------
INFO - 1401/04/13-10:36:29 - Disconnected from camera, serial: 23905933
------------------------------------------------------------------------------
INFO - 1401/04/13-10:36:45 - Connected to camera, serial: 23905933
------------------------------------------------------------------------------
INFO - 1401/04/13-10:36:50 - Disconnected from camera, serial: 23905933
------------------------------------------------------------------------------
