INFO - 1401/04/13-15:39:11 - UI object for setting app created.
------------------------------------------------------------------------------
INFO - 1401/04/13-15:39:11 - UI object initialized and setting app loaded.
------------------------------------------------------------------------------
INFO - 1401/04/13-15:39:11 - Creating API object.
------------------------------------------------------------------------------
INFO - 1401/04/13-15:39:11 - Login UI object initialized.
------------------------------------------------------------------------------
INFO - 1401/04/13-15:39:11 - Confirmaton UI object initialized.
------------------------------------------------------------------------------
INFO - 1401/04/13-15:39:11 - Notficaion UI object initialized.
------------------------------------------------------------------------------
INFO - 1401/04/13-15:39:11 - Connected to MySQL Server version 8.0.29
------------------------------------------------------------------------------
INFO - 1401/04/13-15:39:11 - Connected to database [('saba_database',)]
------------------------------------------------------------------------------
INFO - 1401/04/13-15:39:11 - MySQL connection is closed
------------------------------------------------------------------------------
INFO - 1401/04/13-15:39:11 - Login API object initialized.
------------------------------------------------------------------------------
INFO - 1401/04/13-15:39:11 - Connected to MySQL Server version 8.0.29
------------------------------------------------------------------------------
INFO - 1401/04/13-15:39:11 - Connected to database [('saba_database',)]
------------------------------------------------------------------------------
INFO - 1401/04/13-15:39:11 - MySQL connection is closed
------------------------------------------------------------------------------
INFO - 1401/04/13-15:39:11 - Database object initialized.
------------------------------------------------------------------------------
INFO - 1401/04/13-15:39:11 - Get available camera serials using camera-connecton API.
------------------------------------------------------------------------------
WARNING - 1401/04/13-15:39:11 - Some Cameras are not connected.
------------------------------------------------------------------------------
INFO - 1401/04/13-15:39:12 - Timer for checking storage initialized.
------------------------------------------------------------------------------
INFO - 1401/04/13-15:39:38 - User logined with username: ali.
------------------------------------------------------------------------------
INFO - 1401/04/13-15:41:9 - User logged-out with username: ali.
------------------------------------------------------------------------------
INFO - 1401/04/13-15:41:35 - User logined with username: 1.
------------------------------------------------------------------------------
INFO - 1401/04/13-15:41:39 - Users list loaded from database
------------------------------------------------------------------------------
INFO - 1401/04/13-15:41:53 - Start Connecting to PLC ip: opc.tcp://127.0.0.1:8081
------------------------------------------------------------------------------
CRITICAL - 1401/04/13-15:41:55 - Failed to connect to PLC
------------------------------------------------------------------------------
INFO - 1401/04/13-15:41:55 - Start Connecting to PLC ip: opc.tcp://127.0.0.1:8081
------------------------------------------------------------------------------
CRITICAL - 1401/04/13-15:41:57 - Failed to connect to PLC
------------------------------------------------------------------------------
INFO - 1401/04/13-15:42:9 - Start Connecting to PLC ip: opc.tcp://127.0.0.1:8081
------------------------------------------------------------------------------
CRITICAL - 1401/04/13-15:42:11 - Failed to connect to PLC
------------------------------------------------------------------------------
