INFO - 1401/04/13-18:8:43 - root : UI object for setting app created.
------------------------------------------------------------------------------
INFO - 1401/04/13-18:8:43 - root : UI object initialized and setting app loaded.
------------------------------------------------------------------------------
INFO - 1401/04/13-18:8:43 - root : Creating API object.
------------------------------------------------------------------------------
INFO - 1401/04/13-18:8:43 - root : Login UI object initialized.
------------------------------------------------------------------------------
INFO - 1401/04/13-18:8:43 - root : Confirmaton UI object initialized.
------------------------------------------------------------------------------
INFO - 1401/04/13-18:8:43 - root : Notficaion UI object initialized.
------------------------------------------------------------------------------
INFO - 1401/04/13-18:8:43 - root : Connected to MySQL Server version 8.0.29
------------------------------------------------------------------------------
INFO - 1401/04/13-18:8:43 - root : Connected to database [('saba_database',)]
------------------------------------------------------------------------------
INFO - 1401/04/13-18:8:43 - root : MySQL connection is closed
------------------------------------------------------------------------------
INFO - 1401/04/13-18:8:43 - root : Login API object initialized.
------------------------------------------------------------------------------
INFO - 1401/04/13-18:8:43 - root : Connected to MySQL Server version 8.0.29
------------------------------------------------------------------------------
INFO - 1401/04/13-18:8:43 - root : Connected to database [('saba_database',)]
------------------------------------------------------------------------------
INFO - 1401/04/13-18:8:43 - root : MySQL connection is closed
------------------------------------------------------------------------------
INFO - 1401/04/13-18:8:43 - root : Database object initialized.
------------------------------------------------------------------------------
INFO - 1401/04/13-18:8:44 - root : Get available camera serials using camera-connecton API.
------------------------------------------------------------------------------
WARNING - 1401/04/13-18:8:44 - root : Some Cameras are not connected.
------------------------------------------------------------------------------
INFO - 1401/04/13-18:8:44 - root : Timer for checking storage initialized.
------------------------------------------------------------------------------
INFO - 1401/04/13-18:9:15 - ali : User logined with username: ali.
------------------------------------------------------------------------------
INFO - 1401/04/13-18:9:24 - ali : Users list loaded from database
------------------------------------------------------------------------------
INFO - 1401/04/13-18:9:25 - ali : Defects loaded from database
------------------------------------------------------------------------------
INFO - 1401/04/13-18:9:25 - ali : Defect groups loaded from database
------------------------------------------------------------------------------
INFO - 1401/04/13-18:9:30 - ali : Defects loaded from database
------------------------------------------------------------------------------
INFO - 1401/04/13-18:9:30 - ali : Defect groups loaded from database
------------------------------------------------------------------------------
INFO - 1401/04/13-18:9:33 - ali : Defects loaded from database
------------------------------------------------------------------------------
INFO - 1401/04/13-18:9:33 - ali : Defect groups loaded from database
------------------------------------------------------------------------------
INFO - 1401/04/13-18:9:35 - ali : Defects loaded from database
------------------------------------------------------------------------------
INFO - 1401/04/13-18:9:35 - ali : Defect groups loaded from database
------------------------------------------------------------------------------
INFO - 1401/04/13-18:9:35 - ali : Users list loaded from database
------------------------------------------------------------------------------
INFO - 1401/04/13-18:9:36 - ali : Users list loaded from database
------------------------------------------------------------------------------
INFO - 1401/04/13-18:9:36 - ali : Defects loaded from database
------------------------------------------------------------------------------
INFO - 1401/04/13-18:9:36 - ali : Defect groups loaded from database
------------------------------------------------------------------------------
INFO - 1401/04/13-18:9:36 - ali : Defects loaded from database
------------------------------------------------------------------------------
INFO - 1401/04/13-18:9:36 - ali : Defect groups loaded from database
------------------------------------------------------------------------------
INFO - 1401/04/13-18:9:41 - ali : Defects loaded from database
------------------------------------------------------------------------------
INFO - 1401/04/13-18:9:41 - ali : Defect groups loaded from database
------------------------------------------------------------------------------
INFO - 1401/04/13-18:9:42 - ali : Defects loaded from database
------------------------------------------------------------------------------
INFO - 1401/04/13-18:9:42 - ali : Defect groups loaded from database
------------------------------------------------------------------------------
INFO - 1401/04/13-18:9:43 - ali : Defects loaded from database
------------------------------------------------------------------------------
INFO - 1401/04/13-18:9:43 - ali : Defect groups loaded from database
------------------------------------------------------------------------------
INFO - 1401/04/13-18:9:43 - ali : Defects loaded from database
------------------------------------------------------------------------------
INFO - 1401/04/13-18:9:43 - ali : Defect groups loaded from database
------------------------------------------------------------------------------
INFO - 1401/04/13-18:9:43 - ali : Defects loaded from database
------------------------------------------------------------------------------
INFO - 1401/04/13-18:9:43 - ali : Defect groups loaded from database
------------------------------------------------------------------------------
INFO - 1401/04/13-18:9:43 - ali : Defects loaded from database
------------------------------------------------------------------------------
INFO - 1401/04/13-18:9:43 - ali : Defect groups loaded from database
------------------------------------------------------------------------------
INFO - 1401/04/13-18:9:43 - ali : Defects loaded from database
------------------------------------------------------------------------------
INFO - 1401/04/13-18:9:43 - ali : Defect groups loaded from database
------------------------------------------------------------------------------
INFO - 1401/04/13-18:9:43 - ali : Defects loaded from database
------------------------------------------------------------------------------
INFO - 1401/04/13-18:9:43 - ali : Defect groups loaded from database
------------------------------------------------------------------------------
INFO - 1401/04/13-18:9:44 - ali : Defects loaded from database
------------------------------------------------------------------------------
INFO - 1401/04/13-18:9:44 - ali : Defect groups loaded from database
------------------------------------------------------------------------------
INFO - 1401/04/13-18:9:44 - ali : Defects loaded from database
------------------------------------------------------------------------------
INFO - 1401/04/13-18:9:44 - ali : Defect groups loaded from database
------------------------------------------------------------------------------
INFO - 1401/04/13-18:9:44 - ali : Defects loaded from database
------------------------------------------------------------------------------
INFO - 1401/04/13-18:9:44 - ali : Defect groups loaded from database
------------------------------------------------------------------------------
INFO - 1401/04/13-18:9:44 - ali : Defects loaded from database
------------------------------------------------------------------------------
INFO - 1401/04/13-18:9:44 - ali : Defect groups loaded from database
------------------------------------------------------------------------------
INFO - 1401/04/13-18:9:44 - ali : Defects loaded from database
------------------------------------------------------------------------------
INFO - 1401/04/13-18:9:44 - ali : Defect groups loaded from database
------------------------------------------------------------------------------
INFO - 1401/04/13-18:9:44 - ali : Defects loaded from database
------------------------------------------------------------------------------
INFO - 1401/04/13-18:9:44 - ali : Defect groups loaded from database
------------------------------------------------------------------------------
INFO - 1401/04/13-18:9:45 - ali : Defects loaded from database
------------------------------------------------------------------------------
INFO - 1401/04/13-18:9:45 - ali : Defect groups loaded from database
------------------------------------------------------------------------------
INFO - 1401/04/13-18:9:45 - ali : Defects loaded from database
------------------------------------------------------------------------------
INFO - 1401/04/13-18:9:45 - ali : Defect groups loaded from database
------------------------------------------------------------------------------
INFO - 1401/04/13-18:9:45 - ali : Defects loaded from database
------------------------------------------------------------------------------
INFO - 1401/04/13-18:9:45 - ali : Defect groups loaded from database
------------------------------------------------------------------------------
INFO - 1401/04/13-18:9:45 - ali : Defects loaded from database
------------------------------------------------------------------------------
INFO - 1401/04/13-18:9:45 - ali : Defect groups loaded from database
------------------------------------------------------------------------------
INFO - 1401/04/13-18:9:45 - ali : Defects loaded from database
------------------------------------------------------------------------------
INFO - 1401/04/13-18:9:45 - ali : Defect groups loaded from database
------------------------------------------------------------------------------
INFO - 1401/04/13-18:9:45 - ali : Defects loaded from database
------------------------------------------------------------------------------
INFO - 1401/04/13-18:9:45 - ali : Defect groups loaded from database
------------------------------------------------------------------------------
INFO - 1401/04/13-18:9:46 - ali : Defects loaded from database
------------------------------------------------------------------------------
INFO - 1401/04/13-18:9:46 - ali : Defect groups loaded from database
------------------------------------------------------------------------------
INFO - 1401/04/13-18:9:46 - ali : Defects loaded from database
------------------------------------------------------------------------------
INFO - 1401/04/13-18:9:46 - ali : Defect groups loaded from database
------------------------------------------------------------------------------
INFO - 1401/04/13-18:9:46 - ali : Defects loaded from database
------------------------------------------------------------------------------
INFO - 1401/04/13-18:9:46 - ali : Defect groups loaded from database
------------------------------------------------------------------------------
INFO - 1401/04/13-18:9:46 - ali : Defects loaded from database
------------------------------------------------------------------------------
INFO - 1401/04/13-18:9:46 - ali : Defect groups loaded from database
------------------------------------------------------------------------------
INFO - 1401/04/13-18:9:46 - ali : Defects loaded from database
------------------------------------------------------------------------------
INFO - 1401/04/13-18:9:46 - ali : Defect groups loaded from database
------------------------------------------------------------------------------
INFO - 1401/04/13-18:9:46 - ali : Defects loaded from database
------------------------------------------------------------------------------
INFO - 1401/04/13-18:9:46 - ali : Defect groups loaded from database
------------------------------------------------------------------------------
INFO - 1401/04/13-18:9:47 - ali : Defects loaded from database
------------------------------------------------------------------------------
INFO - 1401/04/13-18:9:47 - ali : Defect groups loaded from database
------------------------------------------------------------------------------
INFO - 1401/04/13-18:9:47 - ali : Defects loaded from database
------------------------------------------------------------------------------
INFO - 1401/04/13-18:9:47 - ali : Defect groups loaded from database
------------------------------------------------------------------------------
INFO - 1401/04/13-18:9:47 - ali : Defects loaded from database
------------------------------------------------------------------------------
INFO - 1401/04/13-18:9:47 - ali : Defect groups loaded from database
------------------------------------------------------------------------------
INFO - 1401/04/13-18:9:47 - ali : Defects loaded from database
------------------------------------------------------------------------------
INFO - 1401/04/13-18:9:47 - ali : Defect groups loaded from database
------------------------------------------------------------------------------
INFO - 1401/04/13-18:9:47 - ali : Defects loaded from database
------------------------------------------------------------------------------
INFO - 1401/04/13-18:9:47 - ali : Defect groups loaded from database
------------------------------------------------------------------------------
INFO - 1401/04/13-18:9:47 - ali : Defects loaded from database
------------------------------------------------------------------------------
INFO - 1401/04/13-18:9:47 - ali : Defect groups loaded from database
------------------------------------------------------------------------------
INFO - 1401/04/13-18:9:48 - ali : Defects loaded from database
------------------------------------------------------------------------------
INFO - 1401/04/13-18:9:48 - ali : Defect groups loaded from database
------------------------------------------------------------------------------
INFO - 1401/04/13-18:9:48 - ali : Defects loaded from database
------------------------------------------------------------------------------
INFO - 1401/04/13-18:9:48 - ali : Defect groups loaded from database
------------------------------------------------------------------------------
INFO - 1401/04/13-18:9:50 - ali : Users list loaded from database
------------------------------------------------------------------------------
INFO - 1401/04/13-18:10:5 - ali : Setting app minimized/maximized.
------------------------------------------------------------------------------
INFO - 1401/04/13-18:10:7 - ali : Setting app minimized/maximized.
------------------------------------------------------------------------------
INFO - 1401/04/13-18:10:8 - ali : Setting app minimized/maximized.
------------------------------------------------------------------------------
INFO - 1401/04/13-18:10:19 - ali : Setting app minimized/maximized.
------------------------------------------------------------------------------
INFO - 1401/04/13-18:10:29 - ali : Start Connecting to PLC ip: opc.tcp://127.0.0.1:8081
------------------------------------------------------------------------------
CRITICAL - 1401/04/13-18:10:31 - ali : Failed to connect to PLC
------------------------------------------------------------------------------
INFO - 1401/04/13-18:10:32 - ali : Start Connecting to PLC ip: opc.tcp://127.0.0.1:8081
------------------------------------------------------------------------------
CRITICAL - 1401/04/13-18:10:34 - ali : Failed to connect to PLC
------------------------------------------------------------------------------
INFO - 1401/04/13-18:10:35 - ali : Start Connecting to PLC ip: opc.tcp://127.0.0.1:8081
------------------------------------------------------------------------------
CRITICAL - 1401/04/13-18:10:37 - ali : Failed to connect to PLC
------------------------------------------------------------------------------
INFO - 1401/04/13-18:10:37 - ali : Start Connecting to PLC ip: opc.tcp://127.0.0.1:8081
------------------------------------------------------------------------------
CRITICAL - 1401/04/13-18:10:39 - ali : Failed to connect to PLC
------------------------------------------------------------------------------
INFO - 1401/04/13-18:10:47 - ali : Start Connecting to PLC ip: opc.tcp://127.0.0.1:8081
------------------------------------------------------------------------------
CRITICAL - 1401/04/13-18:10:49 - ali : Failed to connect to PLC
------------------------------------------------------------------------------
INFO - 1401/04/13-18:10:51 - ali : Start Connecting to PLC ip: opc.tcp://127.0.0.1:8081
------------------------------------------------------------------------------
CRITICAL - 1401/04/13-18:10:53 - ali : Failed to connect to PLC
------------------------------------------------------------------------------
INFO - 1401/04/13-18:10:54 - ali : Start Connecting to PLC ip: opc.tcp://127.0.0.1:8081
------------------------------------------------------------------------------
CRITICAL - 1401/04/13-18:10:56 - ali : Failed to connect to PLC
------------------------------------------------------------------------------
INFO - 1401/04/13-18:10:59 - ali : Start Connecting to PLC ip: opc.tcp://127.0.0.1:8081
------------------------------------------------------------------------------
CRITICAL - 1401/04/13-18:11:1 - ali : Failed to connect to PLC
------------------------------------------------------------------------------
INFO - 1401/04/13-18:11:3 - ali : Start Connecting to PLC ip: opc.tcp://127.0.0.1:8081
------------------------------------------------------------------------------
CRITICAL - 1401/04/13-18:11:5 - ali : Failed to connect to PLC
------------------------------------------------------------------------------
