This is pdfTeX, Version 3.141592653-2.6-1.40.24 (MiKTeX 22.7.25) (preloaded format=latex 2022.7.26)  26 JUL 2022 15:41
entering extended mode
 restricted \write18 enabled.
 %&-line parsing enabled.
**saba.tex
(C:\Users\reza\AppData\Local\Programs\MiKTeX\tex/latex/tools\x.tex
LaTeX2e <2022-06-01> patch level 5
L3 programming layer <2022-07-15>
! .
l.38   \batchmode \errmessage{}
                               \csname @@end\endcsname \end
This error message was generated by an \errmessage
command, so I can't give any explicit help.
Pretend that you're Hercule Poirot: Examine all clues,
and deduce the truth by order and method.

 ) 
Here is how much of TeX's memory you used:
 19 strings out of 478300
 494 string characters out of 2835479
 298012 words of memory out of 3000000
 18567 multiletter control sequences out of 15000+600000
 469259 words of font info for 28 fonts, out of 8000000 for 9000
 1141 hyphenation exceptions out of 8191
 13i,0n,12p,88b,10s stack positions out of 10000i,1000n,20000p,200000b,80000s

No pages of output.
