INFO - 1401/04/11-15:55:55 - UI object for setting app created.
------------------------------------------------------------------------------
INFO - 1401/04/11-15:55:55 - UI object initialized and setting app loaded.
------------------------------------------------------------------------------
INFO - 1401/04/11-15:55:55 - Creating API object.
------------------------------------------------------------------------------
INFO - 1401/04/11-15:55:55 - Login UI object initialized.
------------------------------------------------------------------------------
INFO - 1401/04/11-15:55:55 - Confirmaton UI object initialized.
------------------------------------------------------------------------------
INFO - 1401/04/11-15:55:55 - Notficaion UI object initialized.
------------------------------------------------------------------------------
INFO - 1401/04/11-15:55:55 - Connected to MySQL Server version 8.0.29
------------------------------------------------------------------------------
INFO - 1401/04/11-15:55:55 - Connected to database [('saba_database',)]
------------------------------------------------------------------------------
INFO - 1401/04/11-15:55:55 - MySQL connection is closed
------------------------------------------------------------------------------
INFO - 1401/04/11-15:55:55 - Login API object initialized.
------------------------------------------------------------------------------
INFO - 1401/04/11-15:55:55 - Connected to MySQL Server version 8.0.29
------------------------------------------------------------------------------
INFO - 1401/04/11-15:55:55 - Connected to database [('saba_database',)]
------------------------------------------------------------------------------
INFO - 1401/04/11-15:55:55 - MySQL connection is closed
------------------------------------------------------------------------------
INFO - 1401/04/11-15:55:55 - Database object initialized.
------------------------------------------------------------------------------
INFO - 1401/04/11-15:55:55 - Get available camera serials using camera-connecton API.
------------------------------------------------------------------------------
WARNING - 1401/04/11-15:55:55 - Some Cameras are not connected.
------------------------------------------------------------------------------
INFO - 1401/04/11-15:55:56 - Timer for checking storage initialized.
------------------------------------------------------------------------------
INFO - 1401/04/11-15:56:2 - User logined with username: ali.
------------------------------------------------------------------------------
INFO - 1401/04/11-15:56:3 - Users list loaded from database
------------------------------------------------------------------------------
INFO - 1401/04/11-15:56:45 - Users list loaded from database
------------------------------------------------------------------------------
INFO - 1401/04/11-15:56:47 - New user created
------------------------------------------------------------------------------
