INFO - 1401/04/11-18:17:41 - UI object for setting app created.
------------------------------------------------------------------------------
INFO - 1401/04/11-18:17:41 - UI object initialized and setting app loaded.
------------------------------------------------------------------------------
INFO - 1401/04/11-18:17:41 - Creating API object.
------------------------------------------------------------------------------
INFO - 1401/04/11-18:17:41 - Login UI object initialized.
------------------------------------------------------------------------------
INFO - 1401/04/11-18:17:41 - Confirmaton UI object initialized.
------------------------------------------------------------------------------
INFO - 1401/04/11-18:17:41 - Notficaion UI object initialized.
------------------------------------------------------------------------------
INFO - 1401/04/11-18:17:42 - Connected to MySQL Server version 8.0.29
------------------------------------------------------------------------------
INFO - 1401/04/11-18:17:42 - Connected to database [('saba_database',)]
------------------------------------------------------------------------------
INFO - 1401/04/11-18:17:42 - MySQL connection is closed
------------------------------------------------------------------------------
INFO - 1401/04/11-18:17:42 - Login API object initialized.
------------------------------------------------------------------------------
INFO - 1401/04/11-18:17:42 - Connected to MySQL Server version 8.0.29
------------------------------------------------------------------------------
INFO - 1401/04/11-18:17:42 - Connected to database [('saba_database',)]
------------------------------------------------------------------------------
INFO - 1401/04/11-18:17:42 - MySQL connection is closed
------------------------------------------------------------------------------
INFO - 1401/04/11-18:17:42 - Database object initialized.
------------------------------------------------------------------------------
INFO - 1401/04/11-18:17:43 - Get available camera serials using camera-connecton API.
------------------------------------------------------------------------------
WARNING - 1401/04/11-18:17:43 - Some Cameras are not connected.
------------------------------------------------------------------------------
INFO - 1401/04/11-18:17:43 - Timer for checking storage initialized.
------------------------------------------------------------------------------
INFO - 1401/04/11-18:17:53 - User logined with username: ali.
------------------------------------------------------------------------------
WARNING - 1401/04/11-18:18:6 - Start removing old files
------------------------------------------------------------------------------
INFO - 1401/04/11-18:20:3 - Old files cleared, space available now
------------------------------------------------------------------------------
INFO - 1401/04/11-18:20:8 - Settings for camera live drive applied
------------------------------------------------------------------------------
INFO - 1401/04/11-18:20:12 - Settings for camera live drive applied
------------------------------------------------------------------------------
INFO - 1401/04/11-18:20:19 - Settings for camera live drive applied
------------------------------------------------------------------------------
INFO - 1401/04/11-18:20:21 - Settings for camera live drive applied
------------------------------------------------------------------------------
INFO - 1401/04/11-18:20:30 - Setting app closed.
------------------------------------------------------------------------------
