INFO - 1401/04/11-14:45:10 - UI object for setting app created.
------------------------------------------------------------------------------
INFO - 1401/04/11-14:45:10 - UI object initialized and setting app loaded.
------------------------------------------------------------------------------
INFO - 1401/04/11-14:45:10 - Creating API object.
------------------------------------------------------------------------------
INFO - 1401/04/11-14:45:10 - Login UI object initialized.
------------------------------------------------------------------------------
INFO - 1401/04/11-14:45:10 - Confirmaton UI object initialized.
------------------------------------------------------------------------------
INFO - 1401/04/11-14:45:10 - Notficaion UI object initialized.
------------------------------------------------------------------------------
INFO - 1401/04/11-14:45:10 - Connected to MySQL Server version 8.0.29
------------------------------------------------------------------------------
INFO - 1401/04/11-14:45:10 - Connected to database [('saba_database',)]
------------------------------------------------------------------------------
INFO - 1401/04/11-14:45:10 - MySQL connection is closed
------------------------------------------------------------------------------
INFO - 1401/04/11-14:45:10 - Login API object initialized.
------------------------------------------------------------------------------
INFO - 1401/04/11-14:45:10 - Connected to MySQL Server version 8.0.29
------------------------------------------------------------------------------
INFO - 1401/04/11-14:45:10 - Connected to database [('saba_database',)]
------------------------------------------------------------------------------
INFO - 1401/04/11-14:45:10 - MySQL connection is closed
------------------------------------------------------------------------------
INFO - 1401/04/11-14:45:10 - Database object initialized.
------------------------------------------------------------------------------
INFO - 1401/04/11-14:45:11 - Get available camera serials using camera-connecton API.
------------------------------------------------------------------------------
WARNING - 1401/04/11-14:45:11 - Some Cameras are not connected.
------------------------------------------------------------------------------
INFO - 1401/04/11-14:45:11 - Timer for checking storage initialized.
------------------------------------------------------------------------------
INFO - 1401/04/11-14:45:20 - User logined with username: ali.
------------------------------------------------------------------------------
WARNING - 1401/04/11-14:52:11 - Start removing old files
------------------------------------------------------------------------------
INFO - 1401/04/11-14:53:11 - Old files cleared, space available now
------------------------------------------------------------------------------
INFO - 1401/04/11-14:53:15 - Setting app closed.
------------------------------------------------------------------------------
