INFO - 1401/04/11-13:45:28 - UI object for setting app created.
------------------------------------------------------------------------------
INFO - 1401/04/11-13:45:28 - UI object initialized and setting app loaded.
------------------------------------------------------------------------------
INFO - 1401/04/11-13:45:28 - Creating API object.
------------------------------------------------------------------------------
INFO - 1401/04/11-13:45:28 - Login UI object initialized.
------------------------------------------------------------------------------
INFO - 1401/04/11-13:45:28 - Confirmaton UI object initialized.
------------------------------------------------------------------------------
INFO - 1401/04/11-13:45:28 - Notficaion UI object initialized.
------------------------------------------------------------------------------
INFO - 1401/04/11-13:45:28 - Connected to MySQL Server version 8.0.29
------------------------------------------------------------------------------
INFO - 1401/04/11-13:45:28 - Connected to database [('saba_database',)]
------------------------------------------------------------------------------
INFO - 1401/04/11-13:45:28 - MySQL connection is closed
------------------------------------------------------------------------------
INFO - 1401/04/11-13:45:28 - Login API object initialized.
------------------------------------------------------------------------------
INFO - 1401/04/11-13:45:28 - Connected to MySQL Server version 8.0.29
------------------------------------------------------------------------------
INFO - 1401/04/11-13:45:28 - Connected to database [('saba_database',)]
------------------------------------------------------------------------------
INFO - 1401/04/11-13:45:28 - MySQL connection is closed
------------------------------------------------------------------------------
INFO - 1401/04/11-13:45:28 - Database object initialized.
------------------------------------------------------------------------------
INFO - 1401/04/11-13:45:28 - Get available camera serials using camera-connecton API.
------------------------------------------------------------------------------
WARNING - 1401/04/11-13:45:28 - Some Cameras are not connected.
------------------------------------------------------------------------------
INFO - 1401/04/11-13:45:28 - Timer for checking storage initialized.
------------------------------------------------------------------------------
INFO - 1401/04/11-13:45:36 - User logined with username: ali.
------------------------------------------------------------------------------
INFO - 1401/04/11-13:46:28 - Old files cleared, space available now
------------------------------------------------------------------------------
INFO - 1401/04/11-13:46:40 - Setting app closed.
------------------------------------------------------------------------------
