INFO - 1401/04/11-16:28:48 - UI object for setting app created.
------------------------------------------------------------------------------
INFO - 1401/04/11-16:28:48 - UI object initialized and setting app loaded.
------------------------------------------------------------------------------
INFO - 1401/04/11-16:28:48 - Creating API object.
------------------------------------------------------------------------------
INFO - 1401/04/11-16:28:48 - Login UI object initialized.
------------------------------------------------------------------------------
INFO - 1401/04/11-16:28:48 - Confirmaton UI object initialized.
------------------------------------------------------------------------------
INFO - 1401/04/11-16:28:48 - Notficaion UI object initialized.
------------------------------------------------------------------------------
INFO - 1401/04/11-16:28:48 - Connected to MySQL Server version 8.0.29
------------------------------------------------------------------------------
INFO - 1401/04/11-16:28:48 - Connected to database [('saba_database',)]
------------------------------------------------------------------------------
INFO - 1401/04/11-16:28:48 - MySQL connection is closed
------------------------------------------------------------------------------
INFO - 1401/04/11-16:28:48 - Login API object initialized.
------------------------------------------------------------------------------
INFO - 1401/04/11-16:28:48 - Connected to MySQL Server version 8.0.29
------------------------------------------------------------------------------
INFO - 1401/04/11-16:28:48 - Connected to database [('saba_database',)]
------------------------------------------------------------------------------
INFO - 1401/04/11-16:28:48 - MySQL connection is closed
------------------------------------------------------------------------------
INFO - 1401/04/11-16:28:48 - Database object initialized.
------------------------------------------------------------------------------
INFO - 1401/04/11-16:28:48 - Get available camera serials using camera-connecton API.
------------------------------------------------------------------------------
WARNING - 1401/04/11-16:28:48 - Some Cameras are not connected.
------------------------------------------------------------------------------
INFO - 1401/04/11-16:28:49 - Timer for checking storage initialized.
------------------------------------------------------------------------------
ERROR - 1401/04/11-16:29:2 - Failed to login/get login info from database.
------------------------------------------------------------------------------
Traceback (most recent call last):
  File "d:\SettingApp_oxin\backend\user_login_logout_funcs.py", line 47, in authenticate_user
    allowed, user_info = login_api_obj.login()
TypeError: cannot unpack non-iterable NoneType object
