INFO - 1401/04/11-14:35:35 - UI object for setting app created.
------------------------------------------------------------------------------
INFO - 1401/04/11-14:35:35 - UI object initialized and setting app loaded.
------------------------------------------------------------------------------
INFO - 1401/04/11-14:35:35 - Creating API object.
------------------------------------------------------------------------------
INFO - 1401/04/11-14:35:35 - Login UI object initialized.
------------------------------------------------------------------------------
INFO - 1401/04/11-14:35:35 - Confirmaton UI object initialized.
------------------------------------------------------------------------------
INFO - 1401/04/11-14:35:35 - Notficaion UI object initialized.
------------------------------------------------------------------------------
INFO - 1401/04/11-14:35:35 - Connected to MySQL Server version 8.0.29
------------------------------------------------------------------------------
INFO - 1401/04/11-14:35:35 - Connected to database [('saba_database',)]
------------------------------------------------------------------------------
INFO - 1401/04/11-14:35:35 - MySQL connection is closed
------------------------------------------------------------------------------
INFO - 1401/04/11-14:35:35 - Login API object initialized.
------------------------------------------------------------------------------
INFO - 1401/04/11-14:35:35 - Connected to MySQL Server version 8.0.29
------------------------------------------------------------------------------
INFO - 1401/04/11-14:35:35 - Connected to database [('saba_database',)]
------------------------------------------------------------------------------
INFO - 1401/04/11-14:35:35 - MySQL connection is closed
------------------------------------------------------------------------------
INFO - 1401/04/11-14:35:35 - Database object initialized.
------------------------------------------------------------------------------
INFO - 1401/04/11-14:35:35 - Get available camera serials using camera-connecton API.
------------------------------------------------------------------------------
WARNING - 1401/04/11-14:35:35 - Some Cameras are not connected.
------------------------------------------------------------------------------
INFO - 1401/04/11-14:35:36 - Timer for checking storage initialized.
------------------------------------------------------------------------------
INFO - 1401/04/11-14:35:47 - User logined with username: ali.
------------------------------------------------------------------------------
INFO - 1401/04/11-14:35:51 - Setting app minimized to taskbar.
------------------------------------------------------------------------------
INFO - 1401/04/11-14:35:59 - Setting app minimized to taskbar.
------------------------------------------------------------------------------
INFO - 1401/04/11-14:41:7 - Setting app closed.
------------------------------------------------------------------------------
