INFO - 1401/04/11-16:17:47 - UI object for setting app created.
------------------------------------------------------------------------------
INFO - 1401/04/11-16:17:47 - UI object initialized and setting app loaded.
------------------------------------------------------------------------------
INFO - 1401/04/11-16:17:47 - Creating API object.
------------------------------------------------------------------------------
INFO - 1401/04/11-16:17:47 - Login UI object initialized.
------------------------------------------------------------------------------
INFO - 1401/04/11-16:17:47 - Confirmaton UI object initialized.
------------------------------------------------------------------------------
INFO - 1401/04/11-16:17:47 - Notficaion UI object initialized.
------------------------------------------------------------------------------
INFO - 1401/04/11-16:17:47 - Connected to MySQL Server version 8.0.29
------------------------------------------------------------------------------
INFO - 1401/04/11-16:17:47 - Connected to database [('saba_database',)]
------------------------------------------------------------------------------
INFO - 1401/04/11-16:17:47 - MySQL connection is closed
------------------------------------------------------------------------------
INFO - 1401/04/11-16:17:47 - Login API object initialized.
------------------------------------------------------------------------------
INFO - 1401/04/11-16:17:47 - Connected to MySQL Server version 8.0.29
------------------------------------------------------------------------------
INFO - 1401/04/11-16:17:47 - Connected to database [('saba_database',)]
------------------------------------------------------------------------------
INFO - 1401/04/11-16:17:47 - MySQL connection is closed
------------------------------------------------------------------------------
INFO - 1401/04/11-16:17:47 - Database object initialized.
------------------------------------------------------------------------------
INFO - 1401/04/11-16:17:48 - Get available camera serials using camera-connecton API.
------------------------------------------------------------------------------
WARNING - 1401/04/11-16:17:48 - Some Cameras are not connected.
------------------------------------------------------------------------------
INFO - 1401/04/11-16:17:48 - Timer for checking storage initialized.
------------------------------------------------------------------------------
INFO - 1401/04/11-16:17:55 - User logined with username: ali.
------------------------------------------------------------------------------
INFO - 1401/04/11-16:17:56 - Users list loaded from database
------------------------------------------------------------------------------
ERROR - 1401/04/11-16:18:1 - Failed to remove users
------------------------------------------------------------------------------
Traceback (most recent call last):
  File "d:\SettingApp_oxin\setting_api.py", line 551, in remove_users
    self.ui.logger.create_new_log(message=texts.ERRORS['users_removed']['en'], level=1)
KeyError: 'users_removed'
INFO - 1401/04/11-16:18:1 - Users list loaded from database
------------------------------------------------------------------------------
INFO - 1401/04/11-16:19:23 - Setting app closed.
------------------------------------------------------------------------------
