INFO - 1401/04/11-12:30:59 - UI object for setting app created.
------------------------------------------------------------------------------
INFO - 1401/04/11-12:30:59 - UI object initialized and setting app loaded.
------------------------------------------------------------------------------
INFO - 1401/04/11-12:30:59 - Creating API object.
------------------------------------------------------------------------------
INFO - 1401/04/11-12:30:59 - Login UI object initialized.
------------------------------------------------------------------------------
INFO - 1401/04/11-12:30:59 - Confirmaton UI object initialized.
------------------------------------------------------------------------------
INFO - 1401/04/11-12:30:59 - Notficaion UI object initialized.
------------------------------------------------------------------------------
INFO - 1401/04/11-12:30:59 - Connected to MySQL Server version 8.0.29
------------------------------------------------------------------------------
INFO - 1401/04/11-12:30:59 - Connected to database [('saba_database',)]
------------------------------------------------------------------------------
INFO - 1401/04/11-12:30:59 - MySQL connection is closed
------------------------------------------------------------------------------
INFO - 1401/04/11-12:30:59 - Login API object initialized.
------------------------------------------------------------------------------
INFO - 1401/04/11-12:30:59 - Connected to MySQL Server version 8.0.29
------------------------------------------------------------------------------
INFO - 1401/04/11-12:30:59 - Connected to database [('saba_database',)]
------------------------------------------------------------------------------
INFO - 1401/04/11-12:30:59 - MySQL connection is closed
------------------------------------------------------------------------------
INFO - 1401/04/11-12:30:59 - Database object initialized.
------------------------------------------------------------------------------
INFO - 1401/04/11-12:30:59 - Get available camera serials using camera-connecton API.
------------------------------------------------------------------------------
WARNING - 1401/04/11-12:30:59 - Some Cameras are not connected.
------------------------------------------------------------------------------
INFO - 1401/04/11-12:30:59 - Timer for checking storage initialized.
------------------------------------------------------------------------------
INFO - 1401/04/11-12:31:8 - User logined with username: ali.
------------------------------------------------------------------------------
