INFO - 1401/04/11-16:1:37 - UI object for setting app created.
------------------------------------------------------------------------------
INFO - 1401/04/11-16:1:37 - UI object initialized and setting app loaded.
------------------------------------------------------------------------------
INFO - 1401/04/11-16:1:37 - Creating API object.
------------------------------------------------------------------------------
INFO - 1401/04/11-16:1:37 - Login UI object initialized.
------------------------------------------------------------------------------
INFO - 1401/04/11-16:1:37 - Confirmaton UI object initialized.
------------------------------------------------------------------------------
INFO - 1401/04/11-16:1:37 - Notficaion UI object initialized.
------------------------------------------------------------------------------
INFO - 1401/04/11-16:1:37 - Connected to MySQL Server version 8.0.29
------------------------------------------------------------------------------
INFO - 1401/04/11-16:1:37 - Connected to database [('saba_database',)]
------------------------------------------------------------------------------
INFO - 1401/04/11-16:1:37 - MySQL connection is closed
------------------------------------------------------------------------------
INFO - 1401/04/11-16:1:37 - Login API object initialized.
------------------------------------------------------------------------------
INFO - 1401/04/11-16:1:37 - Connected to MySQL Server version 8.0.29
------------------------------------------------------------------------------
INFO - 1401/04/11-16:1:37 - Connected to database [('saba_database',)]
------------------------------------------------------------------------------
INFO - 1401/04/11-16:1:37 - MySQL connection is closed
------------------------------------------------------------------------------
INFO - 1401/04/11-16:1:37 - Database object initialized.
------------------------------------------------------------------------------
INFO - 1401/04/11-16:1:38 - Get available camera serials using camera-connecton API.
------------------------------------------------------------------------------
WARNING - 1401/04/11-16:1:38 - Some Cameras are not connected.
------------------------------------------------------------------------------
INFO - 1401/04/11-16:1:38 - Timer for checking storage initialized.
------------------------------------------------------------------------------
INFO - 1401/04/11-16:1:44 - User logined with username: ali.
------------------------------------------------------------------------------
INFO - 1401/04/11-16:1:45 - Users list loaded from database
------------------------------------------------------------------------------
INFO - 1401/04/11-16:2:38 - Users list loaded from database
------------------------------------------------------------------------------
INFO - 1401/04/11-16:2:40 - New user created
------------------------------------------------------------------------------
INFO - 1401/04/11-16:5:46 - Setting app closed.
------------------------------------------------------------------------------
