INFO - 1401/04/11-10:19:15 - UI object for setting app created.
------------------------------------------------------------------------------
INFO - 1401/04/11-10:19:15 - UI object initialized and setting app loaded.
------------------------------------------------------------------------------
INFO - 1401/04/11-10:19:15 - Creating API object.
------------------------------------------------------------------------------
INFO - 1401/04/11-10:19:15 - Login UI object initialized.
------------------------------------------------------------------------------
INFO - 1401/04/11-10:19:15 - Confirmaton UI object initialized.
------------------------------------------------------------------------------
INFO - 1401/04/11-10:19:15 - Notficaion UI object initialized.
------------------------------------------------------------------------------
INFO - 1401/04/11-10:19:15 - Connected to MySQL Server version 8.0.29
------------------------------------------------------------------------------
INFO - 1401/04/11-10:19:15 - Connected to database [('saba_database',)]
------------------------------------------------------------------------------
INFO - 1401/04/11-10:19:15 - MySQL connection is closed
------------------------------------------------------------------------------
INFO - 1401/04/11-10:19:15 - Login API object initialized.
------------------------------------------------------------------------------
INFO - 1401/04/11-10:19:15 - Connected to MySQL Server version 8.0.29
------------------------------------------------------------------------------
INFO - 1401/04/11-10:19:15 - Connected to database [('saba_database',)]
------------------------------------------------------------------------------
INFO - 1401/04/11-10:19:15 - MySQL connection is closed
------------------------------------------------------------------------------
INFO - 1401/04/11-10:19:15 - Database object initialized.
------------------------------------------------------------------------------
INFO - 1401/04/11-10:19:15 - Get available camera serials using camera-connecton API.
------------------------------------------------------------------------------
WARNING - 1401/04/11-10:19:15 - Some Cameras are not connected.
------------------------------------------------------------------------------
INFO - 1401/04/11-10:19:15 - QTimer for checking storage initialized by interval:60000.
------------------------------------------------------------------------------
