INFO - 1401/04/11-16:31:38 - UI object for setting app created.
------------------------------------------------------------------------------
INFO - 1401/04/11-16:31:38 - UI object initialized and setting app loaded.
------------------------------------------------------------------------------
INFO - 1401/04/11-16:31:38 - Creating API object.
------------------------------------------------------------------------------
INFO - 1401/04/11-16:31:38 - Login UI object initialized.
------------------------------------------------------------------------------
INFO - 1401/04/11-16:31:38 - Confirmaton UI object initialized.
------------------------------------------------------------------------------
INFO - 1401/04/11-16:31:38 - Notficaion UI object initialized.
------------------------------------------------------------------------------
INFO - 1401/04/11-16:31:38 - Connected to MySQL Server version 8.0.29
------------------------------------------------------------------------------
INFO - 1401/04/11-16:31:38 - Connected to database [('saba_database',)]
------------------------------------------------------------------------------
INFO - 1401/04/11-16:31:38 - MySQL connection is closed
------------------------------------------------------------------------------
INFO - 1401/04/11-16:31:38 - Login API object initialized.
------------------------------------------------------------------------------
INFO - 1401/04/11-16:31:38 - Connected to MySQL Server version 8.0.29
------------------------------------------------------------------------------
INFO - 1401/04/11-16:31:38 - Connected to database [('saba_database',)]
------------------------------------------------------------------------------
INFO - 1401/04/11-16:31:38 - MySQL connection is closed
------------------------------------------------------------------------------
INFO - 1401/04/11-16:31:38 - Database object initialized.
------------------------------------------------------------------------------
INFO - 1401/04/11-16:31:38 - Get available camera serials using camera-connecton API.
------------------------------------------------------------------------------
WARNING - 1401/04/11-16:31:38 - Some Cameras are not connected.
------------------------------------------------------------------------------
INFO - 1401/04/11-16:31:38 - Timer for checking storage initialized.
------------------------------------------------------------------------------
INFO - 1401/04/11-16:31:46 - User logined with username: ali.
------------------------------------------------------------------------------
