INFO - 1401/04/11-12:45:13 - UI object for setting app created.
------------------------------------------------------------------------------
INFO - 1401/04/11-12:45:13 - UI object initialized and setting app loaded.
------------------------------------------------------------------------------
INFO - 1401/04/11-12:45:13 - Creating API object.
------------------------------------------------------------------------------
INFO - 1401/04/11-12:45:13 - Login UI object initialized.
------------------------------------------------------------------------------
INFO - 1401/04/11-12:45:13 - Confirmaton UI object initialized.
------------------------------------------------------------------------------
INFO - 1401/04/11-12:45:13 - Notficaion UI object initialized.
------------------------------------------------------------------------------
INFO - 1401/04/11-12:45:13 - Connected to MySQL Server version 8.0.29
------------------------------------------------------------------------------
INFO - 1401/04/11-12:45:13 - Connected to database [('saba_database',)]
------------------------------------------------------------------------------
INFO - 1401/04/11-12:45:13 - MySQL connection is closed
------------------------------------------------------------------------------
INFO - 1401/04/11-12:45:13 - Login API object initialized.
------------------------------------------------------------------------------
INFO - 1401/04/11-12:45:13 - Connected to MySQL Server version 8.0.29
------------------------------------------------------------------------------
INFO - 1401/04/11-12:45:13 - Connected to database [('saba_database',)]
------------------------------------------------------------------------------
INFO - 1401/04/11-12:45:13 - MySQL connection is closed
------------------------------------------------------------------------------
INFO - 1401/04/11-12:45:13 - Database object initialized.
------------------------------------------------------------------------------
INFO - 1401/04/11-12:45:13 - Get available camera serials using camera-connecton API.
------------------------------------------------------------------------------
WARNING - 1401/04/11-12:45:13 - Some Cameras are not connected.
------------------------------------------------------------------------------
INFO - 1401/04/11-12:45:13 - Timer for checking storage initialized.
------------------------------------------------------------------------------
INFO - 1401/04/11-12:45:21 - User logined with username: ali.
------------------------------------------------------------------------------
INFO - 1401/04/11-12:46:57 - Setting app closed.
------------------------------------------------------------------------------
