INFO - 1401/04/11-13:37:51 - UI object for setting app created.
------------------------------------------------------------------------------
INFO - 1401/04/11-13:37:51 - UI object initialized and setting app loaded.
------------------------------------------------------------------------------
INFO - 1401/04/11-13:37:51 - Creating API object.
------------------------------------------------------------------------------
INFO - 1401/04/11-13:37:51 - Login UI object initialized.
------------------------------------------------------------------------------
INFO - 1401/04/11-13:37:51 - Confirmaton UI object initialized.
------------------------------------------------------------------------------
INFO - 1401/04/11-13:37:51 - Notficaion UI object initialized.
------------------------------------------------------------------------------
INFO - 1401/04/11-13:37:52 - Connected to MySQL Server version 8.0.29
------------------------------------------------------------------------------
INFO - 1401/04/11-13:37:52 - Connected to database [('saba_database',)]
------------------------------------------------------------------------------
INFO - 1401/04/11-13:37:52 - MySQL connection is closed
------------------------------------------------------------------------------
INFO - 1401/04/11-13:37:52 - Login API object initialized.
------------------------------------------------------------------------------
INFO - 1401/04/11-13:37:52 - Connected to MySQL Server version 8.0.29
------------------------------------------------------------------------------
INFO - 1401/04/11-13:37:52 - Connected to database [('saba_database',)]
------------------------------------------------------------------------------
INFO - 1401/04/11-13:37:52 - MySQL connection is closed
------------------------------------------------------------------------------
INFO - 1401/04/11-13:37:52 - Database object initialized.
------------------------------------------------------------------------------
INFO - 1401/04/11-13:37:52 - Get available camera serials using camera-connecton API.
------------------------------------------------------------------------------
WARNING - 1401/04/11-13:37:52 - Some Cameras are not connected.
------------------------------------------------------------------------------
INFO - 1401/04/11-13:37:52 - Timer for checking storage initialized.
------------------------------------------------------------------------------
INFO - 1401/04/11-13:37:58 - User logined with username: ali.
------------------------------------------------------------------------------
INFO - 1401/04/11-13:38:5 - Settings for camera live drive applied
------------------------------------------------------------------------------
ERROR - 1401/04/11-13:38:52 - Failed to check storage statues/clear storage
------------------------------------------------------------------------------
Traceback (most recent call last):
  File "d:\SettingApp_oxin\setting_api.py", line 973, in check_storage_status
    self.ui.logger.create_new_log(message=texts.ERRORS['drive_fulled_with_other_content']['en'], level=3)
KeyError: 'drive_fulled_with_other_content'
INFO - 1401/04/11-13:39:1 - Setting app closed.
------------------------------------------------------------------------------
