INFO - 1401/04/11-16:20:49 - UI object for setting app created.
------------------------------------------------------------------------------
INFO - 1401/04/11-16:20:49 - UI object initialized and setting app loaded.
------------------------------------------------------------------------------
INFO - 1401/04/11-16:20:49 - Creating API object.
------------------------------------------------------------------------------
INFO - 1401/04/11-16:20:49 - Login UI object initialized.
------------------------------------------------------------------------------
INFO - 1401/04/11-16:20:49 - Confirmaton UI object initialized.
------------------------------------------------------------------------------
INFO - 1401/04/11-16:20:49 - Notficaion UI object initialized.
------------------------------------------------------------------------------
INFO - 1401/04/11-16:20:49 - Connected to MySQL Server version 8.0.29
------------------------------------------------------------------------------
INFO - 1401/04/11-16:20:49 - Connected to database [('saba_database',)]
------------------------------------------------------------------------------
INFO - 1401/04/11-16:20:49 - MySQL connection is closed
------------------------------------------------------------------------------
INFO - 1401/04/11-16:20:49 - Login API object initialized.
------------------------------------------------------------------------------
INFO - 1401/04/11-16:20:49 - Connected to MySQL Server version 8.0.29
------------------------------------------------------------------------------
INFO - 1401/04/11-16:20:49 - Connected to database [('saba_database',)]
------------------------------------------------------------------------------
INFO - 1401/04/11-16:20:49 - MySQL connection is closed
------------------------------------------------------------------------------
INFO - 1401/04/11-16:20:49 - Database object initialized.
------------------------------------------------------------------------------
INFO - 1401/04/11-16:20:50 - Get available camera serials using camera-connecton API.
------------------------------------------------------------------------------
WARNING - 1401/04/11-16:20:50 - Some Cameras are not connected.
------------------------------------------------------------------------------
INFO - 1401/04/11-16:20:50 - Timer for checking storage initialized.
------------------------------------------------------------------------------
INFO - 1401/04/11-16:20:57 - User logined with username: ali.
------------------------------------------------------------------------------
INFO - 1401/04/11-16:20:58 - Users list loaded from database
------------------------------------------------------------------------------
INFO - 1401/04/11-16:21:3 - New user created
------------------------------------------------------------------------------
INFO - 1401/04/11-16:21:3 - Users list loaded from database
------------------------------------------------------------------------------
INFO - 1401/04/11-16:21:15 - Users removed
------------------------------------------------------------------------------
INFO - 1401/04/11-16:21:15 - Users list loaded from database
------------------------------------------------------------------------------
INFO - 1401/04/11-16:21:33 - Users removed
------------------------------------------------------------------------------
INFO - 1401/04/11-16:21:33 - Users list loaded from database
------------------------------------------------------------------------------
INFO - 1401/04/11-16:21:49 - New user created
------------------------------------------------------------------------------
INFO - 1401/04/11-16:21:49 - Users list loaded from database
------------------------------------------------------------------------------
INFO - 1401/04/11-16:21:54 - Users removed
------------------------------------------------------------------------------
INFO - 1401/04/11-16:21:54 - Users list loaded from database
------------------------------------------------------------------------------
INFO - 1401/04/11-16:22:10 - New user created
------------------------------------------------------------------------------
INFO - 1401/04/11-16:22:10 - Users list loaded from database
------------------------------------------------------------------------------
INFO - 1401/04/11-16:22:14 - Users removed
------------------------------------------------------------------------------
INFO - 1401/04/11-16:22:14 - Users list loaded from database
------------------------------------------------------------------------------
INFO - 1401/04/11-16:22:44 - User logged-out with username: ali.
------------------------------------------------------------------------------
INFO - 1401/04/11-16:22:53 - User logined with username: ali.
------------------------------------------------------------------------------
INFO - 1401/04/11-16:22:55 - Users list loaded from database
------------------------------------------------------------------------------
INFO - 1401/04/11-16:22:57 - User logged-out with username: ali.
------------------------------------------------------------------------------
INFO - 1401/04/11-16:27:20 - User logined with username: ali.
------------------------------------------------------------------------------
INFO - 1401/04/11-16:27:27 - User logged-out with username: ali.
------------------------------------------------------------------------------
INFO - 1401/04/11-16:27:37 - User logined with username: ali.
------------------------------------------------------------------------------
INFO - 1401/04/11-16:27:46 - User logged-out with username: ali.
------------------------------------------------------------------------------
INFO - 1401/04/11-16:28:0 - Setting app closed.
------------------------------------------------------------------------------
