INFO - 1401/04/11-15:20:18 - UI object for setting app created.
------------------------------------------------------------------------------
INFO - 1401/04/11-15:20:18 - UI object initialized and setting app loaded.
------------------------------------------------------------------------------
INFO - 1401/04/11-15:20:18 - Creating API object.
------------------------------------------------------------------------------
INFO - 1401/04/11-15:20:18 - Login UI object initialized.
------------------------------------------------------------------------------
INFO - 1401/04/11-15:20:18 - Confirmaton UI object initialized.
------------------------------------------------------------------------------
INFO - 1401/04/11-15:20:18 - Notficaion UI object initialized.
------------------------------------------------------------------------------
INFO - 1401/04/11-15:20:18 - Connected to MySQL Server version 8.0.29
------------------------------------------------------------------------------
INFO - 1401/04/11-15:20:18 - Connected to database [('saba_database',)]
------------------------------------------------------------------------------
INFO - 1401/04/11-15:20:18 - MySQL connection is closed
------------------------------------------------------------------------------
INFO - 1401/04/11-15:20:18 - Login API object initialized.
------------------------------------------------------------------------------
INFO - 1401/04/11-15:20:18 - Connected to MySQL Server version 8.0.29
------------------------------------------------------------------------------
INFO - 1401/04/11-15:20:18 - Connected to database [('saba_database',)]
------------------------------------------------------------------------------
INFO - 1401/04/11-15:20:18 - MySQL connection is closed
------------------------------------------------------------------------------
INFO - 1401/04/11-15:20:18 - Database object initialized.
------------------------------------------------------------------------------
INFO - 1401/04/11-15:20:19 - Get available camera serials using camera-connecton API.
------------------------------------------------------------------------------
WARNING - 1401/04/11-15:20:19 - Some Cameras are not connected.
------------------------------------------------------------------------------
INFO - 1401/04/11-15:20:19 - Timer for checking storage initialized.
------------------------------------------------------------------------------
WARNING - 1401/04/11-15:20:29 - User tried to login with Incorrect Username or Password: ali - 14234
------------------------------------------------------------------------------
INFO - 1401/04/11-15:20:35 - User logined with username: ali.
------------------------------------------------------------------------------
INFO - 1401/04/11-15:20:49 - Setting app closed.
------------------------------------------------------------------------------
