INFO - 1401/04/11-13:28:0 - UI object for setting app created.
------------------------------------------------------------------------------
INFO - 1401/04/11-13:28:0 - UI object initialized and setting app loaded.
------------------------------------------------------------------------------
INFO - 1401/04/11-13:28:0 - Creating API object.
------------------------------------------------------------------------------
INFO - 1401/04/11-13:28:0 - Login UI object initialized.
------------------------------------------------------------------------------
INFO - 1401/04/11-13:28:0 - Confirmaton UI object initialized.
------------------------------------------------------------------------------
INFO - 1401/04/11-13:28:0 - Notficaion UI object initialized.
------------------------------------------------------------------------------
INFO - 1401/04/11-13:28:0 - Connected to MySQL Server version 8.0.29
------------------------------------------------------------------------------
INFO - 1401/04/11-13:28:0 - Connected to database [('saba_database',)]
------------------------------------------------------------------------------
INFO - 1401/04/11-13:28:0 - MySQL connection is closed
------------------------------------------------------------------------------
INFO - 1401/04/11-13:28:0 - Login API object initialized.
------------------------------------------------------------------------------
INFO - 1401/04/11-13:28:0 - Connected to MySQL Server version 8.0.29
------------------------------------------------------------------------------
INFO - 1401/04/11-13:28:0 - Connected to database [('saba_database',)]
------------------------------------------------------------------------------
INFO - 1401/04/11-13:28:0 - MySQL connection is closed
------------------------------------------------------------------------------
INFO - 1401/04/11-13:28:0 - Database object initialized.
------------------------------------------------------------------------------
INFO - 1401/04/11-13:28:1 - Get available camera serials using camera-connecton API.
------------------------------------------------------------------------------
WARNING - 1401/04/11-13:28:1 - Some Cameras are not connected.
------------------------------------------------------------------------------
INFO - 1401/04/11-13:28:1 - Timer for checking storage initialized.
------------------------------------------------------------------------------
INFO - 1401/04/11-13:28:7 - User logined with username: ali.
------------------------------------------------------------------------------
