INFO - 1401/04/11-10:33:24 - UI object for setting app created.
------------------------------------------------------------------------------
INFO - 1401/04/11-10:33:24 - UI object initialized and setting app loaded.
------------------------------------------------------------------------------
INFO - 1401/04/11-10:33:24 - Creating API object.
------------------------------------------------------------------------------
INFO - 1401/04/11-10:33:24 - Login UI object initialized.
------------------------------------------------------------------------------
INFO - 1401/04/11-10:33:24 - Confirmaton UI object initialized.
------------------------------------------------------------------------------
INFO - 1401/04/11-10:33:24 - Notficaion UI object initialized.
------------------------------------------------------------------------------
INFO - 1401/04/11-10:33:24 - Connected to MySQL Server version 8.0.29
------------------------------------------------------------------------------
INFO - 1401/04/11-10:33:24 - Connected to database [('saba_database',)]
------------------------------------------------------------------------------
INFO - 1401/04/11-10:33:24 - MySQL connection is closed
------------------------------------------------------------------------------
INFO - 1401/04/11-10:33:24 - Login API object initialized.
------------------------------------------------------------------------------
INFO - 1401/04/11-10:33:24 - Connected to MySQL Server version 8.0.29
------------------------------------------------------------------------------
INFO - 1401/04/11-10:33:24 - Connected to database [('saba_database',)]
------------------------------------------------------------------------------
INFO - 1401/04/11-10:33:24 - MySQL connection is closed
------------------------------------------------------------------------------
INFO - 1401/04/11-10:33:24 - Database object initialized.
------------------------------------------------------------------------------
INFO - 1401/04/11-10:33:25 - Get available camera serials using camera-connecton API.
------------------------------------------------------------------------------
WARNING - 1401/04/11-10:33:25 - Some Cameras are not connected.
------------------------------------------------------------------------------
INFO - 1401/04/11-10:33:25 - QTimer for checking storage initialized by interval: 60000.
------------------------------------------------------------------------------
WARNING - 1401/04/11-10:33:32 - User tried to login with Incorrect Username or Password: al - 1
------------------------------------------------------------------------------
WARNING - 1401/04/11-10:33:36 - User tried to login with Incorrect Username or Password: ali - 1
------------------------------------------------------------------------------
INFO - 1401/04/11-10:33:43 - User logined with username: ali
------------------------------------------------------------------------------
