INFO - 1401/04/11-8:27:33 - UI object for setting app created.
------------------------------------------------------------------------------
INFO - 1401/04/11-8:27:33 - UI object initialized and setting app loaded.
------------------------------------------------------------------------------
INFO - 1401/04/11-8:27:33 - Creating API object.
------------------------------------------------------------------------------
INFO - 1401/04/11-8:27:33 - Login UI object initialized.
------------------------------------------------------------------------------
INFO - 1401/04/11-8:27:33 - Confirmaton UI object initialized.
------------------------------------------------------------------------------
INFO - 1401/04/11-8:27:33 - Notficaion UI object initialized.
------------------------------------------------------------------------------
INFO - 1401/04/11-8:27:33 - Connected to MySQL Server version 8.0.29
------------------------------------------------------------------------------
INFO - 1401/04/11-8:27:33 - Connected to database [('saba_database',)]
------------------------------------------------------------------------------
INFO - 1401/04/11-8:27:33 - MySQL connection is closed
------------------------------------------------------------------------------
INFO - 1401/04/11-8:27:33 - Login API object initialized.
------------------------------------------------------------------------------
INFO - 1401/04/11-8:27:33 - Connected to MySQL Server version 8.0.29
------------------------------------------------------------------------------
INFO - 1401/04/11-8:27:33 - Connected to database [('saba_database',)]
------------------------------------------------------------------------------
INFO - 1401/04/11-8:27:33 - MySQL connection is closed
------------------------------------------------------------------------------
INFO - 1401/04/11-8:27:33 - Database object initialized.
------------------------------------------------------------------------------
INFO - 1401/04/11-8:27:35 - Get available camera serials using camera-connecton API.
------------------------------------------------------------------------------
WARNING - 1401/04/11-8:27:35 - Some Cameras are not connected.
------------------------------------------------------------------------------
INFO - 1401/04/11-8:27:35 - QTimer for checking storage initialized by interval:60000.
------------------------------------------------------------------------------
INFO - 1401/04/11-8:30:50 - Setting app closed.
------------------------------------------------------------------------------
