INFO - 1401/04/11-10:18:29 - UI object for setting app created.
------------------------------------------------------------------------------
INFO - 1401/04/11-10:18:29 - UI object initialized and setting app loaded.
------------------------------------------------------------------------------
INFO - 1401/04/11-10:18:29 - Creating API object.
------------------------------------------------------------------------------
INFO - 1401/04/11-10:18:29 - Login UI object initialized.
------------------------------------------------------------------------------
INFO - 1401/04/11-10:18:29 - Confirmaton UI object initialized.
------------------------------------------------------------------------------
INFO - 1401/04/11-10:18:29 - Notficaion UI object initialized.
------------------------------------------------------------------------------
INFO - 1401/04/11-10:18:29 - Connected to MySQL Server version 8.0.29
------------------------------------------------------------------------------
INFO - 1401/04/11-10:18:29 - Connected to database [('saba_database',)]
------------------------------------------------------------------------------
INFO - 1401/04/11-10:18:29 - MySQL connection is closed
------------------------------------------------------------------------------
INFO - 1401/04/11-10:18:29 - Login API object initialized.
------------------------------------------------------------------------------
INFO - 1401/04/11-10:18:29 - Connected to MySQL Server version 8.0.29
------------------------------------------------------------------------------
INFO - 1401/04/11-10:18:29 - Connected to database [('saba_database',)]
------------------------------------------------------------------------------
INFO - 1401/04/11-10:18:29 - MySQL connection is closed
------------------------------------------------------------------------------
INFO - 1401/04/11-10:18:29 - Database object initialized.
------------------------------------------------------------------------------
INFO - 1401/04/11-10:18:30 - Get available camera serials using camera-connecton API.
------------------------------------------------------------------------------
WARNING - 1401/04/11-10:18:30 - Some Cameras are not connected.
------------------------------------------------------------------------------
INFO - 1401/04/11-10:18:30 - QTimer for checking storage initialized by interval:60000.
------------------------------------------------------------------------------
