INFO - 1401/04/11-18:13:38 - UI object for setting app created.
------------------------------------------------------------------------------
INFO - 1401/04/11-18:13:38 - UI object initialized and setting app loaded.
------------------------------------------------------------------------------
INFO - 1401/04/11-18:13:38 - Creating API object.
------------------------------------------------------------------------------
INFO - 1401/04/11-18:13:38 - Login UI object initialized.
------------------------------------------------------------------------------
INFO - 1401/04/11-18:13:38 - Confirmaton UI object initialized.
------------------------------------------------------------------------------
INFO - 1401/04/11-18:13:38 - Notficaion UI object initialized.
------------------------------------------------------------------------------
INFO - 1401/04/11-18:13:38 - Connected to MySQL Server version 8.0.29
------------------------------------------------------------------------------
INFO - 1401/04/11-18:13:38 - Connected to database [('saba_database',)]
------------------------------------------------------------------------------
INFO - 1401/04/11-18:13:38 - MySQL connection is closed
------------------------------------------------------------------------------
INFO - 1401/04/11-18:13:38 - Login API object initialized.
------------------------------------------------------------------------------
INFO - 1401/04/11-18:13:38 - Connected to MySQL Server version 8.0.29
------------------------------------------------------------------------------
INFO - 1401/04/11-18:13:38 - Connected to database [('saba_database',)]
------------------------------------------------------------------------------
INFO - 1401/04/11-18:13:38 - MySQL connection is closed
------------------------------------------------------------------------------
INFO - 1401/04/11-18:13:38 - Database object initialized.
------------------------------------------------------------------------------
INFO - 1401/04/11-18:13:39 - Get available camera serials using camera-connecton API.
------------------------------------------------------------------------------
WARNING - 1401/04/11-18:13:39 - Some Cameras are not connected.
------------------------------------------------------------------------------
INFO - 1401/04/11-18:13:39 - Timer for checking storage initialized.
------------------------------------------------------------------------------
WARNING - 1401/04/11-18:13:59 - Start removing old files
------------------------------------------------------------------------------
INFO - 1401/04/11-18:14:1 - User logined with username: ali.
------------------------------------------------------------------------------
INFO - 1401/04/11-18:15:59 - Old files cleared, space available now
------------------------------------------------------------------------------
INFO - 1401/04/11-18:16:33 - Setting app closed.
------------------------------------------------------------------------------
