INFO - 1401/04/11-16:33:7 - UI object for setting app created.
------------------------------------------------------------------------------
INFO - 1401/04/11-16:33:7 - UI object initialized and setting app loaded.
------------------------------------------------------------------------------
INFO - 1401/04/11-16:33:7 - Creating API object.
------------------------------------------------------------------------------
INFO - 1401/04/11-16:33:7 - Login UI object initialized.
------------------------------------------------------------------------------
INFO - 1401/04/11-16:33:7 - Confirmaton UI object initialized.
------------------------------------------------------------------------------
INFO - 1401/04/11-16:33:7 - Notficaion UI object initialized.
------------------------------------------------------------------------------
INFO - 1401/04/11-16:33:7 - Connected to MySQL Server version 8.0.29
------------------------------------------------------------------------------
INFO - 1401/04/11-16:33:7 - Connected to database [('saba_database',)]
------------------------------------------------------------------------------
INFO - 1401/04/11-16:33:7 - MySQL connection is closed
------------------------------------------------------------------------------
INFO - 1401/04/11-16:33:7 - Login API object initialized.
------------------------------------------------------------------------------
INFO - 1401/04/11-16:33:7 - Connected to MySQL Server version 8.0.29
------------------------------------------------------------------------------
INFO - 1401/04/11-16:33:7 - Connected to database [('saba_database',)]
------------------------------------------------------------------------------
INFO - 1401/04/11-16:33:7 - MySQL connection is closed
------------------------------------------------------------------------------
INFO - 1401/04/11-16:33:7 - Database object initialized.
------------------------------------------------------------------------------
INFO - 1401/04/11-16:33:8 - Get available camera serials using camera-connecton API.
------------------------------------------------------------------------------
WARNING - 1401/04/11-16:33:8 - Some Cameras are not connected.
------------------------------------------------------------------------------
INFO - 1401/04/11-16:33:8 - Timer for checking storage initialized.
------------------------------------------------------------------------------
INFO - 1401/04/11-16:33:14 - User logined with username: ali.
------------------------------------------------------------------------------
INFO - 1401/04/11-16:33:18 - User logged-out with username: ali.
------------------------------------------------------------------------------
WARNING - 1401/04/11-16:33:29 - User tried to login with Incorrect Username or Password: ali - 12
------------------------------------------------------------------------------
INFO - 1401/04/11-16:33:34 - User logined with username: ali.
------------------------------------------------------------------------------
INFO - 1401/04/11-16:34:14 - Settings for camera live drive applied
------------------------------------------------------------------------------
INFO - 1401/04/11-16:34:20 - Settings for camera live drive applied
------------------------------------------------------------------------------
INFO - 1401/04/11-16:35:11 - Setting app closed.
------------------------------------------------------------------------------
