INFO - 1401/04/11-16:5:52 - UI object for setting app created.
------------------------------------------------------------------------------
INFO - 1401/04/11-16:5:52 - UI object initialized and setting app loaded.
------------------------------------------------------------------------------
INFO - 1401/04/11-16:5:52 - Creating API object.
------------------------------------------------------------------------------
INFO - 1401/04/11-16:5:52 - Login UI object initialized.
------------------------------------------------------------------------------
INFO - 1401/04/11-16:5:52 - Confirmaton UI object initialized.
------------------------------------------------------------------------------
INFO - 1401/04/11-16:5:52 - Notficaion UI object initialized.
------------------------------------------------------------------------------
INFO - 1401/04/11-16:5:52 - Connected to MySQL Server version 8.0.29
------------------------------------------------------------------------------
INFO - 1401/04/11-16:5:52 - Connected to database [('saba_database',)]
------------------------------------------------------------------------------
INFO - 1401/04/11-16:5:52 - MySQL connection is closed
------------------------------------------------------------------------------
INFO - 1401/04/11-16:5:52 - Login API object initialized.
------------------------------------------------------------------------------
INFO - 1401/04/11-16:5:52 - Connected to MySQL Server version 8.0.29
------------------------------------------------------------------------------
INFO - 1401/04/11-16:5:52 - Connected to database [('saba_database',)]
------------------------------------------------------------------------------
INFO - 1401/04/11-16:5:52 - MySQL connection is closed
------------------------------------------------------------------------------
INFO - 1401/04/11-16:5:52 - Database object initialized.
------------------------------------------------------------------------------
INFO - 1401/04/11-16:5:53 - Get available camera serials using camera-connecton API.
------------------------------------------------------------------------------
WARNING - 1401/04/11-16:5:53 - Some Cameras are not connected.
------------------------------------------------------------------------------
INFO - 1401/04/11-16:5:53 - Timer for checking storage initialized.
------------------------------------------------------------------------------
INFO - 1401/04/11-16:5:59 - User logined with username: ali.
------------------------------------------------------------------------------
INFO - 1401/04/11-16:6:2 - Users list loaded from database
------------------------------------------------------------------------------
INFO - 1401/04/11-16:6:10 - Users list loaded from database
------------------------------------------------------------------------------
INFO - 1401/04/11-16:6:12 - New user created
------------------------------------------------------------------------------
INFO - 1401/04/11-16:6:53 - Setting app closed.
------------------------------------------------------------------------------
