INFO - 1401/04/11-15:54:4 - UI object for setting app created.
------------------------------------------------------------------------------
INFO - 1401/04/11-15:54:4 - UI object initialized and setting app loaded.
------------------------------------------------------------------------------
INFO - 1401/04/11-15:54:4 - Creating API object.
------------------------------------------------------------------------------
INFO - 1401/04/11-15:54:4 - Login UI object initialized.
------------------------------------------------------------------------------
INFO - 1401/04/11-15:54:4 - Confirmaton UI object initialized.
------------------------------------------------------------------------------
INFO - 1401/04/11-15:54:4 - Notficaion UI object initialized.
------------------------------------------------------------------------------
INFO - 1401/04/11-15:54:4 - Connected to MySQL Server version 8.0.29
------------------------------------------------------------------------------
INFO - 1401/04/11-15:54:4 - Connected to database [('saba_database',)]
------------------------------------------------------------------------------
INFO - 1401/04/11-15:54:4 - MySQL connection is closed
------------------------------------------------------------------------------
INFO - 1401/04/11-15:54:4 - Login API object initialized.
------------------------------------------------------------------------------
INFO - 1401/04/11-15:54:4 - Connected to MySQL Server version 8.0.29
------------------------------------------------------------------------------
INFO - 1401/04/11-15:54:4 - Connected to database [('saba_database',)]
------------------------------------------------------------------------------
INFO - 1401/04/11-15:54:4 - MySQL connection is closed
------------------------------------------------------------------------------
INFO - 1401/04/11-15:54:4 - Database object initialized.
------------------------------------------------------------------------------
INFO - 1401/04/11-15:54:5 - Get available camera serials using camera-connecton API.
------------------------------------------------------------------------------
WARNING - 1401/04/11-15:54:5 - Some Cameras are not connected.
------------------------------------------------------------------------------
INFO - 1401/04/11-15:54:5 - Timer for checking storage initialized.
------------------------------------------------------------------------------
INFO - 1401/04/11-15:54:11 - User logined with username: ali.
------------------------------------------------------------------------------
INFO - 1401/04/11-15:54:11 - Users list loaded from database
------------------------------------------------------------------------------
INFO - 1401/04/11-15:54:39 - Users list loaded from database
------------------------------------------------------------------------------
INFO - 1401/04/11-15:55:31 - Setting app closed.
------------------------------------------------------------------------------
