INFO - 1401/04/11-16:56:39 - UI object for setting app created.
------------------------------------------------------------------------------
INFO - 1401/04/11-16:56:39 - UI object initialized and setting app loaded.
------------------------------------------------------------------------------
INFO - 1401/04/11-16:56:39 - Creating API object.
------------------------------------------------------------------------------
INFO - 1401/04/11-16:56:39 - Login UI object initialized.
------------------------------------------------------------------------------
INFO - 1401/04/11-16:56:39 - Confirmaton UI object initialized.
------------------------------------------------------------------------------
INFO - 1401/04/11-16:56:39 - Notficaion UI object initialized.
------------------------------------------------------------------------------
INFO - 1401/04/11-16:56:39 - Connected to MySQL Server version 8.0.29
------------------------------------------------------------------------------
INFO - 1401/04/11-16:56:39 - Connected to database [('saba_database',)]
------------------------------------------------------------------------------
INFO - 1401/04/11-16:56:39 - MySQL connection is closed
------------------------------------------------------------------------------
INFO - 1401/04/11-16:56:39 - Login API object initialized.
------------------------------------------------------------------------------
INFO - 1401/04/11-16:56:39 - Connected to MySQL Server version 8.0.29
------------------------------------------------------------------------------
INFO - 1401/04/11-16:56:39 - Connected to database [('saba_database',)]
------------------------------------------------------------------------------
INFO - 1401/04/11-16:56:39 - MySQL connection is closed
------------------------------------------------------------------------------
INFO - 1401/04/11-16:56:39 - Database object initialized.
------------------------------------------------------------------------------
INFO - 1401/04/11-16:56:40 - Get available camera serials using camera-connecton API.
------------------------------------------------------------------------------
WARNING - 1401/04/11-16:56:40 - Some Cameras are not connected.
------------------------------------------------------------------------------
INFO - 1401/04/11-16:56:40 - Timer for checking storage initialized.
------------------------------------------------------------------------------
INFO - 1401/04/11-16:56:46 - User logined with username: ali.
------------------------------------------------------------------------------
WARNING - 1401/04/11-16:57:40 - Start removing old files
------------------------------------------------------------------------------
INFO - 1401/04/11-17:0:40 - Old files cleared, space available now
------------------------------------------------------------------------------
WARNING - 1401/04/11-17:2:40 - Start removing old files
------------------------------------------------------------------------------
INFO - 1401/04/11-17:4:23 - Setting app closed.
------------------------------------------------------------------------------
