INFO - 1401/04/11-15:53:3 - UI object for setting app created.
------------------------------------------------------------------------------
INFO - 1401/04/11-15:53:3 - UI object initialized and setting app loaded.
------------------------------------------------------------------------------
INFO - 1401/04/11-15:53:3 - Creating API object.
------------------------------------------------------------------------------
INFO - 1401/04/11-15:53:3 - Login UI object initialized.
------------------------------------------------------------------------------
INFO - 1401/04/11-15:53:3 - Confirmaton UI object initialized.
------------------------------------------------------------------------------
INFO - 1401/04/11-15:53:3 - Notficaion UI object initialized.
------------------------------------------------------------------------------
INFO - 1401/04/11-15:53:3 - Connected to MySQL Server version 8.0.29
------------------------------------------------------------------------------
INFO - 1401/04/11-15:53:3 - Connected to database [('saba_database',)]
------------------------------------------------------------------------------
INFO - 1401/04/11-15:53:3 - MySQL connection is closed
------------------------------------------------------------------------------
INFO - 1401/04/11-15:53:3 - Login API object initialized.
------------------------------------------------------------------------------
INFO - 1401/04/11-15:53:3 - Connected to MySQL Server version 8.0.29
------------------------------------------------------------------------------
INFO - 1401/04/11-15:53:3 - Connected to database [('saba_database',)]
------------------------------------------------------------------------------
INFO - 1401/04/11-15:53:3 - MySQL connection is closed
------------------------------------------------------------------------------
INFO - 1401/04/11-15:53:3 - Database object initialized.
------------------------------------------------------------------------------
INFO - 1401/04/11-15:53:4 - Get available camera serials using camera-connecton API.
------------------------------------------------------------------------------
WARNING - 1401/04/11-15:53:4 - Some Cameras are not connected.
------------------------------------------------------------------------------
INFO - 1401/04/11-15:53:4 - Timer for checking storage initialized.
------------------------------------------------------------------------------
INFO - 1401/04/11-15:53:10 - User logined with username: ali.
------------------------------------------------------------------------------
INFO - 1401/04/11-15:53:12 - Users list loaded from database
------------------------------------------------------------------------------
