INFO - 1401/04/11-13:25:15 - UI object for setting app created.
------------------------------------------------------------------------------
INFO - 1401/04/11-13:25:15 - UI object initialized and setting app loaded.
------------------------------------------------------------------------------
INFO - 1401/04/11-13:25:15 - Creating API object.
------------------------------------------------------------------------------
INFO - 1401/04/11-13:25:15 - Login UI object initialized.
------------------------------------------------------------------------------
INFO - 1401/04/11-13:25:15 - Confirmaton UI object initialized.
------------------------------------------------------------------------------
INFO - 1401/04/11-13:25:15 - Notficaion UI object initialized.
------------------------------------------------------------------------------
INFO - 1401/04/11-13:25:15 - Connected to MySQL Server version 8.0.29
------------------------------------------------------------------------------
INFO - 1401/04/11-13:25:15 - Connected to database [('saba_database',)]
------------------------------------------------------------------------------
INFO - 1401/04/11-13:25:15 - MySQL connection is closed
------------------------------------------------------------------------------
INFO - 1401/04/11-13:25:15 - Login API object initialized.
------------------------------------------------------------------------------
INFO - 1401/04/11-13:25:15 - Connected to MySQL Server version 8.0.29
------------------------------------------------------------------------------
INFO - 1401/04/11-13:25:15 - Connected to database [('saba_database',)]
------------------------------------------------------------------------------
INFO - 1401/04/11-13:25:15 - MySQL connection is closed
------------------------------------------------------------------------------
INFO - 1401/04/11-13:25:15 - Database object initialized.
------------------------------------------------------------------------------
INFO - 1401/04/11-13:25:15 - Get available camera serials using camera-connecton API.
------------------------------------------------------------------------------
WARNING - 1401/04/11-13:25:15 - Some Cameras are not connected.
------------------------------------------------------------------------------
INFO - 1401/04/11-13:25:15 - Timer for checking storage initialized.
------------------------------------------------------------------------------
INFO - 1401/04/11-13:25:21 - User logined with username: ali.
------------------------------------------------------------------------------
INFO - 1401/04/11-13:25:33 - Setting app closed.
------------------------------------------------------------------------------
