INFO - 1401/04/11-17:4:58 - UI object for setting app created.
------------------------------------------------------------------------------
INFO - 1401/04/11-17:4:58 - UI object initialized and setting app loaded.
------------------------------------------------------------------------------
INFO - 1401/04/11-17:4:58 - Creating API object.
------------------------------------------------------------------------------
INFO - 1401/04/11-17:4:58 - Login UI object initialized.
------------------------------------------------------------------------------
INFO - 1401/04/11-17:4:58 - Confirmaton UI object initialized.
------------------------------------------------------------------------------
INFO - 1401/04/11-17:4:58 - Notficaion UI object initialized.
------------------------------------------------------------------------------
INFO - 1401/04/11-17:4:58 - Connected to MySQL Server version 8.0.29
------------------------------------------------------------------------------
INFO - 1401/04/11-17:4:58 - Connected to database [('saba_database',)]
------------------------------------------------------------------------------
INFO - 1401/04/11-17:4:58 - MySQL connection is closed
------------------------------------------------------------------------------
INFO - 1401/04/11-17:4:58 - Login API object initialized.
------------------------------------------------------------------------------
INFO - 1401/04/11-17:4:58 - Connected to MySQL Server version 8.0.29
------------------------------------------------------------------------------
INFO - 1401/04/11-17:4:58 - Connected to database [('saba_database',)]
------------------------------------------------------------------------------
INFO - 1401/04/11-17:4:58 - MySQL connection is closed
------------------------------------------------------------------------------
INFO - 1401/04/11-17:4:58 - Database object initialized.
------------------------------------------------------------------------------
INFO - 1401/04/11-17:4:59 - Get available camera serials using camera-connecton API.
------------------------------------------------------------------------------
WARNING - 1401/04/11-17:4:59 - Some Cameras are not connected.
------------------------------------------------------------------------------
INFO - 1401/04/11-17:4:59 - Timer for checking storage initialized.
------------------------------------------------------------------------------
INFO - 1401/04/11-17:5:6 - User logined with username: ali.
------------------------------------------------------------------------------
WARNING - 1401/04/11-17:5:59 - Start removing old files
------------------------------------------------------------------------------
INFO - 1401/04/11-17:7:19 - Old files cleared, space available now
------------------------------------------------------------------------------
WARNING - 1401/04/11-17:9:39 - Start removing old files
------------------------------------------------------------------------------
INFO - 1401/04/11-17:11:39 - Old files cleared, space available now
------------------------------------------------------------------------------
WARNING - 1401/04/11-17:13:39 - Start removing old files
------------------------------------------------------------------------------
INFO - 1401/04/11-17:15:39 - Old files cleared, space available now
------------------------------------------------------------------------------
WARNING - 1401/04/11-17:17:43 - Start removing old files
------------------------------------------------------------------------------
INFO - 1401/04/11-17:19:19 - Old files cleared, space available now
------------------------------------------------------------------------------
WARNING - 1401/04/11-17:21:19 - Start removing old files
------------------------------------------------------------------------------
INFO - 1401/04/11-17:22:59 - Old files cleared, space available now
------------------------------------------------------------------------------
WARNING - 1401/04/11-17:24:59 - Start removing old files
------------------------------------------------------------------------------
INFO - 1401/04/11-17:27:19 - Old files cleared, space available now
------------------------------------------------------------------------------
WARNING - 1401/04/11-17:29:21 - Start removing old files
------------------------------------------------------------------------------
INFO - 1401/04/11-17:31:19 - Old files cleared, space available now
------------------------------------------------------------------------------
WARNING - 1401/04/11-17:33:19 - Start removing old files
------------------------------------------------------------------------------
INFO - 1401/04/11-17:34:59 - Old files cleared, space available now
------------------------------------------------------------------------------
WARNING - 1401/04/11-17:37:22 - Start removing old files
------------------------------------------------------------------------------
INFO - 1401/04/11-17:39:19 - Old files cleared, space available now
------------------------------------------------------------------------------
WARNING - 1401/04/11-17:41:19 - Start removing old files
------------------------------------------------------------------------------
INFO - 1401/04/11-17:43:19 - Old files cleared, space available now
------------------------------------------------------------------------------
WARNING - 1401/04/11-17:45:22 - Start removing old files
------------------------------------------------------------------------------
INFO - 1401/04/11-17:47:20 - Old files cleared, space available now
------------------------------------------------------------------------------
WARNING - 1401/04/11-17:49:19 - Start removing old files
------------------------------------------------------------------------------
INFO - 1401/04/11-17:51:19 - Old files cleared, space available now
------------------------------------------------------------------------------
WARNING - 1401/04/11-17:53:19 - Start removing old files
------------------------------------------------------------------------------
INFO - 1401/04/11-17:55:19 - Old files cleared, space available now
------------------------------------------------------------------------------
WARNING - 1401/04/11-17:57:19 - Start removing old files
------------------------------------------------------------------------------
INFO - 1401/04/11-17:58:59 - Old files cleared, space available now
------------------------------------------------------------------------------
WARNING - 1401/04/11-18:0:59 - Start removing old files
------------------------------------------------------------------------------
INFO - 1401/04/11-18:2:59 - Old files cleared, space available now
------------------------------------------------------------------------------
WARNING - 1401/04/11-18:4:59 - Start removing old files
------------------------------------------------------------------------------
INFO - 1401/04/11-18:7:19 - Old files cleared, space available now
------------------------------------------------------------------------------
WARNING - 1401/04/11-18:9:20 - Start removing old files
------------------------------------------------------------------------------
INFO - 1401/04/11-18:11:19 - Old files cleared, space available now
------------------------------------------------------------------------------
INFO - 1401/04/11-18:11:51 - Setting app closed.
------------------------------------------------------------------------------
