INFO - 1401/04/11-18:21:6 - UI object for setting app created.
------------------------------------------------------------------------------
INFO - 1401/04/11-18:21:6 - UI object initialized and setting app loaded.
------------------------------------------------------------------------------
INFO - 1401/04/11-18:21:6 - Creating API object.
------------------------------------------------------------------------------
INFO - 1401/04/11-18:21:6 - Login UI object initialized.
------------------------------------------------------------------------------
INFO - 1401/04/11-18:21:6 - Confirmaton UI object initialized.
------------------------------------------------------------------------------
INFO - 1401/04/11-18:21:6 - Notficaion UI object initialized.
------------------------------------------------------------------------------
INFO - 1401/04/11-18:21:6 - Connected to MySQL Server version 8.0.29
------------------------------------------------------------------------------
INFO - 1401/04/11-18:21:6 - Connected to database [('saba_database',)]
------------------------------------------------------------------------------
INFO - 1401/04/11-18:21:6 - MySQL connection is closed
------------------------------------------------------------------------------
INFO - 1401/04/11-18:21:6 - Login API object initialized.
------------------------------------------------------------------------------
INFO - 1401/04/11-18:21:6 - Connected to MySQL Server version 8.0.29
------------------------------------------------------------------------------
INFO - 1401/04/11-18:21:6 - Connected to database [('saba_database',)]
------------------------------------------------------------------------------
INFO - 1401/04/11-18:21:6 - MySQL connection is closed
------------------------------------------------------------------------------
INFO - 1401/04/11-18:21:6 - Database object initialized.
------------------------------------------------------------------------------
INFO - 1401/04/11-18:21:7 - Get available camera serials using camera-connecton API.
------------------------------------------------------------------------------
WARNING - 1401/04/11-18:21:7 - Some Cameras are not connected.
------------------------------------------------------------------------------
INFO - 1401/04/11-18:21:7 - Timer for checking storage initialized.
------------------------------------------------------------------------------
INFO - 1401/04/11-18:21:16 - User logined with username: ali.
------------------------------------------------------------------------------
WARNING - 1401/04/11-18:22:10 - Start removing old files
------------------------------------------------------------------------------
INFO - 1401/04/11-18:24:7 - Old files cleared, space available now
------------------------------------------------------------------------------
