INFO - 1401/04/11-13:26:53 - UI object for setting app created.
------------------------------------------------------------------------------
INFO - 1401/04/11-13:26:53 - UI object initialized and setting app loaded.
------------------------------------------------------------------------------
INFO - 1401/04/11-13:26:53 - Creating API object.
------------------------------------------------------------------------------
INFO - 1401/04/11-13:26:53 - Login UI object initialized.
------------------------------------------------------------------------------
INFO - 1401/04/11-13:26:53 - Confirmaton UI object initialized.
------------------------------------------------------------------------------
INFO - 1401/04/11-13:26:53 - Notficaion UI object initialized.
------------------------------------------------------------------------------
INFO - 1401/04/11-13:26:54 - Connected to MySQL Server version 8.0.29
------------------------------------------------------------------------------
INFO - 1401/04/11-13:26:54 - Connected to database [('saba_database',)]
------------------------------------------------------------------------------
INFO - 1401/04/11-13:26:54 - MySQL connection is closed
------------------------------------------------------------------------------
INFO - 1401/04/11-13:26:54 - Login API object initialized.
------------------------------------------------------------------------------
INFO - 1401/04/11-13:26:54 - Connected to MySQL Server version 8.0.29
------------------------------------------------------------------------------
INFO - 1401/04/11-13:26:54 - Connected to database [('saba_database',)]
------------------------------------------------------------------------------
INFO - 1401/04/11-13:26:54 - MySQL connection is closed
------------------------------------------------------------------------------
INFO - 1401/04/11-13:26:54 - Database object initialized.
------------------------------------------------------------------------------
INFO - 1401/04/11-13:26:54 - Get available camera serials using camera-connecton API.
------------------------------------------------------------------------------
WARNING - 1401/04/11-13:26:54 - Some Cameras are not connected.
------------------------------------------------------------------------------
INFO - 1401/04/11-13:26:54 - Timer for checking storage initialized.
------------------------------------------------------------------------------
INFO - 1401/04/11-13:27:0 - User logined with username: ali.
------------------------------------------------------------------------------
INFO - 1401/04/11-13:27:15 - Setting app closed.
------------------------------------------------------------------------------
