INFO - 1401/04/11-10:42:45 - UI object for setting app created.
------------------------------------------------------------------------------
INFO - 1401/04/11-10:42:45 - UI object initialized and setting app loaded.
------------------------------------------------------------------------------
INFO - 1401/04/11-10:42:45 - Creating API object.
------------------------------------------------------------------------------
INFO - 1401/04/11-10:42:45 - Login UI object initialized.
------------------------------------------------------------------------------
INFO - 1401/04/11-10:42:45 - Confirmaton UI object initialized.
------------------------------------------------------------------------------
INFO - 1401/04/11-10:42:45 - Notficaion UI object initialized.
------------------------------------------------------------------------------
INFO - 1401/04/11-10:42:45 - Connected to MySQL Server version 8.0.29
------------------------------------------------------------------------------
INFO - 1401/04/11-10:42:45 - Connected to database [('saba_database',)]
------------------------------------------------------------------------------
INFO - 1401/04/11-10:42:45 - MySQL connection is closed
------------------------------------------------------------------------------
INFO - 1401/04/11-10:42:45 - Login API object initialized.
------------------------------------------------------------------------------
INFO - 1401/04/11-10:42:45 - Connected to MySQL Server version 8.0.29
------------------------------------------------------------------------------
INFO - 1401/04/11-10:42:45 - Connected to database [('saba_database',)]
------------------------------------------------------------------------------
INFO - 1401/04/11-10:42:45 - MySQL connection is closed
------------------------------------------------------------------------------
INFO - 1401/04/11-10:42:45 - Database object initialized.
------------------------------------------------------------------------------
INFO - 1401/04/11-10:42:46 - Get available camera serials using camera-connecton API.
------------------------------------------------------------------------------
WARNING - 1401/04/11-10:42:46 - Some Cameras are not connected.
------------------------------------------------------------------------------
INFO - 1401/04/11-10:42:46 - QTimer for checking storage initialized by interval: 60000.
------------------------------------------------------------------------------
INFO - 1401/04/11-10:42:55 - User logined with username: ali
------------------------------------------------------------------------------
INFO - 1401/04/11-10:42:57 - User logouted with username: ali.
------------------------------------------------------------------------------
INFO - 1401/04/11-10:43:27 - Setting app closed.
------------------------------------------------------------------------------
