INFO - 1401/04/11-16:35:18 - UI object for setting app created.
------------------------------------------------------------------------------
INFO - 1401/04/11-16:35:18 - UI object initialized and setting app loaded.
------------------------------------------------------------------------------
INFO - 1401/04/11-16:35:18 - Creating API object.
------------------------------------------------------------------------------
INFO - 1401/04/11-16:35:18 - Login UI object initialized.
------------------------------------------------------------------------------
INFO - 1401/04/11-16:35:18 - Confirmaton UI object initialized.
------------------------------------------------------------------------------
INFO - 1401/04/11-16:35:18 - Notficaion UI object initialized.
------------------------------------------------------------------------------
INFO - 1401/04/11-16:35:18 - Connected to MySQL Server version 8.0.29
------------------------------------------------------------------------------
INFO - 1401/04/11-16:35:18 - Connected to database [('saba_database',)]
------------------------------------------------------------------------------
INFO - 1401/04/11-16:35:18 - MySQL connection is closed
------------------------------------------------------------------------------
INFO - 1401/04/11-16:35:18 - Login API object initialized.
------------------------------------------------------------------------------
INFO - 1401/04/11-16:35:18 - Connected to MySQL Server version 8.0.29
------------------------------------------------------------------------------
INFO - 1401/04/11-16:35:18 - Connected to database [('saba_database',)]
------------------------------------------------------------------------------
INFO - 1401/04/11-16:35:18 - MySQL connection is closed
------------------------------------------------------------------------------
INFO - 1401/04/11-16:35:18 - Database object initialized.
------------------------------------------------------------------------------
INFO - 1401/04/11-16:35:19 - Get available camera serials using camera-connecton API.
------------------------------------------------------------------------------
WARNING - 1401/04/11-16:35:19 - Some Cameras are not connected.
------------------------------------------------------------------------------
INFO - 1401/04/11-16:35:19 - Timer for checking storage initialized.
------------------------------------------------------------------------------
INFO - 1401/04/11-16:35:25 - User logined with username: ali.
------------------------------------------------------------------------------
INFO - 1401/04/11-16:42:37 - Setting app closed.
------------------------------------------------------------------------------
