INFO - 1401/04/11-13:43:44 - UI object for setting app created.
------------------------------------------------------------------------------
INFO - 1401/04/11-13:43:44 - UI object initialized and setting app loaded.
------------------------------------------------------------------------------
INFO - 1401/04/11-13:43:44 - Creating API object.
------------------------------------------------------------------------------
INFO - 1401/04/11-13:43:45 - Login UI object initialized.
------------------------------------------------------------------------------
INFO - 1401/04/11-13:43:45 - Confirmaton UI object initialized.
------------------------------------------------------------------------------
INFO - 1401/04/11-13:43:45 - Notficaion UI object initialized.
------------------------------------------------------------------------------
INFO - 1401/04/11-13:43:45 - Connected to MySQL Server version 8.0.29
------------------------------------------------------------------------------
INFO - 1401/04/11-13:43:45 - Connected to database [('saba_database',)]
------------------------------------------------------------------------------
INFO - 1401/04/11-13:43:45 - MySQL connection is closed
------------------------------------------------------------------------------
INFO - 1401/04/11-13:43:45 - Login API object initialized.
------------------------------------------------------------------------------
INFO - 1401/04/11-13:43:45 - Connected to MySQL Server version 8.0.29
------------------------------------------------------------------------------
INFO - 1401/04/11-13:43:45 - Connected to database [('saba_database',)]
------------------------------------------------------------------------------
INFO - 1401/04/11-13:43:45 - MySQL connection is closed
------------------------------------------------------------------------------
INFO - 1401/04/11-13:43:45 - Database object initialized.
------------------------------------------------------------------------------
INFO - 1401/04/11-13:43:45 - Get available camera serials using camera-connecton API.
------------------------------------------------------------------------------
WARNING - 1401/04/11-13:43:45 - Some Cameras are not connected.
------------------------------------------------------------------------------
INFO - 1401/04/11-13:43:45 - Timer for checking storage initialized.
------------------------------------------------------------------------------
INFO - 1401/04/11-13:43:53 - User logined with username: ali.
------------------------------------------------------------------------------
INFO - 1401/04/11-13:43:59 - Settings for camera live drive applied
------------------------------------------------------------------------------
INFO - 1401/04/11-13:44:14 - Settings for camera live drive applied
------------------------------------------------------------------------------
INFO - 1401/04/11-13:44:45 - Old files cleared, space available now
------------------------------------------------------------------------------
INFO - 1401/04/11-13:45:1 - Setting app closed.
------------------------------------------------------------------------------
