INFO - 1401/04/11-14:45:2 - UI object for setting app created.
------------------------------------------------------------------------------
INFO - 1401/04/11-14:45:2 - UI object initialized and setting app loaded.
------------------------------------------------------------------------------
INFO - 1401/04/11-14:45:2 - Creating API object.
------------------------------------------------------------------------------
INFO - 1401/04/11-14:45:2 - Login UI object initialized.
------------------------------------------------------------------------------
INFO - 1401/04/11-14:45:2 - Confirmaton UI object initialized.
------------------------------------------------------------------------------
INFO - 1401/04/11-14:45:2 - Notficaion UI object initialized.
------------------------------------------------------------------------------
INFO - 1401/04/11-14:45:2 - Connected to MySQL Server version 8.0.29
------------------------------------------------------------------------------
INFO - 1401/04/11-14:45:2 - Connected to database [('saba_database',)]
------------------------------------------------------------------------------
INFO - 1401/04/11-14:45:2 - MySQL connection is closed
------------------------------------------------------------------------------
INFO - 1401/04/11-14:45:2 - Login API object initialized.
------------------------------------------------------------------------------
INFO - 1401/04/11-14:45:2 - Connected to MySQL Server version 8.0.29
------------------------------------------------------------------------------
INFO - 1401/04/11-14:45:2 - Connected to database [('saba_database',)]
------------------------------------------------------------------------------
INFO - 1401/04/11-14:45:2 - MySQL connection is closed
------------------------------------------------------------------------------
INFO - 1401/04/11-14:45:2 - Database object initialized.
------------------------------------------------------------------------------
INFO - 1401/04/11-14:45:3 - Get available camera serials using camera-connecton API.
------------------------------------------------------------------------------
WARNING - 1401/04/11-14:45:3 - Some Cameras are not connected.
------------------------------------------------------------------------------
INFO - 1401/04/11-14:45:3 - Timer for checking storage initialized.
------------------------------------------------------------------------------
INFO - 1401/04/11-14:45:6 - Setting app closed.
------------------------------------------------------------------------------
