INFO - 1401/04/11-13:30:1 - UI object for setting app created.
------------------------------------------------------------------------------
INFO - 1401/04/11-13:30:1 - UI object initialized and setting app loaded.
------------------------------------------------------------------------------
INFO - 1401/04/11-13:30:1 - Creating API object.
------------------------------------------------------------------------------
INFO - 1401/04/11-13:30:1 - Login UI object initialized.
------------------------------------------------------------------------------
INFO - 1401/04/11-13:30:1 - Confirmaton UI object initialized.
------------------------------------------------------------------------------
INFO - 1401/04/11-13:30:1 - Notficaion UI object initialized.
------------------------------------------------------------------------------
INFO - 1401/04/11-13:30:1 - Connected to MySQL Server version 8.0.29
------------------------------------------------------------------------------
INFO - 1401/04/11-13:30:1 - Connected to database [('saba_database',)]
------------------------------------------------------------------------------
INFO - 1401/04/11-13:30:1 - MySQL connection is closed
------------------------------------------------------------------------------
INFO - 1401/04/11-13:30:1 - Login API object initialized.
------------------------------------------------------------------------------
INFO - 1401/04/11-13:30:1 - Connected to MySQL Server version 8.0.29
------------------------------------------------------------------------------
INFO - 1401/04/11-13:30:1 - Connected to database [('saba_database',)]
------------------------------------------------------------------------------
INFO - 1401/04/11-13:30:1 - MySQL connection is closed
------------------------------------------------------------------------------
INFO - 1401/04/11-13:30:1 - Database object initialized.
------------------------------------------------------------------------------
INFO - 1401/04/11-13:30:2 - Get available camera serials using camera-connecton API.
------------------------------------------------------------------------------
WARNING - 1401/04/11-13:30:2 - Some Cameras are not connected.
------------------------------------------------------------------------------
INFO - 1401/04/11-13:30:2 - Timer for checking storage initialized.
------------------------------------------------------------------------------
INFO - 1401/04/11-13:30:8 - User logined with username: ali.
------------------------------------------------------------------------------
INFO - 1401/04/11-13:31:20 - Setting app closed.
------------------------------------------------------------------------------
