INFO - 1401/04/11-16:50:51 - UI object for setting app created.
------------------------------------------------------------------------------
INFO - 1401/04/11-16:50:51 - UI object initialized and setting app loaded.
------------------------------------------------------------------------------
INFO - 1401/04/11-16:50:51 - Creating API object.
------------------------------------------------------------------------------
INFO - 1401/04/11-16:50:51 - Login UI object initialized.
------------------------------------------------------------------------------
INFO - 1401/04/11-16:50:51 - Confirmaton UI object initialized.
------------------------------------------------------------------------------
INFO - 1401/04/11-16:50:51 - Notficaion UI object initialized.
------------------------------------------------------------------------------
INFO - 1401/04/11-16:50:51 - Connected to MySQL Server version 8.0.29
------------------------------------------------------------------------------
INFO - 1401/04/11-16:50:51 - Connected to database [('saba_database',)]
------------------------------------------------------------------------------
INFO - 1401/04/11-16:50:51 - MySQL connection is closed
------------------------------------------------------------------------------
INFO - 1401/04/11-16:50:51 - Login API object initialized.
------------------------------------------------------------------------------
INFO - 1401/04/11-16:50:51 - Connected to MySQL Server version 8.0.29
------------------------------------------------------------------------------
INFO - 1401/04/11-16:50:51 - Connected to database [('saba_database',)]
------------------------------------------------------------------------------
INFO - 1401/04/11-16:50:51 - MySQL connection is closed
------------------------------------------------------------------------------
INFO - 1401/04/11-16:50:51 - Database object initialized.
------------------------------------------------------------------------------
INFO - 1401/04/11-16:50:52 - Get available camera serials using camera-connecton API.
------------------------------------------------------------------------------
WARNING - 1401/04/11-16:50:52 - Some Cameras are not connected.
------------------------------------------------------------------------------
INFO - 1401/04/11-16:50:52 - Timer for checking storage initialized.
------------------------------------------------------------------------------
WARNING - 1401/04/11-16:51:2 - User tried to login with Incorrect Username or Password: ali - 134
------------------------------------------------------------------------------
INFO - 1401/04/11-16:51:5 - User logined with username: ali.
------------------------------------------------------------------------------
INFO - 1401/04/11-16:55:39 - Settings for camera live drive applied
------------------------------------------------------------------------------
WARNING - 1401/04/11-16:55:52 - Start removing old files
------------------------------------------------------------------------------
INFO - 1401/04/11-16:56:5 - Setting app closed.
------------------------------------------------------------------------------
