INFO - 1401/04/11-12:56:32 - UI object for setting app created.
------------------------------------------------------------------------------
INFO - 1401/04/11-12:56:32 - UI object initialized and setting app loaded.
------------------------------------------------------------------------------
INFO - 1401/04/11-12:56:32 - Creating API object.
------------------------------------------------------------------------------
INFO - 1401/04/11-12:56:32 - Login UI object initialized.
------------------------------------------------------------------------------
INFO - 1401/04/11-12:56:32 - Confirmaton UI object initialized.
------------------------------------------------------------------------------
INFO - 1401/04/11-12:56:32 - Notficaion UI object initialized.
------------------------------------------------------------------------------
INFO - 1401/04/11-12:56:32 - Connected to MySQL Server version 8.0.29
------------------------------------------------------------------------------
INFO - 1401/04/11-12:56:32 - Connected to database [('saba_database',)]
------------------------------------------------------------------------------
INFO - 1401/04/11-12:56:32 - MySQL connection is closed
------------------------------------------------------------------------------
INFO - 1401/04/11-12:56:32 - Login API object initialized.
------------------------------------------------------------------------------
INFO - 1401/04/11-12:56:32 - Connected to MySQL Server version 8.0.29
------------------------------------------------------------------------------
INFO - 1401/04/11-12:56:32 - Connected to database [('saba_database',)]
------------------------------------------------------------------------------
INFO - 1401/04/11-12:56:32 - MySQL connection is closed
------------------------------------------------------------------------------
INFO - 1401/04/11-12:56:32 - Database object initialized.
------------------------------------------------------------------------------
INFO - 1401/04/11-12:56:33 - Get available camera serials using camera-connecton API.
------------------------------------------------------------------------------
WARNING - 1401/04/11-12:56:33 - Some Cameras are not connected.
------------------------------------------------------------------------------
INFO - 1401/04/11-12:56:33 - Timer for checking storage initialized.
------------------------------------------------------------------------------
INFO - 1401/04/11-12:56:39 - User logined with username: ali.
------------------------------------------------------------------------------
INFO - 1401/04/11-12:56:59 - Setting app closed.
------------------------------------------------------------------------------
