INFO - 1401/04/11-15:57:8 - UI object for setting app created.
------------------------------------------------------------------------------
INFO - 1401/04/11-15:57:8 - UI object initialized and setting app loaded.
------------------------------------------------------------------------------
INFO - 1401/04/11-15:57:8 - Creating API object.
------------------------------------------------------------------------------
INFO - 1401/04/11-15:57:9 - Login UI object initialized.
------------------------------------------------------------------------------
INFO - 1401/04/11-15:57:9 - Confirmaton UI object initialized.
------------------------------------------------------------------------------
INFO - 1401/04/11-15:57:9 - Notficaion UI object initialized.
------------------------------------------------------------------------------
INFO - 1401/04/11-15:57:9 - Connected to MySQL Server version 8.0.29
------------------------------------------------------------------------------
INFO - 1401/04/11-15:57:9 - Connected to database [('saba_database',)]
------------------------------------------------------------------------------
INFO - 1401/04/11-15:57:9 - MySQL connection is closed
------------------------------------------------------------------------------
INFO - 1401/04/11-15:57:9 - Login API object initialized.
------------------------------------------------------------------------------
INFO - 1401/04/11-15:57:9 - Connected to MySQL Server version 8.0.29
------------------------------------------------------------------------------
INFO - 1401/04/11-15:57:9 - Connected to database [('saba_database',)]
------------------------------------------------------------------------------
INFO - 1401/04/11-15:57:9 - MySQL connection is closed
------------------------------------------------------------------------------
INFO - 1401/04/11-15:57:9 - Database object initialized.
------------------------------------------------------------------------------
INFO - 1401/04/11-15:57:9 - Get available camera serials using camera-connecton API.
------------------------------------------------------------------------------
WARNING - 1401/04/11-15:57:9 - Some Cameras are not connected.
------------------------------------------------------------------------------
INFO - 1401/04/11-15:57:9 - Timer for checking storage initialized.
------------------------------------------------------------------------------
INFO - 1401/04/11-15:57:15 - User logined with username: ali.
------------------------------------------------------------------------------
INFO - 1401/04/11-15:57:16 - Users list loaded from database
------------------------------------------------------------------------------
INFO - 1401/04/11-15:58:11 - Setting app closed.
------------------------------------------------------------------------------
