INFO - 1401/04/11-15:58:15 - UI object for setting app created.
------------------------------------------------------------------------------
INFO - 1401/04/11-15:58:15 - UI object initialized and setting app loaded.
------------------------------------------------------------------------------
INFO - 1401/04/11-15:58:15 - Creating API object.
------------------------------------------------------------------------------
INFO - 1401/04/11-15:58:16 - Login UI object initialized.
------------------------------------------------------------------------------
INFO - 1401/04/11-15:58:16 - Confirmaton UI object initialized.
------------------------------------------------------------------------------
INFO - 1401/04/11-15:58:16 - Notficaion UI object initialized.
------------------------------------------------------------------------------
INFO - 1401/04/11-15:58:16 - Connected to MySQL Server version 8.0.29
------------------------------------------------------------------------------
INFO - 1401/04/11-15:58:16 - Connected to database [('saba_database',)]
------------------------------------------------------------------------------
INFO - 1401/04/11-15:58:16 - MySQL connection is closed
------------------------------------------------------------------------------
INFO - 1401/04/11-15:58:16 - Login API object initialized.
------------------------------------------------------------------------------
INFO - 1401/04/11-15:58:16 - Connected to MySQL Server version 8.0.29
------------------------------------------------------------------------------
INFO - 1401/04/11-15:58:16 - Connected to database [('saba_database',)]
------------------------------------------------------------------------------
INFO - 1401/04/11-15:58:16 - MySQL connection is closed
------------------------------------------------------------------------------
INFO - 1401/04/11-15:58:16 - Database object initialized.
------------------------------------------------------------------------------
INFO - 1401/04/11-15:58:16 - Get available camera serials using camera-connecton API.
------------------------------------------------------------------------------
WARNING - 1401/04/11-15:58:16 - Some Cameras are not connected.
------------------------------------------------------------------------------
INFO - 1401/04/11-15:58:16 - Timer for checking storage initialized.
------------------------------------------------------------------------------
INFO - 1401/04/11-15:58:22 - User logined with username: ali.
------------------------------------------------------------------------------
INFO - 1401/04/11-15:58:24 - Users list loaded from database
------------------------------------------------------------------------------
INFO - 1401/04/11-15:58:36 - Users list loaded from database
------------------------------------------------------------------------------
INFO - 1401/04/11-15:58:38 - New user created
------------------------------------------------------------------------------
INFO - 1401/04/11-16:1:31 - Setting app closed.
------------------------------------------------------------------------------
