INFO - 1401/04/11-10:20:51 - UI object for setting app created.
------------------------------------------------------------------------------
INFO - 1401/04/11-10:20:51 - UI object initialized and setting app loaded.
------------------------------------------------------------------------------
INFO - 1401/04/11-10:20:51 - Creating API object.
------------------------------------------------------------------------------
INFO - 1401/04/11-10:20:51 - Login UI object initialized.
------------------------------------------------------------------------------
INFO - 1401/04/11-10:20:51 - Confirmaton UI object initialized.
------------------------------------------------------------------------------
INFO - 1401/04/11-10:20:51 - Notficaion UI object initialized.
------------------------------------------------------------------------------
INFO - 1401/04/11-10:20:51 - Connected to MySQL Server version 8.0.29
------------------------------------------------------------------------------
INFO - 1401/04/11-10:20:51 - Connected to database [('saba_database',)]
------------------------------------------------------------------------------
INFO - 1401/04/11-10:20:51 - MySQL connection is closed
------------------------------------------------------------------------------
INFO - 1401/04/11-10:20:51 - Login API object initialized.
------------------------------------------------------------------------------
INFO - 1401/04/11-10:20:51 - Connected to MySQL Server version 8.0.29
------------------------------------------------------------------------------
INFO - 1401/04/11-10:20:51 - Connected to database [('saba_database',)]
------------------------------------------------------------------------------
INFO - 1401/04/11-10:20:51 - MySQL connection is closed
------------------------------------------------------------------------------
INFO - 1401/04/11-10:20:51 - Database object initialized.
------------------------------------------------------------------------------
INFO - 1401/04/11-10:20:52 - Get available camera serials using camera-connecton API.
------------------------------------------------------------------------------
WARNING - 1401/04/11-10:20:52 - Some Cameras are not connected.
------------------------------------------------------------------------------
INFO - 1401/04/11-10:20:52 - QTimer for checking storage initialized by interval:60000.
------------------------------------------------------------------------------
