INFO - 1401/04/11-13:47:29 - UI object for setting app created.
------------------------------------------------------------------------------
INFO - 1401/04/11-13:47:29 - UI object initialized and setting app loaded.
------------------------------------------------------------------------------
INFO - 1401/04/11-13:47:29 - Creating API object.
------------------------------------------------------------------------------
INFO - 1401/04/11-13:47:29 - Login UI object initialized.
------------------------------------------------------------------------------
INFO - 1401/04/11-13:47:29 - Confirmaton UI object initialized.
------------------------------------------------------------------------------
INFO - 1401/04/11-13:47:29 - Notficaion UI object initialized.
------------------------------------------------------------------------------
INFO - 1401/04/11-13:47:29 - Connected to MySQL Server version 8.0.29
------------------------------------------------------------------------------
INFO - 1401/04/11-13:47:29 - Connected to database [('saba_database',)]
------------------------------------------------------------------------------
INFO - 1401/04/11-13:47:29 - MySQL connection is closed
------------------------------------------------------------------------------
INFO - 1401/04/11-13:47:29 - Login API object initialized.
------------------------------------------------------------------------------
INFO - 1401/04/11-13:47:29 - Connected to MySQL Server version 8.0.29
------------------------------------------------------------------------------
INFO - 1401/04/11-13:47:29 - Connected to database [('saba_database',)]
------------------------------------------------------------------------------
INFO - 1401/04/11-13:47:29 - MySQL connection is closed
------------------------------------------------------------------------------
INFO - 1401/04/11-13:47:29 - Database object initialized.
------------------------------------------------------------------------------
INFO - 1401/04/11-13:47:30 - Get available camera serials using camera-connecton API.
------------------------------------------------------------------------------
WARNING - 1401/04/11-13:47:30 - Some Cameras are not connected.
------------------------------------------------------------------------------
INFO - 1401/04/11-13:47:30 - Timer for checking storage initialized.
------------------------------------------------------------------------------
INFO - 1401/04/11-13:47:36 - User logined with username: ali.
------------------------------------------------------------------------------
INFO - 1401/04/11-13:57:53 - Setting app closed.
------------------------------------------------------------------------------
