INFO - 1401/04/11-13:20:21 - UI object for setting app created.
------------------------------------------------------------------------------
INFO - 1401/04/11-13:20:21 - UI object initialized and setting app loaded.
------------------------------------------------------------------------------
INFO - 1401/04/11-13:20:21 - Creating API object.
------------------------------------------------------------------------------
INFO - 1401/04/11-13:20:22 - Login UI object initialized.
------------------------------------------------------------------------------
INFO - 1401/04/11-13:20:22 - Confirmaton UI object initialized.
------------------------------------------------------------------------------
INFO - 1401/04/11-13:20:22 - Notficaion UI object initialized.
------------------------------------------------------------------------------
INFO - 1401/04/11-13:20:22 - Connected to MySQL Server version 8.0.29
------------------------------------------------------------------------------
INFO - 1401/04/11-13:20:22 - Connected to database [('saba_database',)]
------------------------------------------------------------------------------
INFO - 1401/04/11-13:20:22 - MySQL connection is closed
------------------------------------------------------------------------------
INFO - 1401/04/11-13:20:22 - Login API object initialized.
------------------------------------------------------------------------------
INFO - 1401/04/11-13:20:22 - Connected to MySQL Server version 8.0.29
------------------------------------------------------------------------------
INFO - 1401/04/11-13:20:22 - Connected to database [('saba_database',)]
------------------------------------------------------------------------------
INFO - 1401/04/11-13:20:22 - MySQL connection is closed
------------------------------------------------------------------------------
INFO - 1401/04/11-13:20:22 - Database object initialized.
------------------------------------------------------------------------------
INFO - 1401/04/11-13:20:22 - Get available camera serials using camera-connecton API.
------------------------------------------------------------------------------
WARNING - 1401/04/11-13:20:22 - Some Cameras are not connected.
------------------------------------------------------------------------------
INFO - 1401/04/11-13:20:22 - Timer for checking storage initialized.
------------------------------------------------------------------------------
INFO - 1401/04/11-13:20:28 - User logined with username: ali.
------------------------------------------------------------------------------
INFO - 1401/04/11-13:20:59 - Setting app closed.
------------------------------------------------------------------------------
