INFO - 1401/04/11-10:17:54 - UI object for setting app created.
------------------------------------------------------------------------------
INFO - 1401/04/11-10:17:54 - UI object initialized and setting app loaded.
------------------------------------------------------------------------------
INFO - 1401/04/11-10:17:54 - Creating API object.
------------------------------------------------------------------------------
INFO - 1401/04/11-10:17:54 - Login UI object initialized.
------------------------------------------------------------------------------
INFO - 1401/04/11-10:17:54 - Confirmaton UI object initialized.
------------------------------------------------------------------------------
INFO - 1401/04/11-10:17:54 - Notficaion UI object initialized.
------------------------------------------------------------------------------
INFO - 1401/04/11-10:17:54 - Connected to MySQL Server version 8.0.29
------------------------------------------------------------------------------
INFO - 1401/04/11-10:17:54 - Connected to database [('saba_database',)]
------------------------------------------------------------------------------
INFO - 1401/04/11-10:17:54 - MySQL connection is closed
------------------------------------------------------------------------------
INFO - 1401/04/11-10:17:54 - Login API object initialized.
------------------------------------------------------------------------------
INFO - 1401/04/11-10:17:54 - Connected to MySQL Server version 8.0.29
------------------------------------------------------------------------------
INFO - 1401/04/11-10:17:54 - Connected to database [('saba_database',)]
------------------------------------------------------------------------------
INFO - 1401/04/11-10:17:54 - MySQL connection is closed
------------------------------------------------------------------------------
INFO - 1401/04/11-10:17:54 - Database object initialized.
------------------------------------------------------------------------------
INFO - 1401/04/11-10:17:55 - Get available camera serials using camera-connecton API.
------------------------------------------------------------------------------
WARNING - 1401/04/11-10:17:55 - Some Cameras are not connected.
------------------------------------------------------------------------------
INFO - 1401/04/11-10:17:55 - QTimer for checking storage initialized by interval:60000.
------------------------------------------------------------------------------
INFO - 1401/04/11-10:18:2 - Setting app closed.
------------------------------------------------------------------------------
