INFO - 1401/04/11-15:21:49 - UI object for setting app created.
------------------------------------------------------------------------------
INFO - 1401/04/11-15:21:49 - UI object initialized and setting app loaded.
------------------------------------------------------------------------------
INFO - 1401/04/11-15:21:49 - Creating API object.
------------------------------------------------------------------------------
INFO - 1401/04/11-15:21:49 - Login UI object initialized.
------------------------------------------------------------------------------
INFO - 1401/04/11-15:21:49 - Confirmaton UI object initialized.
------------------------------------------------------------------------------
INFO - 1401/04/11-15:21:49 - Notficaion UI object initialized.
------------------------------------------------------------------------------
INFO - 1401/04/11-15:21:49 - Connected to MySQL Server version 8.0.29
------------------------------------------------------------------------------
INFO - 1401/04/11-15:21:49 - Connected to database [('saba_database',)]
------------------------------------------------------------------------------
INFO - 1401/04/11-15:21:49 - MySQL connection is closed
------------------------------------------------------------------------------
INFO - 1401/04/11-15:21:49 - Login API object initialized.
------------------------------------------------------------------------------
INFO - 1401/04/11-15:21:49 - Connected to MySQL Server version 8.0.29
------------------------------------------------------------------------------
INFO - 1401/04/11-15:21:49 - Connected to database [('saba_database',)]
------------------------------------------------------------------------------
INFO - 1401/04/11-15:21:49 - MySQL connection is closed
------------------------------------------------------------------------------
INFO - 1401/04/11-15:21:49 - Database object initialized.
------------------------------------------------------------------------------
INFO - 1401/04/11-15:21:50 - Get available camera serials using camera-connecton API.
------------------------------------------------------------------------------
WARNING - 1401/04/11-15:21:50 - Some Cameras are not connected.
------------------------------------------------------------------------------
INFO - 1401/04/11-15:21:50 - Timer for checking storage initialized.
------------------------------------------------------------------------------
INFO - 1401/04/11-15:21:57 - User logined with username: ali.
------------------------------------------------------------------------------
INFO - 1401/04/11-15:22:10 - Setting app closed.
------------------------------------------------------------------------------
