INFO - 1401/04/11-14:29:40 - UI object for setting app created.
------------------------------------------------------------------------------
INFO - 1401/04/11-14:29:40 - UI object initialized and setting app loaded.
------------------------------------------------------------------------------
INFO - 1401/04/11-14:29:40 - Creating API object.
------------------------------------------------------------------------------
INFO - 1401/04/11-14:29:40 - Login UI object initialized.
------------------------------------------------------------------------------
INFO - 1401/04/11-14:29:40 - Confirmaton UI object initialized.
------------------------------------------------------------------------------
INFO - 1401/04/11-14:29:40 - Notficaion UI object initialized.
------------------------------------------------------------------------------
INFO - 1401/04/11-14:29:40 - Connected to MySQL Server version 8.0.29
------------------------------------------------------------------------------
INFO - 1401/04/11-14:29:40 - Connected to database [('saba_database',)]
------------------------------------------------------------------------------
INFO - 1401/04/11-14:29:40 - MySQL connection is closed
------------------------------------------------------------------------------
INFO - 1401/04/11-14:29:40 - Login API object initialized.
------------------------------------------------------------------------------
INFO - 1401/04/11-14:29:40 - Connected to MySQL Server version 8.0.29
------------------------------------------------------------------------------
INFO - 1401/04/11-14:29:40 - Connected to database [('saba_database',)]
------------------------------------------------------------------------------
INFO - 1401/04/11-14:29:40 - MySQL connection is closed
------------------------------------------------------------------------------
INFO - 1401/04/11-14:29:40 - Database object initialized.
------------------------------------------------------------------------------
INFO - 1401/04/11-14:29:41 - Get available camera serials using camera-connecton API.
------------------------------------------------------------------------------
WARNING - 1401/04/11-14:29:41 - Some Cameras are not connected.
------------------------------------------------------------------------------
INFO - 1401/04/11-14:29:41 - Timer for checking storage initialized.
------------------------------------------------------------------------------
INFO - 1401/04/11-14:29:47 - User logined with username: ali.
------------------------------------------------------------------------------
WARNING - 1401/04/11-14:31:41 - Start removing old files
------------------------------------------------------------------------------
INFO - 1401/04/11-14:32:41 - Old files cleared, space available now
------------------------------------------------------------------------------
INFO - 1401/04/11-14:32:55 - Setting app minimized to taskbar.
------------------------------------------------------------------------------
INFO - 1401/04/11-14:35:18 - User logged-out with username: ali.
------------------------------------------------------------------------------
INFO - 1401/04/11-14:35:25 - Setting app closed.
------------------------------------------------------------------------------
