INFO - 1401/04/11-16:6:59 - UI object for setting app created.
------------------------------------------------------------------------------
INFO - 1401/04/11-16:6:59 - UI object initialized and setting app loaded.
------------------------------------------------------------------------------
INFO - 1401/04/11-16:6:59 - Creating API object.
------------------------------------------------------------------------------
INFO - 1401/04/11-16:6:59 - Login UI object initialized.
------------------------------------------------------------------------------
INFO - 1401/04/11-16:6:59 - Confirmaton UI object initialized.
------------------------------------------------------------------------------
INFO - 1401/04/11-16:6:59 - Notficaion UI object initialized.
------------------------------------------------------------------------------
INFO - 1401/04/11-16:6:59 - Connected to MySQL Server version 8.0.29
------------------------------------------------------------------------------
INFO - 1401/04/11-16:6:59 - Connected to database [('saba_database',)]
------------------------------------------------------------------------------
INFO - 1401/04/11-16:6:59 - MySQL connection is closed
------------------------------------------------------------------------------
INFO - 1401/04/11-16:6:59 - Login API object initialized.
------------------------------------------------------------------------------
INFO - 1401/04/11-16:6:59 - Connected to MySQL Server version 8.0.29
------------------------------------------------------------------------------
INFO - 1401/04/11-16:6:59 - Connected to database [('saba_database',)]
------------------------------------------------------------------------------
INFO - 1401/04/11-16:6:59 - MySQL connection is closed
------------------------------------------------------------------------------
INFO - 1401/04/11-16:6:59 - Database object initialized.
------------------------------------------------------------------------------
INFO - 1401/04/11-16:6:59 - Get available camera serials using camera-connecton API.
------------------------------------------------------------------------------
WARNING - 1401/04/11-16:6:59 - Some Cameras are not connected.
------------------------------------------------------------------------------
INFO - 1401/04/11-16:6:59 - Timer for checking storage initialized.
------------------------------------------------------------------------------
INFO - 1401/04/11-16:7:6 - User logined with username: ali.
------------------------------------------------------------------------------
INFO - 1401/04/11-16:7:8 - Users list loaded from database
------------------------------------------------------------------------------
INFO - 1401/04/11-16:7:14 - New user created
------------------------------------------------------------------------------
INFO - 1401/04/11-16:7:14 - Users list loaded from database
------------------------------------------------------------------------------
INFO - 1401/04/11-16:9:51 - Users list loaded from database
------------------------------------------------------------------------------
INFO - 1401/04/11-16:9:58 - Setting app closed.
------------------------------------------------------------------------------
