INFO - 1401/04/11-14:54:3 - UI object for setting app created.
------------------------------------------------------------------------------
INFO - 1401/04/11-14:54:3 - UI object initialized and setting app loaded.
------------------------------------------------------------------------------
INFO - 1401/04/11-14:54:3 - Creating API object.
------------------------------------------------------------------------------
INFO - 1401/04/11-14:54:3 - Login UI object initialized.
------------------------------------------------------------------------------
INFO - 1401/04/11-14:54:3 - Confirmaton UI object initialized.
------------------------------------------------------------------------------
INFO - 1401/04/11-14:54:3 - Notficaion UI object initialized.
------------------------------------------------------------------------------
INFO - 1401/04/11-14:54:3 - Connected to MySQL Server version 8.0.29
------------------------------------------------------------------------------
INFO - 1401/04/11-14:54:3 - Connected to database [('saba_database',)]
------------------------------------------------------------------------------
INFO - 1401/04/11-14:54:3 - MySQL connection is closed
------------------------------------------------------------------------------
INFO - 1401/04/11-14:54:3 - Login API object initialized.
------------------------------------------------------------------------------
INFO - 1401/04/11-14:54:3 - Connected to MySQL Server version 8.0.29
------------------------------------------------------------------------------
INFO - 1401/04/11-14:54:3 - Connected to database [('saba_database',)]
------------------------------------------------------------------------------
INFO - 1401/04/11-14:54:3 - MySQL connection is closed
------------------------------------------------------------------------------
INFO - 1401/04/11-14:54:3 - Database object initialized.
------------------------------------------------------------------------------
INFO - 1401/04/11-14:54:4 - Get available camera serials using camera-connecton API.
------------------------------------------------------------------------------
WARNING - 1401/04/11-14:54:4 - Some Cameras are not connected.
------------------------------------------------------------------------------
INFO - 1401/04/11-14:54:4 - Timer for checking storage initialized.
------------------------------------------------------------------------------
INFO - 1401/04/11-14:54:10 - User logined with username: ali.
------------------------------------------------------------------------------
INFO - 1401/04/11-14:58:40 - Settings for camera live drive applied
------------------------------------------------------------------------------
WARNING - 1401/04/11-14:59:4 - Start removing old files
------------------------------------------------------------------------------
INFO - 1401/04/11-15:0:4 - Old files cleared, space available now
------------------------------------------------------------------------------
INFO - 1401/04/11-15:0:9 - Setting app minimized to taskbar.
------------------------------------------------------------------------------
INFO - 1401/04/11-15:3:36 - Setting app closed.
------------------------------------------------------------------------------
