INFO - 1401/04/11-13:40:5 - UI object for setting app created.
------------------------------------------------------------------------------
INFO - 1401/04/11-13:40:5 - UI object initialized and setting app loaded.
------------------------------------------------------------------------------
INFO - 1401/04/11-13:40:5 - Creating API object.
------------------------------------------------------------------------------
INFO - 1401/04/11-13:40:5 - Login UI object initialized.
------------------------------------------------------------------------------
INFO - 1401/04/11-13:40:5 - Confirmaton UI object initialized.
------------------------------------------------------------------------------
INFO - 1401/04/11-13:40:5 - Notficaion UI object initialized.
------------------------------------------------------------------------------
INFO - 1401/04/11-13:40:5 - Connected to MySQL Server version 8.0.29
------------------------------------------------------------------------------
INFO - 1401/04/11-13:40:5 - Connected to database [('saba_database',)]
------------------------------------------------------------------------------
INFO - 1401/04/11-13:40:5 - MySQL connection is closed
------------------------------------------------------------------------------
INFO - 1401/04/11-13:40:5 - Login API object initialized.
------------------------------------------------------------------------------
INFO - 1401/04/11-13:40:5 - Connected to MySQL Server version 8.0.29
------------------------------------------------------------------------------
INFO - 1401/04/11-13:40:5 - Connected to database [('saba_database',)]
------------------------------------------------------------------------------
INFO - 1401/04/11-13:40:5 - MySQL connection is closed
------------------------------------------------------------------------------
INFO - 1401/04/11-13:40:5 - Database object initialized.
------------------------------------------------------------------------------
INFO - 1401/04/11-13:40:6 - Get available camera serials using camera-connecton API.
------------------------------------------------------------------------------
WARNING - 1401/04/11-13:40:6 - Some Cameras are not connected.
------------------------------------------------------------------------------
INFO - 1401/04/11-13:40:6 - Timer for checking storage initialized.
------------------------------------------------------------------------------
INFO - 1401/04/11-13:40:12 - User logined with username: ali.
------------------------------------------------------------------------------
ERROR - 1401/04/11-13:41:6 - Current drive contains other files taken space, please remove them manually
------------------------------------------------------------------------------
ERROR - 1401/04/11-13:42:6 - Current drive contains other files taken space, please remove them manually
------------------------------------------------------------------------------
ERROR - 1401/04/11-13:43:6 - Current drive contains other files taken space, please remove them manually
------------------------------------------------------------------------------
INFO - 1401/04/11-13:43:41 - Setting app closed.
------------------------------------------------------------------------------
