INFO - 1401/04/11-18:28:12 - UI object for setting app created.
------------------------------------------------------------------------------
INFO - 1401/04/11-18:28:12 - UI object initialized and setting app loaded.
------------------------------------------------------------------------------
INFO - 1401/04/11-18:28:12 - Creating API object.
------------------------------------------------------------------------------
INFO - 1401/04/11-18:28:12 - Login UI object initialized.
------------------------------------------------------------------------------
INFO - 1401/04/11-18:28:12 - Confirmaton UI object initialized.
------------------------------------------------------------------------------
INFO - 1401/04/11-18:28:12 - Notficaion UI object initialized.
------------------------------------------------------------------------------
INFO - 1401/04/11-18:28:12 - Connected to MySQL Server version 8.0.29
------------------------------------------------------------------------------
INFO - 1401/04/11-18:28:12 - Connected to database [('saba_database',)]
------------------------------------------------------------------------------
INFO - 1401/04/11-18:28:12 - MySQL connection is closed
------------------------------------------------------------------------------
INFO - 1401/04/11-18:28:12 - Login API object initialized.
------------------------------------------------------------------------------
INFO - 1401/04/11-18:28:12 - Connected to MySQL Server version 8.0.29
------------------------------------------------------------------------------
INFO - 1401/04/11-18:28:12 - Connected to database [('saba_database',)]
------------------------------------------------------------------------------
INFO - 1401/04/11-18:28:12 - MySQL connection is closed
------------------------------------------------------------------------------
INFO - 1401/04/11-18:28:12 - Database object initialized.
------------------------------------------------------------------------------
INFO - 1401/04/11-18:28:13 - Get available camera serials using camera-connecton API.
------------------------------------------------------------------------------
WARNING - 1401/04/11-18:28:13 - Some Cameras are not connected.
------------------------------------------------------------------------------
INFO - 1401/04/11-18:28:14 - Timer for checking storage initialized.
------------------------------------------------------------------------------
INFO - 1401/04/11-18:28:22 - User logined with username: ali.
------------------------------------------------------------------------------
WARNING - 1401/04/11-18:28:34 - Start removing old files
------------------------------------------------------------------------------
INFO - 1401/04/11-18:31:54 - Old files cleared, space available now
------------------------------------------------------------------------------
WARNING - 1401/04/11-18:34:14 - Start removing old files
------------------------------------------------------------------------------
INFO - 1401/04/11-18:35:54 - Old files cleared, space available now
------------------------------------------------------------------------------
WARNING - 1401/04/11-18:36:34 - Start removing old files
------------------------------------------------------------------------------
INFO - 1401/04/11-18:37:14 - Old files cleared, space available now
------------------------------------------------------------------------------
WARNING - 1401/04/11-18:39:34 - Start removing old files
------------------------------------------------------------------------------
INFO - 1401/04/11-18:41:54 - Old files cleared, space available now
------------------------------------------------------------------------------
WARNING - 1401/04/11-18:43:34 - Start removing old files
------------------------------------------------------------------------------
INFO - 1401/04/11-18:45:14 - Old files cleared, space available now
------------------------------------------------------------------------------
WARNING - 1401/04/11-18:47:14 - Start removing old files
------------------------------------------------------------------------------
INFO - 1401/04/11-18:48:54 - Old files cleared, space available now
------------------------------------------------------------------------------
WARNING - 1401/04/11-18:50:54 - Start removing old files
------------------------------------------------------------------------------
INFO - 1401/04/11-18:52:54 - Old files cleared, space available now
------------------------------------------------------------------------------
WARNING - 1401/04/11-18:55:17 - Start removing old files
------------------------------------------------------------------------------
INFO - 1401/04/11-18:56:54 - Old files cleared, space available now
------------------------------------------------------------------------------
WARNING - 1401/04/11-18:59:14 - Start removing old files
------------------------------------------------------------------------------
INFO - 1401/04/11-19:1:14 - Old files cleared, space available now
------------------------------------------------------------------------------
WARNING - 1401/04/11-19:3:14 - Start removing old files
------------------------------------------------------------------------------
INFO - 1401/04/11-19:5:14 - Old files cleared, space available now
------------------------------------------------------------------------------
WARNING - 1401/04/11-19:7:14 - Start removing old files
------------------------------------------------------------------------------
INFO - 1401/04/11-19:9:14 - Old files cleared, space available now
------------------------------------------------------------------------------
WARNING - 1401/04/11-19:11:14 - Start removing old files
------------------------------------------------------------------------------
INFO - 1401/04/11-19:12:54 - Old files cleared, space available now
------------------------------------------------------------------------------
WARNING - 1401/04/11-19:15:16 - Start removing old files
------------------------------------------------------------------------------
INFO - 1401/04/11-19:17:14 - Old files cleared, space available now
------------------------------------------------------------------------------
WARNING - 1401/04/11-19:19:14 - Start removing old files
------------------------------------------------------------------------------
INFO - 1401/04/11-19:21:14 - Old files cleared, space available now
------------------------------------------------------------------------------
WARNING - 1401/04/11-19:23:14 - Start removing old files
------------------------------------------------------------------------------
INFO - 1401/04/11-19:25:14 - Old files cleared, space available now
------------------------------------------------------------------------------
WARNING - 1401/04/11-19:27:14 - Start removing old files
------------------------------------------------------------------------------
INFO - 1401/04/11-19:29:14 - Old files cleared, space available now
------------------------------------------------------------------------------
WARNING - 1401/04/11-19:31:35 - Start removing old files
------------------------------------------------------------------------------
INFO - 1401/04/11-19:33:14 - Old files cleared, space available now
------------------------------------------------------------------------------
WARNING - 1401/04/11-19:35:34 - Start removing old files
------------------------------------------------------------------------------
INFO - 1401/04/11-19:37:34 - Old files cleared, space available now
------------------------------------------------------------------------------
WARNING - 1401/04/11-19:39:34 - Start removing old files
------------------------------------------------------------------------------
INFO - 1401/04/11-19:41:54 - Old files cleared, space available now
------------------------------------------------------------------------------
WARNING - 1401/04/11-19:43:54 - Start removing old files
------------------------------------------------------------------------------
INFO - 1401/04/11-19:45:34 - Old files cleared, space available now
------------------------------------------------------------------------------
WARNING - 1401/04/11-19:47:55 - Start removing old files
------------------------------------------------------------------------------
INFO - 1401/04/11-19:49:34 - Old files cleared, space available now
------------------------------------------------------------------------------
WARNING - 1401/04/11-19:51:34 - Start removing old files
------------------------------------------------------------------------------
INFO - 1401/04/11-19:53:34 - Old files cleared, space available now
------------------------------------------------------------------------------
WARNING - 1401/04/11-19:55:35 - Start removing old files
------------------------------------------------------------------------------
INFO - 1401/04/11-19:57:34 - Old files cleared, space available now
------------------------------------------------------------------------------
WARNING - 1401/04/11-19:59:35 - Start removing old files
------------------------------------------------------------------------------
INFO - 1401/04/11-20:1:34 - Old files cleared, space available now
------------------------------------------------------------------------------
WARNING - 1401/04/11-20:3:36 - Start removing old files
------------------------------------------------------------------------------
INFO - 1401/04/11-20:5:34 - Old files cleared, space available now
------------------------------------------------------------------------------
WARNING - 1401/04/11-20:7:36 - Start removing old files
------------------------------------------------------------------------------
INFO - 1401/04/11-20:9:14 - Old files cleared, space available now
------------------------------------------------------------------------------
WARNING - 1401/04/11-20:11:34 - Start removing old files
------------------------------------------------------------------------------
INFO - 1401/04/11-20:13:54 - Old files cleared, space available now
------------------------------------------------------------------------------
WARNING - 1401/04/11-20:15:34 - Start removing old files
------------------------------------------------------------------------------
INFO - 1401/04/11-20:17:54 - Old files cleared, space available now
------------------------------------------------------------------------------
WARNING - 1401/04/11-20:19:34 - Start removing old files
------------------------------------------------------------------------------
INFO - 1401/04/11-20:21:34 - Old files cleared, space available now
------------------------------------------------------------------------------
WARNING - 1401/04/11-20:23:35 - Start removing old files
------------------------------------------------------------------------------
INFO - 1401/04/11-20:25:14 - Old files cleared, space available now
------------------------------------------------------------------------------
WARNING - 1401/04/11-20:27:34 - Start removing old files
------------------------------------------------------------------------------
INFO - 1401/04/11-20:29:14 - Old files cleared, space available now
------------------------------------------------------------------------------
WARNING - 1401/04/11-20:31:34 - Start removing old files
------------------------------------------------------------------------------
INFO - 1401/04/11-20:33:34 - Old files cleared, space available now
------------------------------------------------------------------------------
WARNING - 1401/04/11-20:35:36 - Start removing old files
------------------------------------------------------------------------------
INFO - 1401/04/11-20:37:34 - Old files cleared, space available now
------------------------------------------------------------------------------
WARNING - 1401/04/11-20:39:34 - Start removing old files
------------------------------------------------------------------------------
INFO - 1401/04/11-20:41:34 - Old files cleared, space available now
------------------------------------------------------------------------------
WARNING - 1401/04/11-20:43:34 - Start removing old files
------------------------------------------------------------------------------
INFO - 1401/04/11-20:45:14 - Old files cleared, space available now
------------------------------------------------------------------------------
WARNING - 1401/04/11-20:47:34 - Start removing old files
------------------------------------------------------------------------------
INFO - 1401/04/11-20:49:14 - Old files cleared, space available now
------------------------------------------------------------------------------
WARNING - 1401/04/11-20:51:34 - Start removing old files
------------------------------------------------------------------------------
INFO - 1401/04/11-20:54:14 - Old files cleared, space available now
------------------------------------------------------------------------------
WARNING - 1401/04/11-20:56:14 - Start removing old files
------------------------------------------------------------------------------
INFO - 1401/04/11-20:58:14 - Old files cleared, space available now
------------------------------------------------------------------------------
WARNING - 1401/04/11-21:0:36 - Start removing old files
------------------------------------------------------------------------------
INFO - 1401/04/11-21:2:14 - Old files cleared, space available now
------------------------------------------------------------------------------
WARNING - 1401/04/11-21:4:14 - Start removing old files
------------------------------------------------------------------------------
INFO - 1401/04/11-21:5:54 - Old files cleared, space available now
------------------------------------------------------------------------------
WARNING - 1401/04/11-21:8:15 - Start removing old files
------------------------------------------------------------------------------
INFO - 1401/04/11-21:10:34 - Old files cleared, space available now
------------------------------------------------------------------------------
WARNING - 1401/04/11-21:12:35 - Start removing old files
------------------------------------------------------------------------------
INFO - 1401/04/11-21:14:34 - Old files cleared, space available now
------------------------------------------------------------------------------
WARNING - 1401/04/11-21:16:34 - Start removing old files
------------------------------------------------------------------------------
INFO - 1401/04/11-21:18:14 - Old files cleared, space available now
------------------------------------------------------------------------------
WARNING - 1401/04/11-21:20:34 - Start removing old files
------------------------------------------------------------------------------
INFO - 1401/04/11-21:22:14 - Old files cleared, space available now
------------------------------------------------------------------------------
WARNING - 1401/04/11-21:24:34 - Start removing old files
------------------------------------------------------------------------------
INFO - 1401/04/11-21:26:54 - Old files cleared, space available now
------------------------------------------------------------------------------
WARNING - 1401/04/11-21:28:56 - Start removing old files
------------------------------------------------------------------------------
INFO - 1401/04/11-21:30:54 - Old files cleared, space available now
------------------------------------------------------------------------------
WARNING - 1401/04/11-21:32:54 - Start removing old files
------------------------------------------------------------------------------
INFO - 1401/04/11-21:34:34 - Old files cleared, space available now
------------------------------------------------------------------------------
WARNING - 1401/04/11-21:36:56 - Start removing old files
------------------------------------------------------------------------------
INFO - 1401/04/11-21:38:34 - Old files cleared, space available now
------------------------------------------------------------------------------
WARNING - 1401/04/11-21:40:54 - Start removing old files
------------------------------------------------------------------------------
INFO - 1401/04/11-21:43:14 - Old files cleared, space available now
------------------------------------------------------------------------------
WARNING - 1401/04/11-21:45:14 - Start removing old files
------------------------------------------------------------------------------
INFO - 1401/04/11-21:47:34 - Old files cleared, space available now
------------------------------------------------------------------------------
WARNING - 1401/04/11-21:49:34 - Start removing old files
------------------------------------------------------------------------------
INFO - 1401/04/11-21:51:14 - Old files cleared, space available now
------------------------------------------------------------------------------
WARNING - 1401/04/11-21:53:34 - Start removing old files
------------------------------------------------------------------------------
INFO - 1401/04/11-21:55:14 - Old files cleared, space available now
------------------------------------------------------------------------------
WARNING - 1401/04/11-21:57:34 - Start removing old files
------------------------------------------------------------------------------
INFO - 1401/04/11-21:59:34 - Old files cleared, space available now
------------------------------------------------------------------------------
WARNING - 1401/04/11-22:1:34 - Start removing old files
------------------------------------------------------------------------------
INFO - 1401/04/11-22:3:34 - Old files cleared, space available now
------------------------------------------------------------------------------
WARNING - 1401/04/11-22:5:37 - Start removing old files
------------------------------------------------------------------------------
INFO - 1401/04/11-22:7:34 - Old files cleared, space available now
------------------------------------------------------------------------------
WARNING - 1401/04/11-22:9:34 - Start removing old files
------------------------------------------------------------------------------
INFO - 1401/04/11-22:11:14 - Old files cleared, space available now
------------------------------------------------------------------------------
WARNING - 1401/04/11-22:13:34 - Start removing old files
------------------------------------------------------------------------------
INFO - 1401/04/11-22:15:34 - Old files cleared, space available now
------------------------------------------------------------------------------
WARNING - 1401/04/11-22:17:34 - Start removing old files
------------------------------------------------------------------------------
INFO - 1401/04/11-22:19:54 - Old files cleared, space available now
------------------------------------------------------------------------------
WARNING - 1401/04/11-22:21:54 - Start removing old files
------------------------------------------------------------------------------
INFO - 1401/04/11-22:23:54 - Old files cleared, space available now
------------------------------------------------------------------------------
WARNING - 1401/04/11-22:26:15 - Start removing old files
------------------------------------------------------------------------------
INFO - 1401/04/11-22:27:54 - Old files cleared, space available now
------------------------------------------------------------------------------
WARNING - 1401/04/11-22:30:14 - Start removing old files
------------------------------------------------------------------------------
INFO - 1401/04/11-22:32:34 - Old files cleared, space available now
------------------------------------------------------------------------------
WARNING - 1401/04/11-22:34:34 - Start removing old files
------------------------------------------------------------------------------
INFO - 1401/04/11-22:36:54 - Old files cleared, space available now
------------------------------------------------------------------------------
WARNING - 1401/04/11-22:38:34 - Start removing old files
------------------------------------------------------------------------------
INFO - 1401/04/11-22:40:14 - Old files cleared, space available now
------------------------------------------------------------------------------
WARNING - 1401/04/11-22:42:16 - Start removing old files
------------------------------------------------------------------------------
INFO - 1401/04/11-22:43:54 - Old files cleared, space available now
------------------------------------------------------------------------------
WARNING - 1401/04/11-22:46:14 - Start removing old files
------------------------------------------------------------------------------
INFO - 1401/04/11-22:48:14 - Old files cleared, space available now
------------------------------------------------------------------------------
WARNING - 1401/04/11-22:50:14 - Start removing old files
------------------------------------------------------------------------------
INFO - 1401/04/11-22:52:34 - Old files cleared, space available now
------------------------------------------------------------------------------
WARNING - 1401/04/11-22:54:34 - Start removing old files
------------------------------------------------------------------------------
INFO - 1401/04/11-22:56:34 - Old files cleared, space available now
------------------------------------------------------------------------------
WARNING - 1401/04/11-22:58:54 - Start removing old files
------------------------------------------------------------------------------
INFO - 1401/04/11-23:0:34 - Old files cleared, space available now
------------------------------------------------------------------------------
WARNING - 1401/04/11-23:2:54 - Start removing old files
------------------------------------------------------------------------------
INFO - 1401/04/11-23:4:54 - Old files cleared, space available now
------------------------------------------------------------------------------
WARNING - 1401/04/11-23:6:54 - Start removing old files
------------------------------------------------------------------------------
INFO - 1401/04/11-23:8:54 - Old files cleared, space available now
------------------------------------------------------------------------------
WARNING - 1401/04/11-23:10:54 - Start removing old files
------------------------------------------------------------------------------
INFO - 1401/04/11-23:12:54 - Old files cleared, space available now
------------------------------------------------------------------------------
WARNING - 1401/04/11-23:14:54 - Start removing old files
------------------------------------------------------------------------------
INFO - 1401/04/11-23:16:34 - Old files cleared, space available now
------------------------------------------------------------------------------
WARNING - 1401/04/11-23:18:54 - Start removing old files
------------------------------------------------------------------------------
INFO - 1401/04/11-23:20:34 - Old files cleared, space available now
------------------------------------------------------------------------------
WARNING - 1401/04/11-23:22:54 - Start removing old files
------------------------------------------------------------------------------
INFO - 1401/04/11-23:24:54 - Old files cleared, space available now
------------------------------------------------------------------------------
WARNING - 1401/04/11-23:26:56 - Start removing old files
------------------------------------------------------------------------------
INFO - 1401/04/11-23:28:54 - Old files cleared, space available now
------------------------------------------------------------------------------
WARNING - 1401/04/11-23:30:54 - Start removing old files
------------------------------------------------------------------------------
INFO - 1401/04/11-23:32:54 - Old files cleared, space available now
------------------------------------------------------------------------------
WARNING - 1401/04/11-23:34:54 - Start removing old files
------------------------------------------------------------------------------
INFO - 1401/04/11-23:36:54 - Old files cleared, space available now
------------------------------------------------------------------------------
WARNING - 1401/04/11-23:39:14 - Start removing old files
------------------------------------------------------------------------------
INFO - 1401/04/11-23:41:14 - Old files cleared, space available now
------------------------------------------------------------------------------
WARNING - 1401/04/11-23:43:14 - Start removing old files
------------------------------------------------------------------------------
INFO - 1401/04/11-23:45:14 - Old files cleared, space available now
------------------------------------------------------------------------------
WARNING - 1401/04/11-23:47:14 - Start removing old files
------------------------------------------------------------------------------
INFO - 1401/04/11-23:49:14 - Old files cleared, space available now
------------------------------------------------------------------------------
WARNING - 1401/04/11-23:51:14 - Start removing old files
------------------------------------------------------------------------------
INFO - 1401/04/11-23:53:14 - Old files cleared, space available now
------------------------------------------------------------------------------
WARNING - 1401/04/11-23:55:14 - Start removing old files
------------------------------------------------------------------------------
INFO - 1401/04/11-23:57:14 - Old files cleared, space available now
------------------------------------------------------------------------------
WARNING - 1401/04/11-23:59:14 - Start removing old files
------------------------------------------------------------------------------
INFO - 1401/04/12-0:0:54 - Old files cleared, space available now
------------------------------------------------------------------------------
WARNING - 1401/04/12-0:3:14 - Start removing old files
------------------------------------------------------------------------------
INFO - 1401/04/12-0:5:34 - Old files cleared, space available now
------------------------------------------------------------------------------
WARNING - 1401/04/12-0:7:34 - Start removing old files
------------------------------------------------------------------------------
INFO - 1401/04/12-0:9:34 - Old files cleared, space available now
------------------------------------------------------------------------------
WARNING - 1401/04/12-0:11:34 - Start removing old files
------------------------------------------------------------------------------
INFO - 1401/04/12-0:13:34 - Old files cleared, space available now
------------------------------------------------------------------------------
WARNING - 1401/04/12-0:15:36 - Start removing old files
------------------------------------------------------------------------------
INFO - 1401/04/12-0:17:14 - Old files cleared, space available now
------------------------------------------------------------------------------
WARNING - 1401/04/12-0:19:34 - Start removing old files
------------------------------------------------------------------------------
INFO - 1401/04/12-0:21:34 - Old files cleared, space available now
------------------------------------------------------------------------------
WARNING - 1401/04/12-0:23:36 - Start removing old files
------------------------------------------------------------------------------
INFO - 1401/04/12-0:25:34 - Old files cleared, space available now
------------------------------------------------------------------------------
WARNING - 1401/04/12-0:27:34 - Start removing old files
------------------------------------------------------------------------------
INFO - 1401/04/12-0:29:34 - Old files cleared, space available now
------------------------------------------------------------------------------
WARNING - 1401/04/12-0:31:34 - Start removing old files
------------------------------------------------------------------------------
INFO - 1401/04/12-0:33:14 - Old files cleared, space available now
------------------------------------------------------------------------------
WARNING - 1401/04/12-0:35:34 - Start removing old files
------------------------------------------------------------------------------
INFO - 1401/04/12-0:37:14 - Old files cleared, space available now
------------------------------------------------------------------------------
WARNING - 1401/04/12-0:39:35 - Start removing old files
------------------------------------------------------------------------------
INFO - 1401/04/12-0:41:54 - Old files cleared, space available now
------------------------------------------------------------------------------
WARNING - 1401/04/12-0:43:54 - Start removing old files
------------------------------------------------------------------------------
INFO - 1401/04/12-0:45:54 - Old files cleared, space available now
------------------------------------------------------------------------------
WARNING - 1401/04/12-0:48:18 - Start removing old files
------------------------------------------------------------------------------
INFO - 1401/04/12-0:50:14 - Old files cleared, space available now
------------------------------------------------------------------------------
WARNING - 1401/04/12-0:52:14 - Start removing old files
------------------------------------------------------------------------------
INFO - 1401/04/12-0:53:54 - Old files cleared, space available now
------------------------------------------------------------------------------
WARNING - 1401/04/12-0:55:55 - Start removing old files
------------------------------------------------------------------------------
INFO - 1401/04/12-0:57:54 - Old files cleared, space available now
------------------------------------------------------------------------------
WARNING - 1401/04/12-0:59:54 - Start removing old files
------------------------------------------------------------------------------
INFO - 1401/04/12-1:2:14 - Old files cleared, space available now
------------------------------------------------------------------------------
WARNING - 1401/04/12-1:4:14 - Start removing old files
------------------------------------------------------------------------------
INFO - 1401/04/12-1:5:54 - Old files cleared, space available now
------------------------------------------------------------------------------
WARNING - 1401/04/12-1:8:15 - Start removing old files
------------------------------------------------------------------------------
INFO - 1401/04/12-1:10:14 - Old files cleared, space available now
------------------------------------------------------------------------------
WARNING - 1401/04/12-1:12:14 - Start removing old files
------------------------------------------------------------------------------
INFO - 1401/04/12-1:13:54 - Old files cleared, space available now
------------------------------------------------------------------------------
WARNING - 1401/04/12-1:15:54 - Start removing old files
------------------------------------------------------------------------------
INFO - 1401/04/12-1:17:34 - Old files cleared, space available now
------------------------------------------------------------------------------
WARNING - 1401/04/12-1:19:34 - Start removing old files
------------------------------------------------------------------------------
INFO - 1401/04/12-1:21:54 - Old files cleared, space available now
------------------------------------------------------------------------------
WARNING - 1401/04/12-1:23:54 - Start removing old files
------------------------------------------------------------------------------
INFO - 1401/04/12-1:25:54 - Old files cleared, space available now
------------------------------------------------------------------------------
WARNING - 1401/04/12-1:27:55 - Start removing old files
------------------------------------------------------------------------------
INFO - 1401/04/12-1:29:34 - Old files cleared, space available now
------------------------------------------------------------------------------
WARNING - 1401/04/12-1:31:36 - Start removing old files
------------------------------------------------------------------------------
INFO - 1401/04/12-1:33:14 - Old files cleared, space available now
------------------------------------------------------------------------------
WARNING - 1401/04/12-1:35:14 - Start removing old files
------------------------------------------------------------------------------
INFO - 1401/04/12-1:37:14 - Old files cleared, space available now
------------------------------------------------------------------------------
WARNING - 1401/04/12-1:39:14 - Start removing old files
------------------------------------------------------------------------------
INFO - 1401/04/12-1:41:34 - Old files cleared, space available now
------------------------------------------------------------------------------
WARNING - 1401/04/12-1:43:36 - Start removing old files
------------------------------------------------------------------------------
INFO - 1401/04/12-1:45:34 - Old files cleared, space available now
------------------------------------------------------------------------------
WARNING - 1401/04/12-1:47:54 - Start removing old files
------------------------------------------------------------------------------
INFO - 1401/04/12-1:49:54 - Old files cleared, space available now
------------------------------------------------------------------------------
WARNING - 1401/04/12-1:51:54 - Start removing old files
------------------------------------------------------------------------------
INFO - 1401/04/12-1:53:54 - Old files cleared, space available now
------------------------------------------------------------------------------
WARNING - 1401/04/12-1:55:54 - Start removing old files
------------------------------------------------------------------------------
INFO - 1401/04/12-1:57:54 - Old files cleared, space available now
------------------------------------------------------------------------------
WARNING - 1401/04/12-1:59:54 - Start removing old files
------------------------------------------------------------------------------
INFO - 1401/04/12-2:1:34 - Old files cleared, space available now
------------------------------------------------------------------------------
WARNING - 1401/04/12-2:3:54 - Start removing old files
------------------------------------------------------------------------------
INFO - 1401/04/12-2:5:34 - Old files cleared, space available now
------------------------------------------------------------------------------
WARNING - 1401/04/12-2:7:54 - Start removing old files
------------------------------------------------------------------------------
INFO - 1401/04/12-2:9:54 - Old files cleared, space available now
------------------------------------------------------------------------------
WARNING - 1401/04/12-2:11:55 - Start removing old files
------------------------------------------------------------------------------
INFO - 1401/04/12-2:14:14 - Old files cleared, space available now
------------------------------------------------------------------------------
WARNING - 1401/04/12-2:15:54 - Start removing old files
------------------------------------------------------------------------------
INFO - 1401/04/12-2:17:54 - Old files cleared, space available now
------------------------------------------------------------------------------
WARNING - 1401/04/12-2:19:55 - Start removing old files
------------------------------------------------------------------------------
INFO - 1401/04/12-2:21:54 - Old files cleared, space available now
------------------------------------------------------------------------------
WARNING - 1401/04/12-2:23:54 - Start removing old files
------------------------------------------------------------------------------
INFO - 1401/04/12-2:25:34 - Old files cleared, space available now
------------------------------------------------------------------------------
WARNING - 1401/04/12-2:27:54 - Start removing old files
------------------------------------------------------------------------------
INFO - 1401/04/12-2:30:14 - Old files cleared, space available now
------------------------------------------------------------------------------
WARNING - 1401/04/12-2:31:57 - Start removing old files
------------------------------------------------------------------------------
INFO - 1401/04/12-2:33:54 - Old files cleared, space available now
------------------------------------------------------------------------------
WARNING - 1401/04/12-2:35:54 - Start removing old files
------------------------------------------------------------------------------
INFO - 1401/04/12-2:37:54 - Old files cleared, space available now
------------------------------------------------------------------------------
WARNING - 1401/04/12-2:39:55 - Start removing old files
------------------------------------------------------------------------------
INFO - 1401/04/12-2:41:34 - Old files cleared, space available now
------------------------------------------------------------------------------
WARNING - 1401/04/12-2:43:34 - Start removing old files
------------------------------------------------------------------------------
INFO - 1401/04/12-2:45:14 - Old files cleared, space available now
------------------------------------------------------------------------------
WARNING - 1401/04/12-2:47:34 - Start removing old files
------------------------------------------------------------------------------
INFO - 1401/04/12-2:49:54 - Old files cleared, space available now
------------------------------------------------------------------------------
WARNING - 1401/04/12-2:51:34 - Start removing old files
------------------------------------------------------------------------------
INFO - 1401/04/12-2:53:34 - Old files cleared, space available now
------------------------------------------------------------------------------
WARNING - 1401/04/12-2:55:34 - Start removing old files
------------------------------------------------------------------------------
INFO - 1401/04/12-2:57:34 - Old files cleared, space available now
------------------------------------------------------------------------------
WARNING - 1401/04/12-2:59:34 - Start removing old files
------------------------------------------------------------------------------
INFO - 1401/04/12-3:1:14 - Old files cleared, space available now
------------------------------------------------------------------------------
WARNING - 1401/04/12-3:3:34 - Start removing old files
------------------------------------------------------------------------------
INFO - 1401/04/12-3:5:34 - Old files cleared, space available now
------------------------------------------------------------------------------
WARNING - 1401/04/12-3:7:34 - Start removing old files
------------------------------------------------------------------------------
INFO - 1401/04/12-3:9:34 - Old files cleared, space available now
------------------------------------------------------------------------------
WARNING - 1401/04/12-3:11:34 - Start removing old files
------------------------------------------------------------------------------
INFO - 1401/04/12-3:13:34 - Old files cleared, space available now
------------------------------------------------------------------------------
WARNING - 1401/04/12-3:15:34 - Start removing old files
------------------------------------------------------------------------------
INFO - 1401/04/12-3:17:34 - Old files cleared, space available now
------------------------------------------------------------------------------
WARNING - 1401/04/12-3:19:36 - Start removing old files
------------------------------------------------------------------------------
INFO - 1401/04/12-3:21:14 - Old files cleared, space available now
------------------------------------------------------------------------------
WARNING - 1401/04/12-3:23:14 - Start removing old files
------------------------------------------------------------------------------
INFO - 1401/04/12-3:25:14 - Old files cleared, space available now
------------------------------------------------------------------------------
WARNING - 1401/04/12-3:27:14 - Start removing old files
------------------------------------------------------------------------------
INFO - 1401/04/12-3:29:34 - Old files cleared, space available now
------------------------------------------------------------------------------
WARNING - 1401/04/12-3:31:36 - Start removing old files
------------------------------------------------------------------------------
INFO - 1401/04/12-3:33:14 - Old files cleared, space available now
------------------------------------------------------------------------------
WARNING - 1401/04/12-3:35:34 - Start removing old files
------------------------------------------------------------------------------
INFO - 1401/04/12-3:37:14 - Old files cleared, space available now
------------------------------------------------------------------------------
WARNING - 1401/04/12-3:39:14 - Start removing old files
------------------------------------------------------------------------------
INFO - 1401/04/12-3:41:14 - Old files cleared, space available now
------------------------------------------------------------------------------
WARNING - 1401/04/12-3:42:54 - Start removing old files
------------------------------------------------------------------------------
INFO - 1401/04/12-3:44:54 - Old files cleared, space available now
------------------------------------------------------------------------------
WARNING - 1401/04/12-3:46:54 - Start removing old files
------------------------------------------------------------------------------
INFO - 1401/04/12-3:48:54 - Old files cleared, space available now
------------------------------------------------------------------------------
WARNING - 1401/04/12-3:50:54 - Start removing old files
------------------------------------------------------------------------------
INFO - 1401/04/12-3:52:54 - Old files cleared, space available now
------------------------------------------------------------------------------
WARNING - 1401/04/12-3:54:55 - Start removing old files
------------------------------------------------------------------------------
INFO - 1401/04/12-3:56:34 - Old files cleared, space available now
------------------------------------------------------------------------------
WARNING - 1401/04/12-3:58:34 - Start removing old files
------------------------------------------------------------------------------
INFO - 1401/04/12-4:0:34 - Old files cleared, space available now
------------------------------------------------------------------------------
WARNING - 1401/04/12-4:2:34 - Start removing old files
------------------------------------------------------------------------------
INFO - 1401/04/12-4:4:54 - Old files cleared, space available now
------------------------------------------------------------------------------
WARNING - 1401/04/12-4:6:54 - Start removing old files
------------------------------------------------------------------------------
INFO - 1401/04/12-4:8:34 - Old files cleared, space available now
------------------------------------------------------------------------------
WARNING - 1401/04/12-4:10:54 - Start removing old files
------------------------------------------------------------------------------
INFO - 1401/04/12-4:12:34 - Old files cleared, space available now
------------------------------------------------------------------------------
WARNING - 1401/04/12-4:14:54 - Start removing old files
------------------------------------------------------------------------------
INFO - 1401/04/12-4:17:14 - Old files cleared, space available now
------------------------------------------------------------------------------
WARNING - 1401/04/12-4:18:55 - Start removing old files
------------------------------------------------------------------------------
INFO - 1401/04/12-4:20:54 - Old files cleared, space available now
------------------------------------------------------------------------------
WARNING - 1401/04/12-4:22:54 - Start removing old files
------------------------------------------------------------------------------
INFO - 1401/04/12-4:24:54 - Old files cleared, space available now
------------------------------------------------------------------------------
WARNING - 1401/04/12-4:26:54 - Start removing old files
------------------------------------------------------------------------------
INFO - 1401/04/12-4:28:34 - Old files cleared, space available now
------------------------------------------------------------------------------
WARNING - 1401/04/12-4:30:54 - Start removing old files
------------------------------------------------------------------------------
INFO - 1401/04/12-4:32:54 - Old files cleared, space available now
------------------------------------------------------------------------------
WARNING - 1401/04/12-4:34:34 - Start removing old files
------------------------------------------------------------------------------
INFO - 1401/04/12-4:36:14 - Old files cleared, space available now
------------------------------------------------------------------------------
WARNING - 1401/04/12-4:37:36 - Start removing old files
------------------------------------------------------------------------------
INFO - 1401/04/12-4:39:34 - Old files cleared, space available now
------------------------------------------------------------------------------
WARNING - 1401/04/12-4:41:34 - Start removing old files
------------------------------------------------------------------------------
INFO - 1401/04/12-4:43:14 - Old files cleared, space available now
------------------------------------------------------------------------------
WARNING - 1401/04/12-4:44:55 - Start removing old files
------------------------------------------------------------------------------
INFO - 1401/04/12-4:46:34 - Old files cleared, space available now
------------------------------------------------------------------------------
WARNING - 1401/04/12-4:48:34 - Start removing old files
------------------------------------------------------------------------------
INFO - 1401/04/12-4:50:34 - Old files cleared, space available now
------------------------------------------------------------------------------
WARNING - 1401/04/12-4:52:14 - Start removing old files
------------------------------------------------------------------------------
INFO - 1401/04/12-4:53:54 - Old files cleared, space available now
------------------------------------------------------------------------------
WARNING - 1401/04/12-4:55:54 - Start removing old files
------------------------------------------------------------------------------
INFO - 1401/04/12-4:57:34 - Old files cleared, space available now
------------------------------------------------------------------------------
WARNING - 1401/04/12-4:58:55 - Start removing old files
------------------------------------------------------------------------------
INFO - 1401/04/12-5:0:14 - Old files cleared, space available now
------------------------------------------------------------------------------
WARNING - 1401/04/12-5:1:54 - Start removing old files
------------------------------------------------------------------------------
INFO - 1401/04/12-5:3:14 - Old files cleared, space available now
------------------------------------------------------------------------------
WARNING - 1401/04/12-5:4:54 - Start removing old files
------------------------------------------------------------------------------
INFO - 1401/04/12-5:6:34 - Old files cleared, space available now
------------------------------------------------------------------------------
WARNING - 1401/04/12-5:7:54 - Start removing old files
------------------------------------------------------------------------------
INFO - 1401/04/12-5:9:14 - Old files cleared, space available now
------------------------------------------------------------------------------
WARNING - 1401/04/12-5:10:55 - Start removing old files
------------------------------------------------------------------------------
INFO - 1401/04/12-5:12:34 - Old files cleared, space available now
------------------------------------------------------------------------------
WARNING - 1401/04/12-5:14:14 - Start removing old files
------------------------------------------------------------------------------
INFO - 1401/04/12-5:16:14 - Old files cleared, space available now
------------------------------------------------------------------------------
WARNING - 1401/04/12-5:18:15 - Start removing old files
------------------------------------------------------------------------------
INFO - 1401/04/12-5:20:34 - Old files cleared, space available now
------------------------------------------------------------------------------
WARNING - 1401/04/12-5:22:55 - Start removing old files
------------------------------------------------------------------------------
INFO - 1401/04/12-5:24:54 - Old files cleared, space available now
------------------------------------------------------------------------------
WARNING - 1401/04/12-5:27:14 - Start removing old files
------------------------------------------------------------------------------
INFO - 1401/04/12-5:29:14 - Old files cleared, space available now
------------------------------------------------------------------------------
WARNING - 1401/04/12-5:31:37 - Start removing old files
------------------------------------------------------------------------------
INFO - 1401/04/12-5:33:54 - Old files cleared, space available now
------------------------------------------------------------------------------
WARNING - 1401/04/12-5:35:54 - Start removing old files
------------------------------------------------------------------------------
INFO - 1401/04/12-5:37:54 - Old files cleared, space available now
------------------------------------------------------------------------------
WARNING - 1401/04/12-5:40:16 - Start removing old files
------------------------------------------------------------------------------
INFO - 1401/04/12-5:42:14 - Old files cleared, space available now
------------------------------------------------------------------------------
WARNING - 1401/04/12-5:44:34 - Start removing old files
------------------------------------------------------------------------------
INFO - 1401/04/12-5:46:14 - Old files cleared, space available now
------------------------------------------------------------------------------
WARNING - 1401/04/12-5:48:34 - Start removing old files
------------------------------------------------------------------------------
INFO - 1401/04/12-5:50:34 - Old files cleared, space available now
------------------------------------------------------------------------------
WARNING - 1401/04/12-5:52:34 - Start removing old files
------------------------------------------------------------------------------
INFO - 1401/04/12-5:54:34 - Old files cleared, space available now
------------------------------------------------------------------------------
WARNING - 1401/04/12-5:56:34 - Start removing old files
------------------------------------------------------------------------------
INFO - 1401/04/12-5:58:34 - Old files cleared, space available now
------------------------------------------------------------------------------
WARNING - 1401/04/12-6:0:34 - Start removing old files
------------------------------------------------------------------------------
INFO - 1401/04/12-6:2:14 - Old files cleared, space available now
------------------------------------------------------------------------------
WARNING - 1401/04/12-6:4:34 - Start removing old files
------------------------------------------------------------------------------
INFO - 1401/04/12-6:6:34 - Old files cleared, space available now
------------------------------------------------------------------------------
WARNING - 1401/04/12-6:8:14 - Start removing old files
------------------------------------------------------------------------------
INFO - 1401/04/12-6:10:14 - Old files cleared, space available now
------------------------------------------------------------------------------
WARNING - 1401/04/12-6:12:15 - Start removing old files
------------------------------------------------------------------------------
INFO - 1401/04/12-6:14:14 - Old files cleared, space available now
------------------------------------------------------------------------------
WARNING - 1401/04/12-6:16:15 - Start removing old files
------------------------------------------------------------------------------
INFO - 1401/04/12-6:18:14 - Old files cleared, space available now
------------------------------------------------------------------------------
WARNING - 1401/04/12-6:20:14 - Start removing old files
------------------------------------------------------------------------------
INFO - 1401/04/12-6:21:54 - Old files cleared, space available now
------------------------------------------------------------------------------
WARNING - 1401/04/12-6:24:17 - Start removing old files
------------------------------------------------------------------------------
INFO - 1401/04/12-6:26:14 - Old files cleared, space available now
------------------------------------------------------------------------------
WARNING - 1401/04/12-6:28:14 - Start removing old files
------------------------------------------------------------------------------
INFO - 1401/04/12-6:30:14 - Old files cleared, space available now
------------------------------------------------------------------------------
WARNING - 1401/04/12-6:32:14 - Start removing old files
------------------------------------------------------------------------------
INFO - 1401/04/12-6:34:14 - Old files cleared, space available now
------------------------------------------------------------------------------
WARNING - 1401/04/12-6:36:15 - Start removing old files
------------------------------------------------------------------------------
INFO - 1401/04/12-6:37:54 - Old files cleared, space available now
------------------------------------------------------------------------------
WARNING - 1401/04/12-6:40:15 - Start removing old files
------------------------------------------------------------------------------
INFO - 1401/04/12-6:41:54 - Old files cleared, space available now
------------------------------------------------------------------------------
WARNING - 1401/04/12-6:44:14 - Start removing old files
------------------------------------------------------------------------------
INFO - 1401/04/12-6:46:14 - Old files cleared, space available now
------------------------------------------------------------------------------
WARNING - 1401/04/12-6:48:14 - Start removing old files
------------------------------------------------------------------------------
INFO - 1401/04/12-6:50:14 - Old files cleared, space available now
------------------------------------------------------------------------------
WARNING - 1401/04/12-6:52:14 - Start removing old files
------------------------------------------------------------------------------
INFO - 1401/04/12-6:54:14 - Old files cleared, space available now
------------------------------------------------------------------------------
WARNING - 1401/04/12-6:56:14 - Start removing old files
------------------------------------------------------------------------------
INFO - 1401/04/12-6:57:54 - Old files cleared, space available now
------------------------------------------------------------------------------
WARNING - 1401/04/12-7:0:14 - Start removing old files
------------------------------------------------------------------------------
INFO - 1401/04/12-7:1:54 - Old files cleared, space available now
------------------------------------------------------------------------------
WARNING - 1401/04/12-7:4:14 - Start removing old files
------------------------------------------------------------------------------
INFO - 1401/04/12-7:6:34 - Old files cleared, space available now
------------------------------------------------------------------------------
WARNING - 1401/04/12-7:8:18 - Start removing old files
------------------------------------------------------------------------------
INFO - 1401/04/12-7:10:14 - Old files cleared, space available now
------------------------------------------------------------------------------
WARNING - 1401/04/12-7:12:14 - Start removing old files
------------------------------------------------------------------------------
INFO - 1401/04/12-7:14:14 - Old files cleared, space available now
------------------------------------------------------------------------------
WARNING - 1401/04/12-7:16:14 - Start removing old files
------------------------------------------------------------------------------
INFO - 1401/04/12-7:17:54 - Old files cleared, space available now
------------------------------------------------------------------------------
WARNING - 1401/04/12-7:20:14 - Start removing old files
------------------------------------------------------------------------------
INFO - 1401/04/12-7:22:14 - Old files cleared, space available now
------------------------------------------------------------------------------
WARNING - 1401/04/12-7:24:17 - Start removing old files
------------------------------------------------------------------------------
INFO - 1401/04/12-7:26:14 - Old files cleared, space available now
------------------------------------------------------------------------------
WARNING - 1401/04/12-7:28:14 - Start removing old files
------------------------------------------------------------------------------
INFO - 1401/04/12-7:30:14 - Old files cleared, space available now
------------------------------------------------------------------------------
WARNING - 1401/04/12-7:32:14 - Start removing old files
------------------------------------------------------------------------------
INFO - 1401/04/12-7:33:54 - Old files cleared, space available now
------------------------------------------------------------------------------
WARNING - 1401/04/12-7:36:16 - Start removing old files
------------------------------------------------------------------------------
INFO - 1401/04/12-7:37:54 - Old files cleared, space available now
------------------------------------------------------------------------------
WARNING - 1401/04/12-7:40:14 - Start removing old files
------------------------------------------------------------------------------
INFO - 1401/04/12-7:42:26 - Setting app closed.
------------------------------------------------------------------------------
