INFO - 1401/04/11-16:43:41 - UI object for setting app created.
------------------------------------------------------------------------------
INFO - 1401/04/11-16:43:41 - UI object initialized and setting app loaded.
------------------------------------------------------------------------------
INFO - 1401/04/11-16:43:41 - Creating API object.
------------------------------------------------------------------------------
INFO - 1401/04/11-16:43:41 - Login UI object initialized.
------------------------------------------------------------------------------
INFO - 1401/04/11-16:43:41 - Confirmaton UI object initialized.
------------------------------------------------------------------------------
INFO - 1401/04/11-16:43:41 - Notficaion UI object initialized.
------------------------------------------------------------------------------
INFO - 1401/04/11-16:43:41 - Connected to MySQL Server version 8.0.29
------------------------------------------------------------------------------
INFO - 1401/04/11-16:43:41 - Connected to database [('saba_database',)]
------------------------------------------------------------------------------
INFO - 1401/04/11-16:43:41 - MySQL connection is closed
------------------------------------------------------------------------------
INFO - 1401/04/11-16:43:41 - Login API object initialized.
------------------------------------------------------------------------------
INFO - 1401/04/11-16:43:41 - Connected to MySQL Server version 8.0.29
------------------------------------------------------------------------------
INFO - 1401/04/11-16:43:41 - Connected to database [('saba_database',)]
------------------------------------------------------------------------------
INFO - 1401/04/11-16:43:41 - MySQL connection is closed
------------------------------------------------------------------------------
INFO - 1401/04/11-16:43:41 - Database object initialized.
------------------------------------------------------------------------------
INFO - 1401/04/11-16:43:43 - Get available camera serials using camera-connecton API.
------------------------------------------------------------------------------
WARNING - 1401/04/11-16:43:43 - Some Cameras are not connected.
------------------------------------------------------------------------------
INFO - 1401/04/11-16:43:44 - Timer for checking storage initialized.
------------------------------------------------------------------------------
INFO - 1401/04/11-16:43:52 - User logined with username: ali.
------------------------------------------------------------------------------
WARNING - 1401/04/11-16:48:44 - Start removing old files
------------------------------------------------------------------------------
INFO - 1401/04/11-16:48:54 - Setting app closed.
------------------------------------------------------------------------------
