\BOOKMARK [0][-]{chapter.1}{\376\377\000E\000l\000e\000c\000t\000r\000i\000c\000a\000l}{}% 1
\BOOKMARK [1][-]{section.1.1}{\376\377\000P\000l\000c}{chapter.1}% 2
\BOOKMARK [2][-]{subsection.1.1.1}{\376\377\000A\000b\000o\000u\000t\000\040\000P\000L\000C}{section.1.1}% 3
\BOOKMARK [2][-]{subsection.1.1.2}{\376\377\000c\000o\000n\000n\000e\000c\000t\000i\000o\000n\000s}{section.1.1}% 4
\BOOKMARK [2][-]{subsection.1.1.3}{\376\377\000I\000n\000s\000t\000r\000u\000c\000t\000i\000o\000n\000\040\000o\000f\000\040\000P\000L\000C}{section.1.1}% 5
\BOOKMARK [2][-]{subsection.1.1.4}{\376\377\000D\000y\000n\000a\000m\000i\000c\000\040\000S\000y\000s\000t\000e\000m\000\040\000C\000o\000n\000n\000e\000c\000t\000i\000o\000n}{section.1.1}% 6
\BOOKMARK [2][-]{subsection.1.1.5}{\376\377\000L\000i\000g\000h\000t\000i\000n\000g\000\040\000s\000y\000s\000t\000e\000m}{section.1.1}% 7
\BOOKMARK [2][-]{subsection.1.1.6}{\376\377\000I\000m\000a\000g\000i\000n\000g\000\040\000s\000y\000s\000t\000e\000m}{section.1.1}% 8
\BOOKMARK [1][-]{section.1.2}{\376\377\000P\000a\000n\000e\000l\000s}{chapter.1}% 9
\BOOKMARK [0][-]{chapter.2}{\376\377\000M\000e\000c\000h\000a\000n\000i\000c\000s}{}% 10
\BOOKMARK [0][-]{chapter.3}{\376\377\000S\000o\000f\000t\000w\000a\000r\000e\000s}{}% 11
\BOOKMARK [1][-]{section.3.1}{\376\377\000M\000a\000i\000n\000\040\000S\000o\000f\000t\000w\000a\000r\000e}{chapter.3}% 12
\BOOKMARK [1][-]{section.3.2}{\376\377\000T\000r\000a\000i\000n\000\040\000S\000o\000f\000t\000w\000a\000r\000e}{chapter.3}% 13
\BOOKMARK [1][-]{section.3.3}{\376\377\000S\000e\000t\000t\000i\000n\000g\000\040\000S\000o\000f\000t\000w\000a\000r\000e}{chapter.3}% 14
\BOOKMARK [2][-]{subsection.3.3.1}{\376\377\000D\000e\000s\000c\000r\000i\000p\000t\000i\000o\000n}{section.3.3}% 15
\BOOKMARK [2][-]{subsection.3.3.2}{\376\377\000D\000i\000r\000e\000c\000t\000o\000r\000i\000e\000s}{section.3.3}% 16
\BOOKMARK [3][-]{subsubsection*.3}{\376\377\000A\000p\000p\000\040\000L\000o\000g\000s}{subsection.3.3.2}% 17
\BOOKMARK [3][-]{subsubsection*.4}{\376\377\000B\000a\000c\000k\000e\000n\000d}{subsection.3.3.2}% 18
\BOOKMARK [4][-]{paragraph*.5}{\376\377\000D\000e\000s\000c\000r\000i\000p\000t\000i\000o\000n}{subsubsection*.4}% 19
\BOOKMARK [4][-]{paragraph*.6}{\376\377\000C\000o\000n\000t\000e\000t\000n\000s\000:}{subsubsection*.4}% 20
\BOOKMARK [5][-]{subparagraph*.7}{\376\377\000a\000d\000d\000\137\000d\000e\000f\000u\000l\000t\000\137\000d\000a\000t\000a\000b\000a\000s\000e\000\137\000r\000e\000c\000o\000r\000d\000s\000\040\000m\000o\000d\000u\000l\000e}{paragraph*.6}% 21
\BOOKMARK [5][-]{subparagraph*.9}{\376\377\000c\000a\000m\000e\000r\000a\000\137\000f\000u\000n\000c\000s\000\040\000m\000o\000d\000u\000l\000e}{paragraph*.6}% 22
\BOOKMARK [5][-]{subparagraph*.40}{\376\377\000c\000a\000m\000e\000r\000a\000\137\000c\000o\000n\000n\000e\000c\000t\000i\000o\000n\000\040\000m\000o\000d\000u\000l\000e}{paragraph*.6}% 23
\BOOKMARK [5][-]{subparagraph*.53}{\376\377\000c\000h\000a\000r\000t\000\137\000f\000u\000n\000c\000s\000\040\000m\000o\000d\000u\000l\000e}{paragraph*.6}% 24
\BOOKMARK [5][-]{subparagraph*.56}{\376\377\000c\000o\000l\000o\000r\000s\000\137\000p\000a\000l\000l\000e\000t\000e\000\040\000m\000o\000d\000u\000l\000e}{paragraph*.6}% 25
\BOOKMARK [5][-]{subparagraph*.57}{\376\377\000D\000e\000s\000c\000r\000i\000p\000t\000i\000o\000n}{paragraph*.6}% 26
\BOOKMARK [5][-]{subparagraph*.58}{\376\377\000d\000a\000t\000e\000\137\000f\000u\000n\000c\000s\000\040\000m\000o\000d\000u\000l\000e}{paragraph*.6}% 27
\BOOKMARK [5][-]{subparagraph*.62}{\376\377\000d\000e\000f\000e\000c\000t\000\137\000m\000a\000n\000a\000g\000e\000m\000e\000n\000t\000\137\000f\000u\000n\000c\000s\000\040\000m\000o\000d\000u\000l\000e}{paragraph*.6}% 28
\BOOKMARK [5][-]{subparagraph*.83}{\376\377\000l\000o\000g\000g\000i\000n\000g\000\137\000f\000u\000n\000c\000s\000\040\000m\000o\000d\000u\000l\000e}{paragraph*.6}% 29
\BOOKMARK [5][-]{subparagraph*.89}{\376\377\000m\000a\000i\000n\000s\000e\000t\000t\000i\000n\000g\000\137\000f\000u\000n\000c\000s\000\040\000m\000o\000d\000u\000l\000e}{paragraph*.6}% 30
\BOOKMARK [5][-]{subparagraph*.103}{\376\377\000p\000l\000c\000\137\000m\000a\000n\000a\000g\000m\000e\000n\000t\000\040\000m\000o\000d\000u\000l\000e}{paragraph*.6}% 31
\BOOKMARK [5][-]{subparagraph*.111}{\376\377\000p\000x\000v\000a\000l\000u\000e\000\137\000c\000a\000l\000i\000b\000r\000a\000t\000i\000o\000n\000\040\000m\000o\000d\000u\000l\000e}{paragraph*.6}% 32
\BOOKMARK [5][-]{subparagraph*.124}{\376\377\000s\000t\000o\000r\000a\000g\000e\000\137\000f\000u\000n\000c\000s\000\040\000m\000o\000d\000u\000l\000e}{paragraph*.6}% 33
\BOOKMARK [5][-]{subparagraph*.135}{\376\377\000t\000e\000x\000t\000s\000\040\000m\000o\000d\000u\000l\000e}{paragraph*.6}% 34
\BOOKMARK [5][-]{subparagraph*.136}{\376\377\000D\000e\000s\000c\000r\000i\000p\000t\000i\000o\000n}{paragraph*.6}% 35
\BOOKMARK [5][-]{subparagraph*.137}{\376\377\000u\000s\000e\000r\000\137\000l\000o\000g\000i\000n\000\137\000l\000o\000g\000o\000u\000t\000\137\000f\000u\000n\000c\000s\000\040\000m\000o\000d\000u\000l\000e}{paragraph*.6}% 36
\BOOKMARK [5][-]{subparagraph*.142}{\376\377\000u\000s\000e\000r\000\137\000m\000a\000n\000a\000g\000e\000m\000e\000n\000t\000\137\000f\000u\000n\000c\000s\000\040\000m\000o\000d\000u\000l\000e}{paragraph*.6}% 37
\BOOKMARK [3][-]{subsubsection*.151}{\376\377\000C\000a\000l\000i\000b\000r\000a\000t\000i\000o\000n\000a\000l\000\040\000C\000a\000l}{subsection.3.3.2}% 38
\BOOKMARK [4][-]{paragraph*.152}{\376\377\000D\000e\000s\000c\000r\000i\000p\000t\000i\000o\000n}{subsubsection*.151}% 39
\BOOKMARK [4][-]{paragraph*.153}{\376\377\000C\000o\000n\000t\000e\000t\000n\000s\000:}{subsubsection*.151}% 40
\BOOKMARK [5][-]{subparagraph*.154}{\376\377\000D\000i\000v\000i\000s\000i\000o\000n\000\040\000m\000o\000d\000u\000l\000e}{paragraph*.153}% 41
\BOOKMARK [5][-]{subparagraph*.156}{\376\377\000l\000o\000a\000d\000\137\000r\000e\000c\000e\000n\000t\000\137\000i\000m\000a\000g\000e\000s\000\040\000m\000o\000d\000u\000l\000e}{paragraph*.153}% 42
\BOOKMARK [5][-]{subparagraph*.158}{\376\377\000m\000a\000i\000n\000\040\000m\000o\000d\000u\000l\000e}{paragraph*.153}% 43
\BOOKMARK [5][-]{subparagraph*.159}{\376\377\000N\000o\000i\000s\000e\000\040\000m\000o\000d\000u\000l\000e}{paragraph*.153}% 44
\BOOKMARK [5][-]{subparagraph*.161}{\376\377\000P\000r\000e\000p\000r\000o\000c\000e\000s\000s\000i\000n\000g\000\040\000m\000o\000d\000u\000l\000e}{paragraph*.153}% 45
\BOOKMARK [5][-]{subparagraph*.166}{\376\377\000S\000t\000e\000e\000l\000S\000u\000r\000f\000a\000c\000e\000I\000n\000s\000p\000e\000c\000t\000i\000o\000n\000\040\000m\000o\000d\000u\000l\000e}{paragraph*.153}% 46
\BOOKMARK [5][-]{subparagraph*.170}{\376\377\000V\000a\000r\000i\000a\000n\000c\000e\000\040\000m\000o\000d\000u\000l\000e}{paragraph*.153}% 47
\BOOKMARK [3][-]{subsubsection*.174}{\376\377\000D\000a\000t\000a\000b\000a\000s\000e}{subsection.3.3.2}% 48
\BOOKMARK [3][-]{subsubsection*.175}{\376\377\000U\000t\000i\000l\000s}{subsection.3.3.2}% 49
\BOOKMARK [4][-]{paragraph*.176}{\376\377\000D\000e\000s\000c\000r\000i\000p\000t\000i\000o\000n}{subsubsection*.175}% 50
\BOOKMARK [4][-]{paragraph*.177}{\376\377\000C\000o\000n\000t\000e\000t\000n\000s\000:}{subsubsection*.175}% 51
\BOOKMARK [5][-]{subparagraph*.178}{\376\377\000m\000o\000v\000e\000\137\000o\000n\000\137\000l\000i\000s\000t\000\040\000m\000o\000d\000u\000l\000e}{paragraph*.177}% 52
\BOOKMARK [2][-]{subsection.3.3.3}{\376\377\000F\000i\000l\000e\000s}{section.3.3}% 53
\BOOKMARK [3][-]{subsubsection*.189}{\376\377\000a\000p\000p\000\137\000s\000e\000t\000t\000i\000n\000g\000s\000\040\000m\000o\000d\000u\000l\000e}{subsection.3.3.3}% 54
\BOOKMARK [3][-]{subsubsection*.191}{\376\377\000c\000o\000n\000f\000i\000r\000m\000\137\000U\000I\000\040\000m\000o\000d\000u\000l\000e}{subsection.3.3.3}% 55
\BOOKMARK [3][-]{subsubsection*.197}{\376\377\000c\000o\000n\000f\000i\000r\000m\000\137\000w\000i\000n\000d\000o\000w\000\040\000m\000o\000d\000u\000l\000e}{subsection.3.3.3}% 56
\BOOKMARK [3][-]{subsubsection*.205}{\376\377\000d\000a\000t\000a\000b\000a\000s\000e\000\040\000m\000o\000d\000u\000l\000e}{subsection.3.3.3}% 57
\BOOKMARK [3][-]{subsubsection*.219}{\376\377\000d\000a\000t\000a\000b\000a\000s\000e\000\137\000u\000t\000i\000l\000s\000\040\000m\000o\000d\000u\000l\000e}{subsection.3.3.3}% 58
\BOOKMARK [3][-]{subsubsection*.257}{\376\377\000e\000r\000o\000r\000\137\000w\000i\000n\000d\000o\000w\000\040\000m\000o\000d\000u\000l\000e}{subsection.3.3.3}% 59
\BOOKMARK [3][-]{subsubsection*.266}{\376\377\000l\000o\000g\000i\000n\000\137\000U\000I\000\040\000m\000o\000d\000u\000l\000e}{subsection.3.3.3}% 60
\BOOKMARK [3][-]{subsubsection*.275}{\376\377\000l\000o\000g\000i\000n\000\137\000a\000p\000i\000\040\000m\000o\000d\000u\000l\000e}{subsection.3.3.3}% 61
\BOOKMARK [3][-]{subsubsection*.279}{\376\377\000n\000o\000t\000i\000f\000\137\000U\000I\000\040\000m\000o\000d\000u\000l\000e}{subsection.3.3.3}% 62
\BOOKMARK [3][-]{subsubsection*.300}{\376\377\000s\000e\000t\000t\000i\000n\000g\000\137\000U\000I\000\040\000m\000o\000d\000u\000l\000e}{subsection.3.3.3}% 63
\BOOKMARK [3][-]{subsubsection*.341}{\376\377\000s\000e\000t\000t\000i\000n\000g\000\137\000a\000p\000i\000\040\000m\000o\000d\000u\000l\000e}{subsection.3.3.3}% 64
\BOOKMARK [3][-]{subsubsection*.392}{\376\377\000t\000r\000a\000n\000s\000l\000a\000t\000e\000\137\000u\000i\000\040\000m\000o\000d\000u\000l\000e}{subsection.3.3.3}% 65
\BOOKMARK [0][-]{chapter.4}{\376\377\000O\000t\000h\000e\000r\000s}{}% 66
\BOOKMARK [0][-]{chapter.5}{\376\377\000I\000n\000d\000i\000c\000e\000s\000\040\000a\000n\000d\000\040\000t\000a\000b\000l\000e\000s}{}% 67
\BOOKMARK [0][-]{section*.394}{\376\377\000P\000y\000t\000h\000o\000n\000\040\000M\000o\000d\000u\000l\000e\000\040\000I\000n\000d\000e\000x}{}% 68
\BOOKMARK [0][-]{section*.395}{\376\377\000I\000n\000d\000e\000x}{}% 69
