This is XeTeX, Version 3.141592653-2.6-0.999994 (MiKTeX 22.7.25) (preloaded format=xelatex 2022.7.26)  30 JUL 2022 11:34
entering extended mode
 restricted \write18 enabled.
 %&-line parsing enabled.
**./saba.tex
(saba.tex
LaTeX2e <2022-06-01> patch level 5
L3 programming layer <2022-07-15> (sphinxmanual.cls
Document Class: sphinxmanual 2019/12/01 v2.3.0 Document class (Sphinx manual)
(C:\Users\reza\AppData\Local\Programs\MiKTeX\tex/latex/base\report.cls
Document Class: report 2021/10/04 v1.4n Standard LaTeX document class
(C:\Users\reza\AppData\Local\Programs\MiKTeX\tex/latex/base\size10.clo
File: size10.clo 2021/10/04 v1.4n Standard LaTeX file (size option)
)
\c@part=\count181
\c@chapter=\count182
\c@section=\count183
\c@subsection=\count184
\c@subsubsection=\count185
\c@paragraph=\count186
\c@subparagraph=\count187
\c@figure=\count188
\c@table=\count189
\abovecaptionskip=\skip47
\belowcaptionskip=\skip48
\bibindent=\dimen138
)
LaTeX Info: Redefining \and on input line 35.
)
\sphinxpxdimen=\dimen139

(C:\Users\reza\AppData\Local\Programs\MiKTeX\tex/latex/cmap\cmap.sty
Package: cmap 2021/02/06 v1.0j CMap support: searchable PDF


Package cmap Warning: pdftex not detected - exiting.

) (C:\Users\reza\AppData\Local\Programs\MiKTeX\tex/latex/fontspec\fontspec.sty
(C:\Users\reza\AppData\Local\Programs\MiKTeX\tex/latex/l3packages/xparse\xparse
.sty (C:\Users\reza\AppData\Local\Programs\MiKTeX\tex/latex/l3kernel\expl3.sty
Package: expl3 2022-07-15 L3 programming layer (loader) 

(C:\Users\reza\AppData\Local\Programs\MiKTeX\tex/latex/l3backend\l3backend-xete
x.def
File: l3backend-xetex.def 2022-07-01 L3 backend support: XeTeX
\g__graphics_track_int=\count190
\l__pdf_internal_box=\box51
\g__pdf_backend_object_int=\count191
\g__pdf_backend_annotation_int=\count192
\g__pdf_backend_link_int=\count193
))
Package: xparse 2022-06-22 L3 Experimental document command parser
)
Package: fontspec 2022/01/15 v2.8a Font selection for XeLaTeX and LuaLaTeX

(C:\Users\reza\AppData\Local\Programs\MiKTeX\tex/latex/fontspec\fontspec-xetex.
sty
Package: fontspec-xetex 2022/01/15 v2.8a Font selection for XeLaTeX and LuaLaTe
X
\l__fontspec_script_int=\count194
\l__fontspec_language_int=\count195
\l__fontspec_strnum_int=\count196
\l__fontspec_tmp_int=\count197
\l__fontspec_tmpa_int=\count198
\l__fontspec_tmpb_int=\count199
\l__fontspec_tmpc_int=\count266
\l__fontspec_em_int=\count267
\l__fontspec_emdef_int=\count268
\l__fontspec_strong_int=\count269
\l__fontspec_strongdef_int=\count270
\l__fontspec_tmpa_dim=\dimen140
\l__fontspec_tmpb_dim=\dimen141
\l__fontspec_tmpc_dim=\dimen142
 (C:\Users\reza\AppData\Local\Programs\MiKTeX\tex/latex/base\fontenc.sty
Package: fontenc 2021/04/29 v2.0v Standard LaTeX package
)
(C:\Users\reza\AppData\Local\Programs\MiKTeX\tex/latex/fontspec\fontspec.cfg)))
(C:\Users\reza\AppData\Local\Programs\MiKTeX\tex/latex/amsmath\amsmath.sty
Package: amsmath 2022/04/08 v2.17n AMS math features
\@mathmargin=\skip49

For additional information on amsmath, use the `?' option.
(C:\Users\reza\AppData\Local\Programs\MiKTeX\tex/latex/amsmath\amstext.sty
Package: amstext 2021/08/26 v2.01 AMS text

(C:\Users\reza\AppData\Local\Programs\MiKTeX\tex/latex/amsmath\amsgen.sty
File: amsgen.sty 1999/11/30 v2.0 generic functions
\@emptytoks=\toks16
\ex@=\dimen143
))
(C:\Users\reza\AppData\Local\Programs\MiKTeX\tex/latex/amsmath\amsbsy.sty
Package: amsbsy 1999/11/29 v1.2d Bold Symbols
\pmbraise@=\dimen144
)
(C:\Users\reza\AppData\Local\Programs\MiKTeX\tex/latex/amsmath\amsopn.sty
Package: amsopn 2022/04/08 v2.04 operator names
)
\inf@bad=\count271
LaTeX Info: Redefining \frac on input line 234.
\uproot@=\count272
\leftroot@=\count273
LaTeX Info: Redefining \overline on input line 399.
LaTeX Info: Redefining \colon on input line 410.
\classnum@=\count274
\DOTSCASE@=\count275
LaTeX Info: Redefining \ldots on input line 496.
LaTeX Info: Redefining \dots on input line 499.
LaTeX Info: Redefining \cdots on input line 620.
\Mathstrutbox@=\box52
\strutbox@=\box53
LaTeX Info: Redefining \big on input line 722.
LaTeX Info: Redefining \Big on input line 723.
LaTeX Info: Redefining \bigg on input line 724.
LaTeX Info: Redefining \Bigg on input line 725.
\big@size=\dimen145
LaTeX Font Info:    Redeclaring font encoding OML on input line 743.
LaTeX Font Info:    Redeclaring font encoding OMS on input line 744.
\macc@depth=\count276
LaTeX Info: Redefining \bmod on input line 905.
LaTeX Info: Redefining \pmod on input line 910.
LaTeX Info: Redefining \smash on input line 940.
LaTeX Info: Redefining \relbar on input line 970.
LaTeX Info: Redefining \Relbar on input line 971.
\c@MaxMatrixCols=\count277
\dotsspace@=\muskip16
\c@parentequation=\count278
\dspbrk@lvl=\count279
\tag@help=\toks17
\row@=\count280
\column@=\count281
\maxfields@=\count282
\andhelp@=\toks18
\eqnshift@=\dimen146
\alignsep@=\dimen147
\tagshift@=\dimen148
\tagwidth@=\dimen149
\totwidth@=\dimen150
\lineht@=\dimen151
\@envbody=\toks19
\multlinegap=\skip50
\multlinetaggap=\skip51
\mathdisplay@stack=\toks20
LaTeX Info: Redefining \[ on input line 2953.
LaTeX Info: Redefining \] on input line 2954.
)
(C:\Users\reza\AppData\Local\Programs\MiKTeX\tex/latex/amsfonts\amssymb.sty
Package: amssymb 2013/01/14 v3.01 AMS font symbols

(C:\Users\reza\AppData\Local\Programs\MiKTeX\tex/latex/amsfonts\amsfonts.sty
Package: amsfonts 2013/01/14 v3.01 Basic AMSFonts support
\symAMSa=\mathgroup4
\symAMSb=\mathgroup5
LaTeX Font Info:    Redeclaring math symbol \hbar on input line 98.
LaTeX Font Info:    Overwriting math alphabet `\mathfrak' in version `bold'
(Font)                  U/euf/m/n --> U/euf/b/n on input line 106.
))
(C:\Users\reza\AppData\Local\Programs\MiKTeX\tex/latex/polyglossia\polyglossia.
sty
Package: polyglossia 2022/07/18 v1.57 Modern multilingual typesetting with XeLa
TeX and LuaLaTeX

(C:\Users\reza\AppData\Local\Programs\MiKTeX\tex/latex/etoolbox\etoolbox.sty
Package: etoolbox 2020/10/05 v2.5k e-TeX tools for LaTeX (JAW)
\etb@tempcnta=\count283
)
(C:\Users\reza\AppData\Local\Programs\MiKTeX\tex/latex/makecmds\makecmds.sty
Package: makecmds 2009/09/03 v1.0a extra command making commands
)
(C:\Users\reza\AppData\Local\Programs\MiKTeX\tex/latex/xkeyval\xkeyval.sty
Package: xkeyval 2022/06/16 v2.9 package option processing (HA)

(C:\Users\reza\AppData\Local\Programs\MiKTeX\tex/generic/xkeyval\xkeyval.tex
(C:\Users\reza\AppData\Local\Programs\MiKTeX\tex/generic/xkeyval\xkvutils.tex
\XKV@toks=\toks21
\XKV@tempa@toks=\toks22

(C:\Users\reza\AppData\Local\Programs\MiKTeX\tex/generic/xkeyval\keyval.tex))
\XKV@depth=\count284
File: xkeyval.tex 2014/12/03 v2.7a key=value parser (HA)
)) (C:\Users\reza\AppData\Local\Programs\MiKTeX\tex/generic/iftex\iftex.sty
Package: iftex 2022/02/03 v1.0f TeX engine tests
)
(C:\Users\reza\AppData\Local\Programs\MiKTeX\tex/latex/l3packages/l3keys2e\l3ke
ys2e.sty
Package: l3keys2e 2022-06-22 LaTeX2e option processing using LaTeX3 keys
)
\xpg@normalclass=\XeTeXcharclass1

(C:\Users\reza\AppData\Local\Programs\MiKTeX\tex/latex/polyglossia\gloss-latex.
lde
Package: gloss-latex 2021/07/10 vv1.53 polyglossia: module for default language

The property list \polyglossia@langsetup contains the pairs (without outer
braces):
>  {latex/script}  =>  {latin}
>  {latex/lcscript}  =>  {latin}
>  {latex/scripttag}  =>  {}
>  {latex/language}  =>  {Latex}
>  {latex/langtag}  =>  {ENG}
>  {latex/bcp47}  =>  {}
>  {latex/hyphennames}  =>  {english}
>  {latex/direction}  =>  {LR}
>  {latex/hyphenmins}  =>  {2,3}
>  {latex/frenchspacing}  =>  {false}
>  {latex/indentfirst}  =>  {false}
>  {latex/fontsetup}  =>  {true}
>  {latex/envname}  =>  {latex}
>  {latex/babelname}  =>  {latex}
>  {latex/localnumeral}  =>  {polyglossia@C@localnumeral}
>  {latex/Localnumeral}  =>  {polyglossia@C@localnumeral}
>  {latex/DefineCommandsCmd}  =>  {use_none:n}.
)
Package polyglossia Info: Default language is latex.
)
(C:\Users\reza\AppData\Local\Programs\MiKTeX\tex/latex/polyglossia\gloss-englis
h.ldf
File: gloss-english.ldf polyglossia: module for english
The property list \polyglossia@langsetup contains the pairs (without outer
braces):
>  {latex/script}  =>  {latin}
>  {latex/lcscript}  =>  {latin}
>  {latex/scripttag}  =>  {}
>  {latex/language}  =>  {Latex}
>  {latex/langtag}  =>  {ENG}
>  {latex/bcp47}  =>  {}
>  {latex/hyphennames}  =>  {english}
>  {latex/direction}  =>  {LR}
>  {latex/hyphenmins}  =>  {2,3}
>  {latex/frenchspacing}  =>  {false}
>  {latex/indentfirst}  =>  {false}
>  {latex/fontsetup}  =>  {true}
>  {latex/envname}  =>  {latex}
>  {latex/babelname}  =>  {latex}
>  {latex/localnumeral}  =>  {polyglossia@C@localnumeral}
>  {latex/Localnumeral}  =>  {polyglossia@C@localnumeral}
>  {latex/DefineCommandsCmd}  =>  {use_none:n}
>  {english/script}  =>  {latin}
>  {english/lcscript}  =>  {latin}
>  {english/scripttag}  =>  {}
>  {english/language}  =>  {English}
>  {english/langtag}  =>  {ENG}
>  {english/bcp47}  =>  {en-US}
>  {english/hyphennames}  =>  {english,american,usenglish,USenglish}
>  {english/direction}  =>  {LR}
>  {english/hyphenmins}  =>  {2,3}
>  {english/frenchspacing}  =>  {false}
>  {english/indentfirst}  =>  {false}
>  {english/fontsetup}  =>  {true}
>  {english/envname}  =>  {english}
>  {english/babelname}  =>  {english}
>  {english/localnumeral}  =>  {polyglossia@C@localnumeral}
>  {english/Localnumeral}  =>  {polyglossia@C@localnumeral}
>  {english/DefineCommandsCmd}  =>  {xpg_define_language_commands:e}.
Package polyglossia Info: Option: English, variant=american.
)
Package polyglossia Info: Default language is english.

(C:\Users\reza\AppData\Local\Programs\MiKTeX\tex/latex/polyglossia\gloss-farsi.
ldf
File: gloss-farsi.ldf polyglossia: module for farsi

(C:\Users\reza\AppData\Local\Programs\MiKTeX\tex/latex/polyglossia\gloss-persia
n.ldf
File: gloss-persian.ldf polyglossia: module for persian
 (C:\Users\reza\AppData\Local\Programs\MiKTeX\tex/xelatex/bidi\bidi.sty
Package: bidi 2022/07/18 v39.3 Bidirectional typesetting in plain TeX and LaTeX


****************************************************
* 
* bidi package (Bidirectional typesetting in
* plain TeX and LaTeX, using XeTeX engine)
* 
* Description: A convenient interface for
* typesetting bidirectional texts in plain TeX
* and LaTeX. The package includes adaptations
* for use with many other commonly-used packages.
* 
* Copyright (c) 2007--2022 Vafa Khalighi
* Copyright (c) 2018--2020 bidi-tex GitHub organization
* 
* v39.3, 2022/07/18
* 
* License: LaTeX Project Public License, version
* 1.3c or higher (your choice)
* 
* Location on CTAN: /macros/xetex/latex/bidi
* 
* Issue tracker: https://github.com/kvafa/bidi/issues
* 
* Discussions: https://github.com/kvafa/bidi/discussions
* 
* Primary author of bidi package: Vafa Khalighi.
* 
****************************************************
(C:\Users\reza\AppData\Local\Programs\MiKTeX\tex/xelatex/bidi\biditools.sty
Package: biditools 2022/06/15 v2.3 Programming tools for bidi package
\@bidi@envbody=\toks23
\@bidi@emptytoks=\toks24
\bidi@poscount=\count285
\bidi@tempcountb=\count286
\bidi@temptoksa=\toks25
\bidi@temptoksb=\toks26
\bidi@dummies=\count287
\bidi@are@these@correct=\toks27
\bidi@toks@lista=\toks28
\bidi@toks@listb=\toks29
\bidi@stack@length=\count288
\bidi@empty@stack=\toks30
\bidi@looprepeat@depth=\count289
)
(C:\Users\reza\AppData\Local\Programs\MiKTeX\tex/latex/zref\zref-abspage.sty
Package: zref-abspage 2022-04-07 v2.34 Module abspage for zref (HO)

(C:\Users\reza\AppData\Local\Programs\MiKTeX\tex/latex/zref\zref-base.sty
Package: zref-base 2022-04-07 v2.34 Module base for zref (HO)

(C:\Users\reza\AppData\Local\Programs\MiKTeX\tex/generic/ltxcmds\ltxcmds.sty
Package: ltxcmds 2020-05-10 v1.25 LaTeX kernel commands for general use (HO)
)
(C:\Users\reza\AppData\Local\Programs\MiKTeX\tex/generic/infwarerr\infwarerr.st
y
Package: infwarerr 2019/12/03 v1.5 Providing info/warning/error messages (HO)
)
(C:\Users\reza\AppData\Local\Programs\MiKTeX\tex/generic/kvsetkeys\kvsetkeys.st
y
Package: kvsetkeys 2019/12/15 v1.18 Key value parser (HO)
)
(C:\Users\reza\AppData\Local\Programs\MiKTeX\tex/generic/kvdefinekeys\kvdefinek
eys.sty
Package: kvdefinekeys 2019-12-19 v1.6 Define keys (HO)
)
(C:\Users\reza\AppData\Local\Programs\MiKTeX\tex/generic/pdftexcmds\pdftexcmds.
sty
Package: pdftexcmds 2020-06-27 v0.33 Utility functions of pdfTeX for LuaTeX (HO
)
Package pdftexcmds Info: \pdf@primitive is available.
Package pdftexcmds Info: \pdf@ifprimitive is available.
Package pdftexcmds Info: \pdfdraftmode not found.
)
(C:\Users\reza\AppData\Local\Programs\MiKTeX\tex/generic/etexcmds\etexcmds.sty
Package: etexcmds 2019/12/15 v1.7 Avoid name clashes with e-TeX commands (HO)
) (C:\Users\reza\AppData\Local\Programs\MiKTeX\tex/latex/auxhook\auxhook.sty
Package: auxhook 2019-12-17 v1.6 Hooks for auxiliary files (HO)
)
Package zref Info: New property list: main on input line 767.
Package zref Info: New property: default on input line 768.
Package zref Info: New property: page on input line 769.
)
(C:\Users\reza\AppData\Local\Programs\MiKTeX\tex/latex/base\atbegshi-ltx.sty
Package: atbegshi-ltx 2021/01/10 v1.0c Emulation of the original atbegshi
package with kernel methods
)
\c@abspage=\count290
Package zref Info: New property: abspage on input line 65.
)
\@bidi@copyins@=\insert252

(C:\Users\reza\AppData\Local\Programs\MiKTeX\tex/xelatex/bidi\latex-xetex-bidi.
def
File: latex-xetex-bidi.def 2022/07/04 v1.4.9 bidi adaptations for `latex.ltx' f
or XeTeX engine
\bidi@n@everypar=\toks31
\bidi@column@check@number=\count291

(C:\Users\reza\AppData\Local\Programs\MiKTeX\tex/xelatex/bidi\footnote-xetex-bi
di.def
File: footnote-xetex-bidi.def 2017/08/09 v1.1 bidi footnote macros for XeTeX en
gine
\c@footdir@label=\count292
\footdir@toks=\toks32
)
(C:\Users\reza\AppData\Local\Programs\MiKTeX\tex/xelatex/bidi\report-xetex-bidi
.def
File: report-xetex-bidi.def 2017/06/09 v0.8 bidi adaptations for standard repor
t class for XeTeX engine
)
(C:\Users\reza\AppData\Local\Programs\MiKTeX\tex/xelatex/bidi\amsmath-xetex-bid
i.def
File: amsmath-xetex-bidi.def 2020/05/16 v1.2 bidi adaptations for amsmath packa
ge for XeTeX engine
)
(C:\Users\reza\AppData\Local\Programs\MiKTeX\tex/xelatex/bidi\amstext-xetex-bid
i.def
File: amstext-xetex-bidi.def 2016/09/12 v0.2 bidi adaptations for amstext packa
ge for XeTeX engine
))
(C:\Users\reza\AppData\Local\Programs\MiKTeX\tex/xelatex/bidi\loadingorder-xete
x-bidi.def
File: loadingorder-xetex-bidi.def 2017/12/29 v0.97 making sure that bidi is the
 last package loaded
)
\bidi@digits=\count293
\bidi@digits@charclass=\XeTeXcharclass2
\bidi@sepmark@charclass=\XeTeXcharclass3
)
(C:\Users\reza\AppData\Local\Programs\MiKTeX\tex/latex/polyglossia\arabicnumber
s.sty
Package: arabicnumbers 2010/03/18 v0.2 Formatting of Arabic and Farsi digits an
d of Arabic abjad numerals
)
(C:\Users\reza\AppData\Local\Programs\MiKTeX\tex/latex/polyglossia\farsical.sty
Package: farsical 2019/12/12 v0.2 Farsi (jalali) calendar
(C:\Users\reza\AppData\Local\Programs\MiKTeX\tex/latex/tools\calc.sty
Package: calc 2017/05/25 v4.3 Infix arithmetic (KKT,FJ)
\calc@Acount=\count294
\calc@Bcount=\count295
\calc@Adimen=\dimen152
\calc@Bdimen=\dimen153
\calc@Askip=\skip52
\calc@Bskip=\skip53
LaTeX Info: Redefining \setlength on input line 80.
LaTeX Info: Redefining \addtolength on input line 81.
\calc@Ccount=\count296
\calc@Cskip=\skip54
)
\JALALI@i=\count297
\JALALI@y=\count298
\JALALI@m=\count299
\JALALI@d=\count300
\JALALI@latini=\count301
\JALALI@farsii=\count302
\JALALI@latinii=\count303
\JALALI@farsiii=\count304
\JALALI@latiniii=\count305
\JALALI@farsiiii=\count306
\JALALI@latiniv=\count307
\JALALI@farsiiv=\count308
\JALALI@latinv=\count309
\JALALI@farsiv=\count310
\JALALI@latinvi=\count311
\JALALI@farsivi=\count312
\JALALI@latinvii=\count313
\JALALI@farsivii=\count314
\JALALI@latinviii=\count315
\JALALI@farsiviii=\count316
\JALALI@latinix=\count317
\JALALI@farsiix=\count318
\JALALI@latinx=\count319
\JALALI@farsix=\count320
\JALALI@latinxi=\count321
\JALALI@farsixi=\count322
\JALALI@latinxii=\count323
\JALALI@farsixii=\count324
\JALALI@farsixiii=\count325
\JALALI@temp=\count326
\JALALI@temptwo=\count327
\JALALI@tempthree=\count328
\JALALI@yModHundred=\count329
\JALALI@thirtytwo=\count330
\JALALI@dn=\count331
\JALALI@sn=\count332
\JALALI@mminusone=\count333
)
(C:\Users\reza\AppData\Local\Programs\MiKTeX\tex/latex/polyglossia\hijrical.sty
Package: hijrical 2010/07/12 v0.2 Islamic calendar

(C:\Users\reza\AppData\Local\Programs\MiKTeX\tex/latex/polyglossia\cal-util.def
\c@tmpA=\count334
\c@tmpB=\count335
\c@tmpC=\count336
\c@tmpD=\count337
\c@tmpE=\count338
\c@tmpF=\count339
)
\c@Hijriday=\count340
\c@Hijrimonth=\count341
\c@Hijriyear=\count342
)
The property list \polyglossia@langsetup contains the pairs (without outer
braces):
>  {latex/script}  =>  {latin}
>  {latex/lcscript}  =>  {latin}
>  {latex/scripttag}  =>  {}
>  {latex/language}  =>  {Latex}
>  {latex/langtag}  =>  {ENG}
>  {latex/bcp47}  =>  {}
>  {latex/hyphennames}  =>  {english}
>  {latex/direction}  =>  {LR}
>  {latex/hyphenmins}  =>  {2,3}
>  {latex/frenchspacing}  =>  {false}
>  {latex/indentfirst}  =>  {false}
>  {latex/fontsetup}  =>  {true}
>  {latex/envname}  =>  {latex}
>  {latex/babelname}  =>  {latex}
>  {latex/localnumeral}  =>  {polyglossia@C@localnumeral}
>  {latex/Localnumeral}  =>  {polyglossia@C@localnumeral}
>  {latex/DefineCommandsCmd}  =>  {use_none:n}
>  {english/script}  =>  {latin}
>  {english/lcscript}  =>  {latin}
>  {english/scripttag}  =>  {}
>  {english/language}  =>  {English}
>  {english/langtag}  =>  {ENG}
>  {english/bcp47}  =>  {en-US}
>  {english/hyphennames}  =>  {english,american,usenglish,USenglish}
>  {english/direction}  =>  {LR}
>  {english/hyphenmins}  =>  {2,3}
>  {english/frenchspacing}  =>  {false}
>  {english/indentfirst}  =>  {false}
>  {english/fontsetup}  =>  {true}
>  {english/envname}  =>  {english}
>  {english/babelname}  =>  {american}
>  {english/localnumeral}  =>  {polyglossia@C@localnumeral}
>  {english/Localnumeral}  =>  {polyglossia@C@localnumeral}
>  {english/DefineCommandsCmd}  =>  {xpg_define_language_commands:e}
>  {persian/script}  =>  {Arabic}
>  {persian/lcscript}  =>  {arabic}
>  {persian/scripttag}  =>  {arab}
>  {persian/language}  =>  {Persian}
>  {persian/langtag}  =>  {FAR}
>  {persian/bcp47}  =>  {fa}
>  {persian/hyphennames}  =>  {nohyphenation}
>  {persian/direction}  =>  {RL}
>  {persian/hyphenmins}  =>  {2,3}
>  {persian/frenchspacing}  =>  {false}
>  {persian/indentfirst}  =>  {false}
>  {persian/fontsetup}  =>  {true}
>  {persian/envname}  =>  {persian}
>  {persian/babelname}  =>  {farsi}
>  {persian/localnumeral}  =>  {farsinumerals}
>  {persian/Localnumeral}  =>  {farsinumerals}
>  {persian/DefineCommandsCmd}  =>  {xpg_define_language_commands:e}.
))

Package fontspec Info: Font family 'DejaVuSans(0)' created for font 'DejaVu
(fontspec)             Sans' with options [].
(fontspec)              
(fontspec)              This font family consists of the following NFSS
(fontspec)             series/shapes:
(fontspec)              
(fontspec)             - 'normal' (m/n) with NFSS spec.: <->"DejaVu
(fontspec)             Sans/OT:script=latn;language=dflt;"
(fontspec)             - 'small caps'  (m/sc) with NFSS spec.: 
(fontspec)             - 'bold' (b/n) with NFSS spec.: <->"DejaVu
(fontspec)             Sans/B/OT:script=latn;language=dflt;"
(fontspec)             - 'bold small caps'  (b/sc) with NFSS spec.: 
(fontspec)             - 'italic' (m/it) with NFSS spec.: <->"DejaVu
(fontspec)             Sans/I/OT:script=latn;language=dflt;"
(fontspec)             - 'italic small caps'  (m/scit) with NFSS spec.: 
(fontspec)             - 'bold italic' (b/it) with NFSS spec.: <->"DejaVu
(fontspec)             Sans/BI/OT:script=latn;language=dflt;"
(fontspec)             - 'bold italic small caps'  (b/scit) with NFSS spec.: 


Package fontspec Info: Font family 'DejaVuSansMono(0)' created for font
(fontspec)             'DejaVu Sans Mono' with options [].
(fontspec)              
(fontspec)              This font family consists of the following NFSS
(fontspec)             series/shapes:
(fontspec)              
(fontspec)             - 'normal' (m/n) with NFSS spec.: <->"DejaVu Sans
(fontspec)             Mono/OT:script=latn;language=dflt;"
(fontspec)             - 'small caps'  (m/sc) with NFSS spec.: 
(fontspec)             - 'bold' (b/n) with NFSS spec.: <->"DejaVu Sans
(fontspec)             Mono/B/OT:script=latn;language=dflt;"
(fontspec)             - 'bold small caps'  (b/sc) with NFSS spec.: 
(fontspec)             - 'italic' (m/it) with NFSS spec.: <->"DejaVu Sans
(fontspec)             Mono/I/OT:script=latn;language=dflt;"
(fontspec)             - 'italic small caps'  (m/scit) with NFSS spec.: 
(fontspec)             - 'bold italic' (b/it) with NFSS spec.: <->"DejaVu Sans
(fontspec)             Mono/BI/OT:script=latn;language=dflt;"
(fontspec)             - 'bold italic small caps'  (b/scit) with NFSS spec.: 



! Package fontspec Error: The font "Scheherazade" cannot be found.

For immediate help type H <return>.
 ...                                              
                                                  
l.37 
     
? 

Package fontspec Warning: Font "Scheherazade" does not contain requested
(fontspec)                Script "Arabic".


Package fontspec Info: Could not resolve font "Scheherazade/BI" (it probably
(fontspec)             doesn't exist).


Package fontspec Info: Could not resolve font "Scheherazade/B" (it probably
(fontspec)             doesn't exist).


Package fontspec Info: Could not resolve font "Scheherazade/I" (it probably
(fontspec)             doesn't exist).


! Package fontspec Error: The font "Scheherazade" cannot be found.

For immediate help type H <return>.
 ...                                              
                                                  
l.37 
     
? 

! Package fontspec Error: The font "Scheherazade" cannot be found.

For immediate help type H <return>.
 ...                                              
                                                  
l.37 
     
? 

Package fontspec Info: Font family 'Scheherazade(0)' created for font
(fontspec)             'Scheherazade' with options [Script=Arabic].
(fontspec)              
(fontspec)              This font family consists of the following NFSS
(fontspec)             series/shapes:
(fontspec)              
(fontspec)             - 'normal' (m/n) with NFSS spec.: <->"Scheherazade/OT"
(fontspec)             - 'small caps'  (m/sc) with NFSS spec.:
(fontspec)             <->"Scheherazade/OT"

(C:\Users\reza\AppData\Local\Programs\MiKTeX\tex/latex/fncychap\fncychap.sty
Package: fncychap 2007/07/30 v1.34 LaTeX package (Revised chapters)
\RW=\skip55
\mylen=\skip56
\myhi=\skip57
\px=\skip58
\py=\skip59
\pyy=\skip60
\pxx=\skip61

(C:\Users\reza\AppData\Local\Programs\MiKTeX\tex/latex/graphics\color.sty
Package: color 2022/01/06 v1.3d Standard LaTeX Color (DPC)

(C:\Users\reza\AppData\Local\Programs\MiKTeX\tex/latex/graphics-cfg\color.cfg
File: color.cfg 2016/01/02 v1.6 sample color configuration
)
Package color Info: Driver file: xetex.def on input line 149.

(C:\Users\reza\AppData\Local\Programs\MiKTeX\tex/latex/graphics-def\xetex.def
File: xetex.def 2022/04/16 v5.0m Graphics/color driver for xetex
)
(C:\Users\reza\AppData\Local\Programs\MiKTeX\tex/latex-dev/graphics\mathcolor.l
tx))) (sphinx.sty
Package: sphinx 2022/06/30 v5.1.0 LaTeX package (Sphinx markup)

(C:\Users\reza\AppData\Local\Programs\MiKTeX\tex/latex/xcolor\xcolor.sty
Package: xcolor 2022/06/12 v2.14 LaTeX color extensions (UK)

(C:\Users\reza\AppData\Local\Programs\MiKTeX\tex/latex/graphics-cfg\color.cfg
File: color.cfg 2016/01/02 v1.6 sample color configuration
)
Package xcolor Info: Driver file: xetex.def on input line 227.
LaTeX Info: Redefining \color on input line 711.

(C:\Users\reza\AppData\Local\Programs\MiKTeX\tex/latex-dev/graphics\mathcolor.l
tx)
Package xcolor Info: Model `cmy' substituted by `cmy0' on input line 1353.
Package xcolor Info: Model `RGB' extended on input line 1369.
Package xcolor Info: Model `HTML' substituted by `rgb' on input line 1371.
Package xcolor Info: Model `Hsb' substituted by `hsb' on input line 1372.
Package xcolor Info: Model `tHsb' substituted by `hsb' on input line 1373.
Package xcolor Info: Model `HSB' substituted by `hsb' on input line 1374.
Package xcolor Info: Model `Gray' substituted by `gray' on input line 1375.
Package xcolor Info: Model `wave' substituted by `hsb' on input line 1376.
)
(C:\Users\reza\AppData\Local\Programs\MiKTeX\tex/latex/kvoptions\kvoptions.sty
Package: kvoptions 2022-06-15 v3.15 Key value format for package options (HO)
)
\sphinxverbatimsep=\dimen154
\sphinxverbatimborder=\dimen155
\sphinxshadowsep=\dimen156
\sphinxshadowsize=\dimen157
\sphinxshadowrule=\dimen158
\spx@notice@border=\dimen159
(sphinxoptionshyperref.sty
File: sphinxoptionshyperref.sty 2021/01/27 hyperref
) (sphinxoptionsgeometry.sty
File: sphinxoptionsgeometry.sty 2021/01/27 geometry
)
(C:\Users\reza\AppData\Local\Programs\MiKTeX\tex/latex/base\textcomp.sty
Package: textcomp 2020/02/02 v2.0n Standard LaTeX package
)
(C:\Users\reza\AppData\Local\Programs\MiKTeX\tex/latex/float\float.sty
Package: float 2001/11/08 v1.3d Float enhancements (AL)
\c@float@type=\count343
\float@exts=\toks33
\float@box=\box54
\@float@everytoks=\toks34
\@floatcapt=\box55
)
(C:\Users\reza\AppData\Local\Programs\MiKTeX\tex/latex/wrapfig\wrapfig.sty
\wrapoverhang=\dimen160
\WF@size=\dimen161
\c@WF@wrappedlines=\count344
\WF@box=\box56
\WF@everypar=\toks35
Package: wrapfig 2003/01/31  v 3.6
)
(C:\Users\reza\AppData\Local\Programs\MiKTeX\tex/latex/capt-of\capt-of.sty
Package: capt-of 2009/12/29 v0.2 standard captions outside of floats
)
(C:\Users\reza\AppData\Local\Programs\MiKTeX\tex/latex/tools\multicol.sty
Package: multicol 2021/10/28 v1.9b multicolumn formatting (FMi)
\c@tracingmulticols=\count345
\mult@box=\box57
\multicol@leftmargin=\dimen162
\c@unbalance=\count346
\c@collectmore=\count347
\doublecol@number=\count348
\multicoltolerance=\count349
\multicolpretolerance=\count350
\full@width=\dimen163
\page@free=\dimen164
\premulticols=\dimen165
\postmulticols=\dimen166
\multicolsep=\skip62
\multicolbaselineskip=\skip63
\partial@page=\box58
\last@line=\box59
\maxbalancingoverflow=\dimen167
\mult@rightbox=\box60
\mult@grightbox=\box61
\mult@firstbox=\box62
\mult@gfirstbox=\box63
\@tempa=\box64
\@tempa=\box65
\@tempa=\box66
\@tempa=\box67
\@tempa=\box68
\@tempa=\box69
\@tempa=\box70
\@tempa=\box71
\@tempa=\box72
\@tempa=\box73
\@tempa=\box74
\@tempa=\box75
\@tempa=\box76
\@tempa=\box77
\@tempa=\box78
\@tempa=\box79
\@tempa=\box80
\@tempa=\box81
\@tempa=\box82
\@tempa=\box83
\@tempa=\box84
\@tempa=\box85
\@tempa=\box86
\@tempa=\box87
\@tempa=\box88
\@tempa=\box89
\@tempa=\box90
\@tempa=\box91
\@tempa=\box92
\@tempa=\box93
\@tempa=\box94
\@tempa=\box95
\@tempa=\box96
\@tempa=\box97
\@tempa=\box98
\@tempa=\box99
\c@minrows=\count351
\c@columnbadness=\count352
\c@finalcolumnbadness=\count353
\last@try=\dimen168
\multicolovershoot=\dimen169
\multicolundershoot=\dimen170
\mult@nat@firstbox=\box100
\colbreak@box=\box101
\mc@col@check@num=\count354
)
(C:\Users\reza\AppData\Local\Programs\MiKTeX\tex/latex/graphics\graphicx.sty
Package: graphicx 2021/09/16 v1.2d Enhanced LaTeX Graphics (DPC,SPQR)

(C:\Users\reza\AppData\Local\Programs\MiKTeX\tex/latex/graphics\graphics.sty
Package: graphics 2022/03/10 v1.4e Standard LaTeX Graphics (DPC,SPQR)

(C:\Users\reza\AppData\Local\Programs\MiKTeX\tex/latex/graphics\trig.sty
Package: trig 2021/08/11 v1.11 sin cos tan (DPC)
)
(C:\Users\reza\AppData\Local\Programs\MiKTeX\tex/latex/graphics-cfg\graphics.cf
g
File: graphics.cfg 2016/06/04 v1.11 sample graphics configuration
)
Package graphics Info: Driver file: xetex.def on input line 107.
)
\Gin@req@height=\dimen171
\Gin@req@width=\dimen172
) (sphinxlatexgraphics.sty
File: sphinxlatexgraphics.sty 2021/01/27 graphics
\spx@image@maxheight=\dimen173
\spx@image@box=\box102
) (sphinxpackageboxes.sty
Package: sphinxpackageboxes 2022/07/04 v5.1.0 advanced colored boxes
\spx@tempboxa=\box103
\spx@tempboxb=\box104
\spx@boxes@border=\dimen174
\spx@boxes@border@top=\dimen175
\spx@boxes@border@right=\dimen176
\spx@boxes@border@bottom=\dimen177
\spx@boxes@border@left=\dimen178
\spx@boxes@padding@top=\dimen179
\spx@boxes@padding@right=\dimen180
\spx@boxes@padding@bottom=\dimen181
\spx@boxes@padding@left=\dimen182
\spx@boxes@shadow@xoffset=\dimen183
\spx@boxes@shadow@yoffset=\dimen184
\spx@boxes@radius@topleft=\dimen185
\spx@boxes@radius@topright=\dimen186
\spx@boxes@radius@bottomright=\dimen187
\spx@boxes@radius@bottomleft=\dimen188
)
(sphinxlatexadmonitions.sty
File: sphinxlatexadmonitions.sty 2022/07/03 admonitions

(C:\Users\reza\AppData\Local\Programs\MiKTeX\tex/latex/framed\framed.sty
Package: framed 2011/10/22 v 0.96: framed or shaded text with page breaks
\OuterFrameSep=\skip64
\fb@frw=\dimen189
\fb@frh=\dimen190
\FrameRule=\dimen191
\FrameSep=\dimen192
))
(sphinxlatexliterals.sty
File: sphinxlatexliterals.sty 2022/07/03 code-blocks and parsed literals

(C:\Users\reza\AppData\Local\Programs\MiKTeX\tex/latex/fancyvrb\fancyvrb.sty
Package: fancyvrb 2022/06/06 4.5 verbatim text (tvz,hv)
\FV@CodeLineNo=\count355
\FV@InFile=\read2
\FV@TabBox=\box105
\c@FancyVerbLine=\count356
\FV@StepNumber=\count357
\FV@OutFile=\write3
)
(C:\Users\reza\AppData\Local\Programs\MiKTeX\tex/latex/base\alltt.sty
Package: alltt 2021/01/29 v2.0g defines alltt environment
)
(C:\Users\reza\AppData\Local\Programs\MiKTeX\tex/latex/upquote\upquote.sty
Package: upquote 2012/04/19 v1.3 upright-quote and grave-accent glyphs in verba
tim
)
(C:\Users\reza\AppData\Local\Programs\MiKTeX\tex/latex/needspace\needspace.sty
Package: needspace 2010/09/12 v1.3d reserve vertical space
)
\sphinxcontinuationbox=\box106
\sphinxvisiblespacebox=\box107
\sphinxVerbatim@TitleBox=\box108
\sphinxVerbatim@ContentsBox=\box109
) (sphinxlatexshadowbox.sty
File: sphinxlatexshadowbox.sty 2022/07/03 sphinxShadowBox
) (sphinxlatexcontainers.sty
File: sphinxlatexcontainers.sty 2021/05/03 containers
) (sphinxhighlight.sty
Package: sphinxhighlight 2022/06/30 stylesheet for highlighting with pygments
)
(sphinxlatextables.sty
File: sphinxlatextables.sty 2021/01/27 tables

(C:\Users\reza\AppData\Local\Programs\MiKTeX\tex/latex/tabulary\tabulary.sty
Package: tabulary 2014/06/11 v0.10 tabulary package (DPC)

(C:\Users\reza\AppData\Local\Programs\MiKTeX\tex/latex/tools\array.sty
Package: array 2021/10/04 v2.5f Tabular extension package (FMi)
\col@sep=\dimen193
\ar@mcellbox=\box110
\extrarowheight=\dimen194
\NC@list=\toks36
\extratabsurround=\skip65
\backup@length=\skip66
\ar@cellbox=\box111
)
\TY@count=\count358
\TY@linewidth=\dimen195
\tymin=\dimen196
\tymax=\dimen197
\TY@tablewidth=\dimen198
)
(C:\Users\reza\AppData\Local\Programs\MiKTeX\tex/latex/tools\longtable.sty
Package: longtable 2021-09-01 v4.17 Multi-page Table package (DPC)
\LTleft=\skip67
\LTright=\skip68
\LTpre=\skip69
\LTpost=\skip70
\LTchunksize=\count359
\LTcapwidth=\dimen199
\LT@head=\box112
\LT@firsthead=\box113
\LT@foot=\box114
\LT@lastfoot=\box115
\LT@gbox=\box116
\LT@cols=\count360
\LT@rows=\count361
\c@LT@tables=\count362
\c@LT@chunks=\count363
\LT@p@ftn=\toks37
)
(C:\Users\reza\AppData\Local\Programs\MiKTeX\tex/latex/varwidth\varwidth.sty
Package: varwidth 2009/03/30 ver 0.92;  Variable-width minipages
\@vwid@box=\box117
\sift@deathcycles=\count364
\@vwid@loff=\dimen256
\@vwid@roff=\dimen257
)
\sphinx@TY@tablewidth=\dimen258
)
(sphinxlatexnumfig.sty
File: sphinxlatexnumfig.sty 2021/01/27 numbering
) (sphinxlatexlists.sty
File: sphinxlatexlists.sty 2021/12/20 lists
\spx@lineitemlabel=\toks38
)
\c@sphinxscope=\count365
 (sphinxpackagefootnote.sty
Package: sphinxpackagefootnote 2022/02/12 v4.5.0 Sphinx custom footnotehyper pa
ckage (Sphinx team)
\FNH@notes=\box118
\FNH@toks=\toks39
\FNH@width=\dimen259
\c@sphinxfootnotemark=\count366
)
(sphinxlatexindbibtoc.sty
File: sphinxlatexindbibtoc.sty 2021/01/27 index, bib., toc

(C:\Users\reza\AppData\Local\Programs\MiKTeX\tex/latex/base\makeidx.sty
Package: makeidx 2021/10/04 v1.0m Standard LaTeX package
))
(sphinxlatexstylepage.sty
File: sphinxlatexstylepage.sty 2021/01/27 page styling

(C:\Users\reza\AppData\Local\Programs\MiKTeX\tex/latex/parskip\parskip.sty
Rollback for package 'parskip' requested -> version 'v1'.
         This corresponds to the release introduced on 2001-04-09.

(C:\Users\reza\AppData\Local\Programs\MiKTeX\tex/latex/parskip\parskip-2001-04-
09.sty
Package: parskip 2001/04/09 non-zero parskip adjustments
))
(C:\Users\reza\AppData\Local\Programs\MiKTeX\tex/latex/fancyhdr\fancyhdr.sty
Package: fancyhdr 2022/05/18 v4.0.3 Extensive control of page headers and foote
rs
\f@nch@headwidth=\skip71
\f@nch@O@elh=\skip72
\f@nch@O@erh=\skip73
\f@nch@O@olh=\skip74
\f@nch@O@orh=\skip75
\f@nch@O@elf=\skip76
\f@nch@O@erf=\skip77
\f@nch@O@olf=\skip78
\f@nch@O@orf=\skip79
))
(sphinxlatexstyleheadings.sty
File: sphinxlatexstyleheadings.sty 2021/01/27 headings

(C:\Users\reza\AppData\Local\Programs\MiKTeX\tex/latex/titlesec\titlesec.sty
Package: titlesec 2021/07/05 v2.14 Sectioning titles
\ttl@box=\box119
\beforetitleunit=\skip80
\aftertitleunit=\skip81
\ttl@plus=\dimen260
\ttl@minus=\dimen261
\ttl@toksa=\toks40
\titlewidth=\dimen262
\titlewidthlast=\dimen263
\titlewidthfirst=\dimen264
))
(sphinxlatexstyletext.sty
File: sphinxlatexstyletext.sty 2022/07/02 text styling
) (sphinxlatexobjects.sty
File: sphinxlatexobjects.sty 2022/01/13 documentation environments
\sphinxsignaturesep=\skip82
\py@argswidth=\skip83
\lineblockindentation=\skip84
\DUlineblockindent=\skip85
))
(C:\Users\reza\AppData\Local\Programs\MiKTeX\tex/latex/geometry\geometry.sty
Package: geometry 2020/01/02 v5.9 Page Geometry

(C:\Users\reza\AppData\Local\Programs\MiKTeX\tex/generic/iftex\ifvtex.sty
Package: ifvtex 2019/10/25 v1.7 ifvtex legacy package. Use iftex instead.
)
\Gm@cnth=\count367
\Gm@cntv=\count368
\c@Gm@tempcnt=\count369
\Gm@bindingoffset=\dimen265
\Gm@wd@mp=\dimen266
\Gm@odd@mp=\dimen267
\Gm@even@mp=\dimen268
\Gm@layoutwidth=\dimen269
\Gm@layoutheight=\dimen270
\Gm@layouthoffset=\dimen271
\Gm@layoutvoffset=\dimen272
\Gm@dimlist=\toks41

(C:\Users\reza\AppData\Local\Programs\MiKTeX\tex/latex/geometry\geometry.cfg))
(C:\Users\reza\AppData\Local\Programs\MiKTeX\tex/latex/hyperref\hyperref.sty
Package: hyperref 2022-06-20 v7.00s Hypertext links for LaTeX

(C:\Users\reza\AppData\Local\Programs\MiKTeX\tex/generic/pdfescape\pdfescape.st
y
Package: pdfescape 2019/12/09 v1.15 Implements pdfTeX's escape features (HO)
) (C:\Users\reza\AppData\Local\Programs\MiKTeX\tex/latex/hycolor\hycolor.sty
Package: hycolor 2020-01-27 v1.10 Color options for hyperref/bookmark (HO)
)
(C:\Users\reza\AppData\Local\Programs\MiKTeX\tex/latex/letltxmacro\letltxmacro.
sty
Package: letltxmacro 2019/12/03 v1.6 Let assignment for LaTeX macros (HO)
)
(C:\Users\reza\AppData\Local\Programs\MiKTeX\tex/latex/hyperref\nameref.sty
Package: nameref 2022-05-17 v2.50 Cross-referencing by name of section

(C:\Users\reza\AppData\Local\Programs\MiKTeX\tex/latex/refcount\refcount.sty
Package: refcount 2019/12/15 v3.6 Data extraction from label references (HO)
)
(C:\Users\reza\AppData\Local\Programs\MiKTeX\tex/generic/gettitlestring\gettitl
estring.sty
Package: gettitlestring 2019/12/15 v1.6 Cleanup title references (HO)
)
\c@section@level=\count370
)
\@linkdim=\dimen273
\Hy@linkcounter=\count371
\Hy@pagecounter=\count372

(C:\Users\reza\AppData\Local\Programs\MiKTeX\tex/latex/hyperref\pd1enc.def
File: pd1enc.def 2022-06-20 v7.00s Hyperref: PDFDocEncoding definition (HO)
)
(C:\Users\reza\AppData\Local\Programs\MiKTeX\tex/generic/intcalc\intcalc.sty
Package: intcalc 2019/12/15 v1.3 Expandable calculations with integers (HO)
)
\Hy@SavedSpaceFactor=\count373

(C:\Users\reza\AppData\Local\Programs\MiKTeX\tex/latex/hyperref\puenc.def
File: puenc.def 2022-06-20 v7.00s Hyperref: PDF Unicode definition (HO)
)
Package hyperref Info: Option `hyperindex' set `false' on input line 4045.
Package hyperref Info: Option `unicode' set `true' on input line 4045.
Package hyperref Info: Option `colorlinks' set `true' on input line 4045.
Package hyperref Info: Option `breaklinks' set `true' on input line 4045.
Package hyperref Info: Hyper figures OFF on input line 4162.
Package hyperref Info: Link nesting OFF on input line 4167.
Package hyperref Info: Hyper index OFF on input line 4172.
Package hyperref Info: Plain pages OFF on input line 4177.
Package hyperref Info: Backreferencing OFF on input line 4182.
Package hyperref Info: Implicit mode ON; LaTeX internals redefined.
Package hyperref Info: Bookmarks ON on input line 4408.
\c@Hy@tempcnt=\count374

(C:\Users\reza\AppData\Local\Programs\MiKTeX\tex/latex/url\url.sty
\Urlmuskip=\muskip17
Package: url 2013/09/16  ver 3.4  Verb mode for urls, etc.
)
LaTeX Info: Redefining \url on input line 4746.
\XeTeXLinkMargin=\dimen274

(C:\Users\reza\AppData\Local\Programs\MiKTeX\tex/generic/bitset\bitset.sty
Package: bitset 2019/12/09 v1.3 Handle bit-vector datatype (HO)

(C:\Users\reza\AppData\Local\Programs\MiKTeX\tex/generic/bigintcalc\bigintcalc.
sty
Package: bigintcalc 2019/12/15 v1.5 Expandable calculations on big integers (HO
)
))
\Fld@menulength=\count375
\Field@Width=\dimen275
\Fld@charsize=\dimen276
Package hyperref Info: Hyper figures OFF on input line 6024.
Package hyperref Info: Link nesting OFF on input line 6029.
Package hyperref Info: Hyper index OFF on input line 6034.
Package hyperref Info: backreferencing OFF on input line 6039.
Package hyperref Info: Link coloring ON on input line 6042.
Package hyperref Info: Link coloring with OCG OFF on input line 6049.
Package hyperref Info: PDF/A mode OFF on input line 6054.
\Hy@abspage=\count376
\c@Item=\count377
\c@Hfootnote=\count378
)
Package hyperref Info: Driver (autodetected): hxetex.

(C:\Users\reza\AppData\Local\Programs\MiKTeX\tex/latex/hyperref\hxetex.def
File: hxetex.def 2022-06-20 v7.00s Hyperref driver for XeTeX

(C:\Users\reza\AppData\Local\Programs\MiKTeX\tex/generic/stringenc\stringenc.st
y
Package: stringenc 2019/11/29 v1.12 Convert strings between diff. encodings (HO
)
)
\pdfm@box=\box120
\c@Hy@AnnotLevel=\count379
\HyField@AnnotCount=\count380
\Fld@listcount=\count381
\c@bookmark@seq@number=\count382

(C:\Users\reza\AppData\Local\Programs\MiKTeX\tex/latex/rerunfilecheck\rerunfile
check.sty
Package: rerunfilecheck 2022-07-10 v1.10 Rerun checks for auxiliary files (HO)

(C:\Users\reza\AppData\Local\Programs\MiKTeX\tex/latex/base\atveryend-ltx.sty
Package: atveryend-ltx 2020/08/19 v1.0a Emulation of the original atveryend pac
kage
with kernel methods
)
(C:\Users\reza\AppData\Local\Programs\MiKTeX\tex/generic/uniquecounter\uniqueco
unter.sty
Package: uniquecounter 2019/12/15 v1.4 Provide unlimited unique counter (HO)
)
Package uniquecounter Info: New unique counter `rerunfilecheck' on input line 2
85.
)
\Hy@SectionHShift=\skip86
)
(C:\Users\reza\AppData\Local\Programs\MiKTeX\tex/latex/oberdiek\hypcap.sty
Package: hypcap 2016/05/16 v1.12 Adjusting the anchors of captions (HO)
)
(sphinxmessages.sty
Package: sphinxmessages 2019/01/04 v2.0 Localized LaTeX macros (Sphinx team)
)
(C:\Users\reza\AppData\Local\Programs\MiKTeX\tex/latex/tocloft\tocloft.sty
Package: tocloft 2017/08/31 v2.3i parameterised ToC, etc., typesetting
Package tocloft Info: The document has chapter divisions on input line 51.
\cftparskip=\skip87
\cftbeforetoctitleskip=\skip88
\cftaftertoctitleskip=\skip89
\cftbeforepartskip=\skip90
\cftpartnumwidth=\skip91
\cftpartindent=\skip92
\cftbeforechapskip=\skip93
\cftchapindent=\skip94
\cftchapnumwidth=\skip95
\cftbeforesecskip=\skip96
\cftsecindent=\skip97
\cftsecnumwidth=\skip98
\cftbeforesubsecskip=\skip99
\cftsubsecindent=\skip100
\cftsubsecnumwidth=\skip101
\cftbeforesubsubsecskip=\skip102
\cftsubsubsecindent=\skip103
\cftsubsubsecnumwidth=\skip104
\cftbeforeparaskip=\skip105
\cftparaindent=\skip106
\cftparanumwidth=\skip107
\cftbeforesubparaskip=\skip108
\cftsubparaindent=\skip109
\cftsubparanumwidth=\skip110
\cftbeforeloftitleskip=\skip111
\cftafterloftitleskip=\skip112
\cftbeforefigskip=\skip113
\cftfigindent=\skip114
\cftfignumwidth=\skip115
\c@lofdepth=\count383
\c@lotdepth=\count384
\cftbeforelottitleskip=\skip116
\cftafterlottitleskip=\skip117
\cftbeforetabskip=\skip118
\cfttabindent=\skip119
\cfttabnumwidth=\skip120


Package tocloft Warning: \@starttoc has already been redefined; tocloft bailing
 out. on input line 1156.

)
\@indexfile=\write4
\openout4 = `saba.idx'.


Writing index file saba.idx
(saba.aux
LaTeX Info: Redefining \rmfamily on input line 16.
LaTeX Info: Redefining \sffamily on input line 16.
LaTeX Info: Redefining \ttfamily on input line 16.
)
\openout1 = `saba.aux'.

LaTeX Font Info:    Checking defaults for OML/cmm/m/it on input line 73.
LaTeX Font Info:    ... okay on input line 73.
LaTeX Font Info:    Checking defaults for OMS/cmsy/m/n on input line 73.
LaTeX Font Info:    ... okay on input line 73.
LaTeX Font Info:    Checking defaults for OT1/cmr/m/n on input line 73.
LaTeX Font Info:    ... okay on input line 73.
LaTeX Font Info:    Checking defaults for T1/cmr/m/n on input line 73.
LaTeX Font Info:    ... okay on input line 73.
LaTeX Font Info:    Checking defaults for TS1/cmr/m/n on input line 73.
LaTeX Font Info:    Trying to load font information for TS1+cmr on input line 7
3.

(C:\Users\reza\AppData\Local\Programs\MiKTeX\tex/latex/base\ts1cmr.fd
File: ts1cmr.fd 2019/12/16 v2.5j Standard LaTeX font definitions
)
LaTeX Font Info:    ... okay on input line 73.
LaTeX Font Info:    Checking defaults for TU/lmr/m/n on input line 73.
LaTeX Font Info:    ... okay on input line 73.
LaTeX Font Info:    Checking defaults for OMX/cmex/m/n on input line 73.
LaTeX Font Info:    ... okay on input line 73.
LaTeX Font Info:    Checking defaults for U/cmr/m/n on input line 73.
LaTeX Font Info:    ... okay on input line 73.
LaTeX Font Info:    Checking defaults for PD1/pdf/m/n on input line 73.
LaTeX Font Info:    ... okay on input line 73.
LaTeX Font Info:    Checking defaults for PU/pdf/m/n on input line 73.
LaTeX Font Info:    ... okay on input line 73.

Package fontspec Info: Adjusting the maths setup (use [no-math] to avoid
(fontspec)             this).

\symlegacymaths=\mathgroup6
LaTeX Font Info:    Overwriting symbol font `legacymaths' in version `bold'
(Font)                  OT1/cmr/m/n --> OT1/cmr/bx/n on input line 73.
LaTeX Font Info:    Redeclaring math accent \acute on input line 73.
LaTeX Font Info:    Redeclaring math accent \grave on input line 73.
LaTeX Font Info:    Redeclaring math accent \ddot on input line 73.
LaTeX Font Info:    Redeclaring math accent \tilde on input line 73.
LaTeX Font Info:    Redeclaring math accent \bar on input line 73.
LaTeX Font Info:    Redeclaring math accent \breve on input line 73.
LaTeX Font Info:    Redeclaring math accent \check on input line 73.
LaTeX Font Info:    Redeclaring math accent \hat on input line 73.
LaTeX Font Info:    Redeclaring math accent \dot on input line 73.
LaTeX Font Info:    Redeclaring math accent \mathring on input line 73.
LaTeX Font Info:    Redeclaring math symbol \Gamma on input line 73.
LaTeX Font Info:    Redeclaring math symbol \Delta on input line 73.
LaTeX Font Info:    Redeclaring math symbol \Theta on input line 73.
LaTeX Font Info:    Redeclaring math symbol \Lambda on input line 73.
LaTeX Font Info:    Redeclaring math symbol \Xi on input line 73.
LaTeX Font Info:    Redeclaring math symbol \Pi on input line 73.
LaTeX Font Info:    Redeclaring math symbol \Sigma on input line 73.
LaTeX Font Info:    Redeclaring math symbol \Upsilon on input line 73.
LaTeX Font Info:    Redeclaring math symbol \Phi on input line 73.
LaTeX Font Info:    Redeclaring math symbol \Psi on input line 73.
LaTeX Font Info:    Redeclaring math symbol \Omega on input line 73.
LaTeX Font Info:    Redeclaring math symbol \mathdollar on input line 73.
LaTeX Font Info:    Redeclaring symbol font `operators' on input line 73.
LaTeX Font Info:    Encoding `OT1' has changed to `TU' for symbol font
(Font)              `operators' in the math version `normal' on input line 73.
LaTeX Font Info:    Overwriting symbol font `operators' in version `normal'
(Font)                  OT1/cmr/m/n --> TU/DejaVuSans(0)/m/n on input line 73.
LaTeX Font Info:    Encoding `OT1' has changed to `TU' for symbol font
(Font)              `operators' in the math version `bold' on input line 73.
LaTeX Font Info:    Overwriting symbol font `operators' in version `bold'
(Font)                  OT1/cmr/bx/n --> TU/DejaVuSans(0)/m/n on input line 73.

LaTeX Font Info:    Overwriting symbol font `operators' in version `normal'
(Font)                  TU/DejaVuSans(0)/m/n --> TU/DejaVuSans(0)/m/n on input 
line 73.
LaTeX Font Info:    Overwriting math alphabet `\mathit' in version `normal'
(Font)                  OT1/cmr/m/it --> TU/DejaVuSans(0)/m/it on input line 73
.
LaTeX Font Info:    Overwriting math alphabet `\mathbf' in version `normal'
(Font)                  OT1/cmr/bx/n --> TU/DejaVuSans(0)/b/n on input line 73.

LaTeX Font Info:    Overwriting math alphabet `\mathsf' in version `normal'
(Font)                  OT1/cmss/m/n --> TU/DejaVuSans(0)/m/n on input line 73.

LaTeX Font Info:    Overwriting math alphabet `\mathtt' in version `normal'
(Font)                  OT1/cmtt/m/n --> TU/DejaVuSansMono(0)/m/n on input line
 73.
LaTeX Font Info:    Overwriting symbol font `operators' in version `bold'
(Font)                  TU/DejaVuSans(0)/m/n --> TU/DejaVuSans(0)/b/n on input 
line 73.
LaTeX Font Info:    Overwriting math alphabet `\mathit' in version `bold'
(Font)                  OT1/cmr/bx/it --> TU/DejaVuSans(0)/b/it on input line 7
3.
LaTeX Font Info:    Overwriting math alphabet `\mathsf' in version `bold'
(Font)                  OT1/cmss/bx/n --> TU/DejaVuSans(0)/b/n on input line 73
.
LaTeX Font Info:    Overwriting math alphabet `\mathtt' in version `bold'
(Font)                  OT1/cmtt/m/n --> TU/DejaVuSansMono(0)/b/n on input line
 73.
The property list \__xpg_alias contains the pairs (without outer braces):
>  {latex/target}  =>  {latex}
>  {english/target}  =>  {english}
>  {en/target}  =>  {english}
>  {en-AU/target}  =>  {english}
>  {en-AU/variant}  =>  {australian}
>  {en-AU/options}  =>  {variant=australian}
>  {en-CA/target}  =>  {english}
>  {en-CA/variant}  =>  {canadian}
>  {en-CA/options}  =>  {variant=canadian}
>  {en-GB/target}  =>  {english}
>  {en-GB/variant}  =>  {british}
>  {en-GB/options}  =>  {variant=british}
>  {en-NZ/target}  =>  {english}
>  {en-NZ/variant}  =>  {newzealand}
>  {en-NZ/options}  =>  {variant=newzealand}
>  {en-US/target}  =>  {english}
>  {en-US/variant}  =>  {us}
>  {en-US/options}  =>  {variant=us}
>  {american/target}  =>  {english}
>  {american/variant}  =>  {us}
>  {american/options}  =>  {variant=us}
>  {australian/target}  =>  {english}
>  {australian/variant}  =>  {australian}
>  {australian/options}  =>  {variant=australian}
>  {british/target}  =>  {english}
>  {british/variant}  =>  {british}
>  {british/options}  =>  {variant=british}
>  {canadian/target}  =>  {english}
>  {canadian/variant}  =>  {canadian}
>  {canadian/options}  =>  {variant=canadian}
>  {newzealand/target}  =>  {english}
>  {newzealand/variant}  =>  {newzealand}
>  {newzealand/options}  =>  {variant=newzealand}
>  {persian/target}  =>  {persian}
>  {fa/target}  =>  {persian}
>  {farsi/target}  =>  {persian}.


Package polyglossia Warning: Patchingbiditablefailed! on input line 73.


! Package bidi Error: Oops! you have loaded package xcolor after bidi package. 
Please load package xcolor before bidi package, and then try to run xelatex on 
your document again.

See the bidi package documentation for explanation.
Type  H <return>  for immediate help.
 ...                                              
                                                  
l.73 \begin{document}
                     
? 

! Package bidi Error: Oops! you have loaded package float after bidi package. P
lease load package float before bidi package, and then try to run xelatex on yo
ur document again.

See the bidi package documentation for explanation.
Type  H <return>  for immediate help.
 ...                                              
                                                  
l.73 \begin{document}
                     
? 

! Package bidi Error: Oops! you have loaded package framed after bidi package. 
Please load package framed before bidi package, and then try to run xelatex on 
your document again.

See the bidi package documentation for explanation.
Type  H <return>  for immediate help.
 ...                                              
                                                  
l.73 \begin{document}
                     
? 

! Package bidi Error: Oops! you have loaded package wrapfig after bidi package.
 Please load package wrapfig before bidi package, and then try to run xelatex o
n your document again.

See the bidi package documentation for explanation.
Type  H <return>  for immediate help.
 ...                                              
                                                  
l.73 \begin{document}
                     
? 

! Package bidi Error: Oops! you have loaded package graphicx after bidi package
. Please load package graphicx before bidi package, and then try to run xelatex
 on your document again.

See the bidi package documentation for explanation.
Type  H <return>  for immediate help.
 ...                                              
                                                  
l.73 \begin{document}
                     
? 

! Package bidi Error: Oops! you have loaded package geometry after bidi package
. Please load package geometry before bidi package, and then try to run xelatex
 on your document again.

See the bidi package documentation for explanation.
Type  H <return>  for immediate help.
 ...                                              
                                                  
l.73 \begin{document}
                     
? 

! Package bidi Error: Oops! you have loaded package hyperref after bidi package
. Please load package hyperref before bidi package, and then try to run xelatex
 on your document again.

See the bidi package documentation for explanation.
Type  H <return>  for immediate help.
 ...                                              
                                                  
l.73 \begin{document}
                     
? 

! Package bidi Error: Oops! you have loaded package fancyhdr after bidi package
. Please load package fancyhdr before bidi package, and then try to run xelatex
 on your document again.

See the bidi package documentation for explanation.
Type  H <return>  for immediate help.
 ...                                              
                                                  
l.73 \begin{document}
                     
? 

! Package bidi Error: Oops! you have loaded package titlesec after bidi package
. Please load package titlesec before bidi package, and then try to run xelatex
 on your document again.

See the bidi package documentation for explanation.
Type  H <return>  for immediate help.
 ...                                              
                                                  
l.73 \begin{document}
                     
? 

! Package bidi Error: Oops! you have loaded package array after bidi package. P
lease load package array before bidi package, and then try to run xelatex on yo
ur document again.

See the bidi package documentation for explanation.
Type  H <return>  for immediate help.
 ...                                              
                                                  
l.73 \begin{document}
                     
? 

! Package bidi Error: Oops! you have loaded package longtable after bidi packag
e. Please load package longtable before bidi package, and then try to run xelat
ex on your document again.

See the bidi package documentation for explanation.
Type  H <return>  for immediate help.
 ...                                              
                                                  
l.73 \begin{document}
                     
? 

! Package bidi Error: Oops! you have loaded package multicol after bidi package
. Please load package multicol before bidi package, and then try to run xelatex
 on your document again.

See the bidi package documentation for explanation.
Type  H <return>  for immediate help.
 ...                                              
                                                  
l.73 \begin{document}
                     
? 

! Package bidi Error: Oops! you have loaded package tabulary after bidi package
. Please load package tabulary before bidi package, and then try to run xelatex
 on your document again.

See the bidi package documentation for explanation.
Type  H <return>  for immediate help.
 ...                                              
                                                  
l.73 \begin{document}
                     
? 

! Package bidi Error: Oops! you have loaded package fancyvrb after bidi package
. Please load package fancyvrb before bidi package, and then try to run xelatex
 on your document again.

See the bidi package documentation for explanation.
Type  H <return>  for immediate help.
 ...                                              
                                                  
l.73 \begin{document}
                     
? 
\c@literalblock=\count385
*geometry* driver: auto-detecting
*geometry* detected driver: xetex
*geometry* verbose mode - [ preamble ] result:
* driver: xetex
* paper: letterpaper
* layout: <same size as paper>
* layoutoffset:(h,v)=(0.0pt,0.0pt)
* modes: twoside 
* h-part:(L,W,R)=(72.26999pt, 469.75502pt, 72.26999pt)
* v-part:(T,H,B)=(72.26999pt, 650.43001pt, 72.26999pt)
* \paperwidth=614.295pt
* \paperheight=794.96999pt
* \textwidth=469.75502pt
* \textheight=650.43001pt
* \oddsidemargin=0.0pt
* \evensidemargin=0.0pt
* \topmargin=-37.0pt
* \headheight=12.0pt
* \headsep=25.0pt
* \topskip=10.0pt
* \footskip=30.0pt
* \marginparwidth=36.135pt
* \marginparsep=11.0pt
* \columnsep=10.0pt
* \skip\footins=9.0pt plus 4.0pt minus 2.0pt
* \hoffset=0.0pt
* \voffset=0.0pt
* \mag=1000
* \@twocolumnfalse
* \@twosidetrue
* \@mparswitchtrue
* \@reversemarginfalse
* (1in=72.27pt=25.4mm, 1cm=28.453pt)

Package hyperref Info: Link coloring ON on input line 73.
(saba.out) (saba.out)
\@outlinefile=\write5
\openout5 = `saba.out'.

LaTeX Info: Redefining \rmfamily on input line 73.
LaTeX Info: Redefining \sffamily on input line 73.
LaTeX Info: Redefining \ttfamily on input line 73.
Package hyperref Info: Option `pageanchor' set `false' on input line 76.
LaTeX Font Info:    Trying to load font information for U+msa on input line 76.


(C:\Users\reza\AppData\Local\Programs\MiKTeX\tex/latex/amsfonts\umsa.fd
File: umsa.fd 2013/01/14 v3.01 AMS symbols A
)
LaTeX Font Info:    Trying to load font information for U+msb on input line 76.


(C:\Users\reza\AppData\Local\Programs\MiKTeX\tex/latex/amsfonts\umsb.fd
File: umsb.fd 2013/01/14 v3.01 AMS symbols B
)
[1

] [2


] (saba.toc
LaTeX Info: Redefining \rmfamily on input line 1.
LaTeX Info: Redefining \sffamily on input line 1.
LaTeX Info: Redefining \ttfamily on input line 1.
 [1

])
\tf@toc=\write6
\openout6 = `saba.toc'.

 [2]
File: dorsa.png Graphic file (type bmp)
<dorsa.png>
 [1

] [2

]
Chapter 1.
LaTeX Font Info:    Trying to load font information for OT1+pzc on input line 9
1.
(C:\Users\reza\AppData\Local\Programs\MiKTeX\tex/latex/psnfss\ot1pzc.fd
File: ot1pzc.fd 2020/03/25 font definitions for OT1/pzc.
)
LaTeX Font Info:    Font shape `OT1/pzc/m/n' in size <76> not available
(Font)              Font shape `OT1/pzc/m/it' tried instead on input line 91.

Overfull \hbox (10.0pt too wide) in paragraph at lines 91--91
[][][][][][][][][][][] 
 []

[3]

Package fontspec Info: Font family 'DejaVuSans(1)' created for font 'DejaVu
(fontspec)             Sans' with options [Script=Arabic].
(fontspec)              
(fontspec)              This font family consists of the following NFSS
(fontspec)             series/shapes:
(fontspec)              
(fontspec)             - 'normal' (m/n) with NFSS spec.: <->"DejaVu
(fontspec)             Sans/OT:script=arab;language=dflt;"
(fontspec)             - 'small caps'  (m/sc) with NFSS spec.: 
(fontspec)             - 'bold' (b/n) with NFSS spec.: <->"DejaVu
(fontspec)             Sans/B/OT:script=arab;language=dflt;"
(fontspec)             - 'bold small caps'  (b/sc) with NFSS spec.: 
(fontspec)             - 'italic' (m/it) with NFSS spec.: <->"DejaVu
(fontspec)             Sans/I/OT:script=arab;language=dflt;"
(fontspec)             - 'italic small caps'  (m/scit) with NFSS spec.: 
(fontspec)             - 'bold italic' (b/it) with NFSS spec.: <->"DejaVu
(fontspec)             Sans/BI/OT:script=arab;language=dflt;"
(fontspec)             - 'bold italic small caps'  (b/scit) with NFSS spec.: 

LaTeX Info: Redefining \rmfamily on input line 228.
LaTeX Info: Redefining \sffamily on input line 228.
LaTeX Info: Redefining \ttfamily on input line 228.
LaTeX Info: Redefining \rmfamily on input line 239.
LaTeX Info: Redefining \sffamily on input line 239.
LaTeX Info: Redefining \ttfamily on input line 239.
LaTeX Info: Redefining \rmfamily on input line 251.
LaTeX Info: Redefining \sffamily on input line 251.
LaTeX Info: Redefining \ttfamily on input line 251.
LaTeX Info: Redefining \rmfamily on input line 262.
LaTeX Info: Redefining \sffamily on input line 262.
LaTeX Info: Redefining \ttfamily on input line 262.
 [4]
LaTeX Info: Redefining \rmfamily on input line 272.
LaTeX Info: Redefining \sffamily on input line 272.
LaTeX Info: Redefining \ttfamily on input line 272.
 [5] [6

]
Chapter 2.

Overfull \hbox (10.0pt too wide) in paragraph at lines 281--281
[][][][][][][][][][][] 
 []

[7] [8

]
Chapter 3.

Overfull \hbox (10.0pt too wide) in paragraph at lines 286--286
[][][][][][][][][][][] 
 []

LaTeX Info: Redefining \rmfamily on input line 313.
LaTeX Info: Redefining \sffamily on input line 313.
LaTeX Info: Redefining \ttfamily on input line 313.
LaTeX Info: Redefining \rmfamily on input line 333.
LaTeX Info: Redefining \sffamily on input line 333.
LaTeX Info: Redefining \ttfamily on input line 333.
[9]
LaTeX Info: Redefining \rmfamily on input line 346.
LaTeX Info: Redefining \sffamily on input line 346.
LaTeX Info: Redefining \ttfamily on input line 346.

Overfull \hbox (4.11705pt too wide) in paragraph at lines 364--364
[][]\TU/DejaVuSans(0)/m/it/10 ui_obj\TU/DejaVuSans(0)/m/n/10 ,[] 
 []


Overfull \hbox (13.09654pt too wide) in paragraph at lines 364--364
[]\TU/DejaVuSans(0)/m/it/10 api_obj\TU/DejaVuSansMono(0)/m/n/10 )|[] 
 []


Overfull \hbox (37.55455pt too wide) in paragraph at lines 394--394
[]\TU/DejaVuSans(0)/m/it/10 era_calibration_params\TU/DejaVuSans(0)/m/n/10 ,[] 

 []

[10]
Overfull \hbox (37.94518pt too wide) in paragraph at lines 470--470
[]\TU/DejaVuSans(0)/m/it/10 rent_cam_connection=None\TU/DejaVuSans(0)/m/n/10 ,[
] 
 []

[11]
Overfull \hbox (1.67564pt too wide) in paragraph at lines 592--592
[][]\TU/DejaVuSans(0)/m/it/10 db_obj\TU/DejaVuSans(0)/m/n/10 ,[] 
 []


Overfull \hbox (2.13951pt too wide) in paragraph at lines 592--592
[]\TU/DejaVuSans(0)/m/it/10 era_id\TU/DejaVuSansMono(0)/m/n/10 )|[] 
 []


Overfull \hbox (0.93834pt too wide) in paragraph at lines 621--621
[][]\TU/DejaVuSans(0)/m/it/10 ui_obj\TU/DejaVuSansMono(0)/m/n/10 )|[] 
 []

[12]
Overfull \hbox (76.5194pt too wide) in paragraph at lines 824--824
[]\TU/DejaVuSans(0)/m/it/10 era_calibration_params\TU/DejaVuSansMono(0)/m/n/10 
)|[] 
 []

[13]
Overfull \hbox (76.5194pt too wide) in paragraph at lines 857--857
[]\TU/DejaVuSans(0)/m/it/10 era_calibration_params\TU/DejaVuSansMono(0)/m/n/10 
)|[] 
 []

[14] [15]
Overfull \hbox (1.67564pt too wide) in paragraph at lines 1140--1140
[][]\TU/DejaVuSans(0)/m/it/10 db_obj\TU/DejaVuSans(0)/m/n/10 ,[] 
 []


Overfull \hbox (30.3524pt too wide) in paragraph at lines 1140--1140
[]\TU/DejaVuSans(0)/m/it/10 able_serials\TU/DejaVuSansMono(0)/m/n/10 )|[] 
 []


Overfull \hbox (4.11705pt too wide) in paragraph at lines 1171--1171
[][]\TU/DejaVuSans(0)/m/it/10 ui_obj\TU/DejaVuSans(0)/m/n/10 ,[] 
 []


Overfull \hbox (10.25475pt too wide) in paragraph at lines 1171--1171
[]\TU/DejaVuSans(0)/m/it/10 api_obj\TU/DejaVuSans(0)/m/n/10 ,[] 
 []


Overfull \hbox (26.97838pt too wide) in paragraph at lines 1171--1171
[]\TU/DejaVuSans(0)/m/it/10 nect=True\TU/DejaVuSans(0)/m/n/10 ,[] 
 []


Overfull \hbox (31.15318pt too wide) in paragraph at lines 1171--1171
[]\TU/DejaVuSans(0)/m/it/10 tion=False\TU/DejaVuSansMono(0)/m/n/10 )|[] 
 []

[16] [17]
Overfull \hbox (11.98814pt too wide) in paragraph at lines 1300--1300
[]\TU/DejaVuSans(0)/m/it/10 frame_transmission_delay=0\TU/DejaVuSans(0)/m/n/10 
,[] 
 []

[18]
LaTeX Info: Redefining \rmfamily on input line 1493.
LaTeX Info: Redefining \sffamily on input line 1493.
LaTeX Info: Redefining \ttfamily on input line 1493.
 [19]
Overfull \hbox (13.62877pt too wide) in paragraph at lines 1589--1589
[]\TU/DejaVuSans(0)/m/it/10 new_defect_info\TU/DejaVuSans(0)/m/n/10 ,[] 
 []


Overfull \hbox (23.20885pt too wide) in paragraph at lines 1589--1589
[]\TU/DejaVuSans(0)/m/it/10 fect_group=False\TU/DejaVuSansMono(0)/m/n/10 )|[] 
 []


Overfull \hbox (52.28111pt too wide) in paragraph at lines 1622--1622
[][]\TU/DejaVuSans(0)/m/it/10 ui_obj\TU/DejaVuSans(0)/m/n/10 ,[] 
 []


Overfull \hbox (55.86021pt too wide) in paragraph at lines 1622--1622
[]\TU/DejaVuSans(0)/m/it/10 db_obj\TU/DejaVuSans(0)/m/n/10 ,[] 
 []


Overfull \hbox (38.75084pt too wide) in paragraph at lines 1622--1622
[]\TU/DejaVuSans(0)/m/it/10 cur-[] 
 []


Overfull \hbox (86.25084pt too wide) in paragraph at lines 1622--1622
[]\TU/DejaVuSans(0)/m/it/10 rent='None'\TU/DejaVuSansMono(0)/m/n/10 )|[] 
 []


Overfull \hbox (25.75768pt too wide) in paragraph at lines 1656--1656
[][]\TU/DejaVuSans(0)/m/it/10 db_obj\TU/DejaVuSans(0)/m/n/10 ,[] 
 []


Overfull \hbox (5.74791pt too wide) in paragraph at lines 1656--1656
[]\TU/DejaVuSans(0)/m/it/10 de-[] 
 []


Overfull \hbox (36.80748pt too wide) in paragraph at lines 1656--1656
[]\TU/DejaVuSans(0)/m/it/10 fects_list\TU/DejaVuSans(0)/m/n/10 ,[] 
 []


Overfull \hbox (3.51158pt too wide) in paragraph at lines 1656--1656
[]\TU/DejaVuSans(0)/m/it/10 re-[] 
 []


Overfull \hbox (54.76158pt too wide) in paragraph at lines 1656--1656
[]\TU/DejaVuSans(0)/m/it/10 verse=False\TU/DejaVuSans(0)/m/n/10 ,[] 
 []


Overfull \hbox (7.57408pt too wide) in paragraph at lines 1656--1656
[]\TU/DejaVuSans(0)/m/it/10 sin-[] 
 []


Overfull \hbox (45.33775pt too wide) in paragraph at lines 1656--1656
[]\TU/DejaVuSans(0)/m/it/10 gle=False\TU/DejaVuSansMono(0)/m/n/10 )|[] 
 []

[20]
Overfull \hbox (38.42857pt too wide) in paragraph at lines 1711--1711
[]\TU/DejaVuSans(0)/m/it/10 fect_group=False\TU/DejaVuSans(0)/m/n/10 ,[] 
 []


Overfull \hbox (24.32701pt too wide) in paragraph at lines 1711--1711
[]\TU/DejaVuSans(0)/m/it/10 is_filter=False\TU/DejaVuSansMono(0)/m/n/10 )|[] 
 []


Overfull \hbox (22.3983pt too wide) in paragraph at lines 1749--1749
[]\TU/DejaVuSans(0)/m/it/10 fect_groups=False\TU/DejaVuSansMono(0)/m/n/10 )|[] 

 []


Overfull \hbox (13.71666pt too wide) in paragraph at lines 1777--1777
[][]\TU/DejaVuSans(0)/m/it/10 db_obj\TU/DejaVuSans(0)/m/n/10 ,[] 
 []


Overfull \hbox (37.62779pt too wide) in paragraph at lines 1777--1777
[]\TU/DejaVuSans(0)/m/it/10 ter_params\TU/DejaVuSans(0)/m/n/10 ,[] 
 []


Overfull \hbox (76.58287pt too wide) in paragraph at lines 1777--1777
[]\TU/DejaVuSans(0)/m/it/10 fect_groups=False\TU/DejaVuSansMono(0)/m/n/10 )|[] 

 []

[21]
Overfull \hbox (50.13756pt too wide) in paragraph at lines 1816--1816
[]\TU/DejaVuSans(0)/m/it/10 fect_groups_list\TU/DejaVuSansMono(0)/m/n/10 )|[] 
 []


Overfull \hbox (20.36705pt too wide) in paragraph at lines 1874--1874
[]\TU/DejaVuSans(0)/m/it/10 fect_group=False\TU/DejaVuSans(0)/m/n/10 ,[] 
 []


Overfull \hbox (37.33482pt too wide) in paragraph at lines 1874--1874
[]\TU/DejaVuSans(0)/m/it/10 fect_group_id=False\TU/DejaVuSansMono(0)/m/n/10 )|[
] 
 []

[22]
Overfull \hbox (1.67564pt too wide) in paragraph at lines 1912--1912
[]\TU/DejaVuSans(0)/m/it/10 db_obj\TU/DejaVuSans(0)/m/n/10 ,[] 
 []


Overfull \hbox (11.58287pt too wide) in paragraph at lines 1912--1912
[]\TU/DejaVuSans(0)/m/it/10 fect_info\TU/DejaVuSans(0)/m/n/10 ,[] 
 []


Overfull \hbox (39.79088pt too wide) in paragraph at lines 1912--1912
[]\TU/DejaVuSans(0)/m/it/10 on_edit=False\TU/DejaVuSans(0)/m/n/10 ,[] 
 []


Overfull \hbox (59.3319pt too wide) in paragraph at lines 1912--1912
[]\TU/DejaVuSans(0)/m/it/10 fect_group=False\TU/DejaVuSansMono(0)/m/n/10 )|[] 
 []


Overfull \hbox (32.40807pt too wide) in paragraph at lines 1957--1957
[]\TU/DejaVuSans(0)/m/it/10 fect_group=False\TU/DejaVuSans(0)/m/n/10 ,[] 
 []


Overfull \hbox (49.37584pt too wide) in paragraph at lines 1957--1957
[]\TU/DejaVuSans(0)/m/it/10 fect_group_id=False\TU/DejaVuSansMono(0)/m/n/10 )|[
] 
 []

[23]
Overfull \hbox (4.11705pt too wide) in paragraph at lines 1995--1995
[][]\TU/DejaVuSans(0)/m/it/10 ui_obj\TU/DejaVuSans(0)/m/n/10 ,[] 
 []


Overfull \hbox (54.70787pt too wide) in paragraph at lines 1995--1995
[]\TU/DejaVuSans(0)/m/it/10 fect_group_info\TU/DejaVuSansMono(0)/m/n/10 )|[] 
 []


Overfull \hbox (50.13756pt too wide) in paragraph at lines 2024--2024
[]\TU/DejaVuSans(0)/m/it/10 fect_groups_list\TU/DejaVuSansMono(0)/m/n/10 )|[] 
 []


Overfull \hbox (32.07603pt too wide) in paragraph at lines 2046--2046
[]\TU/DejaVuSans(0)/m/it/10 fect_groups_list\TU/DejaVuSansMono(0)/m/n/10 )|[] 
 []


Overfull \hbox (44.0731pt too wide) in paragraph at lines 2101--2101
[]\TU/DejaVuSans(0)/m/it/10 fect_group_name='None'\TU/DejaVuSansMono(0)/m/n/10 
)|[] 
 []

[24]
Overfull \hbox (23.20885pt too wide) in paragraph at lines 2185--2185
[]\TU/DejaVuSans(0)/m/it/10 fect_group=False\TU/DejaVuSansMono(0)/m/n/10 )|[] 
 []

[25]
Overfull \hbox (10.02037pt too wide) in paragraph at lines 2223--2223
[]\TU/DejaVuSans(0)/m/it/10 log_mainfolderpath='./app_logs'\TU/DejaVuSans(0)/m/
n/10 ,[] 
 []


Overfull \hbox (10.13756pt too wide) in paragraph at lines 2333--2333
[][]\TU/DejaVuSans(0)/m/it/10 ui_obj\TU/DejaVuSans(0)/m/n/10 ,[] 
 []


Overfull \hbox (35.45006pt too wide) in paragraph at lines 2333--2333
[]\TU/DejaVuSans(0)/m/it/10 firm_ui_obj\TU/DejaVuSans(0)/m/n/10 ,[] 
 []


Overfull \hbox (46.17271pt too wide) in paragraph at lines 2333--2333
[]\TU/DejaVuSans(0)/m/it/10 gin_ui_object\TU/DejaVuSans(0)/m/n/10 ,[] 
 []


Overfull \hbox (3.39928pt too wide) in paragraph at lines 2333--2333
[]\TU/DejaVuSans(0)/m/it/10 pear-[] 
 []


Overfull \hbox (50.40123pt too wide) in paragraph at lines 2333--2333
[]\TU/DejaVuSans(0)/m/it/10 ance_params\TU/DejaVuSansMono(0)/m/n/10 )|[] 
 []

[26]
Overfull \hbox (43.0819pt too wide) in paragraph at lines 2374--2374
[][]\TU/DejaVuSans(0)/m/it/10 ui_obj\TU/DejaVuSansMono(0)/m/n/10 )|[] 
 []


Overfull \hbox (12.97935pt too wide) in paragraph at lines 2462--2462
[][]\TU/DejaVuSans(0)/m/it/10 ui_obj\TU/DejaVuSansMono(0)/m/n/10 )|[] 
 []


Overfull \hbox (13.45787pt too wide) in paragraph at lines 2484--2484
[]\TU/DejaVuSans(0)/m/it/10 mode='all'\TU/DejaVuSansMono(0)/m/n/10 )|[] 
 []

[27]
Underfull \hbox (badness 10000) in paragraph at lines 2501--2505
[]\TU/DejaVuSans(0)/m/n/10 depending on mode all: all_params, multitasking pa
rams[]
 []


Overfull \hbox (5.41588pt too wide) in paragraph at lines 2537--2537
[]\TU/DejaVuSans(0)/m/it/10 ance_params\TU/DejaVuSans(0)/m/n/10 ,[] 
 []


Overfull \hbox (39.65904pt too wide) in paragraph at lines 2537--2537
[]\TU/DejaVuSans(0)/m/it/10 task_params=None\TU/DejaVuSansMono(0)/m/n/10 )|[] 
 []


Overfull \hbox (11.43639pt too wide) in paragraph at lines 2570--2570
[]\TU/DejaVuSans(0)/m/it/10 ance_params\TU/DejaVuSans(0)/m/n/10 ,[] 
 []


Overfull \hbox (84.15611pt too wide) in paragraph at lines 2570--2570
[]\TU/DejaVuSans(0)/m/it/10 is_multitask_params=False\TU/DejaVuSansMono(0)/m/n/
10 )|[] 
 []

[28] [29] [30] [31] [32]
Overfull \hbox (28.59947pt too wide) in paragraph at lines 3218--3218
[][]\TU/DejaVuSans(0)/m/it/10 db_obj\TU/DejaVuSansMono(0)/m/n/10 )|[] 
 []


Overfull \hbox (25.02037pt too wide) in paragraph at lines 3240--3240
[][]\TU/DejaVuSans(0)/m/it/10 ui_obj\TU/DejaVuSansMono(0)/m/n/10 )|[] 
 []

[33]
Overfull \hbox (13.71666pt too wide) in paragraph at lines 3384--3384
[][]\TU/DejaVuSans(0)/m/it/10 db_obj\TU/DejaVuSans(0)/m/n/10 ,[] 
 []


Overfull \hbox (37.89146pt too wide) in paragraph at lines 3384--3384
[]\TU/DejaVuSans(0)/m/it/10 drive_infos\TU/DejaVuSansMono(0)/m/n/10 )|[] 
 []

[34]
LaTeX Info: Redefining \rmfamily on input line 3471.
LaTeX Info: Redefining \sffamily on input line 3471.
LaTeX Info: Redefining \ttfamily on input line 3471.
 [35]
Overfull \hbox (44.44908pt too wide) in paragraph at lines 3586--3586
[][]\TU/DejaVuSans(0)/m/it/10 names\TU/DejaVuSans(0)/m/n/10 ,[] 
 []


Overfull \hbox (23.79967pt too wide) in paragraph at lines 3586--3586
[]\TU/DejaVuSans(0)/m/it/10 en-[] 
 []


Overfull \hbox (65.44029pt too wide) in paragraph at lines 3586--3586
[]\TU/DejaVuSans(0)/m/it/10 able=True\TU/DejaVuSansMono(0)/m/n/10 )|[] 
 []


Overfull \hbox (31.39244pt too wide) in paragraph at lines 3718--3718
[]\TU/DejaVuSans(0)/m/it/10 fault_user=False\TU/DejaVuSansMono(0)/m/n/10 )|[] 
 []

[36] [37]
LaTeX Info: Redefining \rmfamily on input line 3849.
LaTeX Info: Redefining \sffamily on input line 3849.
LaTeX Info: Redefining \ttfamily on input line 3849.

Overfull \hbox (2.03697pt too wide) in paragraph at lines 3881--3881
[]\TU/DejaVuSans(0)/m/it/10 age_count=3\TU/DejaVuSansMono(0)/m/n/10 )|[] 
 []

[38]
Overfull \hbox (54.15123pt too wide) in paragraph at lines 3964--3964
[]\TU/DejaVuSans(0)/m/it/10 block_size='small'\TU/DejaVuSans(0)/m/n/10 ,[] 
 []


Overfull \hbox (11.80748pt too wide) in paragraph at lines 3964--3964
[]\TU/DejaVuSans(0)/m/it/10 fect_th=0\TU/DejaVuSans(0)/m/n/10 ,[] 
 []


Overfull \hbox (19.31236pt too wide) in paragraph at lines 3964--3964
[]\TU/DejaVuSans(0)/m/it/10 noise_th=7\TU/DejaVuSans(0)/m/n/10 ,[] 
 []


Overfull \hbox (19.62486pt too wide) in paragraph at lines 3964--3964
[]\TU/DejaVuSans(0)/m/it/10 noise=True\TU/DejaVuSans(0)/m/n/10 ,[] 
 []


Overfull \hbox (44.71275pt too wide) in paragraph at lines 3964--3964
[]\TU/DejaVuSans(0)/m/it/10 heatmap=False\TU/DejaVuSansMono(0)/m/n/10 )|[] 
 []

LaTeX Info: Redefining \rmfamily on input line 4021.
LaTeX Info: Redefining \sffamily on input line 4021.
LaTeX Info: Redefining \ttfamily on input line 4021.
LaTeX Info: Redefining \rmfamily on input line 4034.
LaTeX Info: Redefining \sffamily on input line 4034.
LaTeX Info: Redefining \ttfamily on input line 4034.
[39] [40] [41] [42] [43] [44] [45] [46] [47] [48]
Missing character: There is no  in font DejaVu Sans Oblique/OT:script=latn;lan
guage=dflt;!
Missing character: There is no  in font DejaVu Sans Oblique/OT:script=latn;lan
guage=dflt;!
Missing character: There is no  in font DejaVu Sans Oblique/OT:script=latn;lan
guage=dflt;!
Missing character: There is no  in font DejaVu Sans Oblique/OT:script=latn;lan
guage=dflt;!
Missing character: There is no  in font DejaVu Sans Oblique/OT:script=latn;lan
guage=dflt;!
Missing character: There is no  in font DejaVu Sans Oblique/OT:script=latn;lan
guage=dflt;!
Missing character: There is no  in font DejaVu Sans Oblique/OT:script=latn;lan
guage=dflt;!
Missing character: There is no  in font DejaVu Sans Oblique/OT:script=latn;lan
guage=dflt;!
Missing character: There is no  in font DejaVu Sans Oblique/OT:script=latn;lan
guage=dflt;!
[49] [50] [51] [52] [53]
Underfull \hbox (badness 10000) in paragraph at lines 6562--6566
[]\TU/DejaVuSans(0)/m/n/10 dict: {limitswitch_top_plc, limitswitch_bottom_plc,[
]
 []


Underfull \hbox (badness 10000) in paragraph at lines 6562--6566
[]\TU/DejaVuSans(0)/m/n/10 thermometer_min_plc, thermometer_max_plc,[]
 []


Underfull \hbox (badness 10000) in paragraph at lines 6562--6566
[]\TU/DejaVuSans(0)/m/n/10 cooler_uptime_plc, system_operating_plc, air_valve_p
lc, cam-[]
 []

[54] [55] [56] [57] [58] [59] [60] [61] [62] [63] [64]
Chapter 4.

Overfull \hbox (60.0pt too wide) in paragraph at lines 8135--8135
[][][][][][][][][][][] 
 []


Overfull \hbox (50.0pt too wide) in paragraph at lines 8135--8135
[][][][][][][][][] 
 []

[65

] [66

]
Chapter 5.

Overfull \hbox (60.0pt too wide) in paragraph at lines 8138--8138
[][][][][][][][][][][] 
 []


Overfull \hbox (50.0pt too wide) in paragraph at lines 8138--8138
[][][][][][][][][] 
 []

[67] [68

] [69


] (saba.ind [70


] [71

] [72] [73] [74])
The property list \polyglossia@langsetup contains the pairs (without outer
braces):
>  {latex/script}  =>  {latin}
>  {latex/lcscript}  =>  {latin}
>  {latex/scripttag}  =>  {}
>  {latex/language}  =>  {Latex}
>  {latex/langtag}  =>  {ENG}
>  {latex/bcp47}  =>  {}
>  {latex/hyphennames}  =>  {english}
>  {latex/direction}  =>  {LR}
>  {latex/hyphenmins}  =>  {2,3}
>  {latex/frenchspacing}  =>  {false}
>  {latex/indentfirst}  =>  {false}
>  {latex/fontsetup}  =>  {true}
>  {latex/envname}  =>  {latex}
>  {latex/babelname}  =>  {latex}
>  {latex/localnumeral}  =>  {polyglossia@C@localnumeral}
>  {latex/Localnumeral}  =>  {polyglossia@C@localnumeral}
>  {latex/DefineCommandsCmd}  =>  {use_none:n}
>  {english/script}  =>  {latin}
>  {english/lcscript}  =>  {latin}
>  {english/scripttag}  =>  {}
>  {english/language}  =>  {English}
>  {english/langtag}  =>  {ENG}
>  {english/bcp47}  =>  {en-US}
>  {english/hyphennames}  =>  {english,american,usenglish,USenglish}
>  {english/direction}  =>  {LR}
>  {english/hyphenmins}  =>  {2,3}
>  {english/frenchspacing}  =>  {false}
>  {english/indentfirst}  =>  {false}
>  {english/fontsetup}  =>  {true}
>  {english/envname}  =>  {english}
>  {english/babelname}  =>  {american}
>  {english/localnumeral}  =>  {polyglossia@C@localnumeral}
>  {english/Localnumeral}  =>  {polyglossia@C@localnumeral}
>  {english/DefineCommandsCmd}  =>  {xpg_define_language_commands:e}
>  {persian/script}  =>  {Arabic}
>  {persian/lcscript}  =>  {arabic}
>  {persian/scripttag}  =>  {arab}
>  {persian/language}  =>  {Persian}
>  {persian/langtag}  =>  {FAR}
>  {persian/bcp47}  =>  {fa}
>  {persian/hyphennames}  =>  {nohyphenation}
>  {persian/direction}  =>  {RL}
>  {persian/hyphenmins}  =>  {2,3}
>  {persian/frenchspacing}  =>  {false}
>  {persian/indentfirst}  =>  {false}
>  {persian/fontsetup}  =>  {true}
>  {persian/envname}  =>  {persian}
>  {persian/babelname}  =>  {farsi}
>  {persian/localnumeral}  =>  {farsinumerals}
>  {persian/Localnumeral}  =>  {farsinumerals}
>  {persian/DefineCommandsCmd}  =>  {xpg_define_language_commands:e}.
The property list \__xpg_alias contains the pairs (without outer braces):
>  {latex/target}  =>  {latex}
>  {english/target}  =>  {english}
>  {en/target}  =>  {english}
>  {en-AU/target}  =>  {english}
>  {en-AU/variant}  =>  {australian}
>  {en-AU/options}  =>  {variant=australian}
>  {en-CA/target}  =>  {english}
>  {en-CA/variant}  =>  {canadian}
>  {en-CA/options}  =>  {variant=canadian}
>  {en-GB/target}  =>  {english}
>  {en-GB/variant}  =>  {british}
>  {en-GB/options}  =>  {variant=british}
>  {en-NZ/target}  =>  {english}
>  {en-NZ/variant}  =>  {newzealand}
>  {en-NZ/options}  =>  {variant=newzealand}
>  {en-US/target}  =>  {english}
>  {en-US/variant}  =>  {us}
>  {en-US/options}  =>  {variant=us}
>  {american/target}  =>  {english}
>  {american/variant}  =>  {us}
>  {american/options}  =>  {variant=us}
>  {australian/target}  =>  {english}
>  {australian/variant}  =>  {australian}
>  {australian/options}  =>  {variant=australian}
>  {british/target}  =>  {english}
>  {british/variant}  =>  {british}
>  {british/options}  =>  {variant=british}
>  {canadian/target}  =>  {english}
>  {canadian/variant}  =>  {canadian}
>  {canadian/options}  =>  {variant=canadian}
>  {newzealand/target}  =>  {english}
>  {newzealand/variant}  =>  {newzealand}
>  {newzealand/options}  =>  {variant=newzealand}
>  {persian/target}  =>  {persian}
>  {fa/target}  =>  {persian}
>  {farsi/target}  =>  {persian}.


! LaTeX Error: \begin{quote} on input line 308 ended by \end{document}.

See the LaTeX manual or LaTeX Companion for explanation.
Type  H <return>  for immediate help.
 ...                                              
                                                  
l.8192 \end{document}
                     
? 
(saba.aux
LaTeX Info: Redefining \rmfamily on input line 17.
LaTeX Info: Redefining \sffamily on input line 17.
LaTeX Info: Redefining \ttfamily on input line 17.
LaTeX Info: Redefining \rmfamily on input line 46.
LaTeX Info: Redefining \sffamily on input line 46.
LaTeX Info: Redefining \ttfamily on input line 46.
LaTeX Info: Redefining \rmfamily on input line 60.
LaTeX Info: Redefining \sffamily on input line 60.
LaTeX Info: Redefining \ttfamily on input line 60.
LaTeX Info: Redefining \rmfamily on input line 74.
LaTeX Info: Redefining \sffamily on input line 74.
LaTeX Info: Redefining \ttfamily on input line 74.
LaTeX Info: Redefining \rmfamily on input line 88.
LaTeX Info: Redefining \sffamily on input line 88.
LaTeX Info: Redefining \ttfamily on input line 88.
LaTeX Info: Redefining \rmfamily on input line 101.
LaTeX Info: Redefining \sffamily on input line 101.
LaTeX Info: Redefining \ttfamily on input line 101.
LaTeX Info: Redefining \rmfamily on input line 137.
LaTeX Info: Redefining \sffamily on input line 137.
LaTeX Info: Redefining \ttfamily on input line 137.
LaTeX Info: Redefining \rmfamily on input line 154.
LaTeX Info: Redefining \sffamily on input line 154.
LaTeX Info: Redefining \ttfamily on input line 154.
LaTeX Info: Redefining \rmfamily on input line 171.
LaTeX Info: Redefining \sffamily on input line 171.
LaTeX Info: Redefining \ttfamily on input line 171.
LaTeX Info: Redefining \rmfamily on input line 249.
LaTeX Info: Redefining \sffamily on input line 249.
LaTeX Info: Redefining \ttfamily on input line 249.
LaTeX Info: Redefining \rmfamily on input line 362.
LaTeX Info: Redefining \sffamily on input line 362.
LaTeX Info: Redefining \ttfamily on input line 362.
LaTeX Info: Redefining \rmfamily on input line 399.
LaTeX Info: Redefining \sffamily on input line 399.
LaTeX Info: Redefining \ttfamily on input line 399.
LaTeX Info: Redefining \rmfamily on input line 457.
LaTeX Info: Redefining \sffamily on input line 457.
LaTeX Info: Redefining \ttfamily on input line 457.
LaTeX Info: Redefining \rmfamily on input line 474.
LaTeX Info: Redefining \sffamily on input line 474.
LaTeX Info: Redefining \ttfamily on input line 474.
)

LaTeX Warning: Label(s) may have changed. Rerun to get cross-references right.

Package rerunfilecheck Info: File `saba.out' has not changed.
(rerunfilecheck)             Checksum: BF4371AFB51D13D350E1E03E9E03155B;9974.
 )
(\end occurred inside a group at level 1)

### semi simple group (level 1) entered at line 308 (\begingroup)
### bottom level 
Here is how much of TeX's memory you used:
 20129 strings out of 410617
 418574 string characters out of 2815380
 831741 words of memory out of 3000000
 40791 multiletter control sequences out of 15000+600000
 475381 words of font info for 107 fonts, out of 8000000 for 9000
 1349 hyphenation exceptions out of 8191
 89i,12n,101p,1287b,1035s stack positions out of 10000i,1000n,20000p,200000b,80000s

Output written on saba.pdf (78 pages).
