INFO - 1401/04/26-15:2:46 - root : UI object for setting app created.
------------------------------------------------------------------------------
INFO - 1401/04/26-15:2:46 - root : UI object initialized and setting app loaded.
------------------------------------------------------------------------------
INFO - 1401/04/26-15:2:46 - root : Creating API object.
------------------------------------------------------------------------------
INFO - 1401/04/26-15:2:46 - root : Login UI object initialized.
------------------------------------------------------------------------------
INFO - 1401/04/26-15:2:46 - root : Confirmaton UI object initialized.
------------------------------------------------------------------------------
INFO - 1401/04/26-15:2:46 - root : Notficaion UI object initialized.
------------------------------------------------------------------------------
INFO - 1401/04/26-15:2:46 - root : Connected to MySQL Server version 8.0.29
------------------------------------------------------------------------------
INFO - 1401/04/26-15:2:46 - root : Connected to database [('saba_database',)]
------------------------------------------------------------------------------
INFO - 1401/04/26-15:2:46 - root : MySQL connection is closed
------------------------------------------------------------------------------
INFO - 1401/04/26-15:2:46 - root : Login API object initialized.
------------------------------------------------------------------------------
INFO - 1401/04/26-15:2:46 - root : Connected to MySQL Server version 8.0.29
------------------------------------------------------------------------------
INFO - 1401/04/26-15:2:46 - root : Connected to database [('saba_database',)]
------------------------------------------------------------------------------
INFO - 1401/04/26-15:2:46 - root : MySQL connection is closed
------------------------------------------------------------------------------
INFO - 1401/04/26-15:2:46 - root : Database object initialized.
------------------------------------------------------------------------------
INFO - 1401/04/26-15:2:47 - root : Get available camera serials using camera-connecton API.
------------------------------------------------------------------------------
WARNING - 1401/04/26-15:2:47 - root : Some Cameras are not connected.
------------------------------------------------------------------------------
INFO - 1401/04/26-15:2:47 - root : Timer for checking storage initialized.
------------------------------------------------------------------------------
INFO - 1401/04/26-15:3:20 - root : Setting app minimized to taskbar.
------------------------------------------------------------------------------
INFO - 1401/04/26-15:5:28 - root : Setting app minimized to taskbar.
------------------------------------------------------------------------------
INFO - 1401/04/26-15:6:36 - root : Setting app minimized to taskbar.
------------------------------------------------------------------------------
