INFO - 1401/04/12-11:23:12 - UI object for setting app created.
------------------------------------------------------------------------------
INFO - 1401/04/12-11:23:12 - UI object initialized and setting app loaded.
------------------------------------------------------------------------------
INFO - 1401/04/12-11:23:12 - Creating API object.
------------------------------------------------------------------------------
INFO - 1401/04/12-11:23:12 - Login UI object initialized.
------------------------------------------------------------------------------
INFO - 1401/04/12-11:23:12 - Confirmaton UI object initialized.
------------------------------------------------------------------------------
INFO - 1401/04/12-11:23:12 - Notficaion UI object initialized.
------------------------------------------------------------------------------
INFO - 1401/04/12-11:23:12 - Connected to MySQL Server version 8.0.29
------------------------------------------------------------------------------
INFO - 1401/04/12-11:23:12 - Connected to database [('saba_database',)]
------------------------------------------------------------------------------
INFO - 1401/04/12-11:23:12 - MySQL connection is closed
------------------------------------------------------------------------------
INFO - 1401/04/12-11:23:12 - Login API object initialized.
------------------------------------------------------------------------------
INFO - 1401/04/12-11:23:12 - Connected to MySQL Server version 8.0.29
------------------------------------------------------------------------------
INFO - 1401/04/12-11:23:12 - Connected to database [('saba_database',)]
------------------------------------------------------------------------------
INFO - 1401/04/12-11:23:12 - MySQL connection is closed
------------------------------------------------------------------------------
INFO - 1401/04/12-11:23:12 - Database object initialized.
------------------------------------------------------------------------------
INFO - 1401/04/12-11:23:13 - Get available camera serials using camera-connecton API.
------------------------------------------------------------------------------
WARNING - 1401/04/12-11:23:13 - Some Cameras are not connected.
------------------------------------------------------------------------------
INFO - 1401/04/12-11:23:13 - Timer for checking storage initialized.
------------------------------------------------------------------------------
INFO - 1401/04/12-11:23:19 - User logined with username: ali.
------------------------------------------------------------------------------
INFO - 1401/04/12-11:23:20 - defects loaded from database
------------------------------------------------------------------------------
INFO - 1401/04/12-11:23:20 - defect groups loaded from database
------------------------------------------------------------------------------
INFO - 1401/04/12-11:32:11 - Setting app closed.
------------------------------------------------------------------------------
