INFO - 1401/04/12-11:0:16 - UI object for setting app created.
------------------------------------------------------------------------------
INFO - 1401/04/12-11:0:16 - UI object initialized and setting app loaded.
------------------------------------------------------------------------------
INFO - 1401/04/12-11:0:16 - Creating API object.
------------------------------------------------------------------------------
INFO - 1401/04/12-11:0:16 - Login UI object initialized.
------------------------------------------------------------------------------
INFO - 1401/04/12-11:0:16 - Confirmaton UI object initialized.
------------------------------------------------------------------------------
INFO - 1401/04/12-11:0:16 - Notficaion UI object initialized.
------------------------------------------------------------------------------
INFO - 1401/04/12-11:0:16 - Connected to MySQL Server version 8.0.29
------------------------------------------------------------------------------
INFO - 1401/04/12-11:0:16 - Connected to database [('saba_database',)]
------------------------------------------------------------------------------
INFO - 1401/04/12-11:0:16 - MySQL connection is closed
------------------------------------------------------------------------------
INFO - 1401/04/12-11:0:16 - Login API object initialized.
------------------------------------------------------------------------------
INFO - 1401/04/12-11:0:16 - Connected to MySQL Server version 8.0.29
------------------------------------------------------------------------------
INFO - 1401/04/12-11:0:16 - Connected to database [('saba_database',)]
------------------------------------------------------------------------------
INFO - 1401/04/12-11:0:16 - MySQL connection is closed
------------------------------------------------------------------------------
INFO - 1401/04/12-11:0:16 - Database object initialized.
------------------------------------------------------------------------------
INFO - 1401/04/12-11:0:17 - Get available camera serials using camera-connecton API.
------------------------------------------------------------------------------
WARNING - 1401/04/12-11:0:17 - Some Cameras are not connected.
------------------------------------------------------------------------------
INFO - 1401/04/12-11:0:17 - Timer for checking storage initialized.
------------------------------------------------------------------------------
INFO - 1401/04/12-11:0:30 - User logined with username: ali.
------------------------------------------------------------------------------
INFO - 1401/04/12-11:0:35 - defects loaded from database
------------------------------------------------------------------------------
INFO - 1401/04/12-11:0:36 - defect groups loaded from database
------------------------------------------------------------------------------
INFO - 1401/04/12-11:1:55 - Setting app closed.
------------------------------------------------------------------------------
