INFO - 1401/04/12-17:20:47 - UI object for setting app created.
------------------------------------------------------------------------------
INFO - 1401/04/12-17:20:47 - UI object initialized and setting app loaded.
------------------------------------------------------------------------------
INFO - 1401/04/12-17:20:47 - Creating API object.
------------------------------------------------------------------------------
INFO - 1401/04/12-17:20:47 - Login UI object initialized.
------------------------------------------------------------------------------
INFO - 1401/04/12-17:20:47 - Confirmaton UI object initialized.
------------------------------------------------------------------------------
INFO - 1401/04/12-17:20:47 - Notficaion UI object initialized.
------------------------------------------------------------------------------
INFO - 1401/04/12-17:20:47 - Connected to MySQL Server version 8.0.29
------------------------------------------------------------------------------
INFO - 1401/04/12-17:20:47 - Connected to database [('saba_database',)]
------------------------------------------------------------------------------
INFO - 1401/04/12-17:20:47 - MySQL connection is closed
------------------------------------------------------------------------------
INFO - 1401/04/12-17:20:47 - Login API object initialized.
------------------------------------------------------------------------------
INFO - 1401/04/12-17:20:47 - Connected to MySQL Server version 8.0.29
------------------------------------------------------------------------------
INFO - 1401/04/12-17:20:47 - Connected to database [('saba_database',)]
------------------------------------------------------------------------------
INFO - 1401/04/12-17:20:47 - MySQL connection is closed
------------------------------------------------------------------------------
INFO - 1401/04/12-17:20:47 - Database object initialized.
------------------------------------------------------------------------------
INFO - 1401/04/12-17:20:48 - Get available camera serials using camera-connecton API.
------------------------------------------------------------------------------
WARNING - 1401/04/12-17:20:48 - Some Cameras are not connected.
------------------------------------------------------------------------------
INFO - 1401/04/12-17:20:48 - Timer for checking storage initialized.
------------------------------------------------------------------------------
INFO - 1401/04/12-17:20:55 - User logined with username: ali.
------------------------------------------------------------------------------
INFO - 1401/04/12-17:20:56 - Camera params are loaded from database camera-id: 1
------------------------------------------------------------------------------
INFO - 1401/04/12-17:20:58 - Connected to camera, serial: 23905933
------------------------------------------------------------------------------
INFO - 1401/04/12-17:21:12 - Disconnected from camera, serial: 23905933
------------------------------------------------------------------------------
INFO - 1401/04/12-17:21:19 - Camera settings applied to databse
------------------------------------------------------------------------------
INFO - 1401/04/12-17:21:26 - Connected to camera, serial: 23905933
------------------------------------------------------------------------------
INFO - 1401/04/12-17:21:33 - Disconnected from camera, serial: 23905933
------------------------------------------------------------------------------
INFO - 1401/04/12-17:21:37 - Camera settings applied to databse
------------------------------------------------------------------------------
INFO - 1401/04/12-17:21:39 - Connected to camera, serial: 23905933
------------------------------------------------------------------------------
INFO - 1401/04/12-17:21:45 - Disconnected from camera, serial: 23905933
------------------------------------------------------------------------------
INFO - 1401/04/12-17:21:50 - Camera settings applied to databse
------------------------------------------------------------------------------
INFO - 1401/04/12-17:21:51 - Connected to camera, serial: 23905933
------------------------------------------------------------------------------
