INFO - 1401/04/12-11:48:34 - UI object for setting app created.
------------------------------------------------------------------------------
INFO - 1401/04/12-11:48:34 - UI object initialized and setting app loaded.
------------------------------------------------------------------------------
INFO - 1401/04/12-11:48:34 - Creating API object.
------------------------------------------------------------------------------
INFO - 1401/04/12-11:48:35 - Login UI object initialized.
------------------------------------------------------------------------------
INFO - 1401/04/12-11:48:35 - Confirmaton UI object initialized.
------------------------------------------------------------------------------
INFO - 1401/04/12-11:48:35 - Notficaion UI object initialized.
------------------------------------------------------------------------------
INFO - 1401/04/12-11:48:35 - Connected to MySQL Server version 8.0.29
------------------------------------------------------------------------------
INFO - 1401/04/12-11:48:35 - Connected to database [('saba_database',)]
------------------------------------------------------------------------------
INFO - 1401/04/12-11:48:35 - MySQL connection is closed
------------------------------------------------------------------------------
INFO - 1401/04/12-11:48:35 - Login API object initialized.
------------------------------------------------------------------------------
INFO - 1401/04/12-11:48:35 - Connected to MySQL Server version 8.0.29
------------------------------------------------------------------------------
INFO - 1401/04/12-11:48:35 - Connected to database [('saba_database',)]
------------------------------------------------------------------------------
INFO - 1401/04/12-11:48:35 - MySQL connection is closed
------------------------------------------------------------------------------
INFO - 1401/04/12-11:48:35 - Database object initialized.
------------------------------------------------------------------------------
INFO - 1401/04/12-11:48:35 - Get available camera serials using camera-connecton API.
------------------------------------------------------------------------------
WARNING - 1401/04/12-11:48:35 - Some Cameras are not connected.
------------------------------------------------------------------------------
INFO - 1401/04/12-11:48:35 - Timer for checking storage initialized.
------------------------------------------------------------------------------
INFO - 1401/04/12-11:48:41 - User logined with username: ali.
------------------------------------------------------------------------------
INFO - 1401/04/12-11:48:41 - Defects loaded from database
------------------------------------------------------------------------------
INFO - 1401/04/12-11:48:41 - Defect groups loaded from database
------------------------------------------------------------------------------
INFO - 1401/04/12-11:48:44 - Defect group selected to edit
------------------------------------------------------------------------------
INFO - 1401/04/12-11:48:47 - Defect group changed successfully
------------------------------------------------------------------------------
INFO - 1401/04/12-11:48:47 - Defects loaded from database
------------------------------------------------------------------------------
INFO - 1401/04/12-11:48:47 - Defect groups loaded from database
------------------------------------------------------------------------------
INFO - 1401/04/12-11:48:59 - Setting app closed.
------------------------------------------------------------------------------
