INFO - 1401/04/12-13:18:23 - UI object for setting app created.
------------------------------------------------------------------------------
INFO - 1401/04/12-13:18:23 - UI object initialized and setting app loaded.
------------------------------------------------------------------------------
INFO - 1401/04/12-13:18:23 - Creating API object.
------------------------------------------------------------------------------
INFO - 1401/04/12-13:18:24 - Login UI object initialized.
------------------------------------------------------------------------------
INFO - 1401/04/12-13:18:24 - Confirmaton UI object initialized.
------------------------------------------------------------------------------
INFO - 1401/04/12-13:18:24 - Notficaion UI object initialized.
------------------------------------------------------------------------------
INFO - 1401/04/12-13:18:24 - Connected to MySQL Server version 8.0.29
------------------------------------------------------------------------------
INFO - 1401/04/12-13:18:24 - Connected to database [('saba_database',)]
------------------------------------------------------------------------------
INFO - 1401/04/12-13:18:24 - MySQL connection is closed
------------------------------------------------------------------------------
INFO - 1401/04/12-13:18:24 - Login API object initialized.
------------------------------------------------------------------------------
INFO - 1401/04/12-13:18:24 - Connected to MySQL Server version 8.0.29
------------------------------------------------------------------------------
INFO - 1401/04/12-13:18:24 - Connected to database [('saba_database',)]
------------------------------------------------------------------------------
INFO - 1401/04/12-13:18:24 - MySQL connection is closed
------------------------------------------------------------------------------
INFO - 1401/04/12-13:18:24 - Database object initialized.
------------------------------------------------------------------------------
INFO - 1401/04/12-13:18:24 - Get available camera serials using camera-connecton API.
------------------------------------------------------------------------------
WARNING - 1401/04/12-13:18:24 - Some Cameras are not connected.
------------------------------------------------------------------------------
INFO - 1401/04/12-13:18:24 - Timer for checking storage initialized.
------------------------------------------------------------------------------
INFO - 1401/04/12-13:18:30 - User logined with username: ali.
------------------------------------------------------------------------------
INFO - 1401/04/12-13:18:30 - Defects loaded from database
------------------------------------------------------------------------------
INFO - 1401/04/12-13:18:30 - Defect groups loaded from database
------------------------------------------------------------------------------
INFO - 1401/04/12-13:18:35 - Defect groups loaded from database
------------------------------------------------------------------------------
INFO - 1401/04/12-13:18:39 - User logged-out with username: ali.
------------------------------------------------------------------------------
INFO - 1401/04/12-13:18:42 - Setting app closed.
------------------------------------------------------------------------------
