INFO - 1401/04/12-16:23:13 - UI object for setting app created.
------------------------------------------------------------------------------
INFO - 1401/04/12-16:23:13 - UI object initialized and setting app loaded.
------------------------------------------------------------------------------
INFO - 1401/04/12-16:23:13 - Creating API object.
------------------------------------------------------------------------------
INFO - 1401/04/12-16:23:13 - Login UI object initialized.
------------------------------------------------------------------------------
INFO - 1401/04/12-16:23:13 - Confirmaton UI object initialized.
------------------------------------------------------------------------------
INFO - 1401/04/12-16:23:13 - Notficaion UI object initialized.
------------------------------------------------------------------------------
INFO - 1401/04/12-16:23:13 - Connected to MySQL Server version 8.0.29
------------------------------------------------------------------------------
INFO - 1401/04/12-16:23:13 - Connected to database [('saba_database',)]
------------------------------------------------------------------------------
INFO - 1401/04/12-16:23:13 - MySQL connection is closed
------------------------------------------------------------------------------
INFO - 1401/04/12-16:23:13 - Login API object initialized.
------------------------------------------------------------------------------
INFO - 1401/04/12-16:23:13 - Connected to MySQL Server version 8.0.29
------------------------------------------------------------------------------
INFO - 1401/04/12-16:23:13 - Connected to database [('saba_database',)]
------------------------------------------------------------------------------
INFO - 1401/04/12-16:23:13 - MySQL connection is closed
------------------------------------------------------------------------------
INFO - 1401/04/12-16:23:13 - Database object initialized.
------------------------------------------------------------------------------
INFO - 1401/04/12-16:23:14 - Get available camera serials using camera-connecton API.
------------------------------------------------------------------------------
WARNING - 1401/04/12-16:23:14 - Some Cameras are not connected.
------------------------------------------------------------------------------
INFO - 1401/04/12-16:23:14 - Timer for checking storage initialized.
------------------------------------------------------------------------------
INFO - 1401/04/12-16:23:20 - User logined with username: ali.
------------------------------------------------------------------------------
INFO - 1401/04/12-16:23:22 - Camera params are loaded from database camera-id: 1
------------------------------------------------------------------------------
INFO - 1401/04/12-16:23:25 - Connected to camera, serial: 23905933
------------------------------------------------------------------------------
INFO - 1401/04/12-16:23:30 - Disconnected from camera, serial: 23905933
------------------------------------------------------------------------------
INFO - 1401/04/12-16:23:39 - Camera settings applied to databse
------------------------------------------------------------------------------
INFO - 1401/04/12-16:23:40 - Connected to camera, serial: 23905933
------------------------------------------------------------------------------
INFO - 1401/04/12-16:23:46 - Disconnected from camera, serial: 23905933
------------------------------------------------------------------------------
INFO - 1401/04/12-16:23:46 - Camera params are loaded from database camera-id: 2
------------------------------------------------------------------------------
INFO - 1401/04/12-16:24:10 - Camera params are loaded from database camera-id: 1
------------------------------------------------------------------------------
INFO - 1401/04/12-16:24:12 - Connected to camera, serial: 23905933
------------------------------------------------------------------------------
INFO - 1401/04/12-16:24:17 - Disconnected from camera, serial: 23905933
------------------------------------------------------------------------------
