INFO - 1401/04/12-16:28:57 - UI object for setting app created.
------------------------------------------------------------------------------
INFO - 1401/04/12-16:28:57 - UI object initialized and setting app loaded.
------------------------------------------------------------------------------
INFO - 1401/04/12-16:28:57 - Creating API object.
------------------------------------------------------------------------------
INFO - 1401/04/12-16:28:57 - Login UI object initialized.
------------------------------------------------------------------------------
INFO - 1401/04/12-16:28:57 - Confirmaton UI object initialized.
------------------------------------------------------------------------------
INFO - 1401/04/12-16:28:57 - Notficaion UI object initialized.
------------------------------------------------------------------------------
INFO - 1401/04/12-16:28:57 - Connected to MySQL Server version 8.0.29
------------------------------------------------------------------------------
INFO - 1401/04/12-16:28:57 - Connected to database [('saba_database',)]
------------------------------------------------------------------------------
INFO - 1401/04/12-16:28:57 - MySQL connection is closed
------------------------------------------------------------------------------
INFO - 1401/04/12-16:28:57 - Login API object initialized.
------------------------------------------------------------------------------
INFO - 1401/04/12-16:28:57 - Connected to MySQL Server version 8.0.29
------------------------------------------------------------------------------
INFO - 1401/04/12-16:28:57 - Connected to database [('saba_database',)]
------------------------------------------------------------------------------
INFO - 1401/04/12-16:28:57 - MySQL connection is closed
------------------------------------------------------------------------------
INFO - 1401/04/12-16:28:57 - Database object initialized.
------------------------------------------------------------------------------
INFO - 1401/04/12-16:28:57 - Get available camera serials using camera-connecton API.
------------------------------------------------------------------------------
WARNING - 1401/04/12-16:28:57 - Some Cameras are not connected.
------------------------------------------------------------------------------
INFO - 1401/04/12-16:28:58 - Timer for checking storage initialized.
------------------------------------------------------------------------------
INFO - 1401/04/12-16:29:3 - User logined with username: ali.
------------------------------------------------------------------------------
INFO - 1401/04/12-16:29:5 - Camera params are loaded from database camera-id: 1
------------------------------------------------------------------------------
