INFO - 1401/04/12-15:43:33 - UI object for setting app created.
------------------------------------------------------------------------------
INFO - 1401/04/12-15:43:33 - UI object initialized and setting app loaded.
------------------------------------------------------------------------------
INFO - 1401/04/12-15:43:33 - Creating API object.
------------------------------------------------------------------------------
INFO - 1401/04/12-15:43:33 - Login UI object initialized.
------------------------------------------------------------------------------
INFO - 1401/04/12-15:43:33 - Confirmaton UI object initialized.
------------------------------------------------------------------------------
INFO - 1401/04/12-15:43:33 - Notficaion UI object initialized.
------------------------------------------------------------------------------
INFO - 1401/04/12-15:43:33 - Connected to MySQL Server version 8.0.29
------------------------------------------------------------------------------
INFO - 1401/04/12-15:43:33 - Connected to database [('saba_database',)]
------------------------------------------------------------------------------
INFO - 1401/04/12-15:43:33 - MySQL connection is closed
------------------------------------------------------------------------------
INFO - 1401/04/12-15:43:33 - Login API object initialized.
------------------------------------------------------------------------------
INFO - 1401/04/12-15:43:33 - Connected to MySQL Server version 8.0.29
------------------------------------------------------------------------------
INFO - 1401/04/12-15:43:33 - Connected to database [('saba_database',)]
------------------------------------------------------------------------------
INFO - 1401/04/12-15:43:33 - MySQL connection is closed
------------------------------------------------------------------------------
INFO - 1401/04/12-15:43:33 - Database object initialized.
------------------------------------------------------------------------------
INFO - 1401/04/12-15:43:34 - Get available camera serials using camera-connecton API.
------------------------------------------------------------------------------
WARNING - 1401/04/12-15:43:34 - Some Cameras are not connected.
------------------------------------------------------------------------------
INFO - 1401/04/12-15:43:34 - Timer for checking storage initialized.
------------------------------------------------------------------------------
INFO - 1401/04/12-15:43:40 - User logined with username: ali.
------------------------------------------------------------------------------
INFO - 1401/04/12-15:43:41 - Camera params are loaded from database camera-id: 1
------------------------------------------------------------------------------
INFO - 1401/04/12-15:43:44 - Camera params are loaded from database camera-id: 1
------------------------------------------------------------------------------
INFO - 1401/04/12-15:44:24 - Setting app closed.
------------------------------------------------------------------------------
