INFO - 1401/04/12-11:4:41 - UI object for setting app created.
------------------------------------------------------------------------------
INFO - 1401/04/12-11:4:41 - UI object initialized and setting app loaded.
------------------------------------------------------------------------------
INFO - 1401/04/12-11:4:41 - Creating API object.
------------------------------------------------------------------------------
INFO - 1401/04/12-11:4:41 - Login UI object initialized.
------------------------------------------------------------------------------
INFO - 1401/04/12-11:4:41 - Confirmaton UI object initialized.
------------------------------------------------------------------------------
INFO - 1401/04/12-11:4:41 - Notficaion UI object initialized.
------------------------------------------------------------------------------
INFO - 1401/04/12-11:4:41 - Connected to MySQL Server version 8.0.29
------------------------------------------------------------------------------
INFO - 1401/04/12-11:4:41 - Connected to database [('saba_database',)]
------------------------------------------------------------------------------
INFO - 1401/04/12-11:4:41 - MySQL connection is closed
------------------------------------------------------------------------------
INFO - 1401/04/12-11:4:41 - Login API object initialized.
------------------------------------------------------------------------------
INFO - 1401/04/12-11:4:41 - Connected to MySQL Server version 8.0.29
------------------------------------------------------------------------------
INFO - 1401/04/12-11:4:41 - Connected to database [('saba_database',)]
------------------------------------------------------------------------------
INFO - 1401/04/12-11:4:41 - MySQL connection is closed
------------------------------------------------------------------------------
INFO - 1401/04/12-11:4:41 - Database object initialized.
------------------------------------------------------------------------------
INFO - 1401/04/12-11:4:41 - Get available camera serials using camera-connecton API.
------------------------------------------------------------------------------
WARNING - 1401/04/12-11:4:41 - Some Cameras are not connected.
------------------------------------------------------------------------------
INFO - 1401/04/12-11:4:42 - Timer for checking storage initialized.
------------------------------------------------------------------------------
INFO - 1401/04/12-11:4:49 - User logined with username: ali.
------------------------------------------------------------------------------
INFO - 1401/04/12-11:4:54 - defects loaded from database
------------------------------------------------------------------------------
INFO - 1401/04/12-11:4:54 - defect groups loaded from database
------------------------------------------------------------------------------
INFO - 1401/04/12-11:5:12 - Setting app closed.
------------------------------------------------------------------------------
