INFO - 1401/04/12-13:14:8 - UI object for setting app created.
------------------------------------------------------------------------------
INFO - 1401/04/12-13:14:8 - UI object initialized and setting app loaded.
------------------------------------------------------------------------------
INFO - 1401/04/12-13:14:8 - Creating API object.
------------------------------------------------------------------------------
INFO - 1401/04/12-13:14:8 - Login UI object initialized.
------------------------------------------------------------------------------
INFO - 1401/04/12-13:14:8 - Confirmaton UI object initialized.
------------------------------------------------------------------------------
INFO - 1401/04/12-13:14:8 - Notficaion UI object initialized.
------------------------------------------------------------------------------
INFO - 1401/04/12-13:14:8 - Connected to MySQL Server version 8.0.29
------------------------------------------------------------------------------
INFO - 1401/04/12-13:14:8 - Connected to database [('saba_database',)]
------------------------------------------------------------------------------
INFO - 1401/04/12-13:14:8 - MySQL connection is closed
------------------------------------------------------------------------------
INFO - 1401/04/12-13:14:8 - Login API object initialized.
------------------------------------------------------------------------------
INFO - 1401/04/12-13:14:8 - Connected to MySQL Server version 8.0.29
------------------------------------------------------------------------------
INFO - 1401/04/12-13:14:8 - Connected to database [('saba_database',)]
------------------------------------------------------------------------------
INFO - 1401/04/12-13:14:8 - MySQL connection is closed
------------------------------------------------------------------------------
INFO - 1401/04/12-13:14:8 - Database object initialized.
------------------------------------------------------------------------------
INFO - 1401/04/12-13:14:9 - Get available camera serials using camera-connecton API.
------------------------------------------------------------------------------
WARNING - 1401/04/12-13:14:9 - Some Cameras are not connected.
------------------------------------------------------------------------------
INFO - 1401/04/12-13:14:9 - Timer for checking storage initialized.
------------------------------------------------------------------------------
INFO - 1401/04/12-13:14:15 - User logined with username: ali.
------------------------------------------------------------------------------
INFO - 1401/04/12-13:14:16 - Defects loaded from database
------------------------------------------------------------------------------
INFO - 1401/04/12-13:14:16 - Defect groups loaded from database
------------------------------------------------------------------------------
INFO - 1401/04/12-13:14:19 - Defects loaded from database
------------------------------------------------------------------------------
INFO - 1401/04/12-13:14:23 - Defects loaded from database
------------------------------------------------------------------------------
INFO - 1401/04/12-13:14:26 - Defects loaded from database
------------------------------------------------------------------------------
INFO - 1401/04/12-13:14:26 - Defect(s) removed successfully
------------------------------------------------------------------------------
INFO - 1401/04/12-13:14:54 - Defects loaded from database
------------------------------------------------------------------------------
INFO - 1401/04/12-13:15:0 - Defects loaded from database
------------------------------------------------------------------------------
INFO - 1401/04/12-13:15:4 - Defects loaded from database
------------------------------------------------------------------------------
INFO - 1401/04/12-13:15:4 - Defect groups loaded from database
------------------------------------------------------------------------------
INFO - 1401/04/12-13:15:4 - Defects loaded from database
------------------------------------------------------------------------------
INFO - 1401/04/12-13:15:4 - Defect groups loaded from database
------------------------------------------------------------------------------
INFO - 1401/04/12-13:15:14 - New defect created
------------------------------------------------------------------------------
INFO - 1401/04/12-13:15:14 - Defects loaded from database
------------------------------------------------------------------------------
INFO - 1401/04/12-13:15:14 - Defect groups loaded from database
------------------------------------------------------------------------------
INFO - 1401/04/12-13:15:18 - Defects loaded from database
------------------------------------------------------------------------------
INFO - 1401/04/12-13:15:18 - Defect(s) removed successfully
------------------------------------------------------------------------------
INFO - 1401/04/12-13:15:57 - Setting app closed.
------------------------------------------------------------------------------
