INFO - 1401/04/12-11:41:8 - UI object for setting app created.
------------------------------------------------------------------------------
INFO - 1401/04/12-11:41:8 - UI object initialized and setting app loaded.
------------------------------------------------------------------------------
INFO - 1401/04/12-11:41:8 - Creating API object.
------------------------------------------------------------------------------
INFO - 1401/04/12-11:41:8 - Login UI object initialized.
------------------------------------------------------------------------------
INFO - 1401/04/12-11:41:8 - Confirmaton UI object initialized.
------------------------------------------------------------------------------
INFO - 1401/04/12-11:41:8 - Notficaion UI object initialized.
------------------------------------------------------------------------------
INFO - 1401/04/12-11:41:8 - Connected to MySQL Server version 8.0.29
------------------------------------------------------------------------------
INFO - 1401/04/12-11:41:8 - Connected to database [('saba_database',)]
------------------------------------------------------------------------------
INFO - 1401/04/12-11:41:8 - MySQL connection is closed
------------------------------------------------------------------------------
INFO - 1401/04/12-11:41:8 - Login API object initialized.
------------------------------------------------------------------------------
INFO - 1401/04/12-11:41:8 - Connected to MySQL Server version 8.0.29
------------------------------------------------------------------------------
INFO - 1401/04/12-11:41:8 - Connected to database [('saba_database',)]
------------------------------------------------------------------------------
INFO - 1401/04/12-11:41:8 - MySQL connection is closed
------------------------------------------------------------------------------
INFO - 1401/04/12-11:41:8 - Database object initialized.
------------------------------------------------------------------------------
INFO - 1401/04/12-11:41:9 - Get available camera serials using camera-connecton API.
------------------------------------------------------------------------------
WARNING - 1401/04/12-11:41:9 - Some Cameras are not connected.
------------------------------------------------------------------------------
INFO - 1401/04/12-11:41:9 - Timer for checking storage initialized.
------------------------------------------------------------------------------
INFO - 1401/04/12-11:41:14 - User logined with username: ali.
------------------------------------------------------------------------------
INFO - 1401/04/12-11:41:18 - defects loaded from database
------------------------------------------------------------------------------
INFO - 1401/04/12-11:41:18 - defect groups loaded from database
------------------------------------------------------------------------------
INFO - 1401/04/12-11:42:6 - Setting app closed.
------------------------------------------------------------------------------
