INFO - 1401/04/12-11:6:28 - UI object for setting app created.
------------------------------------------------------------------------------
INFO - 1401/04/12-11:6:28 - UI object initialized and setting app loaded.
------------------------------------------------------------------------------
INFO - 1401/04/12-11:6:28 - Creating API object.
------------------------------------------------------------------------------
INFO - 1401/04/12-11:6:28 - Login UI object initialized.
------------------------------------------------------------------------------
INFO - 1401/04/12-11:6:28 - Confirmaton UI object initialized.
------------------------------------------------------------------------------
INFO - 1401/04/12-11:6:28 - Notficaion UI object initialized.
------------------------------------------------------------------------------
INFO - 1401/04/12-11:6:28 - Connected to MySQL Server version 8.0.29
------------------------------------------------------------------------------
INFO - 1401/04/12-11:6:28 - Connected to database [('saba_database',)]
------------------------------------------------------------------------------
INFO - 1401/04/12-11:6:28 - MySQL connection is closed
------------------------------------------------------------------------------
INFO - 1401/04/12-11:6:28 - Login API object initialized.
------------------------------------------------------------------------------
INFO - 1401/04/12-11:6:28 - Connected to MySQL Server version 8.0.29
------------------------------------------------------------------------------
INFO - 1401/04/12-11:6:28 - Connected to database [('saba_database',)]
------------------------------------------------------------------------------
INFO - 1401/04/12-11:6:28 - MySQL connection is closed
------------------------------------------------------------------------------
INFO - 1401/04/12-11:6:28 - Database object initialized.
------------------------------------------------------------------------------
INFO - 1401/04/12-11:6:28 - Get available camera serials using camera-connecton API.
------------------------------------------------------------------------------
WARNING - 1401/04/12-11:6:28 - Some Cameras are not connected.
------------------------------------------------------------------------------
INFO - 1401/04/12-11:6:28 - Timer for checking storage initialized.
------------------------------------------------------------------------------
INFO - 1401/04/12-11:6:35 - User logined with username: ali.
------------------------------------------------------------------------------
INFO - 1401/04/12-11:6:36 - defects loaded from database
------------------------------------------------------------------------------
INFO - 1401/04/12-11:6:36 - defect groups loaded from database
------------------------------------------------------------------------------
INFO - 1401/04/12-11:7:12 - Setting app minimized/maximized.
------------------------------------------------------------------------------
INFO - 1401/04/12-11:8:10 - Setting app minimized/maximized.
------------------------------------------------------------------------------
INFO - 1401/04/12-11:8:12 - New defect created
------------------------------------------------------------------------------
INFO - 1401/04/12-11:8:12 - defects loaded from database
------------------------------------------------------------------------------
INFO - 1401/04/12-11:8:12 - defect groups loaded from database
------------------------------------------------------------------------------
INFO - 1401/04/12-11:8:58 - New defect group created
------------------------------------------------------------------------------
INFO - 1401/04/12-11:8:58 - defects loaded from database
------------------------------------------------------------------------------
INFO - 1401/04/12-11:8:58 - defect groups loaded from database
------------------------------------------------------------------------------
INFO - 1401/04/12-11:9:39 - Setting app closed.
------------------------------------------------------------------------------
