INFO - 1401/04/12-12:55:1 - UI object for setting app created.
------------------------------------------------------------------------------
INFO - 1401/04/12-12:55:1 - UI object initialized and setting app loaded.
------------------------------------------------------------------------------
INFO - 1401/04/12-12:55:1 - Creating API object.
------------------------------------------------------------------------------
INFO - 1401/04/12-12:55:1 - Login UI object initialized.
------------------------------------------------------------------------------
INFO - 1401/04/12-12:55:1 - Confirmaton UI object initialized.
------------------------------------------------------------------------------
INFO - 1401/04/12-12:55:1 - Notficaion UI object initialized.
------------------------------------------------------------------------------
INFO - 1401/04/12-12:55:1 - Connected to MySQL Server version 8.0.29
------------------------------------------------------------------------------
INFO - 1401/04/12-12:55:1 - Connected to database [('saba_database',)]
------------------------------------------------------------------------------
INFO - 1401/04/12-12:55:1 - MySQL connection is closed
------------------------------------------------------------------------------
INFO - 1401/04/12-12:55:1 - Login API object initialized.
------------------------------------------------------------------------------
INFO - 1401/04/12-12:55:1 - Connected to MySQL Server version 8.0.29
------------------------------------------------------------------------------
INFO - 1401/04/12-12:55:1 - Connected to database [('saba_database',)]
------------------------------------------------------------------------------
INFO - 1401/04/12-12:55:1 - MySQL connection is closed
------------------------------------------------------------------------------
INFO - 1401/04/12-12:55:1 - Database object initialized.
------------------------------------------------------------------------------
INFO - 1401/04/12-12:55:2 - Get available camera serials using camera-connecton API.
------------------------------------------------------------------------------
WARNING - 1401/04/12-12:55:2 - Some Cameras are not connected.
------------------------------------------------------------------------------
INFO - 1401/04/12-12:55:2 - Timer for checking storage initialized.
------------------------------------------------------------------------------
INFO - 1401/04/12-12:55:9 - User logined with username: ali.
------------------------------------------------------------------------------
INFO - 1401/04/12-12:55:11 - Defects loaded from database
------------------------------------------------------------------------------
INFO - 1401/04/12-12:55:11 - Defect groups loaded from database
------------------------------------------------------------------------------
INFO - 1401/04/12-12:55:21 - Defect groups loaded from database
------------------------------------------------------------------------------
INFO - 1401/04/12-12:55:21 - Defects loaded from database
------------------------------------------------------------------------------
INFO - 1401/04/12-12:56:1 - Defect groups loaded from database
------------------------------------------------------------------------------
INFO - 1401/04/12-12:56:3 - Defects loaded from database
------------------------------------------------------------------------------
INFO - 1401/04/12-12:56:11 - Defect groups loaded from database
------------------------------------------------------------------------------
INFO - 1401/04/12-12:56:11 - Defect group removed successfully
------------------------------------------------------------------------------
INFO - 1401/04/12-12:56:11 - Defects loaded from database
------------------------------------------------------------------------------
INFO - 1401/04/12-12:56:11 - Defect groups loaded from database
------------------------------------------------------------------------------
INFO - 1401/04/12-12:56:23 - Defect groups loaded from database
------------------------------------------------------------------------------
INFO - 1401/04/12-12:56:30 - Defect groups loaded from database
------------------------------------------------------------------------------
INFO - 1401/04/12-12:56:33 - Defect groups loaded from database
------------------------------------------------------------------------------
INFO - 1401/04/12-12:56:46 - Defect groups loaded from database
------------------------------------------------------------------------------
INFO - 1401/04/12-12:56:48 - Defect groups loaded from database
------------------------------------------------------------------------------
INFO - 1401/04/12-12:57:3 - Defect groups loaded from database
------------------------------------------------------------------------------
INFO - 1401/04/12-12:57:3 - Defect group removed successfully
------------------------------------------------------------------------------
INFO - 1401/04/12-12:57:3 - Defects loaded from database
------------------------------------------------------------------------------
INFO - 1401/04/12-12:57:3 - Defect groups loaded from database
------------------------------------------------------------------------------
INFO - 1401/04/12-12:57:13 - Defect groups loaded from database
------------------------------------------------------------------------------
INFO - 1401/04/12-12:57:23 - Defect groups loaded from database
------------------------------------------------------------------------------
INFO - 1401/04/12-12:57:24 - Defect group removed successfully
------------------------------------------------------------------------------
ERROR - 1401/04/12-12:57:24 - Failed to temove defect(s)
------------------------------------------------------------------------------
INFO - 1401/04/12-12:57:24 - Defects loaded from database
------------------------------------------------------------------------------
INFO - 1401/04/12-12:57:24 - Defect groups loaded from database
------------------------------------------------------------------------------
