INFO - 1401/04/12-13:13:42 - UI object for setting app created.
------------------------------------------------------------------------------
INFO - 1401/04/12-13:13:42 - UI object initialized and setting app loaded.
------------------------------------------------------------------------------
INFO - 1401/04/12-13:13:42 - Creating API object.
------------------------------------------------------------------------------
INFO - 1401/04/12-13:13:42 - Login UI object initialized.
------------------------------------------------------------------------------
INFO - 1401/04/12-13:13:42 - Confirmaton UI object initialized.
------------------------------------------------------------------------------
INFO - 1401/04/12-13:13:42 - Notficaion UI object initialized.
------------------------------------------------------------------------------
INFO - 1401/04/12-13:13:42 - Connected to MySQL Server version 8.0.29
------------------------------------------------------------------------------
INFO - 1401/04/12-13:13:42 - Connected to database [('saba_database',)]
------------------------------------------------------------------------------
INFO - 1401/04/12-13:13:42 - MySQL connection is closed
------------------------------------------------------------------------------
INFO - 1401/04/12-13:13:42 - Login API object initialized.
------------------------------------------------------------------------------
INFO - 1401/04/12-13:13:42 - Connected to MySQL Server version 8.0.29
------------------------------------------------------------------------------
INFO - 1401/04/12-13:13:42 - Connected to database [('saba_database',)]
------------------------------------------------------------------------------
INFO - 1401/04/12-13:13:42 - MySQL connection is closed
------------------------------------------------------------------------------
INFO - 1401/04/12-13:13:42 - Database object initialized.
------------------------------------------------------------------------------
INFO - 1401/04/12-13:13:42 - Get available camera serials using camera-connecton API.
------------------------------------------------------------------------------
WARNING - 1401/04/12-13:13:42 - Some Cameras are not connected.
------------------------------------------------------------------------------
INFO - 1401/04/12-13:13:43 - Timer for checking storage initialized.
------------------------------------------------------------------------------
INFO - 1401/04/12-13:13:48 - Setting app closed.
------------------------------------------------------------------------------
