INFO - 1401/04/12-8:31:6 - UI object for setting app created.
------------------------------------------------------------------------------
INFO - 1401/04/12-8:31:6 - UI object initialized and setting app loaded.
------------------------------------------------------------------------------
INFO - 1401/04/12-8:31:6 - Creating API object.
------------------------------------------------------------------------------
INFO - 1401/04/12-8:31:6 - Login UI object initialized.
------------------------------------------------------------------------------
INFO - 1401/04/12-8:31:6 - Confirmaton UI object initialized.
------------------------------------------------------------------------------
INFO - 1401/04/12-8:31:6 - Notficaion UI object initialized.
------------------------------------------------------------------------------
INFO - 1401/04/12-8:31:6 - Connected to MySQL Server version 8.0.29
------------------------------------------------------------------------------
INFO - 1401/04/12-8:31:6 - Connected to database [('saba_database',)]
------------------------------------------------------------------------------
INFO - 1401/04/12-8:31:6 - MySQL connection is closed
------------------------------------------------------------------------------
INFO - 1401/04/12-8:31:6 - Login API object initialized.
------------------------------------------------------------------------------
INFO - 1401/04/12-8:31:6 - Connected to MySQL Server version 8.0.29
------------------------------------------------------------------------------
INFO - 1401/04/12-8:31:6 - Connected to database [('saba_database',)]
------------------------------------------------------------------------------
INFO - 1401/04/12-8:31:6 - MySQL connection is closed
------------------------------------------------------------------------------
INFO - 1401/04/12-8:31:6 - Database object initialized.
------------------------------------------------------------------------------
INFO - 1401/04/12-8:31:7 - Get available camera serials using camera-connecton API.
------------------------------------------------------------------------------
WARNING - 1401/04/12-8:31:7 - Some Cameras are not connected.
------------------------------------------------------------------------------
INFO - 1401/04/12-8:31:7 - Timer for checking storage initialized.
------------------------------------------------------------------------------
INFO - 1401/04/12-8:31:14 - User logined with username: ali.
------------------------------------------------------------------------------
INFO - 1401/04/12-8:31:17 - defects loaded from database
------------------------------------------------------------------------------
INFO - 1401/04/12-8:31:17 - defect groups loaded from database
------------------------------------------------------------------------------
INFO - 1401/04/12-8:31:37 - defects loaded from database
------------------------------------------------------------------------------
INFO - 1401/04/12-8:31:37 - defect groups loaded from database
------------------------------------------------------------------------------
INFO - 1401/04/12-8:31:38 - defects loaded from database
------------------------------------------------------------------------------
INFO - 1401/04/12-8:31:38 - defect groups loaded from database
------------------------------------------------------------------------------
INFO - 1401/04/12-10:44:8 - Setting app minimized to taskbar.
------------------------------------------------------------------------------
INFO - 1401/04/12-11:0:13 - Setting app closed.
------------------------------------------------------------------------------
