INFO - 1401/04/12-16:2:53 - UI object for setting app created.
------------------------------------------------------------------------------
INFO - 1401/04/12-16:2:53 - UI object initialized and setting app loaded.
------------------------------------------------------------------------------
INFO - 1401/04/12-16:2:53 - Creating API object.
------------------------------------------------------------------------------
INFO - 1401/04/12-16:2:53 - Login UI object initialized.
------------------------------------------------------------------------------
INFO - 1401/04/12-16:2:53 - Confirmaton UI object initialized.
------------------------------------------------------------------------------
INFO - 1401/04/12-16:2:53 - Notficaion UI object initialized.
------------------------------------------------------------------------------
INFO - 1401/04/12-16:2:53 - Connected to MySQL Server version 8.0.29
------------------------------------------------------------------------------
INFO - 1401/04/12-16:2:53 - Connected to database [('saba_database',)]
------------------------------------------------------------------------------
INFO - 1401/04/12-16:2:53 - MySQL connection is closed
------------------------------------------------------------------------------
INFO - 1401/04/12-16:2:53 - Login API object initialized.
------------------------------------------------------------------------------
INFO - 1401/04/12-16:2:53 - Connected to MySQL Server version 8.0.29
------------------------------------------------------------------------------
INFO - 1401/04/12-16:2:53 - Connected to database [('saba_database',)]
------------------------------------------------------------------------------
INFO - 1401/04/12-16:2:53 - MySQL connection is closed
------------------------------------------------------------------------------
INFO - 1401/04/12-16:2:53 - Database object initialized.
------------------------------------------------------------------------------
INFO - 1401/04/12-16:2:54 - Get available camera serials using camera-connecton API.
------------------------------------------------------------------------------
WARNING - 1401/04/12-16:2:54 - Some Cameras are not connected.
------------------------------------------------------------------------------
INFO - 1401/04/12-16:2:54 - Timer for checking storage initialized.
------------------------------------------------------------------------------
INFO - 1401/04/12-16:3:0 - User logined with username: ali.
------------------------------------------------------------------------------
INFO - 1401/04/12-16:3:4 - Camera params are loaded from database camera-id: 1
------------------------------------------------------------------------------
INFO - 1401/04/12-16:3:11 - Camera settings applied to databse
------------------------------------------------------------------------------
INFO - 1401/04/12-16:8:47 - Setting app closed.
------------------------------------------------------------------------------
