INFO - 1401/04/12-16:18:25 - UI object for setting app created.
------------------------------------------------------------------------------
INFO - 1401/04/12-16:18:25 - UI object initialized and setting app loaded.
------------------------------------------------------------------------------
INFO - 1401/04/12-16:18:25 - Creating API object.
------------------------------------------------------------------------------
INFO - 1401/04/12-16:18:25 - Login UI object initialized.
------------------------------------------------------------------------------
INFO - 1401/04/12-16:18:25 - Confirmaton UI object initialized.
------------------------------------------------------------------------------
INFO - 1401/04/12-16:18:25 - Notficaion UI object initialized.
------------------------------------------------------------------------------
INFO - 1401/04/12-16:18:25 - Connected to MySQL Server version 8.0.29
------------------------------------------------------------------------------
INFO - 1401/04/12-16:18:25 - Connected to database [('saba_database',)]
------------------------------------------------------------------------------
INFO - 1401/04/12-16:18:25 - MySQL connection is closed
------------------------------------------------------------------------------
INFO - 1401/04/12-16:18:25 - Login API object initialized.
------------------------------------------------------------------------------
INFO - 1401/04/12-16:18:25 - Connected to MySQL Server version 8.0.29
------------------------------------------------------------------------------
INFO - 1401/04/12-16:18:25 - Connected to database [('saba_database',)]
------------------------------------------------------------------------------
INFO - 1401/04/12-16:18:25 - MySQL connection is closed
------------------------------------------------------------------------------
INFO - 1401/04/12-16:18:25 - Database object initialized.
------------------------------------------------------------------------------
INFO - 1401/04/12-16:18:26 - Get available camera serials using camera-connecton API.
------------------------------------------------------------------------------
WARNING - 1401/04/12-16:18:26 - Some Cameras are not connected.
------------------------------------------------------------------------------
INFO - 1401/04/12-16:18:26 - Timer for checking storage initialized.
------------------------------------------------------------------------------
INFO - 1401/04/12-16:18:33 - User logined with username: ali.
------------------------------------------------------------------------------
INFO - 1401/04/12-16:18:35 - Camera params are loaded from database camera-id: 1
------------------------------------------------------------------------------
INFO - 1401/04/12-16:18:36 - Connected to camera, serial: 23905933
------------------------------------------------------------------------------
INFO - 1401/04/12-16:18:44 - Disconnected from camera, serial: 23905933
------------------------------------------------------------------------------
INFO - 1401/04/12-16:18:47 - Connected to camera, serial: 23905933
------------------------------------------------------------------------------
INFO - 1401/04/12-16:18:57 - Disconnected from camera, serial: 23905933
------------------------------------------------------------------------------
INFO - 1401/04/12-16:19:22 - Setting app closed.
------------------------------------------------------------------------------
