INFO - 1401/04/12-16:24:48 - UI object for setting app created.
------------------------------------------------------------------------------
INFO - 1401/04/12-16:24:48 - UI object initialized and setting app loaded.
------------------------------------------------------------------------------
INFO - 1401/04/12-16:24:48 - Creating API object.
------------------------------------------------------------------------------
INFO - 1401/04/12-16:24:48 - Login UI object initialized.
------------------------------------------------------------------------------
INFO - 1401/04/12-16:24:48 - Confirmaton UI object initialized.
------------------------------------------------------------------------------
INFO - 1401/04/12-16:24:48 - Notficaion UI object initialized.
------------------------------------------------------------------------------
INFO - 1401/04/12-16:24:48 - Connected to MySQL Server version 8.0.29
------------------------------------------------------------------------------
INFO - 1401/04/12-16:24:48 - Connected to database [('saba_database',)]
------------------------------------------------------------------------------
INFO - 1401/04/12-16:24:48 - MySQL connection is closed
------------------------------------------------------------------------------
INFO - 1401/04/12-16:24:48 - Login API object initialized.
------------------------------------------------------------------------------
INFO - 1401/04/12-16:24:48 - Connected to MySQL Server version 8.0.29
------------------------------------------------------------------------------
INFO - 1401/04/12-16:24:48 - Connected to database [('saba_database',)]
------------------------------------------------------------------------------
INFO - 1401/04/12-16:24:48 - MySQL connection is closed
------------------------------------------------------------------------------
INFO - 1401/04/12-16:24:48 - Database object initialized.
------------------------------------------------------------------------------
INFO - 1401/04/12-16:24:49 - Get available camera serials using camera-connecton API.
------------------------------------------------------------------------------
WARNING - 1401/04/12-16:24:49 - Some Cameras are not connected.
------------------------------------------------------------------------------
INFO - 1401/04/12-16:24:49 - Timer for checking storage initialized.
------------------------------------------------------------------------------
INFO - 1401/04/12-16:24:56 - User logined with username: ali.
------------------------------------------------------------------------------
INFO - 1401/04/12-16:24:58 - Camera params are loaded from database camera-id: 1
------------------------------------------------------------------------------
INFO - 1401/04/12-16:25:0 - Connected to camera, serial: 23905933
------------------------------------------------------------------------------
INFO - 1401/04/12-16:25:2 - Disconnected from camera, serial: 23905933
------------------------------------------------------------------------------
