INFO - 1401/04/12-8:12:35 - UI object for setting app created.
------------------------------------------------------------------------------
INFO - 1401/04/12-8:12:35 - UI object initialized and setting app loaded.
------------------------------------------------------------------------------
INFO - 1401/04/12-8:12:35 - Creating API object.
------------------------------------------------------------------------------
INFO - 1401/04/12-8:12:35 - Login UI object initialized.
------------------------------------------------------------------------------
INFO - 1401/04/12-8:12:35 - Confirmaton UI object initialized.
------------------------------------------------------------------------------
INFO - 1401/04/12-8:12:35 - Notficaion UI object initialized.
------------------------------------------------------------------------------
INFO - 1401/04/12-8:12:35 - Connected to MySQL Server version 8.0.29
------------------------------------------------------------------------------
INFO - 1401/04/12-8:12:35 - Connected to database [('saba_database',)]
------------------------------------------------------------------------------
INFO - 1401/04/12-8:12:35 - MySQL connection is closed
------------------------------------------------------------------------------
INFO - 1401/04/12-8:12:35 - Login API object initialized.
------------------------------------------------------------------------------
INFO - 1401/04/12-8:12:35 - Connected to MySQL Server version 8.0.29
------------------------------------------------------------------------------
INFO - 1401/04/12-8:12:35 - Connected to database [('saba_database',)]
------------------------------------------------------------------------------
INFO - 1401/04/12-8:12:35 - MySQL connection is closed
------------------------------------------------------------------------------
INFO - 1401/04/12-8:12:35 - Database object initialized.
------------------------------------------------------------------------------
INFO - 1401/04/12-8:12:36 - Get available camera serials using camera-connecton API.
------------------------------------------------------------------------------
WARNING - 1401/04/12-8:12:36 - Some Cameras are not connected.
------------------------------------------------------------------------------
INFO - 1401/04/12-8:12:36 - Timer for checking storage initialized.
------------------------------------------------------------------------------
INFO - 1401/04/12-8:12:41 - Setting app closed.
------------------------------------------------------------------------------
