INFO - 1401/04/12-13:16:2 - UI object for setting app created.
------------------------------------------------------------------------------
INFO - 1401/04/12-13:16:2 - UI object initialized and setting app loaded.
------------------------------------------------------------------------------
INFO - 1401/04/12-13:16:2 - Creating API object.
------------------------------------------------------------------------------
INFO - 1401/04/12-13:16:2 - Login UI object initialized.
------------------------------------------------------------------------------
INFO - 1401/04/12-13:16:2 - Confirmaton UI object initialized.
------------------------------------------------------------------------------
INFO - 1401/04/12-13:16:2 - Notficaion UI object initialized.
------------------------------------------------------------------------------
INFO - 1401/04/12-13:16:2 - Connected to MySQL Server version 8.0.29
------------------------------------------------------------------------------
INFO - 1401/04/12-13:16:2 - Connected to database [('saba_database',)]
------------------------------------------------------------------------------
INFO - 1401/04/12-13:16:2 - MySQL connection is closed
------------------------------------------------------------------------------
INFO - 1401/04/12-13:16:2 - Login API object initialized.
------------------------------------------------------------------------------
INFO - 1401/04/12-13:16:2 - Connected to MySQL Server version 8.0.29
------------------------------------------------------------------------------
INFO - 1401/04/12-13:16:2 - Connected to database [('saba_database',)]
------------------------------------------------------------------------------
INFO - 1401/04/12-13:16:2 - MySQL connection is closed
------------------------------------------------------------------------------
INFO - 1401/04/12-13:16:2 - Database object initialized.
------------------------------------------------------------------------------
INFO - 1401/04/12-13:16:3 - Get available camera serials using camera-connecton API.
------------------------------------------------------------------------------
WARNING - 1401/04/12-13:16:3 - Some Cameras are not connected.
------------------------------------------------------------------------------
INFO - 1401/04/12-13:16:3 - Timer for checking storage initialized.
------------------------------------------------------------------------------
INFO - 1401/04/12-13:16:9 - User logined with username: ali.
------------------------------------------------------------------------------
INFO - 1401/04/12-13:16:9 - Defects loaded from database
------------------------------------------------------------------------------
INFO - 1401/04/12-13:16:9 - Defect groups loaded from database
------------------------------------------------------------------------------
INFO - 1401/04/12-13:16:19 - New defect created
------------------------------------------------------------------------------
INFO - 1401/04/12-13:16:19 - Defects loaded from database
------------------------------------------------------------------------------
INFO - 1401/04/12-13:16:19 - Defect groups loaded from database
------------------------------------------------------------------------------
INFO - 1401/04/12-13:16:21 - Defects loaded from database
------------------------------------------------------------------------------
INFO - 1401/04/12-13:16:21 - Defect(s) removed successfully
------------------------------------------------------------------------------
INFO - 1401/04/12-13:16:21 - Defects loaded from database
------------------------------------------------------------------------------
INFO - 1401/04/12-13:16:21 - Defect groups loaded from database
------------------------------------------------------------------------------
INFO - 1401/04/12-13:16:38 - New defect created
------------------------------------------------------------------------------
INFO - 1401/04/12-13:16:38 - Defects loaded from database
------------------------------------------------------------------------------
INFO - 1401/04/12-13:16:38 - Defect groups loaded from database
------------------------------------------------------------------------------
INFO - 1401/04/12-13:16:43 - Defects loaded from database
------------------------------------------------------------------------------
INFO - 1401/04/12-13:16:44 - Defects loaded from database
------------------------------------------------------------------------------
INFO - 1401/04/12-13:16:45 - Defects loaded from database
------------------------------------------------------------------------------
INFO - 1401/04/12-13:16:45 - Defects loaded from database
------------------------------------------------------------------------------
INFO - 1401/04/12-13:16:58 - Defects loaded from database
------------------------------------------------------------------------------
INFO - 1401/04/12-13:17:13 - Defects loaded from database
------------------------------------------------------------------------------
INFO - 1401/04/12-13:17:22 - New defect group created
------------------------------------------------------------------------------
INFO - 1401/04/12-13:17:22 - Defects loaded from database
------------------------------------------------------------------------------
INFO - 1401/04/12-13:17:22 - Defect groups loaded from database
------------------------------------------------------------------------------
INFO - 1401/04/12-13:17:27 - Defect groups loaded from database
------------------------------------------------------------------------------
INFO - 1401/04/12-13:17:32 - Defect groups loaded from database
------------------------------------------------------------------------------
INFO - 1401/04/12-13:18:18 - Setting app closed.
------------------------------------------------------------------------------
