INFO - 1401/04/12-15:41:53 - UI object for setting app created.
------------------------------------------------------------------------------
INFO - 1401/04/12-15:41:53 - UI object initialized and setting app loaded.
------------------------------------------------------------------------------
INFO - 1401/04/12-15:41:53 - Creating API object.
------------------------------------------------------------------------------
INFO - 1401/04/12-15:41:53 - Login UI object initialized.
------------------------------------------------------------------------------
INFO - 1401/04/12-15:41:53 - Confirmaton UI object initialized.
------------------------------------------------------------------------------
INFO - 1401/04/12-15:41:53 - Notficaion UI object initialized.
------------------------------------------------------------------------------
INFO - 1401/04/12-15:41:53 - Connected to MySQL Server version 8.0.29
------------------------------------------------------------------------------
INFO - 1401/04/12-15:41:53 - Connected to database [('saba_database',)]
------------------------------------------------------------------------------
INFO - 1401/04/12-15:41:53 - MySQL connection is closed
------------------------------------------------------------------------------
INFO - 1401/04/12-15:41:53 - Login API object initialized.
------------------------------------------------------------------------------
INFO - 1401/04/12-15:41:53 - Connected to MySQL Server version 8.0.29
------------------------------------------------------------------------------
INFO - 1401/04/12-15:41:53 - Connected to database [('saba_database',)]
------------------------------------------------------------------------------
INFO - 1401/04/12-15:41:53 - MySQL connection is closed
------------------------------------------------------------------------------
INFO - 1401/04/12-15:41:53 - Database object initialized.
------------------------------------------------------------------------------
INFO - 1401/04/12-15:41:54 - Get available camera serials using camera-connecton API.
------------------------------------------------------------------------------
WARNING - 1401/04/12-15:41:54 - Some Cameras are not connected.
------------------------------------------------------------------------------
INFO - 1401/04/12-15:41:54 - Timer for checking storage initialized.
------------------------------------------------------------------------------
INFO - 1401/04/12-15:42:0 - User logined with username: ali.
------------------------------------------------------------------------------
INFO - 1401/04/12-15:42:2 - Camera params are loaded from database camera-id: 1
------------------------------------------------------------------------------
INFO - 1401/04/12-15:42:12 - Camera params are loaded from database camera-id: 1
------------------------------------------------------------------------------
INFO - 1401/04/12-15:42:17 - Camera params are loaded from database camera-id: 1
------------------------------------------------------------------------------
INFO - 1401/04/12-15:42:33 - Camera params are loaded from database camera-id: 1
------------------------------------------------------------------------------
INFO - 1401/04/12-15:42:37 - Camera params are loaded from database camera-id: 1
------------------------------------------------------------------------------
INFO - 1401/04/12-15:42:41 - Setting app minimized to taskbar.
------------------------------------------------------------------------------
INFO - 1401/04/12-15:42:53 - Setting app minimized/maximized.
------------------------------------------------------------------------------
INFO - 1401/04/12-15:42:56 - Camera params are loaded from database camera-id: 1
------------------------------------------------------------------------------
INFO - 1401/04/12-15:42:57 - Setting app closed.
------------------------------------------------------------------------------
