INFO - 1401/04/12-11:45:16 - UI object for setting app created.
------------------------------------------------------------------------------
INFO - 1401/04/12-11:45:16 - UI object initialized and setting app loaded.
------------------------------------------------------------------------------
INFO - 1401/04/12-11:45:16 - Creating API object.
------------------------------------------------------------------------------
INFO - 1401/04/12-11:45:17 - Login UI object initialized.
------------------------------------------------------------------------------
INFO - 1401/04/12-11:45:17 - Confirmaton UI object initialized.
------------------------------------------------------------------------------
INFO - 1401/04/12-11:45:17 - Notficaion UI object initialized.
------------------------------------------------------------------------------
INFO - 1401/04/12-11:45:17 - Connected to MySQL Server version 8.0.29
------------------------------------------------------------------------------
INFO - 1401/04/12-11:45:17 - Connected to database [('saba_database',)]
------------------------------------------------------------------------------
INFO - 1401/04/12-11:45:17 - MySQL connection is closed
------------------------------------------------------------------------------
INFO - 1401/04/12-11:45:17 - Login API object initialized.
------------------------------------------------------------------------------
INFO - 1401/04/12-11:45:17 - Connected to MySQL Server version 8.0.29
------------------------------------------------------------------------------
INFO - 1401/04/12-11:45:17 - Connected to database [('saba_database',)]
------------------------------------------------------------------------------
INFO - 1401/04/12-11:45:17 - MySQL connection is closed
------------------------------------------------------------------------------
INFO - 1401/04/12-11:45:17 - Database object initialized.
------------------------------------------------------------------------------
INFO - 1401/04/12-11:45:17 - Get available camera serials using camera-connecton API.
------------------------------------------------------------------------------
WARNING - 1401/04/12-11:45:17 - Some Cameras are not connected.
------------------------------------------------------------------------------
INFO - 1401/04/12-11:45:17 - Timer for checking storage initialized.
------------------------------------------------------------------------------
INFO - 1401/04/12-11:45:24 - User logined with username: ali.
------------------------------------------------------------------------------
INFO - 1401/04/12-11:45:26 - defects loaded from database
------------------------------------------------------------------------------
INFO - 1401/04/12-11:45:26 - defect groups loaded from database
------------------------------------------------------------------------------
INFO - 1401/04/12-11:45:28 - Defect selected to edit
------------------------------------------------------------------------------
INFO - 1401/04/12-11:46:14 - Defect changed successfully
------------------------------------------------------------------------------
INFO - 1401/04/12-11:46:14 - defects loaded from database
------------------------------------------------------------------------------
INFO - 1401/04/12-11:46:14 - defect groups loaded from database
------------------------------------------------------------------------------
INFO - 1401/04/12-11:46:43 - Defect group selected to edit
------------------------------------------------------------------------------
INFO - 1401/04/12-11:47:5 - defects loaded from database
------------------------------------------------------------------------------
INFO - 1401/04/12-11:47:5 - defect groups loaded from database
------------------------------------------------------------------------------
INFO - 1401/04/12-11:47:9 - Defect group selected to edit
------------------------------------------------------------------------------
INFO - 1401/04/12-11:48:30 - Setting app closed.
------------------------------------------------------------------------------
