INFO - 1401/04/12-16:55:45 - UI object for setting app created.
------------------------------------------------------------------------------
INFO - 1401/04/12-16:55:45 - UI object initialized and setting app loaded.
------------------------------------------------------------------------------
INFO - 1401/04/12-16:55:45 - Creating API object.
------------------------------------------------------------------------------
INFO - 1401/04/12-16:55:45 - Login UI object initialized.
------------------------------------------------------------------------------
INFO - 1401/04/12-16:55:45 - Confirmaton UI object initialized.
------------------------------------------------------------------------------
INFO - 1401/04/12-16:55:45 - Notficaion UI object initialized.
------------------------------------------------------------------------------
INFO - 1401/04/12-16:55:45 - Connected to MySQL Server version 8.0.29
------------------------------------------------------------------------------
INFO - 1401/04/12-16:55:45 - Connected to database [('saba_database',)]
------------------------------------------------------------------------------
INFO - 1401/04/12-16:55:45 - MySQL connection is closed
------------------------------------------------------------------------------
INFO - 1401/04/12-16:55:45 - Login API object initialized.
------------------------------------------------------------------------------
INFO - 1401/04/12-16:55:45 - Connected to MySQL Server version 8.0.29
------------------------------------------------------------------------------
INFO - 1401/04/12-16:55:45 - Connected to database [('saba_database',)]
------------------------------------------------------------------------------
INFO - 1401/04/12-16:55:45 - MySQL connection is closed
------------------------------------------------------------------------------
INFO - 1401/04/12-16:55:45 - Database object initialized.
------------------------------------------------------------------------------
INFO - 1401/04/12-16:55:46 - Get available camera serials using camera-connecton API.
------------------------------------------------------------------------------
WARNING - 1401/04/12-16:55:46 - Some Cameras are not connected.
------------------------------------------------------------------------------
INFO - 1401/04/12-16:55:46 - Timer for checking storage initialized.
------------------------------------------------------------------------------
INFO - 1401/04/12-16:55:54 - User logined with username: ali.
------------------------------------------------------------------------------
INFO - 1401/04/12-16:55:56 - Camera params are loaded from database camera-id: 1
------------------------------------------------------------------------------
INFO - 1401/04/12-16:56:32 - Camera settings applied to databse
------------------------------------------------------------------------------
INFO - 1401/04/12-16:56:34 - Connected to camera, serial: 23905933
------------------------------------------------------------------------------
INFO - 1401/04/12-16:57:1 - Disconnected from camera, serial: 23905933
------------------------------------------------------------------------------
INFO - 1401/04/12-16:57:8 - Setting app closed.
------------------------------------------------------------------------------
