INFO - 1401/04/12-13:0:1 - UI object for setting app created.
------------------------------------------------------------------------------
INFO - 1401/04/12-13:0:1 - UI object initialized and setting app loaded.
------------------------------------------------------------------------------
INFO - 1401/04/12-13:0:1 - Creating API object.
------------------------------------------------------------------------------
INFO - 1401/04/12-13:0:1 - Login UI object initialized.
------------------------------------------------------------------------------
INFO - 1401/04/12-13:0:1 - Confirmaton UI object initialized.
------------------------------------------------------------------------------
INFO - 1401/04/12-13:0:1 - Notficaion UI object initialized.
------------------------------------------------------------------------------
INFO - 1401/04/12-13:0:1 - Connected to MySQL Server version 8.0.29
------------------------------------------------------------------------------
INFO - 1401/04/12-13:0:1 - Connected to database [('saba_database',)]
------------------------------------------------------------------------------
INFO - 1401/04/12-13:0:1 - MySQL connection is closed
------------------------------------------------------------------------------
INFO - 1401/04/12-13:0:1 - Login API object initialized.
------------------------------------------------------------------------------
INFO - 1401/04/12-13:0:1 - Connected to MySQL Server version 8.0.29
------------------------------------------------------------------------------
INFO - 1401/04/12-13:0:1 - Connected to database [('saba_database',)]
------------------------------------------------------------------------------
INFO - 1401/04/12-13:0:1 - MySQL connection is closed
------------------------------------------------------------------------------
INFO - 1401/04/12-13:0:1 - Database object initialized.
------------------------------------------------------------------------------
INFO - 1401/04/12-13:0:1 - Get available camera serials using camera-connecton API.
------------------------------------------------------------------------------
WARNING - 1401/04/12-13:0:1 - Some Cameras are not connected.
------------------------------------------------------------------------------
INFO - 1401/04/12-13:0:1 - Timer for checking storage initialized.
------------------------------------------------------------------------------
INFO - 1401/04/12-13:0:11 - User logined with username: ali.
------------------------------------------------------------------------------
INFO - 1401/04/12-13:0:18 - Defects loaded from database
------------------------------------------------------------------------------
INFO - 1401/04/12-13:0:18 - Defect groups loaded from database
------------------------------------------------------------------------------
INFO - 1401/04/12-13:0:23 - Defect groups loaded from database
------------------------------------------------------------------------------
INFO - 1401/04/12-13:1:15 - New defect group created
------------------------------------------------------------------------------
INFO - 1401/04/12-13:1:15 - Defects loaded from database
------------------------------------------------------------------------------
INFO - 1401/04/12-13:1:15 - Defect groups loaded from database
------------------------------------------------------------------------------
INFO - 1401/04/12-13:1:48 - New defect created
------------------------------------------------------------------------------
INFO - 1401/04/12-13:1:48 - Defects loaded from database
------------------------------------------------------------------------------
INFO - 1401/04/12-13:1:48 - Defect groups loaded from database
------------------------------------------------------------------------------
INFO - 1401/04/12-13:1:58 - Defect groups loaded from database
------------------------------------------------------------------------------
INFO - 1401/04/12-13:1:58 - Defects loaded from database
------------------------------------------------------------------------------
INFO - 1401/04/12-13:2:1 - Defects loaded from database
------------------------------------------------------------------------------
INFO - 1401/04/12-13:2:1 - Defect groups loaded from database
------------------------------------------------------------------------------
INFO - 1401/04/12-13:2:5 - Defect groups loaded from database
------------------------------------------------------------------------------
INFO - 1401/04/12-13:2:6 - Defect group removed successfully
------------------------------------------------------------------------------
ERROR - 1401/04/12-13:2:6 - Failed to temove defect(s)
------------------------------------------------------------------------------
INFO - 1401/04/12-13:2:6 - Defects loaded from database
------------------------------------------------------------------------------
INFO - 1401/04/12-13:2:6 - Defect groups loaded from database
------------------------------------------------------------------------------
INFO - 1401/04/12-13:2:57 - Setting app closed.
------------------------------------------------------------------------------
