INFO - 1401/04/12-11:2:1 - UI object for setting app created.
------------------------------------------------------------------------------
INFO - 1401/04/12-11:2:1 - UI object initialized and setting app loaded.
------------------------------------------------------------------------------
INFO - 1401/04/12-11:2:1 - Creating API object.
------------------------------------------------------------------------------
INFO - 1401/04/12-11:2:1 - Login UI object initialized.
------------------------------------------------------------------------------
INFO - 1401/04/12-11:2:1 - Confirmaton UI object initialized.
------------------------------------------------------------------------------
INFO - 1401/04/12-11:2:1 - Notficaion UI object initialized.
------------------------------------------------------------------------------
INFO - 1401/04/12-11:2:1 - Connected to MySQL Server version 8.0.29
------------------------------------------------------------------------------
INFO - 1401/04/12-11:2:1 - Connected to database [('saba_database',)]
------------------------------------------------------------------------------
INFO - 1401/04/12-11:2:1 - MySQL connection is closed
------------------------------------------------------------------------------
INFO - 1401/04/12-11:2:1 - Login API object initialized.
------------------------------------------------------------------------------
INFO - 1401/04/12-11:2:1 - Connected to MySQL Server version 8.0.29
------------------------------------------------------------------------------
INFO - 1401/04/12-11:2:1 - Connected to database [('saba_database',)]
------------------------------------------------------------------------------
INFO - 1401/04/12-11:2:1 - MySQL connection is closed
------------------------------------------------------------------------------
INFO - 1401/04/12-11:2:1 - Database object initialized.
------------------------------------------------------------------------------
INFO - 1401/04/12-11:2:1 - Get available camera serials using camera-connecton API.
------------------------------------------------------------------------------
WARNING - 1401/04/12-11:2:1 - Some Cameras are not connected.
------------------------------------------------------------------------------
INFO - 1401/04/12-11:2:1 - Timer for checking storage initialized.
------------------------------------------------------------------------------
INFO - 1401/04/12-11:2:9 - User logined with username: ali.
------------------------------------------------------------------------------
INFO - 1401/04/12-11:2:10 - defects loaded from database
------------------------------------------------------------------------------
INFO - 1401/04/12-11:2:10 - defect groups loaded from database
------------------------------------------------------------------------------
INFO - 1401/04/12-11:2:17 - Setting app minimized/maximized.
------------------------------------------------------------------------------
INFO - 1401/04/12-11:2:21 - Setting app minimized/maximized.
------------------------------------------------------------------------------
INFO - 1401/04/12-11:2:22 - Setting app minimized/maximized.
------------------------------------------------------------------------------
INFO - 1401/04/12-11:2:31 - Setting app minimized/maximized.
------------------------------------------------------------------------------
INFO - 1401/04/12-11:2:32 - Setting app closed.
------------------------------------------------------------------------------
