INFO - 1401/04/12-16:25:29 - UI object for setting app created.
------------------------------------------------------------------------------
INFO - 1401/04/12-16:25:29 - UI object initialized and setting app loaded.
------------------------------------------------------------------------------
INFO - 1401/04/12-16:25:29 - Creating API object.
------------------------------------------------------------------------------
INFO - 1401/04/12-16:25:29 - Login UI object initialized.
------------------------------------------------------------------------------
INFO - 1401/04/12-16:25:29 - Confirmaton UI object initialized.
------------------------------------------------------------------------------
INFO - 1401/04/12-16:25:29 - Notficaion UI object initialized.
------------------------------------------------------------------------------
INFO - 1401/04/12-16:25:29 - Connected to MySQL Server version 8.0.29
------------------------------------------------------------------------------
INFO - 1401/04/12-16:25:29 - Connected to database [('saba_database',)]
------------------------------------------------------------------------------
INFO - 1401/04/12-16:25:29 - MySQL connection is closed
------------------------------------------------------------------------------
INFO - 1401/04/12-16:25:29 - Login API object initialized.
------------------------------------------------------------------------------
INFO - 1401/04/12-16:25:29 - Connected to MySQL Server version 8.0.29
------------------------------------------------------------------------------
INFO - 1401/04/12-16:25:29 - Connected to database [('saba_database',)]
------------------------------------------------------------------------------
INFO - 1401/04/12-16:25:29 - MySQL connection is closed
------------------------------------------------------------------------------
INFO - 1401/04/12-16:25:29 - Database object initialized.
------------------------------------------------------------------------------
INFO - 1401/04/12-16:25:30 - Get available camera serials using camera-connecton API.
------------------------------------------------------------------------------
WARNING - 1401/04/12-16:25:30 - Some Cameras are not connected.
------------------------------------------------------------------------------
INFO - 1401/04/12-16:25:30 - Timer for checking storage initialized.
------------------------------------------------------------------------------
INFO - 1401/04/12-16:25:36 - User logined with username: ali.
------------------------------------------------------------------------------
INFO - 1401/04/12-16:25:38 - Camera params are loaded from database camera-id: 1
------------------------------------------------------------------------------
INFO - 1401/04/12-16:25:40 - Connected to camera, serial: 23905933
------------------------------------------------------------------------------
INFO - 1401/04/12-16:25:42 - Disconnected from camera, serial: 23905933
------------------------------------------------------------------------------
