INFO - 1401/04/12-15:39:15 - UI object for setting app created.
------------------------------------------------------------------------------
INFO - 1401/04/12-15:39:15 - UI object initialized and setting app loaded.
------------------------------------------------------------------------------
INFO - 1401/04/12-15:39:15 - Creating API object.
------------------------------------------------------------------------------
INFO - 1401/04/12-15:39:15 - Login UI object initialized.
------------------------------------------------------------------------------
INFO - 1401/04/12-15:39:15 - Confirmaton UI object initialized.
------------------------------------------------------------------------------
INFO - 1401/04/12-15:39:15 - Notficaion UI object initialized.
------------------------------------------------------------------------------
INFO - 1401/04/12-15:39:15 - Connected to MySQL Server version 8.0.29
------------------------------------------------------------------------------
INFO - 1401/04/12-15:39:15 - Connected to database [('saba_database',)]
------------------------------------------------------------------------------
INFO - 1401/04/12-15:39:15 - MySQL connection is closed
------------------------------------------------------------------------------
INFO - 1401/04/12-15:39:15 - Login API object initialized.
------------------------------------------------------------------------------
INFO - 1401/04/12-15:39:15 - Connected to MySQL Server version 8.0.29
------------------------------------------------------------------------------
INFO - 1401/04/12-15:39:15 - Connected to database [('saba_database',)]
------------------------------------------------------------------------------
INFO - 1401/04/12-15:39:15 - MySQL connection is closed
------------------------------------------------------------------------------
INFO - 1401/04/12-15:39:15 - Database object initialized.
------------------------------------------------------------------------------
INFO - 1401/04/12-15:39:16 - Get available camera serials using camera-connecton API.
------------------------------------------------------------------------------
WARNING - 1401/04/12-15:39:16 - Some Cameras are not connected.
------------------------------------------------------------------------------
INFO - 1401/04/12-15:39:16 - Timer for checking storage initialized.
------------------------------------------------------------------------------
INFO - 1401/04/12-15:39:23 - User logined with username: ali.
------------------------------------------------------------------------------
INFO - 1401/04/12-15:39:24 - Camera params are loaded from database camera-id: 1
------------------------------------------------------------------------------
ERROR - 1401/04/12-15:39:30 - Failed to load camera params from database camera-id: 0
------------------------------------------------------------------------------
INFO - 1401/04/12-15:39:34 - Camera params are loaded from database camera-id: 1
------------------------------------------------------------------------------
INFO - 1401/04/12-15:39:35 - Camera params are loaded from database camera-id: 2
------------------------------------------------------------------------------
ERROR - 1401/04/12-15:39:39 - Failed to load camera params from database camera-id: 0
------------------------------------------------------------------------------
