INFO - 1401/04/12-13:3:1 - UI object for setting app created.
------------------------------------------------------------------------------
INFO - 1401/04/12-13:3:1 - UI object initialized and setting app loaded.
------------------------------------------------------------------------------
INFO - 1401/04/12-13:3:1 - Creating API object.
------------------------------------------------------------------------------
INFO - 1401/04/12-13:3:1 - Login UI object initialized.
------------------------------------------------------------------------------
INFO - 1401/04/12-13:3:1 - Confirmaton UI object initialized.
------------------------------------------------------------------------------
INFO - 1401/04/12-13:3:1 - Notficaion UI object initialized.
------------------------------------------------------------------------------
INFO - 1401/04/12-13:3:1 - Connected to MySQL Server version 8.0.29
------------------------------------------------------------------------------
INFO - 1401/04/12-13:3:1 - Connected to database [('saba_database',)]
------------------------------------------------------------------------------
INFO - 1401/04/12-13:3:1 - MySQL connection is closed
------------------------------------------------------------------------------
INFO - 1401/04/12-13:3:1 - Login API object initialized.
------------------------------------------------------------------------------
INFO - 1401/04/12-13:3:1 - Connected to MySQL Server version 8.0.29
------------------------------------------------------------------------------
INFO - 1401/04/12-13:3:1 - Connected to database [('saba_database',)]
------------------------------------------------------------------------------
INFO - 1401/04/12-13:3:1 - MySQL connection is closed
------------------------------------------------------------------------------
INFO - 1401/04/12-13:3:1 - Database object initialized.
------------------------------------------------------------------------------
INFO - 1401/04/12-13:3:2 - Get available camera serials using camera-connecton API.
------------------------------------------------------------------------------
WARNING - 1401/04/12-13:3:2 - Some Cameras are not connected.
------------------------------------------------------------------------------
INFO - 1401/04/12-13:3:2 - Timer for checking storage initialized.
------------------------------------------------------------------------------
INFO - 1401/04/12-13:3:8 - User logined with username: ali.
------------------------------------------------------------------------------
INFO - 1401/04/12-13:3:9 - Defects loaded from database
------------------------------------------------------------------------------
INFO - 1401/04/12-13:3:9 - Defect groups loaded from database
------------------------------------------------------------------------------
INFO - 1401/04/12-13:3:15 - New defect group created
------------------------------------------------------------------------------
INFO - 1401/04/12-13:3:15 - Defects loaded from database
------------------------------------------------------------------------------
INFO - 1401/04/12-13:3:15 - Defect groups loaded from database
------------------------------------------------------------------------------
INFO - 1401/04/12-13:3:29 - New defect created
------------------------------------------------------------------------------
INFO - 1401/04/12-13:3:29 - Defects loaded from database
------------------------------------------------------------------------------
INFO - 1401/04/12-13:3:29 - Defect groups loaded from database
------------------------------------------------------------------------------
INFO - 1401/04/12-13:3:35 - Defect groups loaded from database
------------------------------------------------------------------------------
INFO - 1401/04/12-13:3:36 - Defect group removed successfully
------------------------------------------------------------------------------
INFO - 1401/04/12-13:3:36 - Defect(s) removed successfully
------------------------------------------------------------------------------
INFO - 1401/04/12-13:3:36 - Defects loaded from database
------------------------------------------------------------------------------
INFO - 1401/04/12-13:3:36 - Defect groups loaded from database
------------------------------------------------------------------------------
INFO - 1401/04/12-13:4:3 - Defects loaded from database
------------------------------------------------------------------------------
INFO - 1401/04/12-13:4:3 - Defect(s) removed successfully
------------------------------------------------------------------------------
INFO - 1401/04/12-13:4:10 - Defects loaded from database
------------------------------------------------------------------------------
INFO - 1401/04/12-13:4:10 - Defect groups loaded from database
------------------------------------------------------------------------------
INFO - 1401/04/12-13:4:19 - Defects loaded from database
------------------------------------------------------------------------------
INFO - 1401/04/12-13:4:19 - Defect(s) removed successfully
------------------------------------------------------------------------------
CRITICAL - 1401/04/12-13:4:29 - Failed to load defects from database
------------------------------------------------------------------------------
CRITICAL - 1401/04/12-13:4:37 - Failed to load defects from database
------------------------------------------------------------------------------
INFO - 1401/04/12-13:6:39 - Defects loaded from database
------------------------------------------------------------------------------
INFO - 1401/04/12-13:6:39 - Defect groups loaded from database
------------------------------------------------------------------------------
INFO - 1401/04/12-13:9:39 - New defect created
------------------------------------------------------------------------------
INFO - 1401/04/12-13:9:39 - Defects loaded from database
------------------------------------------------------------------------------
INFO - 1401/04/12-13:9:39 - Defect groups loaded from database
------------------------------------------------------------------------------
INFO - 1401/04/12-13:9:51 - Defects loaded from database
------------------------------------------------------------------------------
INFO - 1401/04/12-13:9:51 - Defect groups loaded from database
------------------------------------------------------------------------------
INFO - 1401/04/12-13:13:1 - Setting app closed.
------------------------------------------------------------------------------
