INFO - 1401/04/12-15:41:11 - UI object for setting app created.
------------------------------------------------------------------------------
INFO - 1401/04/12-15:41:11 - UI object initialized and setting app loaded.
------------------------------------------------------------------------------
INFO - 1401/04/12-15:41:11 - Creating API object.
------------------------------------------------------------------------------
INFO - 1401/04/12-15:41:11 - Login UI object initialized.
------------------------------------------------------------------------------
INFO - 1401/04/12-15:41:11 - Confirmaton UI object initialized.
------------------------------------------------------------------------------
INFO - 1401/04/12-15:41:11 - Notficaion UI object initialized.
------------------------------------------------------------------------------
INFO - 1401/04/12-15:41:11 - Connected to MySQL Server version 8.0.29
------------------------------------------------------------------------------
INFO - 1401/04/12-15:41:11 - Connected to database [('saba_database',)]
------------------------------------------------------------------------------
INFO - 1401/04/12-15:41:11 - MySQL connection is closed
------------------------------------------------------------------------------
INFO - 1401/04/12-15:41:11 - Login API object initialized.
------------------------------------------------------------------------------
INFO - 1401/04/12-15:41:11 - Connected to MySQL Server version 8.0.29
------------------------------------------------------------------------------
INFO - 1401/04/12-15:41:11 - Connected to database [('saba_database',)]
------------------------------------------------------------------------------
INFO - 1401/04/12-15:41:11 - MySQL connection is closed
------------------------------------------------------------------------------
INFO - 1401/04/12-15:41:11 - Database object initialized.
------------------------------------------------------------------------------
INFO - 1401/04/12-15:41:11 - Get available camera serials using camera-connecton API.
------------------------------------------------------------------------------
WARNING - 1401/04/12-15:41:11 - Some Cameras are not connected.
------------------------------------------------------------------------------
INFO - 1401/04/12-15:41:11 - Timer for checking storage initialized.
------------------------------------------------------------------------------
INFO - 1401/04/12-15:41:18 - User logined with username: ali.
------------------------------------------------------------------------------
INFO - 1401/04/12-15:41:19 - Camera params are loaded from database camera-id: 1
------------------------------------------------------------------------------
ERROR - 1401/04/12-15:41:21 - Failed to load camera params from database camera-id: 0
------------------------------------------------------------------------------
INFO - 1401/04/12-15:41:48 - Setting app closed.
------------------------------------------------------------------------------
