INFO - 1401/04/12-11:42:11 - UI object for setting app created.
------------------------------------------------------------------------------
INFO - 1401/04/12-11:42:11 - UI object initialized and setting app loaded.
------------------------------------------------------------------------------
INFO - 1401/04/12-11:42:11 - Creating API object.
------------------------------------------------------------------------------
INFO - 1401/04/12-11:42:11 - Login UI object initialized.
------------------------------------------------------------------------------
INFO - 1401/04/12-11:42:11 - Confirmaton UI object initialized.
------------------------------------------------------------------------------
INFO - 1401/04/12-11:42:11 - Notficaion UI object initialized.
------------------------------------------------------------------------------
INFO - 1401/04/12-11:42:11 - Connected to MySQL Server version 8.0.29
------------------------------------------------------------------------------
INFO - 1401/04/12-11:42:11 - Connected to database [('saba_database',)]
------------------------------------------------------------------------------
INFO - 1401/04/12-11:42:11 - MySQL connection is closed
------------------------------------------------------------------------------
INFO - 1401/04/12-11:42:11 - Login API object initialized.
------------------------------------------------------------------------------
INFO - 1401/04/12-11:42:11 - Connected to MySQL Server version 8.0.29
------------------------------------------------------------------------------
INFO - 1401/04/12-11:42:11 - Connected to database [('saba_database',)]
------------------------------------------------------------------------------
INFO - 1401/04/12-11:42:11 - MySQL connection is closed
------------------------------------------------------------------------------
INFO - 1401/04/12-11:42:11 - Database object initialized.
------------------------------------------------------------------------------
INFO - 1401/04/12-11:42:11 - Get available camera serials using camera-connecton API.
------------------------------------------------------------------------------
WARNING - 1401/04/12-11:42:11 - Some Cameras are not connected.
------------------------------------------------------------------------------
INFO - 1401/04/12-11:42:12 - Timer for checking storage initialized.
------------------------------------------------------------------------------
INFO - 1401/04/12-11:42:13 - Setting app closed.
------------------------------------------------------------------------------
