INFO - 1401/04/12-15:37:51 - UI object for setting app created.
------------------------------------------------------------------------------
INFO - 1401/04/12-15:37:51 - UI object initialized and setting app loaded.
------------------------------------------------------------------------------
INFO - 1401/04/12-15:37:51 - Creating API object.
------------------------------------------------------------------------------
INFO - 1401/04/12-15:37:51 - Login UI object initialized.
------------------------------------------------------------------------------
INFO - 1401/04/12-15:37:51 - Confirmaton UI object initialized.
------------------------------------------------------------------------------
INFO - 1401/04/12-15:37:51 - Notficaion UI object initialized.
------------------------------------------------------------------------------
INFO - 1401/04/12-15:37:51 - Connected to MySQL Server version 8.0.29
------------------------------------------------------------------------------
INFO - 1401/04/12-15:37:51 - Connected to database [('saba_database',)]
------------------------------------------------------------------------------
INFO - 1401/04/12-15:37:51 - MySQL connection is closed
------------------------------------------------------------------------------
INFO - 1401/04/12-15:37:51 - Login API object initialized.
------------------------------------------------------------------------------
INFO - 1401/04/12-15:37:51 - Connected to MySQL Server version 8.0.29
------------------------------------------------------------------------------
INFO - 1401/04/12-15:37:51 - Connected to database [('saba_database',)]
------------------------------------------------------------------------------
INFO - 1401/04/12-15:37:51 - MySQL connection is closed
------------------------------------------------------------------------------
INFO - 1401/04/12-15:37:51 - Database object initialized.
------------------------------------------------------------------------------
INFO - 1401/04/12-15:37:52 - Get available camera serials using camera-connecton API.
------------------------------------------------------------------------------
WARNING - 1401/04/12-15:37:52 - Some Cameras are not connected.
------------------------------------------------------------------------------
INFO - 1401/04/12-15:37:52 - Timer for checking storage initialized.
------------------------------------------------------------------------------
WARNING - 1401/04/12-15:37:57 - User tried to login with Incorrect Username or Password: ali - 12234
------------------------------------------------------------------------------
INFO - 1401/04/12-15:38:0 - User logined with username: ali.
------------------------------------------------------------------------------
INFO - 1401/04/12-15:38:9 - Camera params are loaded from database camera-id: 1
------------------------------------------------------------------------------
ERROR - 1401/04/12-15:38:11 - Failed to load camera params from database camera-id: 0
------------------------------------------------------------------------------
INFO - 1401/04/12-15:38:15 - Setting app closed.
------------------------------------------------------------------------------
