INFO - 1401/04/12-15:40:27 - UI object for setting app created.
------------------------------------------------------------------------------
INFO - 1401/04/12-15:40:27 - UI object initialized and setting app loaded.
------------------------------------------------------------------------------
INFO - 1401/04/12-15:40:27 - Creating API object.
------------------------------------------------------------------------------
INFO - 1401/04/12-15:40:27 - Login UI object initialized.
------------------------------------------------------------------------------
INFO - 1401/04/12-15:40:27 - Confirmaton UI object initialized.
------------------------------------------------------------------------------
INFO - 1401/04/12-15:40:27 - Notficaion UI object initialized.
------------------------------------------------------------------------------
INFO - 1401/04/12-15:40:27 - Connected to MySQL Server version 8.0.29
------------------------------------------------------------------------------
INFO - 1401/04/12-15:40:27 - Connected to database [('saba_database',)]
------------------------------------------------------------------------------
INFO - 1401/04/12-15:40:27 - MySQL connection is closed
------------------------------------------------------------------------------
INFO - 1401/04/12-15:40:27 - Login API object initialized.
------------------------------------------------------------------------------
INFO - 1401/04/12-15:40:27 - Connected to MySQL Server version 8.0.29
------------------------------------------------------------------------------
INFO - 1401/04/12-15:40:27 - Connected to database [('saba_database',)]
------------------------------------------------------------------------------
INFO - 1401/04/12-15:40:27 - MySQL connection is closed
------------------------------------------------------------------------------
INFO - 1401/04/12-15:40:27 - Database object initialized.
------------------------------------------------------------------------------
INFO - 1401/04/12-15:40:28 - Get available camera serials using camera-connecton API.
------------------------------------------------------------------------------
WARNING - 1401/04/12-15:40:28 - Some Cameras are not connected.
------------------------------------------------------------------------------
INFO - 1401/04/12-15:40:28 - Timer for checking storage initialized.
------------------------------------------------------------------------------
INFO - 1401/04/12-15:40:34 - User logined with username: ali.
------------------------------------------------------------------------------
INFO - 1401/04/12-15:40:37 - Camera params are loaded from database camera-id: 1
------------------------------------------------------------------------------
ERROR - 1401/04/12-15:40:38 - Failed to load camera params from database camera-id: 0
------------------------------------------------------------------------------
