INFO - 1401/04/12-16:27:20 - UI object for setting app created.
------------------------------------------------------------------------------
INFO - 1401/04/12-16:27:20 - UI object initialized and setting app loaded.
------------------------------------------------------------------------------
INFO - 1401/04/12-16:27:20 - Creating API object.
------------------------------------------------------------------------------
INFO - 1401/04/12-16:27:20 - Login UI object initialized.
------------------------------------------------------------------------------
INFO - 1401/04/12-16:27:20 - Confirmaton UI object initialized.
------------------------------------------------------------------------------
INFO - 1401/04/12-16:27:20 - Notficaion UI object initialized.
------------------------------------------------------------------------------
INFO - 1401/04/12-16:27:20 - Connected to MySQL Server version 8.0.29
------------------------------------------------------------------------------
INFO - 1401/04/12-16:27:20 - Connected to database [('saba_database',)]
------------------------------------------------------------------------------
INFO - 1401/04/12-16:27:20 - MySQL connection is closed
------------------------------------------------------------------------------
INFO - 1401/04/12-16:27:20 - Login API object initialized.
------------------------------------------------------------------------------
INFO - 1401/04/12-16:27:20 - Connected to MySQL Server version 8.0.29
------------------------------------------------------------------------------
INFO - 1401/04/12-16:27:20 - Connected to database [('saba_database',)]
------------------------------------------------------------------------------
INFO - 1401/04/12-16:27:20 - MySQL connection is closed
------------------------------------------------------------------------------
INFO - 1401/04/12-16:27:20 - Database object initialized.
------------------------------------------------------------------------------
INFO - 1401/04/12-16:27:21 - Get available camera serials using camera-connecton API.
------------------------------------------------------------------------------
WARNING - 1401/04/12-16:27:21 - Some Cameras are not connected.
------------------------------------------------------------------------------
INFO - 1401/04/12-16:27:21 - Timer for checking storage initialized.
------------------------------------------------------------------------------
INFO - 1401/04/12-16:27:29 - User logined with username: ali.
------------------------------------------------------------------------------
INFO - 1401/04/12-16:27:31 - Camera params are loaded from database camera-id: 1
------------------------------------------------------------------------------
INFO - 1401/04/12-16:27:31 - Camera settings applied to databse
------------------------------------------------------------------------------
INFO - 1401/04/12-16:27:33 - Connected to camera, serial: 23905933
------------------------------------------------------------------------------
