INFO - 1401/04/12-11:49:3 - UI object for setting app created.
------------------------------------------------------------------------------
INFO - 1401/04/12-11:49:3 - UI object initialized and setting app loaded.
------------------------------------------------------------------------------
INFO - 1401/04/12-11:49:3 - Creating API object.
------------------------------------------------------------------------------
INFO - 1401/04/12-11:49:3 - Login UI object initialized.
------------------------------------------------------------------------------
INFO - 1401/04/12-11:49:3 - Confirmaton UI object initialized.
------------------------------------------------------------------------------
INFO - 1401/04/12-11:49:3 - Notficaion UI object initialized.
------------------------------------------------------------------------------
INFO - 1401/04/12-11:49:3 - Connected to MySQL Server version 8.0.29
------------------------------------------------------------------------------
INFO - 1401/04/12-11:49:3 - Connected to database [('saba_database',)]
------------------------------------------------------------------------------
INFO - 1401/04/12-11:49:3 - MySQL connection is closed
------------------------------------------------------------------------------
INFO - 1401/04/12-11:49:3 - Login API object initialized.
------------------------------------------------------------------------------
INFO - 1401/04/12-11:49:3 - Connected to MySQL Server version 8.0.29
------------------------------------------------------------------------------
INFO - 1401/04/12-11:49:3 - Connected to database [('saba_database',)]
------------------------------------------------------------------------------
INFO - 1401/04/12-11:49:3 - MySQL connection is closed
------------------------------------------------------------------------------
INFO - 1401/04/12-11:49:3 - Database object initialized.
------------------------------------------------------------------------------
INFO - 1401/04/12-11:49:4 - Get available camera serials using camera-connecton API.
------------------------------------------------------------------------------
WARNING - 1401/04/12-11:49:4 - Some Cameras are not connected.
------------------------------------------------------------------------------
INFO - 1401/04/12-11:49:4 - Timer for checking storage initialized.
------------------------------------------------------------------------------
INFO - 1401/04/12-11:49:11 - User logined with username: ali.
------------------------------------------------------------------------------
INFO - 1401/04/12-11:49:18 - Defects loaded from database
------------------------------------------------------------------------------
INFO - 1401/04/12-11:49:18 - Defect groups loaded from database
------------------------------------------------------------------------------
INFO - 1401/04/12-11:49:21 - Defect group selected to edit
------------------------------------------------------------------------------
INFO - 1401/04/12-11:49:25 - Defect group changed successfully
------------------------------------------------------------------------------
INFO - 1401/04/12-11:49:25 - Defects loaded from database
------------------------------------------------------------------------------
INFO - 1401/04/12-11:49:25 - Defect groups loaded from database
------------------------------------------------------------------------------
INFO - 1401/04/12-11:49:43 - Defect group selected to edit
------------------------------------------------------------------------------
INFO - 1401/04/12-11:49:45 - Defect group changed successfully
------------------------------------------------------------------------------
INFO - 1401/04/12-11:49:45 - Defects loaded from database
------------------------------------------------------------------------------
INFO - 1401/04/12-11:49:45 - Defect groups loaded from database
------------------------------------------------------------------------------
INFO - 1401/04/12-11:50:38 - Setting app closed.
------------------------------------------------------------------------------
