INFO - 1401/04/12-16:8:52 - UI object for setting app created.
------------------------------------------------------------------------------
INFO - 1401/04/12-16:8:52 - UI object initialized and setting app loaded.
------------------------------------------------------------------------------
INFO - 1401/04/12-16:8:52 - Creating API object.
------------------------------------------------------------------------------
INFO - 1401/04/12-16:8:52 - Login UI object initialized.
------------------------------------------------------------------------------
INFO - 1401/04/12-16:8:52 - Confirmaton UI object initialized.
------------------------------------------------------------------------------
INFO - 1401/04/12-16:8:52 - Notficaion UI object initialized.
------------------------------------------------------------------------------
INFO - 1401/04/12-16:8:52 - Connected to MySQL Server version 8.0.29
------------------------------------------------------------------------------
INFO - 1401/04/12-16:8:52 - Connected to database [('saba_database',)]
------------------------------------------------------------------------------
INFO - 1401/04/12-16:8:52 - MySQL connection is closed
------------------------------------------------------------------------------
INFO - 1401/04/12-16:8:52 - Login API object initialized.
------------------------------------------------------------------------------
INFO - 1401/04/12-16:8:52 - Connected to MySQL Server version 8.0.29
------------------------------------------------------------------------------
INFO - 1401/04/12-16:8:52 - Connected to database [('saba_database',)]
------------------------------------------------------------------------------
INFO - 1401/04/12-16:8:52 - MySQL connection is closed
------------------------------------------------------------------------------
INFO - 1401/04/12-16:8:52 - Database object initialized.
------------------------------------------------------------------------------
INFO - 1401/04/12-16:8:53 - Get available camera serials using camera-connecton API.
------------------------------------------------------------------------------
WARNING - 1401/04/12-16:8:53 - Some Cameras are not connected.
------------------------------------------------------------------------------
INFO - 1401/04/12-16:8:53 - Timer for checking storage initialized.
------------------------------------------------------------------------------
INFO - 1401/04/12-16:8:59 - User logined with username: ali.
------------------------------------------------------------------------------
INFO - 1401/04/12-16:9:5 - Camera params are loaded from database camera-id: 1
------------------------------------------------------------------------------
INFO - 1401/04/12-16:9:10 - Setting app closed.
------------------------------------------------------------------------------
