INFO - 1401/04/12-17:18:48 - UI object for setting app created.
------------------------------------------------------------------------------
INFO - 1401/04/12-17:18:48 - UI object initialized and setting app loaded.
------------------------------------------------------------------------------
INFO - 1401/04/12-17:18:49 - Creating API object.
------------------------------------------------------------------------------
INFO - 1401/04/12-17:18:49 - Login UI object initialized.
------------------------------------------------------------------------------
INFO - 1401/04/12-17:18:49 - Confirmaton UI object initialized.
------------------------------------------------------------------------------
INFO - 1401/04/12-17:18:49 - Notficaion UI object initialized.
------------------------------------------------------------------------------
INFO - 1401/04/12-17:18:49 - Connected to MySQL Server version 8.0.29
------------------------------------------------------------------------------
INFO - 1401/04/12-17:18:49 - Connected to database [('saba_database',)]
------------------------------------------------------------------------------
INFO - 1401/04/12-17:18:49 - MySQL connection is closed
------------------------------------------------------------------------------
INFO - 1401/04/12-17:18:49 - Login API object initialized.
------------------------------------------------------------------------------
INFO - 1401/04/12-17:18:49 - Connected to MySQL Server version 8.0.29
------------------------------------------------------------------------------
INFO - 1401/04/12-17:18:49 - Connected to database [('saba_database',)]
------------------------------------------------------------------------------
INFO - 1401/04/12-17:18:49 - MySQL connection is closed
------------------------------------------------------------------------------
INFO - 1401/04/12-17:18:49 - Database object initialized.
------------------------------------------------------------------------------
INFO - 1401/04/12-17:18:49 - Get available camera serials using camera-connecton API.
------------------------------------------------------------------------------
WARNING - 1401/04/12-17:18:49 - Some Cameras are not connected.
------------------------------------------------------------------------------
INFO - 1401/04/12-17:18:50 - Timer for checking storage initialized.
------------------------------------------------------------------------------
INFO - 1401/04/12-17:18:56 - User logined with username: ali.
------------------------------------------------------------------------------
INFO - 1401/04/12-17:18:57 - Camera params are loaded from database camera-id: 1
------------------------------------------------------------------------------
INFO - 1401/04/12-17:18:59 - Camera params are loaded from database camera-id: 2
------------------------------------------------------------------------------
INFO - 1401/04/12-17:19:1 - Camera params are loaded from database camera-id: 1
------------------------------------------------------------------------------
INFO - 1401/04/12-17:19:5 - Connected to camera, serial: 23905933
------------------------------------------------------------------------------
