INFO - 1401/04/12-16:27:52 - UI object for setting app created.
------------------------------------------------------------------------------
INFO - 1401/04/12-16:27:52 - UI object initialized and setting app loaded.
------------------------------------------------------------------------------
INFO - 1401/04/12-16:27:52 - Creating API object.
------------------------------------------------------------------------------
INFO - 1401/04/12-16:27:52 - Login UI object initialized.
------------------------------------------------------------------------------
INFO - 1401/04/12-16:27:52 - Confirmaton UI object initialized.
------------------------------------------------------------------------------
INFO - 1401/04/12-16:27:52 - Notficaion UI object initialized.
------------------------------------------------------------------------------
INFO - 1401/04/12-16:27:52 - Connected to MySQL Server version 8.0.29
------------------------------------------------------------------------------
INFO - 1401/04/12-16:27:52 - Connected to database [('saba_database',)]
------------------------------------------------------------------------------
INFO - 1401/04/12-16:27:52 - MySQL connection is closed
------------------------------------------------------------------------------
INFO - 1401/04/12-16:27:52 - Login API object initialized.
------------------------------------------------------------------------------
INFO - 1401/04/12-16:27:52 - Connected to MySQL Server version 8.0.29
------------------------------------------------------------------------------
INFO - 1401/04/12-16:27:52 - Connected to database [('saba_database',)]
------------------------------------------------------------------------------
INFO - 1401/04/12-16:27:52 - MySQL connection is closed
------------------------------------------------------------------------------
INFO - 1401/04/12-16:27:52 - Database object initialized.
------------------------------------------------------------------------------
INFO - 1401/04/12-16:27:53 - Get available camera serials using camera-connecton API.
------------------------------------------------------------------------------
WARNING - 1401/04/12-16:27:53 - Some Cameras are not connected.
------------------------------------------------------------------------------
INFO - 1401/04/12-16:27:53 - Timer for checking storage initialized.
------------------------------------------------------------------------------
INFO - 1401/04/12-16:27:59 - User logined with username: ali.
------------------------------------------------------------------------------
INFO - 1401/04/12-16:28:1 - Camera params are loaded from database camera-id: 1
------------------------------------------------------------------------------
INFO - 1401/04/12-16:28:2 - Connected to camera, serial: 23905933
------------------------------------------------------------------------------
INFO - 1401/04/12-16:28:4 - Disconnected from camera, serial: 23905933
------------------------------------------------------------------------------
INFO - 1401/04/12-16:28:27 - Setting app closed.
------------------------------------------------------------------------------
