INFO - 1401/04/12-15:35:4 - UI object for setting app created.
------------------------------------------------------------------------------
INFO - 1401/04/12-15:35:4 - UI object initialized and setting app loaded.
------------------------------------------------------------------------------
INFO - 1401/04/12-15:35:4 - Creating API object.
------------------------------------------------------------------------------
INFO - 1401/04/12-15:35:4 - Login UI object initialized.
------------------------------------------------------------------------------
INFO - 1401/04/12-15:35:4 - Confirmaton UI object initialized.
------------------------------------------------------------------------------
INFO - 1401/04/12-15:35:4 - Notficaion UI object initialized.
------------------------------------------------------------------------------
INFO - 1401/04/12-15:35:4 - Connected to MySQL Server version 8.0.29
------------------------------------------------------------------------------
INFO - 1401/04/12-15:35:4 - Connected to database [('saba_database',)]
------------------------------------------------------------------------------
INFO - 1401/04/12-15:35:4 - MySQL connection is closed
------------------------------------------------------------------------------
INFO - 1401/04/12-15:35:4 - Login API object initialized.
------------------------------------------------------------------------------
INFO - 1401/04/12-15:35:4 - Connected to MySQL Server version 8.0.29
------------------------------------------------------------------------------
INFO - 1401/04/12-15:35:4 - Connected to database [('saba_database',)]
------------------------------------------------------------------------------
INFO - 1401/04/12-15:35:4 - MySQL connection is closed
------------------------------------------------------------------------------
INFO - 1401/04/12-15:35:4 - Database object initialized.
------------------------------------------------------------------------------
INFO - 1401/04/12-15:35:5 - Get available camera serials using camera-connecton API.
------------------------------------------------------------------------------
WARNING - 1401/04/12-15:35:5 - Some Cameras are not connected.
------------------------------------------------------------------------------
INFO - 1401/04/12-15:35:5 - Timer for checking storage initialized.
------------------------------------------------------------------------------
INFO - 1401/04/12-15:35:12 - User logined with username: ali.
------------------------------------------------------------------------------
INFO - 1401/04/12-15:35:23 - Camera params are loaded from database camera-id: 1
------------------------------------------------------------------------------
INFO - 1401/04/12-15:35:25 - Camera params are loaded from database camera-id: 2
------------------------------------------------------------------------------
ERROR - 1401/04/12-15:35:29 - Failed to load camera params from database camera-id: 0
------------------------------------------------------------------------------
INFO - 1401/04/12-15:35:35 - Camera params are loaded from database camera-id: 1
------------------------------------------------------------------------------
ERROR - 1401/04/12-15:35:39 - Failed to load camera params from database camera-id: 0
------------------------------------------------------------------------------
