INFO - 1401/04/12-16:42:50 - UI object for setting app created.
------------------------------------------------------------------------------
INFO - 1401/04/12-16:42:50 - UI object initialized and setting app loaded.
------------------------------------------------------------------------------
INFO - 1401/04/12-16:42:50 - Creating API object.
------------------------------------------------------------------------------
INFO - 1401/04/12-16:42:50 - Login UI object initialized.
------------------------------------------------------------------------------
INFO - 1401/04/12-16:42:50 - Confirmaton UI object initialized.
------------------------------------------------------------------------------
INFO - 1401/04/12-16:42:50 - Notficaion UI object initialized.
------------------------------------------------------------------------------
INFO - 1401/04/12-16:42:50 - Connected to MySQL Server version 8.0.29
------------------------------------------------------------------------------
INFO - 1401/04/12-16:42:50 - Connected to database [('saba_database',)]
------------------------------------------------------------------------------
INFO - 1401/04/12-16:42:50 - MySQL connection is closed
------------------------------------------------------------------------------
INFO - 1401/04/12-16:42:50 - Login API object initialized.
------------------------------------------------------------------------------
INFO - 1401/04/12-16:42:50 - Connected to MySQL Server version 8.0.29
------------------------------------------------------------------------------
INFO - 1401/04/12-16:42:50 - Connected to database [('saba_database',)]
------------------------------------------------------------------------------
INFO - 1401/04/12-16:42:50 - MySQL connection is closed
------------------------------------------------------------------------------
INFO - 1401/04/12-16:42:50 - Database object initialized.
------------------------------------------------------------------------------
INFO - 1401/04/12-16:42:51 - Get available camera serials using camera-connecton API.
------------------------------------------------------------------------------
WARNING - 1401/04/12-16:42:51 - Some Cameras are not connected.
------------------------------------------------------------------------------
INFO - 1401/04/12-16:42:51 - Timer for checking storage initialized.
------------------------------------------------------------------------------
INFO - 1401/04/12-16:42:57 - User logined with username: ali.
------------------------------------------------------------------------------
INFO - 1401/04/12-16:43:0 - Camera params are loaded from database camera-id: 1
------------------------------------------------------------------------------
INFO - 1401/04/12-16:43:1 - Connected to camera, serial: 23905933
------------------------------------------------------------------------------
