INFO - 1401/04/12-15:44:31 - UI object for setting app created.
------------------------------------------------------------------------------
INFO - 1401/04/12-15:44:31 - UI object initialized and setting app loaded.
------------------------------------------------------------------------------
INFO - 1401/04/12-15:44:31 - Creating API object.
------------------------------------------------------------------------------
INFO - 1401/04/12-15:44:31 - Login UI object initialized.
------------------------------------------------------------------------------
INFO - 1401/04/12-15:44:31 - Confirmaton UI object initialized.
------------------------------------------------------------------------------
INFO - 1401/04/12-15:44:31 - Notficaion UI object initialized.
------------------------------------------------------------------------------
INFO - 1401/04/12-15:44:31 - Connected to MySQL Server version 8.0.29
------------------------------------------------------------------------------
INFO - 1401/04/12-15:44:31 - Connected to database [('saba_database',)]
------------------------------------------------------------------------------
INFO - 1401/04/12-15:44:31 - MySQL connection is closed
------------------------------------------------------------------------------
INFO - 1401/04/12-15:44:31 - Login API object initialized.
------------------------------------------------------------------------------
INFO - 1401/04/12-15:44:31 - Connected to MySQL Server version 8.0.29
------------------------------------------------------------------------------
INFO - 1401/04/12-15:44:31 - Connected to database [('saba_database',)]
------------------------------------------------------------------------------
INFO - 1401/04/12-15:44:31 - MySQL connection is closed
------------------------------------------------------------------------------
INFO - 1401/04/12-15:44:31 - Database object initialized.
------------------------------------------------------------------------------
INFO - 1401/04/12-15:44:32 - Get available camera serials using camera-connecton API.
------------------------------------------------------------------------------
WARNING - 1401/04/12-15:44:32 - Some Cameras are not connected.
------------------------------------------------------------------------------
INFO - 1401/04/12-15:44:32 - Timer for checking storage initialized.
------------------------------------------------------------------------------
INFO - 1401/04/12-16:2:49 - Setting app closed.
------------------------------------------------------------------------------
