INFO - 1401/04/12-13:13:6 - UI object for setting app created.
------------------------------------------------------------------------------
INFO - 1401/04/12-13:13:6 - UI object initialized and setting app loaded.
------------------------------------------------------------------------------
INFO - 1401/04/12-13:13:6 - Creating API object.
------------------------------------------------------------------------------
INFO - 1401/04/12-13:13:6 - Login UI object initialized.
------------------------------------------------------------------------------
INFO - 1401/04/12-13:13:7 - Confirmaton UI object initialized.
------------------------------------------------------------------------------
INFO - 1401/04/12-13:13:7 - Notficaion UI object initialized.
------------------------------------------------------------------------------
INFO - 1401/04/12-13:13:7 - Connected to MySQL Server version 8.0.29
------------------------------------------------------------------------------
INFO - 1401/04/12-13:13:7 - Connected to database [('saba_database',)]
------------------------------------------------------------------------------
INFO - 1401/04/12-13:13:7 - MySQL connection is closed
------------------------------------------------------------------------------
INFO - 1401/04/12-13:13:7 - Login API object initialized.
------------------------------------------------------------------------------
INFO - 1401/04/12-13:13:7 - Connected to MySQL Server version 8.0.29
------------------------------------------------------------------------------
INFO - 1401/04/12-13:13:7 - Connected to database [('saba_database',)]
------------------------------------------------------------------------------
INFO - 1401/04/12-13:13:7 - MySQL connection is closed
------------------------------------------------------------------------------
INFO - 1401/04/12-13:13:7 - Database object initialized.
------------------------------------------------------------------------------
INFO - 1401/04/12-13:13:7 - Get available camera serials using camera-connecton API.
------------------------------------------------------------------------------
WARNING - 1401/04/12-13:13:7 - Some Cameras are not connected.
------------------------------------------------------------------------------
INFO - 1401/04/12-13:13:7 - Timer for checking storage initialized.
------------------------------------------------------------------------------
INFO - 1401/04/12-13:13:15 - User logined with username: ali.
------------------------------------------------------------------------------
INFO - 1401/04/12-13:13:16 - Defects loaded from database
------------------------------------------------------------------------------
INFO - 1401/04/12-13:13:16 - Defect groups loaded from database
------------------------------------------------------------------------------
INFO - 1401/04/12-13:13:22 - Defects loaded from database
------------------------------------------------------------------------------
