INFO - 1401/04/14-14:23:16 - root : UI object for setting app created.
------------------------------------------------------------------------------
INFO - 1401/04/14-14:23:16 - root : UI object initialized and setting app loaded.
------------------------------------------------------------------------------
INFO - 1401/04/14-14:23:16 - root : Creating API object.
------------------------------------------------------------------------------
INFO - 1401/04/14-14:23:16 - root : Login UI object initialized.
------------------------------------------------------------------------------
INFO - 1401/04/14-14:23:16 - root : Confirmaton UI object initialized.
------------------------------------------------------------------------------
INFO - 1401/04/14-14:23:16 - root : Notficaion UI object initialized.
------------------------------------------------------------------------------
INFO - 1401/04/14-14:23:16 - root : Connected to MySQL Server version 8.0.29
------------------------------------------------------------------------------
INFO - 1401/04/14-14:23:16 - root : Connected to database [('saba_database',)]
------------------------------------------------------------------------------
INFO - 1401/04/14-14:23:16 - root : MySQL connection is closed
------------------------------------------------------------------------------
INFO - 1401/04/14-14:23:16 - root : Login API object initialized.
------------------------------------------------------------------------------
INFO - 1401/04/14-14:23:16 - root : Connected to MySQL Server version 8.0.29
------------------------------------------------------------------------------
INFO - 1401/04/14-14:23:16 - root : Connected to database [('saba_database',)]
------------------------------------------------------------------------------
INFO - 1401/04/14-14:23:16 - root : MySQL connection is closed
------------------------------------------------------------------------------
INFO - 1401/04/14-14:23:16 - root : Database object initialized.
------------------------------------------------------------------------------
INFO - 1401/04/14-14:23:17 - root : Get available camera serials using camera-connecton API.
------------------------------------------------------------------------------
WARNING - 1401/04/14-14:23:17 - root : Some Cameras are not connected.
------------------------------------------------------------------------------
INFO - 1401/04/14-14:23:17 - root : Timer for checking storage initialized.
------------------------------------------------------------------------------
CRITICAL - 1401/04/14-14:23:18 - root : Failed to get PLC ip on database
------------------------------------------------------------------------------
CRITICAL - 1401/04/14-14:23:43 - root : PLC ip updated on database
------------------------------------------------------------------------------
INFO - 1401/04/14-14:23:50 - root : Start Connecting to PLC ip: opc.tcp://127.0.0.1:8081
------------------------------------------------------------------------------
INFO - 1401/04/14-14:23:50 - root : Connection to PLC established
------------------------------------------------------------------------------
ERROR - 1401/04/14-14:23:57 - root : Failed to update PLC params on database
------------------------------------------------------------------------------
