INFO - 1401/04/14-9:24:5 - root : UI object for setting app created.
------------------------------------------------------------------------------
INFO - 1401/04/14-9:24:5 - root : UI object initialized and setting app loaded.
------------------------------------------------------------------------------
INFO - 1401/04/14-9:24:5 - root : Creating API object.
------------------------------------------------------------------------------
INFO - 1401/04/14-9:24:5 - root : Login UI object initialized.
------------------------------------------------------------------------------
INFO - 1401/04/14-9:24:5 - root : Confirmaton UI object initialized.
------------------------------------------------------------------------------
INFO - 1401/04/14-9:24:5 - root : Notficaion UI object initialized.
------------------------------------------------------------------------------
INFO - 1401/04/14-9:24:5 - root : Connected to MySQL Server version 8.0.29
------------------------------------------------------------------------------
INFO - 1401/04/14-9:24:5 - root : Connected to database [('saba_database',)]
------------------------------------------------------------------------------
INFO - 1401/04/14-9:24:5 - root : MySQL connection is closed
------------------------------------------------------------------------------
INFO - 1401/04/14-9:24:5 - root : Login API object initialized.
------------------------------------------------------------------------------
INFO - 1401/04/14-9:24:5 - root : Connected to MySQL Server version 8.0.29
------------------------------------------------------------------------------
INFO - 1401/04/14-9:24:5 - root : Connected to database [('saba_database',)]
------------------------------------------------------------------------------
INFO - 1401/04/14-9:24:5 - root : MySQL connection is closed
------------------------------------------------------------------------------
INFO - 1401/04/14-9:24:5 - root : Database object initialized.
------------------------------------------------------------------------------
INFO - 1401/04/14-9:24:5 - root : Get available camera serials using camera-connecton API.
------------------------------------------------------------------------------
WARNING - 1401/04/14-9:24:5 - root : Some Cameras are not connected.
------------------------------------------------------------------------------
INFO - 1401/04/14-9:24:6 - root : Timer for checking storage initialized.
------------------------------------------------------------------------------
INFO - 1401/04/14-9:24:15 - ali : User logined with username: ali.
------------------------------------------------------------------------------
INFO - 1401/04/14-9:24:28 - ali : Start Connecting to PLC ip: opc.tcp://127.0.0.1:8081
------------------------------------------------------------------------------
CRITICAL - 1401/04/14-9:24:30 - ali : Failed to connect to PLC
------------------------------------------------------------------------------
