INFO - 1401/04/14-14:0:49 - root : UI object for setting app created.
------------------------------------------------------------------------------
INFO - 1401/04/14-14:0:49 - root : UI object initialized and setting app loaded.
------------------------------------------------------------------------------
INFO - 1401/04/14-14:0:49 - root : Creating API object.
------------------------------------------------------------------------------
INFO - 1401/04/14-14:0:49 - root : Login UI object initialized.
------------------------------------------------------------------------------
INFO - 1401/04/14-14:0:49 - root : Confirmaton UI object initialized.
------------------------------------------------------------------------------
INFO - 1401/04/14-14:0:49 - root : Notficaion UI object initialized.
------------------------------------------------------------------------------
INFO - 1401/04/14-14:0:49 - root : Connected to MySQL Server version 8.0.29
------------------------------------------------------------------------------
INFO - 1401/04/14-14:0:49 - root : Connected to database [('saba_database',)]
------------------------------------------------------------------------------
INFO - 1401/04/14-14:0:49 - root : MySQL connection is closed
------------------------------------------------------------------------------
INFO - 1401/04/14-14:0:49 - root : Login API object initialized.
------------------------------------------------------------------------------
INFO - 1401/04/14-14:0:49 - root : Connected to MySQL Server version 8.0.29
------------------------------------------------------------------------------
INFO - 1401/04/14-14:0:49 - root : Connected to database [('saba_database',)]
------------------------------------------------------------------------------
INFO - 1401/04/14-14:0:49 - root : MySQL connection is closed
------------------------------------------------------------------------------
INFO - 1401/04/14-14:0:49 - root : Database object initialized.
------------------------------------------------------------------------------
INFO - 1401/04/14-14:0:49 - root : Get available camera serials using camera-connecton API.
------------------------------------------------------------------------------
WARNING - 1401/04/14-14:0:49 - root : Some Cameras are not connected.
------------------------------------------------------------------------------
INFO - 1401/04/14-14:0:50 - root : Timer for checking storage initialized.
------------------------------------------------------------------------------
CRITICAL - 1401/04/14-14:0:53 - root : Failed to get PLC ip on database
------------------------------------------------------------------------------
INFO - 1401/04/14-14:0:55 - root : Start Connecting to PLC ip: 
------------------------------------------------------------------------------
CRITICAL - 1401/04/14-14:0:55 - root : Failed to connect to PLC
------------------------------------------------------------------------------
INFO - 1401/04/14-14:1:16 - root : Start Connecting to PLC ip: opc.tcp://127.0.0.1:8081
------------------------------------------------------------------------------
INFO - 1401/04/14-14:1:16 - root : Connection to PLC established
------------------------------------------------------------------------------
INFO - 1401/04/14-14:2:3 - root : Setting app closed.
------------------------------------------------------------------------------
