INFO - 1401/04/14-13:35:14 - root : UI object for setting app created.
------------------------------------------------------------------------------
INFO - 1401/04/14-13:35:14 - root : UI object initialized and setting app loaded.
------------------------------------------------------------------------------
INFO - 1401/04/14-13:35:14 - root : Creating API object.
------------------------------------------------------------------------------
INFO - 1401/04/14-13:35:15 - root : Login UI object initialized.
------------------------------------------------------------------------------
INFO - 1401/04/14-13:35:15 - root : Confirmaton UI object initialized.
------------------------------------------------------------------------------
INFO - 1401/04/14-13:35:15 - root : Notficaion UI object initialized.
------------------------------------------------------------------------------
INFO - 1401/04/14-13:35:15 - root : Connected to MySQL Server version 8.0.29
------------------------------------------------------------------------------
INFO - 1401/04/14-13:35:15 - root : Connected to database [('saba_database',)]
------------------------------------------------------------------------------
INFO - 1401/04/14-13:35:15 - root : MySQL connection is closed
------------------------------------------------------------------------------
INFO - 1401/04/14-13:35:15 - root : Login API object initialized.
------------------------------------------------------------------------------
INFO - 1401/04/14-13:35:15 - root : Connected to MySQL Server version 8.0.29
------------------------------------------------------------------------------
INFO - 1401/04/14-13:35:15 - root : Connected to database [('saba_database',)]
------------------------------------------------------------------------------
INFO - 1401/04/14-13:35:15 - root : MySQL connection is closed
------------------------------------------------------------------------------
INFO - 1401/04/14-13:35:15 - root : Database object initialized.
------------------------------------------------------------------------------
ERROR - 1401/04/14-13:35:15 - root : Failed to initialize/connect UI botttons events.
------------------------------------------------------------------------------
Traceback (most recent call last):
  File "d:\SettingApp_oxin\setting_api.py", line 80, in __init__
    self.button_connector()
  File "d:\SettingApp_oxin\setting_api.py", line 271, in button_connector
    self.ui.check_limit_1_plc.clicked.connect(lambda: self.check_plc_parms(self.ui.check_limit_1_plc.objectName()))
AttributeError: 'UI_main_window' object has no attribute 'check_limit_1_plc'
CRITICAL - 1401/04/14-13:35:15 - root : Failed to setup initial objects for setting app.
------------------------------------------------------------------------------
CRITICAL - 1401/04/14-13:35:15 - root : Setting app closed by force, there may an error/exception occured.
------------------------------------------------------------------------------
