INFO - 1401/04/14-17:35:31 - root : UI object for setting app created.
------------------------------------------------------------------------------
INFO - 1401/04/14-17:35:31 - root : UI object initialized and setting app loaded.
------------------------------------------------------------------------------
INFO - 1401/04/14-17:35:31 - root : Creating API object.
------------------------------------------------------------------------------
INFO - 1401/04/14-17:35:31 - root : Login UI object initialized.
------------------------------------------------------------------------------
INFO - 1401/04/14-17:35:31 - root : Confirmaton UI object initialized.
------------------------------------------------------------------------------
INFO - 1401/04/14-17:35:31 - root : Notficaion UI object initialized.
------------------------------------------------------------------------------
INFO - 1401/04/14-17:35:31 - root : Connected to MySQL Server version 8.0.29
------------------------------------------------------------------------------
INFO - 1401/04/14-17:35:31 - root : Connected to database [('saba_database',)]
------------------------------------------------------------------------------
INFO - 1401/04/14-17:35:31 - root : MySQL connection is closed
------------------------------------------------------------------------------
INFO - 1401/04/14-17:35:31 - root : Login API object initialized.
------------------------------------------------------------------------------
INFO - 1401/04/14-17:35:31 - root : Connected to MySQL Server version 8.0.29
------------------------------------------------------------------------------
INFO - 1401/04/14-17:35:31 - root : Connected to database [('saba_database',)]
------------------------------------------------------------------------------
INFO - 1401/04/14-17:35:31 - root : MySQL connection is closed
------------------------------------------------------------------------------
INFO - 1401/04/14-17:35:31 - root : Database object initialized.
------------------------------------------------------------------------------
INFO - 1401/04/14-17:35:32 - root : Get available camera serials using camera-connecton API.
------------------------------------------------------------------------------
WARNING - 1401/04/14-17:35:32 - root : Some Cameras are not connected.
------------------------------------------------------------------------------
INFO - 1401/04/14-17:35:32 - root : Timer for checking storage initialized.
------------------------------------------------------------------------------
INFO - 1401/04/14-17:35:33 - root : PLC ip recieved from database
------------------------------------------------------------------------------
ERROR - 1401/04/14-17:35:43 - root : Failed to disconnect from PLC
------------------------------------------------------------------------------
INFO - 1401/04/14-17:35:43 - root : Setting app closed.
------------------------------------------------------------------------------
