INFO - 1401/04/14-16:42:47 - root : UI object for setting app created.
------------------------------------------------------------------------------
INFO - 1401/04/14-16:42:47 - root : UI object initialized and setting app loaded.
------------------------------------------------------------------------------
INFO - 1401/04/14-16:42:47 - root : Creating API object.
------------------------------------------------------------------------------
INFO - 1401/04/14-16:42:47 - root : Login UI object initialized.
------------------------------------------------------------------------------
INFO - 1401/04/14-16:42:47 - root : Confirmaton UI object initialized.
------------------------------------------------------------------------------
INFO - 1401/04/14-16:42:47 - root : Notficaion UI object initialized.
------------------------------------------------------------------------------
INFO - 1401/04/14-16:42:47 - root : Connected to MySQL Server version 8.0.29
------------------------------------------------------------------------------
INFO - 1401/04/14-16:42:47 - root : Connected to database [('saba_database',)]
------------------------------------------------------------------------------
INFO - 1401/04/14-16:42:47 - root : MySQL connection is closed
------------------------------------------------------------------------------
INFO - 1401/04/14-16:42:47 - root : Login API object initialized.
------------------------------------------------------------------------------
INFO - 1401/04/14-16:42:47 - root : Connected to MySQL Server version 8.0.29
------------------------------------------------------------------------------
INFO - 1401/04/14-16:42:47 - root : Connected to database [('saba_database',)]
------------------------------------------------------------------------------
INFO - 1401/04/14-16:42:47 - root : MySQL connection is closed
------------------------------------------------------------------------------
INFO - 1401/04/14-16:42:47 - root : Database object initialized.
------------------------------------------------------------------------------
INFO - 1401/04/14-16:42:48 - root : Get available camera serials using camera-connecton API.
------------------------------------------------------------------------------
WARNING - 1401/04/14-16:42:48 - root : Some Cameras are not connected.
------------------------------------------------------------------------------
INFO - 1401/04/14-16:42:48 - root : Timer for checking storage initialized.
------------------------------------------------------------------------------
INFO - 1401/04/14-16:42:49 - root : PLC ip recieved from database
------------------------------------------------------------------------------
INFO - 1401/04/14-16:42:51 - root : Start Connecting to PLC ip: opc.tcp://127.0.0.1:8081
------------------------------------------------------------------------------
INFO - 1401/04/14-16:42:51 - root : PLC params reciecved from database
------------------------------------------------------------------------------
INFO - 1401/04/14-16:42:51 - root : Connection to PLC established
------------------------------------------------------------------------------
INFO - 1401/04/14-16:43:29 - root : PLC params updated on database
------------------------------------------------------------------------------
INFO - 1401/04/14-16:44:42 - root : Setting app minimized/maximized.
------------------------------------------------------------------------------
INFO - 1401/04/14-16:44:50 - root : Setting app minimized/maximized.
------------------------------------------------------------------------------
INFO - 1401/04/14-16:45:10 - root : Setting app closed.
------------------------------------------------------------------------------
