INFO - 1401/04/14-13:36:27 - root : UI object for setting app created.
------------------------------------------------------------------------------
INFO - 1401/04/14-13:36:27 - root : UI object initialized and setting app loaded.
------------------------------------------------------------------------------
INFO - 1401/04/14-13:36:27 - root : Creating API object.
------------------------------------------------------------------------------
INFO - 1401/04/14-13:36:27 - root : Login UI object initialized.
------------------------------------------------------------------------------
INFO - 1401/04/14-13:36:27 - root : Confirmaton UI object initialized.
------------------------------------------------------------------------------
INFO - 1401/04/14-13:36:27 - root : Notficaion UI object initialized.
------------------------------------------------------------------------------
INFO - 1401/04/14-13:36:27 - root : Connected to MySQL Server version 8.0.29
------------------------------------------------------------------------------
INFO - 1401/04/14-13:36:27 - root : Connected to database [('saba_database',)]
------------------------------------------------------------------------------
INFO - 1401/04/14-13:36:27 - root : MySQL connection is closed
------------------------------------------------------------------------------
INFO - 1401/04/14-13:36:27 - root : Login API object initialized.
------------------------------------------------------------------------------
INFO - 1401/04/14-13:36:27 - root : Connected to MySQL Server version 8.0.29
------------------------------------------------------------------------------
INFO - 1401/04/14-13:36:27 - root : Connected to database [('saba_database',)]
------------------------------------------------------------------------------
INFO - 1401/04/14-13:36:27 - root : MySQL connection is closed
------------------------------------------------------------------------------
INFO - 1401/04/14-13:36:27 - root : Database object initialized.
------------------------------------------------------------------------------
INFO - 1401/04/14-13:36:28 - root : Get available camera serials using camera-connecton API.
------------------------------------------------------------------------------
WARNING - 1401/04/14-13:36:28 - root : Some Cameras are not connected.
------------------------------------------------------------------------------
INFO - 1401/04/14-13:36:28 - root : Timer for checking storage initialized.
------------------------------------------------------------------------------
INFO - 1401/04/14-13:36:29 - root : PLC ip recieved from database
------------------------------------------------------------------------------
INFO - 1401/04/14-13:36:39 - root : Setting app closed.
------------------------------------------------------------------------------
