INFO - 1401/04/14-9:26:59 - root : UI object for setting app created.
------------------------------------------------------------------------------
INFO - 1401/04/14-9:26:59 - root : UI object initialized and setting app loaded.
------------------------------------------------------------------------------
INFO - 1401/04/14-9:26:59 - root : Creating API object.
------------------------------------------------------------------------------
INFO - 1401/04/14-9:26:59 - root : Login UI object initialized.
------------------------------------------------------------------------------
INFO - 1401/04/14-9:26:59 - root : Confirmaton UI object initialized.
------------------------------------------------------------------------------
INFO - 1401/04/14-9:26:59 - root : Notficaion UI object initialized.
------------------------------------------------------------------------------
INFO - 1401/04/14-9:26:59 - root : Connected to MySQL Server version 8.0.29
------------------------------------------------------------------------------
INFO - 1401/04/14-9:26:59 - root : Connected to database [('saba_database',)]
------------------------------------------------------------------------------
INFO - 1401/04/14-9:26:59 - root : MySQL connection is closed
------------------------------------------------------------------------------
INFO - 1401/04/14-9:26:59 - root : Login API object initialized.
------------------------------------------------------------------------------
INFO - 1401/04/14-9:26:59 - root : Connected to MySQL Server version 8.0.29
------------------------------------------------------------------------------
INFO - 1401/04/14-9:26:59 - root : Connected to database [('saba_database',)]
------------------------------------------------------------------------------
INFO - 1401/04/14-9:26:59 - root : MySQL connection is closed
------------------------------------------------------------------------------
INFO - 1401/04/14-9:26:59 - root : Database object initialized.
------------------------------------------------------------------------------
INFO - 1401/04/14-9:27:0 - root : Get available camera serials using camera-connecton API.
------------------------------------------------------------------------------
WARNING - 1401/04/14-9:27:0 - root : Some Cameras are not connected.
------------------------------------------------------------------------------
INFO - 1401/04/14-9:27:0 - root : Timer for checking storage initialized.
------------------------------------------------------------------------------
INFO - 1401/04/14-9:27:5 - root : Start Connecting to PLC ip: opc.tcp://127.0.0.1:8081
------------------------------------------------------------------------------
CRITICAL - 1401/04/14-9:27:7 - root : Failed to connect to PLC
------------------------------------------------------------------------------
INFO - 1401/04/14-9:27:57 - root : Setting app closed.
------------------------------------------------------------------------------
