INFO - 1401/04/14-17:33:50 - root : UI object for setting app created.
------------------------------------------------------------------------------
INFO - 1401/04/14-17:33:50 - root : UI object initialized and setting app loaded.
------------------------------------------------------------------------------
INFO - 1401/04/14-17:33:50 - root : Creating API object.
------------------------------------------------------------------------------
INFO - 1401/04/14-17:33:50 - root : Login UI object initialized.
------------------------------------------------------------------------------
INFO - 1401/04/14-17:33:50 - root : Confirmaton UI object initialized.
------------------------------------------------------------------------------
INFO - 1401/04/14-17:33:50 - root : Notficaion UI object initialized.
------------------------------------------------------------------------------
INFO - 1401/04/14-17:33:50 - root : Connected to MySQL Server version 8.0.29
------------------------------------------------------------------------------
INFO - 1401/04/14-17:33:50 - root : Connected to database [('saba_database',)]
------------------------------------------------------------------------------
INFO - 1401/04/14-17:33:50 - root : MySQL connection is closed
------------------------------------------------------------------------------
INFO - 1401/04/14-17:33:50 - root : Login API object initialized.
------------------------------------------------------------------------------
INFO - 1401/04/14-17:33:50 - root : Connected to MySQL Server version 8.0.29
------------------------------------------------------------------------------
INFO - 1401/04/14-17:33:50 - root : Connected to database [('saba_database',)]
------------------------------------------------------------------------------
INFO - 1401/04/14-17:33:50 - root : MySQL connection is closed
------------------------------------------------------------------------------
INFO - 1401/04/14-17:33:50 - root : Database object initialized.
------------------------------------------------------------------------------
INFO - 1401/04/14-17:33:51 - root : Get available camera serials using camera-connecton API.
------------------------------------------------------------------------------
WARNING - 1401/04/14-17:33:51 - root : Some Cameras are not connected.
------------------------------------------------------------------------------
INFO - 1401/04/14-17:33:51 - root : Timer for checking storage initialized.
------------------------------------------------------------------------------
INFO - 1401/04/14-17:33:52 - root : PLC ip recieved from database
------------------------------------------------------------------------------
INFO - 1401/04/14-17:33:53 - root : Start Connecting to PLC ip: opc.tcp://127.0.0.1:8081
------------------------------------------------------------------------------
INFO - 1401/04/14-17:33:53 - root : PLC params reciecved from database
------------------------------------------------------------------------------
INFO - 1401/04/14-17:33:53 - root : Connection to PLC established
------------------------------------------------------------------------------
INFO - 1401/04/14-17:34:0 - root : Disconnected from PLC
------------------------------------------------------------------------------
INFO - 1401/04/14-17:34:5 - root : Start Connecting to PLC ip: opc.tcp://127.0.0.1:8081
------------------------------------------------------------------------------
INFO - 1401/04/14-17:34:5 - root : PLC params reciecved from database
------------------------------------------------------------------------------
INFO - 1401/04/14-17:34:5 - root : Connection to PLC established
------------------------------------------------------------------------------
INFO - 1401/04/14-17:34:26 - root : Setting app minimized to taskbar.
------------------------------------------------------------------------------
INFO - 1401/04/14-17:35:16 - root : Disconnected from PLC
------------------------------------------------------------------------------
INFO - 1401/04/14-17:35:16 - root : Setting app closed.
------------------------------------------------------------------------------
