INFO - 1401/04/14-17:20:10 - root : UI object for setting app created.
------------------------------------------------------------------------------
INFO - 1401/04/14-17:20:10 - root : UI object initialized and setting app loaded.
------------------------------------------------------------------------------
INFO - 1401/04/14-17:20:10 - root : Creating API object.
------------------------------------------------------------------------------
INFO - 1401/04/14-17:20:10 - root : Login UI object initialized.
------------------------------------------------------------------------------
INFO - 1401/04/14-17:20:10 - root : Confirmaton UI object initialized.
------------------------------------------------------------------------------
INFO - 1401/04/14-17:20:10 - root : Notficaion UI object initialized.
------------------------------------------------------------------------------
INFO - 1401/04/14-17:20:10 - root : Connected to MySQL Server version 8.0.29
------------------------------------------------------------------------------
INFO - 1401/04/14-17:20:10 - root : Connected to database [('saba_database',)]
------------------------------------------------------------------------------
INFO - 1401/04/14-17:20:10 - root : MySQL connection is closed
------------------------------------------------------------------------------
INFO - 1401/04/14-17:20:10 - root : Login API object initialized.
------------------------------------------------------------------------------
INFO - 1401/04/14-17:20:10 - root : Connected to MySQL Server version 8.0.29
------------------------------------------------------------------------------
INFO - 1401/04/14-17:20:10 - root : Connected to database [('saba_database',)]
------------------------------------------------------------------------------
INFO - 1401/04/14-17:20:10 - root : MySQL connection is closed
------------------------------------------------------------------------------
INFO - 1401/04/14-17:20:10 - root : Database object initialized.
------------------------------------------------------------------------------
INFO - 1401/04/14-17:20:11 - root : Get available camera serials using camera-connecton API.
------------------------------------------------------------------------------
WARNING - 1401/04/14-17:20:11 - root : Some Cameras are not connected.
------------------------------------------------------------------------------
INFO - 1401/04/14-17:20:11 - root : Timer for checking storage initialized.
------------------------------------------------------------------------------
INFO - 1401/04/14-17:20:12 - root : PLC ip recieved from database
------------------------------------------------------------------------------
INFO - 1401/04/14-17:20:12 - root : Start Connecting to PLC ip: opc.tcp://127.0.0.1:8081
------------------------------------------------------------------------------
INFO - 1401/04/14-17:20:12 - root : PLC params reciecved from database
------------------------------------------------------------------------------
INFO - 1401/04/14-17:20:13 - root : Connection to PLC established
------------------------------------------------------------------------------
CRITICAL - 1401/04/14-17:20:25 - root : Failed to set vaule on PLC, path:ns=2;s="TS1_Tempreture", value:10
------------------------------------------------------------------------------
