INFO - 1401/04/14-13:55:52 - root : UI object for setting app created.
------------------------------------------------------------------------------
INFO - 1401/04/14-13:55:52 - root : UI object initialized and setting app loaded.
------------------------------------------------------------------------------
INFO - 1401/04/14-13:55:52 - root : Creating API object.
------------------------------------------------------------------------------
INFO - 1401/04/14-13:55:52 - root : Login UI object initialized.
------------------------------------------------------------------------------
INFO - 1401/04/14-13:55:52 - root : Confirmaton UI object initialized.
------------------------------------------------------------------------------
INFO - 1401/04/14-13:55:52 - root : Notficaion UI object initialized.
------------------------------------------------------------------------------
INFO - 1401/04/14-13:55:52 - root : Connected to MySQL Server version 8.0.29
------------------------------------------------------------------------------
INFO - 1401/04/14-13:55:52 - root : Connected to database [('saba_database',)]
------------------------------------------------------------------------------
INFO - 1401/04/14-13:55:52 - root : MySQL connection is closed
------------------------------------------------------------------------------
INFO - 1401/04/14-13:55:52 - root : Login API object initialized.
------------------------------------------------------------------------------
INFO - 1401/04/14-13:55:52 - root : Connected to MySQL Server version 8.0.29
------------------------------------------------------------------------------
INFO - 1401/04/14-13:55:52 - root : Connected to database [('saba_database',)]
------------------------------------------------------------------------------
INFO - 1401/04/14-13:55:52 - root : MySQL connection is closed
------------------------------------------------------------------------------
INFO - 1401/04/14-13:55:52 - root : Database object initialized.
------------------------------------------------------------------------------
INFO - 1401/04/14-13:55:53 - root : Get available camera serials using camera-connecton API.
------------------------------------------------------------------------------
WARNING - 1401/04/14-13:55:53 - root : Some Cameras are not connected.
------------------------------------------------------------------------------
INFO - 1401/04/14-13:55:53 - root : Timer for checking storage initialized.
------------------------------------------------------------------------------
CRITICAL - 1401/04/14-13:55:55 - root : Failed to get PLC ip on database
------------------------------------------------------------------------------
INFO - 1401/04/14-13:55:57 - root : Start Connecting to PLC ip: 
------------------------------------------------------------------------------
CRITICAL - 1401/04/14-13:55:57 - root : Failed to connect to PLC
------------------------------------------------------------------------------
INFO - 1401/04/14-13:56:10 - root : Setting app closed.
------------------------------------------------------------------------------
