INFO - 1401/04/14-17:43:46 - root : UI object for setting app created.
------------------------------------------------------------------------------
INFO - 1401/04/14-17:43:47 - root : UI object initialized and setting app loaded.
------------------------------------------------------------------------------
INFO - 1401/04/14-17:43:47 - root : Creating API object.
------------------------------------------------------------------------------
INFO - 1401/04/14-17:43:47 - root : Login UI object initialized.
------------------------------------------------------------------------------
INFO - 1401/04/14-17:43:47 - root : Confirmaton UI object initialized.
------------------------------------------------------------------------------
INFO - 1401/04/14-17:43:47 - root : Notficaion UI object initialized.
------------------------------------------------------------------------------
INFO - 1401/04/14-17:43:47 - root : Connected to MySQL Server version 8.0.29
------------------------------------------------------------------------------
INFO - 1401/04/14-17:43:47 - root : Connected to database [('saba_database',)]
------------------------------------------------------------------------------
INFO - 1401/04/14-17:43:47 - root : MySQL connection is closed
------------------------------------------------------------------------------
INFO - 1401/04/14-17:43:47 - root : Login API object initialized.
------------------------------------------------------------------------------
INFO - 1401/04/14-17:43:47 - root : Connected to MySQL Server version 8.0.29
------------------------------------------------------------------------------
INFO - 1401/04/14-17:43:47 - root : Connected to database [('saba_database',)]
------------------------------------------------------------------------------
INFO - 1401/04/14-17:43:47 - root : MySQL connection is closed
------------------------------------------------------------------------------
INFO - 1401/04/14-17:43:47 - root : Database object initialized.
------------------------------------------------------------------------------
INFO - 1401/04/14-17:43:47 - root : Get available camera serials using camera-connecton API.
------------------------------------------------------------------------------
WARNING - 1401/04/14-17:43:47 - root : Some Cameras are not connected.
------------------------------------------------------------------------------
INFO - 1401/04/14-17:43:47 - root : Timer for checking storage initialized.
------------------------------------------------------------------------------
INFO - 1401/04/14-17:43:48 - root : PLC ip recieved from database
------------------------------------------------------------------------------
INFO - 1401/04/14-17:43:49 - root : Start Connecting to PLC ip: opc.tcp://127.0.0.1:8081
------------------------------------------------------------------------------
INFO - 1401/04/14-17:43:49 - root : PLC params reciecved from database
------------------------------------------------------------------------------
INFO - 1401/04/14-17:43:49 - root : Connection to PLC established
------------------------------------------------------------------------------
INFO - 1401/04/14-17:43:50 - root : Disconnected from PLC
------------------------------------------------------------------------------
INFO - 1401/04/14-17:43:52 - root : Start Connecting to PLC ip: opc.tcp://127.0.0.1:8081
------------------------------------------------------------------------------
INFO - 1401/04/14-17:43:52 - root : PLC params reciecved from database
------------------------------------------------------------------------------
INFO - 1401/04/14-17:43:52 - root : Connection to PLC established
------------------------------------------------------------------------------
INFO - 1401/04/14-17:44:1 - root : Disconnected from PLC
------------------------------------------------------------------------------
INFO - 1401/04/14-17:44:1 - root : Start Connecting to PLC ip: opc.tcp://127.0.0.1:8081
------------------------------------------------------------------------------
INFO - 1401/04/14-17:44:1 - root : PLC params reciecved from database
------------------------------------------------------------------------------
INFO - 1401/04/14-17:44:1 - root : Connection to PLC established
------------------------------------------------------------------------------
INFO - 1401/04/14-17:44:2 - root : Disconnected from PLC
------------------------------------------------------------------------------
INFO - 1401/04/14-17:44:3 - root : Start Connecting to PLC ip: opc.tcp://127.0.0.1:8081
------------------------------------------------------------------------------
INFO - 1401/04/14-17:44:3 - root : PLC params reciecved from database
------------------------------------------------------------------------------
INFO - 1401/04/14-17:44:3 - root : Connection to PLC established
------------------------------------------------------------------------------
INFO - 1401/04/14-17:44:4 - root : Disconnected from PLC
------------------------------------------------------------------------------
INFO - 1401/04/14-17:44:4 - root : Start Connecting to PLC ip: opc.tcp://127.0.0.1:8081
------------------------------------------------------------------------------
INFO - 1401/04/14-17:44:4 - root : PLC params reciecved from database
------------------------------------------------------------------------------
INFO - 1401/04/14-17:44:4 - root : Connection to PLC established
------------------------------------------------------------------------------
INFO - 1401/04/14-17:44:5 - root : Disconnected from PLC
------------------------------------------------------------------------------
ERROR - 1401/04/14-17:44:6 - root : Failed to disconnect from PLC
------------------------------------------------------------------------------
INFO - 1401/04/14-17:44:6 - root : Setting app closed.
------------------------------------------------------------------------------
