INFO - 1401/04/14-13:57:39 - root : UI object for setting app created.
------------------------------------------------------------------------------
INFO - 1401/04/14-13:57:39 - root : UI object initialized and setting app loaded.
------------------------------------------------------------------------------
INFO - 1401/04/14-13:57:39 - root : Creating API object.
------------------------------------------------------------------------------
INFO - 1401/04/14-13:57:39 - root : Login UI object initialized.
------------------------------------------------------------------------------
INFO - 1401/04/14-13:57:39 - root : Confirmaton UI object initialized.
------------------------------------------------------------------------------
INFO - 1401/04/14-13:57:39 - root : Notficaion UI object initialized.
------------------------------------------------------------------------------
INFO - 1401/04/14-13:57:39 - root : Connected to MySQL Server version 8.0.29
------------------------------------------------------------------------------
INFO - 1401/04/14-13:57:39 - root : Connected to database [('saba_database',)]
------------------------------------------------------------------------------
INFO - 1401/04/14-13:57:39 - root : MySQL connection is closed
------------------------------------------------------------------------------
INFO - 1401/04/14-13:57:39 - root : Login API object initialized.
------------------------------------------------------------------------------
INFO - 1401/04/14-13:57:39 - root : Connected to MySQL Server version 8.0.29
------------------------------------------------------------------------------
INFO - 1401/04/14-13:57:39 - root : Connected to database [('saba_database',)]
------------------------------------------------------------------------------
INFO - 1401/04/14-13:57:39 - root : MySQL connection is closed
------------------------------------------------------------------------------
INFO - 1401/04/14-13:57:39 - root : Database object initialized.
------------------------------------------------------------------------------
INFO - 1401/04/14-13:57:40 - root : Get available camera serials using camera-connecton API.
------------------------------------------------------------------------------
WARNING - 1401/04/14-13:57:40 - root : Some Cameras are not connected.
------------------------------------------------------------------------------
INFO - 1401/04/14-13:57:40 - root : Timer for checking storage initialized.
------------------------------------------------------------------------------
CRITICAL - 1401/04/14-13:57:41 - root : Failed to get PLC ip on database
------------------------------------------------------------------------------
INFO - 1401/04/14-13:57:42 - root : Start Connecting to PLC ip: 
------------------------------------------------------------------------------
CRITICAL - 1401/04/14-13:57:42 - root : Failed to connect to PLC
------------------------------------------------------------------------------
INFO - 1401/04/14-13:58:3 - root : Start Connecting to PLC ip: opc.tcp://127.0.0.1:8081
------------------------------------------------------------------------------
INFO - 1401/04/14-13:58:3 - root : Connection to PLC established
------------------------------------------------------------------------------
INFO - 1401/04/14-13:58:26 - ali : User logined with username: ali.
------------------------------------------------------------------------------
CRITICAL - 1401/04/14-13:58:37 - ali : Failed to get PLC ip on database
------------------------------------------------------------------------------
INFO - 1401/04/14-13:59:0 - ali : Setting app closed.
------------------------------------------------------------------------------
