INFO - 1401/04/14-17:40:39 - root : UI object for setting app created.
------------------------------------------------------------------------------
INFO - 1401/04/14-17:40:39 - root : UI object initialized and setting app loaded.
------------------------------------------------------------------------------
INFO - 1401/04/14-17:40:39 - root : Creating API object.
------------------------------------------------------------------------------
INFO - 1401/04/14-17:40:39 - root : Login UI object initialized.
------------------------------------------------------------------------------
INFO - 1401/04/14-17:40:39 - root : Confirmaton UI object initialized.
------------------------------------------------------------------------------
INFO - 1401/04/14-17:40:39 - root : Notficaion UI object initialized.
------------------------------------------------------------------------------
INFO - 1401/04/14-17:40:39 - root : Connected to MySQL Server version 8.0.29
------------------------------------------------------------------------------
INFO - 1401/04/14-17:40:39 - root : Connected to database [('saba_database',)]
------------------------------------------------------------------------------
INFO - 1401/04/14-17:40:39 - root : MySQL connection is closed
------------------------------------------------------------------------------
INFO - 1401/04/14-17:40:39 - root : Login API object initialized.
------------------------------------------------------------------------------
INFO - 1401/04/14-17:40:39 - root : Connected to MySQL Server version 8.0.29
------------------------------------------------------------------------------
INFO - 1401/04/14-17:40:39 - root : Connected to database [('saba_database',)]
------------------------------------------------------------------------------
INFO - 1401/04/14-17:40:39 - root : MySQL connection is closed
------------------------------------------------------------------------------
INFO - 1401/04/14-17:40:39 - root : Database object initialized.
------------------------------------------------------------------------------
INFO - 1401/04/14-17:40:40 - root : Get available camera serials using camera-connecton API.
------------------------------------------------------------------------------
WARNING - 1401/04/14-17:40:40 - root : Some Cameras are not connected.
------------------------------------------------------------------------------
INFO - 1401/04/14-17:40:40 - root : Timer for checking storage initialized.
------------------------------------------------------------------------------
INFO - 1401/04/14-17:40:41 - root : PLC ip recieved from database
------------------------------------------------------------------------------
INFO - 1401/04/14-17:40:43 - root : Start Connecting to PLC ip: opc.tcp://127.0.0.1:8081
------------------------------------------------------------------------------
INFO - 1401/04/14-17:40:43 - root : PLC params reciecved from database
------------------------------------------------------------------------------
INFO - 1401/04/14-17:40:43 - root : Connection to PLC established
------------------------------------------------------------------------------
INFO - 1401/04/14-17:40:45 - root : Disconnected from PLC
------------------------------------------------------------------------------
ERROR - 1401/04/14-17:40:47 - root : Failed to disconnect from PLC
------------------------------------------------------------------------------
INFO - 1401/04/14-17:40:47 - root : Setting app closed.
------------------------------------------------------------------------------
